[0.057s] Invoking command in '/workspaces/mavlab/ros2_ws/build/kf': CMAKE_PREFIX_PATH=${CMAKE_PREFIX_PATH}:/opt/ros/humble /usr/bin/cmake /workspaces/mavlab/ros2_ws/src/kf -DCMAKE_INSTALL_PREFIX=/workspaces/mavlab/ros2_ws/install/kf
[0.662s] -- The C compiler identification is GNU 11.4.0
[1.202s] -- The CXX compiler identification is GNU 11.4.0
[1.230s] -- Detecting C compiler ABI info
[1.559s] -- Detecting C compiler ABI info - done
[1.598s] -- Check for working C compiler: /usr/bin/cc - skipped
[1.600s] -- Detecting C compile features
[1.604s] -- Detecting C compile features - done
[1.618s] -- Detecting CXX compiler ABI info
[1.983s] -- Detecting CXX compiler ABI info - done
[2.048s] -- Check for working CXX compiler: /usr/bin/c++ - skipped
[2.049s] -- Detecting CXX compile features
[2.054s] -- Detecting CXX compile features - done
[2.072s] -- Found ament_cmake: 1.3.10 (/opt/ros/humble/share/ament_cmake/cmake)
[2.752s] -- Found Python3: /usr/bin/python3 (found version "3.10.12") found components: Interpreter 
[3.302s] -- Found rclcpp: 16.0.10 (/opt/ros/humble/share/rclcpp/cmake)
[3.583s] -- Found rosidl_generator_c: 3.1.5 (/opt/ros/humble/share/rosidl_generator_c/cmake)
[3.615s] -- Found rosidl_adapter: 3.1.5 (/opt/ros/humble/share/rosidl_adapter/cmake)
[3.660s] -- Found rosidl_generator_cpp: 3.1.5 (/opt/ros/humble/share/rosidl_generator_cpp/cmake)
[3.717s] -- Using all available rosidl_typesupport_c: rosidl_typesupport_fastrtps_c;rosidl_typesupport_introspection_c
[3.797s] -- Using all available rosidl_typesupport_cpp: rosidl_typesupport_fastrtps_cpp;rosidl_typesupport_introspection_cpp
[4.082s] -- Found rmw_implementation_cmake: 6.1.2 (/opt/ros/humble/share/rmw_implementation_cmake/cmake)
[4.105s] -- Found rmw_fastrtps_cpp: 6.2.7 (/opt/ros/humble/share/rmw_fastrtps_cpp/cmake)
[4.580s] -- Found OpenSSL: /usr/lib/aarch64-linux-gnu/libcrypto.so (found version "3.0.2")  
[4.724s] -- Found FastRTPS: /opt/ros/humble/include  
[4.926s] -- Using RMW implementation 'rmw_fastrtps_cpp' as default
[4.980s] -- Looking for pthread.h
[5.341s] -- Looking for pthread.h - found
[5.343s] -- Performing Test CMAKE_HAVE_LIBC_PTHREAD
[5.672s] -- Performing Test CMAKE_HAVE_LIBC_PTHREAD - Success
[5.676s] -- Found Threads: TRUE  
[5.999s] -- Found rclpy: 3.3.14 (/opt/ros/humble/share/rclpy/cmake)
[6.351s] -- Configuring done
[6.389s] -- Generating done
[6.406s] -- Build files have been written to: /workspaces/mavlab/ros2_ws/build/kf
[6.462s] Invoked command in '/workspaces/mavlab/ros2_ws/build/kf' returned '0': CMAKE_PREFIX_PATH=${CMAKE_PREFIX_PATH}:/opt/ros/humble /usr/bin/cmake /workspaces/mavlab/ros2_ws/src/kf -DCMAKE_INSTALL_PREFIX=/workspaces/mavlab/ros2_ws/install/kf
[6.463s] Invoking command in '/workspaces/mavlab/ros2_ws/build/kf': CMAKE_PREFIX_PATH=${CMAKE_PREFIX_PATH}:/opt/ros/humble /usr/bin/cmake --build /workspaces/mavlab/ros2_ws/build/kf -- -j4 -l4
[6.658s] Invoked command in '/workspaces/mavlab/ros2_ws/build/kf' returned '0': CMAKE_PREFIX_PATH=${CMAKE_PREFIX_PATH}:/opt/ros/humble /usr/bin/cmake --build /workspaces/mavlab/ros2_ws/build/kf -- -j4 -l4
[6.866s] Invoking command in '/workspaces/mavlab/ros2_ws/build/kf': CMAKE_PREFIX_PATH=${CMAKE_PREFIX_PATH}:/opt/ros/humble /usr/bin/cmake --install /workspaces/mavlab/ros2_ws/build/kf
[6.896s] -- Install configuration: ""
[6.897s] -- Installing: /workspaces/mavlab/ros2_ws/install/kf/share/kf/launch
[6.897s] -- Installing: /workspaces/mavlab/ros2_ws/install/kf/share/kf/launch/kf_launch.py
[6.898s] -- Installing: /workspaces/mavlab/ros2_ws/install/kf/share/kf/launch/kf_alone.py
[6.901s] -- Installing: /workspaces/mavlab/ros2_ws/install/kf/lib/kf/kf_uwb.py
[6.907s] -- Installing: /workspaces/mavlab/ros2_ws/install/kf/share/ament_index/resource_index/package_run_dependencies/kf
[6.916s] -- Installing: /workspaces/mavlab/ros2_ws/install/kf/share/ament_index/resource_index/parent_prefix_path/kf
[6.917s] -- Installing: /workspaces/mavlab/ros2_ws/install/kf/share/kf/environment/ament_prefix_path.sh
[6.917s] -- Installing: /workspaces/mavlab/ros2_ws/install/kf/share/kf/environment/ament_prefix_path.dsv
[6.933s] -- Installing: /workspaces/mavlab/ros2_ws/install/kf/share/kf/environment/path.sh
[6.934s] -- Installing: /workspaces/mavlab/ros2_ws/install/kf/share/kf/environment/path.dsv
[6.935s] -- Installing: /workspaces/mavlab/ros2_ws/install/kf/share/kf/local_setup.bash
[6.935s] -- Installing: /workspaces/mavlab/ros2_ws/install/kf/share/kf/local_setup.sh
[6.936s] -- Installing: /workspaces/mavlab/ros2_ws/install/kf/share/kf/local_setup.zsh
[6.937s] -- Installing: /workspaces/mavlab/ros2_ws/install/kf/share/kf/local_setup.dsv
[6.938s] -- Installing: /workspaces/mavlab/ros2_ws/install/kf/share/kf/package.dsv
[6.941s] -- Installing: /workspaces/mavlab/ros2_ws/install/kf/share/ament_index/resource_index/packages/kf
[6.945s] -- Installing: /workspaces/mavlab/ros2_ws/install/kf/share/kf/cmake/kfConfig.cmake
[6.946s] -- Installing: /workspaces/mavlab/ros2_ws/install/kf/share/kf/cmake/kfConfig-version.cmake
[6.947s] -- Installing: /workspaces/mavlab/ros2_ws/install/kf/share/kf/package.xml
[6.958s] Invoked command in '/workspaces/mavlab/ros2_ws/build/kf' returned '0': CMAKE_PREFIX_PATH=${CMAKE_PREFIX_PATH}:/opt/ros/humble /usr/bin/cmake --install /workspaces/mavlab/ros2_ws/build/kf
