[0.035s] Invoking command in '/workspaces/mavlab/ros2_ws/build/micro_ros_msgs': CMAKE_PREFIX_PATH=${CMAKE_PREFIX_PATH}:/opt/ros/humble /usr/bin/cmake /workspaces/mavlab/ros2_ws/src/uros/micro_ros_msgs -DUAGENT_BUILD_EXECUTABLE=OFF -DUAGENT_P2P_PROFILE=OFF --no-warn-unused-cli -DCMAKE_INSTALL_PREFIX=/workspaces/mavlab/ros2_ws/install/micro_ros_msgs
[0.060s] Not searching for unused variables given on the command line.
[0.221s] -- The C compiler identification is GNU 11.4.0
[0.410s] -- The CXX compiler identification is GNU 11.4.0
[0.432s] -- Detecting C compiler ABI info
[0.650s] -- Detecting C compiler ABI info - done
[0.682s] -- Check for working C compiler: /usr/bin/cc - skipped
[0.683s] -- Detecting C compile features
[0.684s] -- Detecting C compile features - done
[0.696s] -- Detecting CXX compiler ABI info
[0.949s] -- Detecting CXX compiler ABI info - done
[0.981s] -- Check for working CXX compiler: /usr/bin/c++ - skipped
[0.982s] -- Detecting CXX compile features
[0.986s] -- Detecting CXX compile features - done
[0.999s] -- Found ament_cmake: 1.3.10 (/opt/ros/humble/share/ament_cmake/cmake)
[1.517s] -- Found Python3: /usr/bin/python3 (found version "3.10.12") found components: Interpreter 
[1.931s] -- Found rosidl_default_generators: 1.2.0 (/opt/ros/humble/share/rosidl_default_generators/cmake)
[1.953s] -- Using all available rosidl_typesupport_c: rosidl_typesupport_fastrtps_c;rosidl_typesupport_introspection_c
[1.995s] -- Found rosidl_adapter: 3.1.5 (/opt/ros/humble/share/rosidl_adapter/cmake)
[2.220s] -- Using all available rosidl_typesupport_cpp: rosidl_typesupport_fastrtps_cpp;rosidl_typesupport_introspection_cpp
[2.415s] -- Found ament_lint_auto: 0.12.11 (/opt/ros/humble/share/ament_lint_auto/cmake)
[3.505s] -- Found ament_cmake_ros: 0.10.0 (/opt/ros/humble/share/ament_cmake_ros/cmake)
[4.167s] -- Using all available rosidl_typesupport_c: rosidl_typesupport_fastrtps_c;rosidl_typesupport_introspection_c
[4.987s] -- Using all available rosidl_typesupport_cpp: rosidl_typesupport_fastrtps_cpp;rosidl_typesupport_introspection_cpp
[5.057s] -- Found PythonInterp: /usr/bin/python3 (found suitable version "3.10.12", minimum required is "3.6") 
[5.069s] -- Found python_cmake_module: 0.10.0 (/opt/ros/humble/share/python_cmake_module/cmake)
[5.149s] -- Found PythonLibs: /usr/lib/aarch64-linux-gnu/libpython3.10.so (found suitable version "3.10.12", minimum required is "3.5") 
[5.151s] -- Using PYTHON_EXECUTABLE: /usr/bin/python3
[5.152s] -- Using PYTHON_INCLUDE_DIRS: /usr/include/python3.10
[5.154s] -- Using PYTHON_LIBRARIES: /usr/lib/aarch64-linux-gnu/libpython3.10.so
[5.212s] -- Found PythonExtra: .so  
[5.328s] -- Added test 'copyright' to check source files copyright and LICENSE
[5.371s] -- Added test 'lint_cmake' to check CMake code style
[5.394s] -- Added test 'xmllint' to check XML markup files
[5.421s] -- Configuring done
[5.545s] -- Generating done
[5.556s] -- Build files have been written to: /workspaces/mavlab/ros2_ws/build/micro_ros_msgs
[5.575s] Invoked command in '/workspaces/mavlab/ros2_ws/build/micro_ros_msgs' returned '0': CMAKE_PREFIX_PATH=${CMAKE_PREFIX_PATH}:/opt/ros/humble /usr/bin/cmake /workspaces/mavlab/ros2_ws/src/uros/micro_ros_msgs -DUAGENT_BUILD_EXECUTABLE=OFF -DUAGENT_P2P_PROFILE=OFF --no-warn-unused-cli -DCMAKE_INSTALL_PREFIX=/workspaces/mavlab/ros2_ws/install/micro_ros_msgs
[5.581s] Invoking command in '/workspaces/mavlab/ros2_ws/build/micro_ros_msgs': CMAKE_PREFIX_PATH=${CMAKE_PREFIX_PATH}:/opt/ros/humble /usr/bin/cmake --build /workspaces/mavlab/ros2_ws/build/micro_ros_msgs -- -j4 -l4
[5.701s] [  2%] [34m[1mGenerating C code for ROS interfaces[0m
[5.737s] [  4%] [34m[1mGenerating C++ code for ROS interfaces[0m
[5.762s] [  4%] Built target ament_cmake_python_copy_micro_ros_msgs
[6.841s] running egg_info
[6.844s] creating micro_ros_msgs.egg-info
[6.846s] writing micro_ros_msgs.egg-info/PKG-INFO
[6.847s] writing dependency_links to micro_ros_msgs.egg-info/dependency_links.txt
[6.849s] writing top-level names to micro_ros_msgs.egg-info/top_level.txt
[6.850s] writing manifest file 'micro_ros_msgs.egg-info/SOURCES.txt'
[6.855s] reading manifest file 'micro_ros_msgs.egg-info/SOURCES.txt'
[6.858s] writing manifest file 'micro_ros_msgs.egg-info/SOURCES.txt'
[6.972s] [  4%] Built target ament_cmake_python_build_micro_ros_msgs_egg
[7.656s] [  4%] Built target micro_ros_msgs__cpp
[7.688s] [  6%] [34m[1mGenerating C++ type support for eProsima Fast-RTPS[0m
[7.748s] [  8%] [34m[1mGenerating C++ introspection for ROS interfaces[0m
[7.774s] [ 10%] [34m[1mGenerating C++ type support dispatch for ROS interfaces[0m
[8.000s] [ 12%] [32mBuilding C object CMakeFiles/micro_ros_msgs__rosidl_generator_c.dir/rosidl_generator_c/micro_ros_msgs/msg/detail/graph__functions.c.o[0m
[8.262s] [ 14%] [32mBuilding C object CMakeFiles/micro_ros_msgs__rosidl_generator_c.dir/rosidl_generator_c/micro_ros_msgs/msg/detail/node__functions.c.o[0m
[8.474s] [ 17%] [32mBuilding C object CMakeFiles/micro_ros_msgs__rosidl_generator_c.dir/rosidl_generator_c/micro_ros_msgs/msg/detail/entity__functions.c.o[0m
[8.680s] [ 19%] [32m[1mLinking C shared library libmicro_ros_msgs__rosidl_generator_c.so[0m
[8.825s] [ 19%] Built target micro_ros_msgs__rosidl_generator_c
[8.860s] [ 21%] [34m[1mGenerating C type support for eProsima Fast-RTPS[0m
[9.418s] [ 23%] [32mBuilding CXX object CMakeFiles/micro_ros_msgs__rosidl_typesupport_cpp.dir/rosidl_typesupport_cpp/micro_ros_msgs/msg/graph__type_support.cpp.o[0m
[9.633s] [ 25%] [32mBuilding CXX object CMakeFiles/micro_ros_msgs__rosidl_typesupport_introspection_cpp.dir/rosidl_typesupport_introspection_cpp/micro_ros_msgs/msg/detail/graph__type_support.cpp.o[0m
[9.708s] [ 27%] [32mBuilding CXX object CMakeFiles/micro_ros_msgs__rosidl_typesupport_fastrtps_cpp.dir/rosidl_typesupport_fastrtps_cpp/micro_ros_msgs/msg/detail/dds_fastrtps/graph__type_support.cpp.o[0m
[10.754s] [ 29%] [32mBuilding CXX object CMakeFiles/micro_ros_msgs__rosidl_typesupport_cpp.dir/rosidl_typesupport_cpp/micro_ros_msgs/msg/node__type_support.cpp.o[0m
[10.946s] [ 31%] [32mBuilding CXX object CMakeFiles/micro_ros_msgs__rosidl_typesupport_fastrtps_c.dir/rosidl_typesupport_fastrtps_c/micro_ros_msgs/msg/detail/graph__type_support_c.cpp.o[0m
[11.932s] [ 34%] [32mBuilding CXX object CMakeFiles/micro_ros_msgs__rosidl_typesupport_fastrtps_cpp.dir/rosidl_typesupport_fastrtps_cpp/micro_ros_msgs/msg/detail/dds_fastrtps/node__type_support.cpp.o[0m
[12.040s] [ 36%] [32mBuilding CXX object CMakeFiles/micro_ros_msgs__rosidl_typesupport_cpp.dir/rosidl_typesupport_cpp/micro_ros_msgs/msg/entity__type_support.cpp.o[0m
[12.081s] [ 38%] [32mBuilding CXX object CMakeFiles/micro_ros_msgs__rosidl_typesupport_introspection_cpp.dir/rosidl_typesupport_introspection_cpp/micro_ros_msgs/msg/detail/node__type_support.cpp.o[0m
[12.536s] [ 40%] [32mBuilding CXX object CMakeFiles/micro_ros_msgs__rosidl_typesupport_fastrtps_c.dir/rosidl_typesupport_fastrtps_c/micro_ros_msgs/msg/detail/node__type_support_c.cpp.o[0m
[13.282s] [ 42%] [32m[1mLinking CXX shared library libmicro_ros_msgs__rosidl_typesupport_cpp.so[0m
[13.423s] [ 42%] Built target micro_ros_msgs__rosidl_typesupport_cpp
[13.452s] [ 44%] [32mBuilding CXX object CMakeFiles/micro_ros_msgs__rosidl_typesupport_fastrtps_c.dir/rosidl_typesupport_fastrtps_c/micro_ros_msgs/msg/detail/entity__type_support_c.cpp.o[0m
[14.152s] [ 46%] [32mBuilding CXX object CMakeFiles/micro_ros_msgs__rosidl_typesupport_fastrtps_cpp.dir/rosidl_typesupport_fastrtps_cpp/micro_ros_msgs/msg/detail/dds_fastrtps/entity__type_support.cpp.o[0m
[14.161s] [ 48%] [34m[1mGenerating C introspection for ROS interfaces[0m
[14.265s] [ 51%] [32mBuilding CXX object CMakeFiles/micro_ros_msgs__rosidl_typesupport_introspection_cpp.dir/rosidl_typesupport_introspection_cpp/micro_ros_msgs/msg/detail/entity__type_support.cpp.o[0m
[15.160s] [ 53%] [32m[1mLinking CXX shared library libmicro_ros_msgs__rosidl_typesupport_fastrtps_c.so[0m
[15.433s] [ 53%] Built target micro_ros_msgs__rosidl_typesupport_fastrtps_c
[15.466s] [ 55%] [34m[1mGenerating C type support dispatch for ROS interfaces[0m
[16.258s] [ 57%] [32m[1mLinking CXX shared library libmicro_ros_msgs__rosidl_typesupport_fastrtps_cpp.so[0m
[16.283s] [ 59%] [32m[1mLinking CXX shared library libmicro_ros_msgs__rosidl_typesupport_introspection_cpp.so[0m
[16.292s] [ 61%] [32mBuilding C object CMakeFiles/micro_ros_msgs__rosidl_typesupport_introspection_c.dir/rosidl_typesupport_introspection_c/micro_ros_msgs/msg/detail/graph__type_support.c.o[0m
[16.504s] [ 63%] [32mBuilding C object CMakeFiles/micro_ros_msgs__rosidl_typesupport_introspection_c.dir/rosidl_typesupport_introspection_c/micro_ros_msgs/msg/detail/node__type_support.c.o[0m
[16.605s] [ 63%] Built target micro_ros_msgs__rosidl_typesupport_fastrtps_cpp
[16.622s] [ 63%] Built target micro_ros_msgs__rosidl_typesupport_introspection_cpp
[16.637s] [ 65%] [32mBuilding C object CMakeFiles/micro_ros_msgs__rosidl_typesupport_introspection_c.dir/rosidl_typesupport_introspection_c/micro_ros_msgs/msg/detail/entity__type_support.c.o[0m
[16.770s] [ 68%] [32m[1mLinking C shared library libmicro_ros_msgs__rosidl_typesupport_introspection_c.so[0m
[16.861s] [ 68%] Built target micro_ros_msgs__rosidl_typesupport_introspection_c
[17.136s] [ 72%] [32mBuilding CXX object CMakeFiles/micro_ros_msgs__rosidl_typesupport_c.dir/rosidl_typesupport_c/micro_ros_msgs/msg/entity__type_support.cpp.o[0m
[17.137s] [ 72%] [32mBuilding CXX object CMakeFiles/micro_ros_msgs__rosidl_typesupport_c.dir/rosidl_typesupport_c/micro_ros_msgs/msg/node__type_support.cpp.o[0m
[17.138s] [ 74%] [32mBuilding CXX object CMakeFiles/micro_ros_msgs__rosidl_typesupport_c.dir/rosidl_typesupport_c/micro_ros_msgs/msg/graph__type_support.cpp.o[0m
[17.248s] [ 76%] [32m[1mLinking CXX shared library libmicro_ros_msgs__rosidl_typesupport_c.so[0m
[17.366s] [ 76%] Built target micro_ros_msgs__rosidl_typesupport_c
[17.425s] [ 76%] Built target micro_ros_msgs
[17.483s] [ 78%] [34m[1mGenerating Python code for ROS interfaces[0m
[20.104s] [ 78%] Built target micro_ros_msgs__py
[20.163s] [ 80%] [32mBuilding C object CMakeFiles/micro_ros_msgs__rosidl_generator_py.dir/rosidl_generator_py/micro_ros_msgs/msg/_graph_s.c.o[0m
[20.164s] [ 82%] [32mBuilding C object CMakeFiles/micro_ros_msgs__rosidl_generator_py.dir/rosidl_generator_py/micro_ros_msgs/msg/_node_s.c.o[0m
[20.167s] [ 85%] [32mBuilding C object CMakeFiles/micro_ros_msgs__rosidl_generator_py.dir/rosidl_generator_py/micro_ros_msgs/msg/_entity_s.c.o[0m
[20.714s] [ 87%] [32m[1mLinking C shared library rosidl_generator_py/micro_ros_msgs/libmicro_ros_msgs__rosidl_generator_py.so[0m
[20.837s] [ 87%] Built target micro_ros_msgs__rosidl_generator_py
[20.898s] [ 89%] [32mBuilding C object CMakeFiles/micro_ros_msgs__rosidl_typesupport_fastrtps_c__pyext.dir/rosidl_generator_py/micro_ros_msgs/_micro_ros_msgs_s.ep.rosidl_typesupport_fastrtps_c.c.o[0m
[20.905s] [ 91%] [32mBuilding C object CMakeFiles/micro_ros_msgs__rosidl_typesupport_introspection_c__pyext.dir/rosidl_generator_py/micro_ros_msgs/_micro_ros_msgs_s.ep.rosidl_typesupport_introspection_c.c.o[0m
[20.917s] [ 93%] [32mBuilding C object CMakeFiles/micro_ros_msgs__rosidl_typesupport_c__pyext.dir/rosidl_generator_py/micro_ros_msgs/_micro_ros_msgs_s.ep.rosidl_typesupport_c.c.o[0m
[21.335s] [ 95%] [32m[1mLinking C shared library rosidl_generator_py/micro_ros_msgs/micro_ros_msgs_s__rosidl_typesupport_c.cpython-310-aarch64-linux-gnu.so[0m
[21.336s] [ 97%] [32m[1mLinking C shared library rosidl_generator_py/micro_ros_msgs/micro_ros_msgs_s__rosidl_typesupport_introspection_c.cpython-310-aarch64-linux-gnu.so[0m
[21.348s] [100%] [32m[1mLinking C shared library rosidl_generator_py/micro_ros_msgs/micro_ros_msgs_s__rosidl_typesupport_fastrtps_c.cpython-310-aarch64-linux-gnu.so[0m
[21.452s] [100%] Built target micro_ros_msgs__rosidl_typesupport_c__pyext
[21.452s] [100%] Built target micro_ros_msgs__rosidl_typesupport_introspection_c__pyext
[21.479s] [100%] Built target micro_ros_msgs__rosidl_typesupport_fastrtps_c__pyext
[21.514s] Invoked command in '/workspaces/mavlab/ros2_ws/build/micro_ros_msgs' returned '0': CMAKE_PREFIX_PATH=${CMAKE_PREFIX_PATH}:/opt/ros/humble /usr/bin/cmake --build /workspaces/mavlab/ros2_ws/build/micro_ros_msgs -- -j4 -l4
[21.813s] Invoking command in '/workspaces/mavlab/ros2_ws/build/micro_ros_msgs': CMAKE_PREFIX_PATH=${CMAKE_PREFIX_PATH}:/opt/ros/humble /usr/bin/cmake --install /workspaces/mavlab/ros2_ws/build/micro_ros_msgs
[21.836s] -- Install configuration: ""
[21.836s] -- Installing: /workspaces/mavlab/ros2_ws/install/micro_ros_msgs/share/ament_index/resource_index/rosidl_interfaces/micro_ros_msgs
[21.837s] -- Installing: /workspaces/mavlab/ros2_ws/install/micro_ros_msgs/include/micro_ros_msgs/micro_ros_msgs
[21.837s] -- Installing: /workspaces/mavlab/ros2_ws/install/micro_ros_msgs/include/micro_ros_msgs/micro_ros_msgs/msg
[21.838s] -- Installing: /workspaces/mavlab/ros2_ws/install/micro_ros_msgs/include/micro_ros_msgs/micro_ros_msgs/msg/entity.h
[21.838s] -- Installing: /workspaces/mavlab/ros2_ws/install/micro_ros_msgs/include/micro_ros_msgs/micro_ros_msgs/msg/node.h
[21.839s] -- Installing: /workspaces/mavlab/ros2_ws/install/micro_ros_msgs/include/micro_ros_msgs/micro_ros_msgs/msg/graph.h
[21.839s] -- Installing: /workspaces/mavlab/ros2_ws/install/micro_ros_msgs/include/micro_ros_msgs/micro_ros_msgs/msg/detail
[21.840s] -- Installing: /workspaces/mavlab/ros2_ws/install/micro_ros_msgs/include/micro_ros_msgs/micro_ros_msgs/msg/detail/graph__type_support.h
[21.840s] -- Installing: /workspaces/mavlab/ros2_ws/install/micro_ros_msgs/include/micro_ros_msgs/micro_ros_msgs/msg/detail/node__type_support.h
[21.840s] -- Installing: /workspaces/mavlab/ros2_ws/install/micro_ros_msgs/include/micro_ros_msgs/micro_ros_msgs/msg/detail/entity__struct.h
[21.841s] -- Installing: /workspaces/mavlab/ros2_ws/install/micro_ros_msgs/include/micro_ros_msgs/micro_ros_msgs/msg/detail/node__functions.h
[21.842s] -- Installing: /workspaces/mavlab/ros2_ws/install/micro_ros_msgs/include/micro_ros_msgs/micro_ros_msgs/msg/detail/entity__functions.h
[21.842s] -- Installing: /workspaces/mavlab/ros2_ws/install/micro_ros_msgs/include/micro_ros_msgs/micro_ros_msgs/msg/detail/node__struct.h
[21.842s] -- Installing: /workspaces/mavlab/ros2_ws/install/micro_ros_msgs/include/micro_ros_msgs/micro_ros_msgs/msg/detail/graph__functions.c
[21.843s] -- Installing: /workspaces/mavlab/ros2_ws/install/micro_ros_msgs/include/micro_ros_msgs/micro_ros_msgs/msg/detail/node__functions.c
[21.844s] -- Installing: /workspaces/mavlab/ros2_ws/install/micro_ros_msgs/include/micro_ros_msgs/micro_ros_msgs/msg/detail/graph__struct.h
[21.844s] -- Installing: /workspaces/mavlab/ros2_ws/install/micro_ros_msgs/include/micro_ros_msgs/micro_ros_msgs/msg/detail/entity__type_support.h
[21.845s] -- Installing: /workspaces/mavlab/ros2_ws/install/micro_ros_msgs/include/micro_ros_msgs/micro_ros_msgs/msg/detail/graph__functions.h
[21.845s] -- Installing: /workspaces/mavlab/ros2_ws/install/micro_ros_msgs/include/micro_ros_msgs/micro_ros_msgs/msg/detail/entity__functions.c
[21.846s] -- Installing: /workspaces/mavlab/ros2_ws/install/micro_ros_msgs/include/micro_ros_msgs/micro_ros_msgs/msg/rosidl_generator_c__visibility_control.h
[21.847s] -- Installing: /workspaces/mavlab/ros2_ws/install/micro_ros_msgs/share/micro_ros_msgs/environment/library_path.sh
[21.847s] -- Installing: /workspaces/mavlab/ros2_ws/install/micro_ros_msgs/share/micro_ros_msgs/environment/library_path.dsv
[21.848s] -- Installing: /workspaces/mavlab/ros2_ws/install/micro_ros_msgs/lib/libmicro_ros_msgs__rosidl_generator_c.so
[21.850s] -- Set runtime path of "/workspaces/mavlab/ros2_ws/install/micro_ros_msgs/lib/libmicro_ros_msgs__rosidl_generator_c.so" to ""
[21.850s] -- Up-to-date: /workspaces/mavlab/ros2_ws/install/micro_ros_msgs/include/micro_ros_msgs/micro_ros_msgs
[21.851s] -- Up-to-date: /workspaces/mavlab/ros2_ws/install/micro_ros_msgs/include/micro_ros_msgs/micro_ros_msgs/msg
[21.851s] -- Installing: /workspaces/mavlab/ros2_ws/install/micro_ros_msgs/include/micro_ros_msgs/micro_ros_msgs/msg/rosidl_typesupport_fastrtps_c__visibility_control.h
[21.852s] -- Up-to-date: /workspaces/mavlab/ros2_ws/install/micro_ros_msgs/include/micro_ros_msgs/micro_ros_msgs/msg/detail
[21.852s] -- Installing: /workspaces/mavlab/ros2_ws/install/micro_ros_msgs/include/micro_ros_msgs/micro_ros_msgs/msg/detail/graph__rosidl_typesupport_fastrtps_c.h
[21.853s] -- Installing: /workspaces/mavlab/ros2_ws/install/micro_ros_msgs/include/micro_ros_msgs/micro_ros_msgs/msg/detail/node__rosidl_typesupport_fastrtps_c.h
[21.853s] -- Installing: /workspaces/mavlab/ros2_ws/install/micro_ros_msgs/include/micro_ros_msgs/micro_ros_msgs/msg/detail/entity__rosidl_typesupport_fastrtps_c.h
[21.853s] -- Installing: /workspaces/mavlab/ros2_ws/install/micro_ros_msgs/lib/libmicro_ros_msgs__rosidl_typesupport_fastrtps_c.so
[21.854s] -- Set runtime path of "/workspaces/mavlab/ros2_ws/install/micro_ros_msgs/lib/libmicro_ros_msgs__rosidl_typesupport_fastrtps_c.so" to ""
[21.855s] -- Up-to-date: /workspaces/mavlab/ros2_ws/install/micro_ros_msgs/include/micro_ros_msgs/micro_ros_msgs
[21.855s] -- Up-to-date: /workspaces/mavlab/ros2_ws/install/micro_ros_msgs/include/micro_ros_msgs/micro_ros_msgs/msg
[21.856s] -- Up-to-date: /workspaces/mavlab/ros2_ws/install/micro_ros_msgs/include/micro_ros_msgs/micro_ros_msgs/msg/detail
[21.856s] -- Installing: /workspaces/mavlab/ros2_ws/install/micro_ros_msgs/include/micro_ros_msgs/micro_ros_msgs/msg/detail/node__rosidl_typesupport_introspection_c.h
[21.856s] -- Installing: /workspaces/mavlab/ros2_ws/install/micro_ros_msgs/include/micro_ros_msgs/micro_ros_msgs/msg/detail/node__type_support.c
[21.857s] -- Installing: /workspaces/mavlab/ros2_ws/install/micro_ros_msgs/include/micro_ros_msgs/micro_ros_msgs/msg/detail/graph__type_support.c
[21.859s] -- Installing: /workspaces/mavlab/ros2_ws/install/micro_ros_msgs/include/micro_ros_msgs/micro_ros_msgs/msg/detail/entity__type_support.c
[21.859s] -- Installing: /workspaces/mavlab/ros2_ws/install/micro_ros_msgs/include/micro_ros_msgs/micro_ros_msgs/msg/detail/graph__rosidl_typesupport_introspection_c.h
[21.860s] -- Installing: /workspaces/mavlab/ros2_ws/install/micro_ros_msgs/include/micro_ros_msgs/micro_ros_msgs/msg/detail/entity__rosidl_typesupport_introspection_c.h
[21.860s] -- Installing: /workspaces/mavlab/ros2_ws/install/micro_ros_msgs/include/micro_ros_msgs/micro_ros_msgs/msg/rosidl_typesupport_introspection_c__visibility_control.h
[21.860s] -- Installing: /workspaces/mavlab/ros2_ws/install/micro_ros_msgs/lib/libmicro_ros_msgs__rosidl_typesupport_introspection_c.so
[21.861s] -- Set runtime path of "/workspaces/mavlab/ros2_ws/install/micro_ros_msgs/lib/libmicro_ros_msgs__rosidl_typesupport_introspection_c.so" to ""
[21.861s] -- Installing: /workspaces/mavlab/ros2_ws/install/micro_ros_msgs/lib/libmicro_ros_msgs__rosidl_typesupport_c.so
[21.862s] -- Set runtime path of "/workspaces/mavlab/ros2_ws/install/micro_ros_msgs/lib/libmicro_ros_msgs__rosidl_typesupport_c.so" to ""
[21.863s] -- Up-to-date: /workspaces/mavlab/ros2_ws/install/micro_ros_msgs/include/micro_ros_msgs/micro_ros_msgs
[21.863s] -- Up-to-date: /workspaces/mavlab/ros2_ws/install/micro_ros_msgs/include/micro_ros_msgs/micro_ros_msgs/msg
[21.864s] -- Installing: /workspaces/mavlab/ros2_ws/install/micro_ros_msgs/include/micro_ros_msgs/micro_ros_msgs/msg/entity.hpp
[21.864s] -- Installing: /workspaces/mavlab/ros2_ws/install/micro_ros_msgs/include/micro_ros_msgs/micro_ros_msgs/msg/node.hpp
[21.864s] -- Installing: /workspaces/mavlab/ros2_ws/install/micro_ros_msgs/include/micro_ros_msgs/micro_ros_msgs/msg/graph.hpp
[21.865s] -- Up-to-date: /workspaces/mavlab/ros2_ws/install/micro_ros_msgs/include/micro_ros_msgs/micro_ros_msgs/msg/detail
[21.865s] -- Installing: /workspaces/mavlab/ros2_ws/install/micro_ros_msgs/include/micro_ros_msgs/micro_ros_msgs/msg/detail/entity__traits.hpp
[21.866s] -- Installing: /workspaces/mavlab/ros2_ws/install/micro_ros_msgs/include/micro_ros_msgs/micro_ros_msgs/msg/detail/entity__struct.hpp
[21.866s] -- Installing: /workspaces/mavlab/ros2_ws/install/micro_ros_msgs/include/micro_ros_msgs/micro_ros_msgs/msg/detail/node__struct.hpp
[21.866s] -- Installing: /workspaces/mavlab/ros2_ws/install/micro_ros_msgs/include/micro_ros_msgs/micro_ros_msgs/msg/detail/graph__struct.hpp
[21.867s] -- Installing: /workspaces/mavlab/ros2_ws/install/micro_ros_msgs/include/micro_ros_msgs/micro_ros_msgs/msg/detail/node__builder.hpp
[21.868s] -- Installing: /workspaces/mavlab/ros2_ws/install/micro_ros_msgs/include/micro_ros_msgs/micro_ros_msgs/msg/detail/node__traits.hpp
[21.868s] -- Installing: /workspaces/mavlab/ros2_ws/install/micro_ros_msgs/include/micro_ros_msgs/micro_ros_msgs/msg/detail/graph__builder.hpp
[21.869s] -- Installing: /workspaces/mavlab/ros2_ws/install/micro_ros_msgs/include/micro_ros_msgs/micro_ros_msgs/msg/detail/graph__traits.hpp
[21.869s] -- Installing: /workspaces/mavlab/ros2_ws/install/micro_ros_msgs/include/micro_ros_msgs/micro_ros_msgs/msg/detail/entity__builder.hpp
[21.870s] -- Up-to-date: /workspaces/mavlab/ros2_ws/install/micro_ros_msgs/include/micro_ros_msgs/micro_ros_msgs
[21.870s] -- Up-to-date: /workspaces/mavlab/ros2_ws/install/micro_ros_msgs/include/micro_ros_msgs/micro_ros_msgs/msg
[21.871s] -- Installing: /workspaces/mavlab/ros2_ws/install/micro_ros_msgs/include/micro_ros_msgs/micro_ros_msgs/msg/rosidl_typesupport_fastrtps_cpp__visibility_control.h
[21.871s] -- Up-to-date: /workspaces/mavlab/ros2_ws/install/micro_ros_msgs/include/micro_ros_msgs/micro_ros_msgs/msg/detail
[21.871s] -- Installing: /workspaces/mavlab/ros2_ws/install/micro_ros_msgs/include/micro_ros_msgs/micro_ros_msgs/msg/detail/node__rosidl_typesupport_fastrtps_cpp.hpp
[21.872s] -- Installing: /workspaces/mavlab/ros2_ws/install/micro_ros_msgs/include/micro_ros_msgs/micro_ros_msgs/msg/detail/graph__rosidl_typesupport_fastrtps_cpp.hpp
[21.872s] -- Installing: /workspaces/mavlab/ros2_ws/install/micro_ros_msgs/include/micro_ros_msgs/micro_ros_msgs/msg/detail/entity__rosidl_typesupport_fastrtps_cpp.hpp
[21.872s] -- Installing: /workspaces/mavlab/ros2_ws/install/micro_ros_msgs/include/micro_ros_msgs/micro_ros_msgs/msg/detail/dds_fastrtps
[21.873s] -- Installing: /workspaces/mavlab/ros2_ws/install/micro_ros_msgs/lib/libmicro_ros_msgs__rosidl_typesupport_fastrtps_cpp.so
[21.875s] -- Set runtime path of "/workspaces/mavlab/ros2_ws/install/micro_ros_msgs/lib/libmicro_ros_msgs__rosidl_typesupport_fastrtps_cpp.so" to ""
[21.876s] -- Up-to-date: /workspaces/mavlab/ros2_ws/install/micro_ros_msgs/include/micro_ros_msgs/micro_ros_msgs
[21.876s] -- Up-to-date: /workspaces/mavlab/ros2_ws/install/micro_ros_msgs/include/micro_ros_msgs/micro_ros_msgs/msg
[21.877s] -- Up-to-date: /workspaces/mavlab/ros2_ws/install/micro_ros_msgs/include/micro_ros_msgs/micro_ros_msgs/msg/detail
[21.877s] -- Installing: /workspaces/mavlab/ros2_ws/install/micro_ros_msgs/include/micro_ros_msgs/micro_ros_msgs/msg/detail/node__type_support.cpp
[21.877s] -- Installing: /workspaces/mavlab/ros2_ws/install/micro_ros_msgs/include/micro_ros_msgs/micro_ros_msgs/msg/detail/node__rosidl_typesupport_introspection_cpp.hpp
[21.878s] -- Installing: /workspaces/mavlab/ros2_ws/install/micro_ros_msgs/include/micro_ros_msgs/micro_ros_msgs/msg/detail/graph__type_support.cpp
[21.878s] -- Installing: /workspaces/mavlab/ros2_ws/install/micro_ros_msgs/include/micro_ros_msgs/micro_ros_msgs/msg/detail/graph__rosidl_typesupport_introspection_cpp.hpp
[21.878s] -- Installing: /workspaces/mavlab/ros2_ws/install/micro_ros_msgs/include/micro_ros_msgs/micro_ros_msgs/msg/detail/entity__type_support.cpp
[21.879s] -- Installing: /workspaces/mavlab/ros2_ws/install/micro_ros_msgs/include/micro_ros_msgs/micro_ros_msgs/msg/detail/entity__rosidl_typesupport_introspection_cpp.hpp
[21.880s] -- Installing: /workspaces/mavlab/ros2_ws/install/micro_ros_msgs/lib/libmicro_ros_msgs__rosidl_typesupport_introspection_cpp.so
[21.882s] -- Set runtime path of "/workspaces/mavlab/ros2_ws/install/micro_ros_msgs/lib/libmicro_ros_msgs__rosidl_typesupport_introspection_cpp.so" to ""
[21.882s] -- Installing: /workspaces/mavlab/ros2_ws/install/micro_ros_msgs/lib/libmicro_ros_msgs__rosidl_typesupport_cpp.so
[21.883s] -- Set runtime path of "/workspaces/mavlab/ros2_ws/install/micro_ros_msgs/lib/libmicro_ros_msgs__rosidl_typesupport_cpp.so" to ""
[21.884s] -- Installing: /workspaces/mavlab/ros2_ws/install/micro_ros_msgs/share/micro_ros_msgs/environment/pythonpath.sh
[21.884s] -- Installing: /workspaces/mavlab/ros2_ws/install/micro_ros_msgs/share/micro_ros_msgs/environment/pythonpath.dsv
[21.885s] -- Installing: /workspaces/mavlab/ros2_ws/install/micro_ros_msgs/local/lib/python3.10/dist-packages/micro_ros_msgs-3.0.1-py3.10.egg-info
[21.885s] -- Installing: /workspaces/mavlab/ros2_ws/install/micro_ros_msgs/local/lib/python3.10/dist-packages/micro_ros_msgs-3.0.1-py3.10.egg-info/SOURCES.txt
[21.886s] -- Installing: /workspaces/mavlab/ros2_ws/install/micro_ros_msgs/local/lib/python3.10/dist-packages/micro_ros_msgs-3.0.1-py3.10.egg-info/dependency_links.txt
[21.886s] -- Installing: /workspaces/mavlab/ros2_ws/install/micro_ros_msgs/local/lib/python3.10/dist-packages/micro_ros_msgs-3.0.1-py3.10.egg-info/top_level.txt
[21.887s] -- Installing: /workspaces/mavlab/ros2_ws/install/micro_ros_msgs/local/lib/python3.10/dist-packages/micro_ros_msgs-3.0.1-py3.10.egg-info/PKG-INFO
[21.887s] -- Installing: /workspaces/mavlab/ros2_ws/install/micro_ros_msgs/local/lib/python3.10/dist-packages/micro_ros_msgs
[21.888s] -- Installing: /workspaces/mavlab/ros2_ws/install/micro_ros_msgs/local/lib/python3.10/dist-packages/micro_ros_msgs/micro_ros_msgs_s__rosidl_typesupport_c.cpython-310-aarch64-linux-gnu.so
[21.888s] -- Installing: /workspaces/mavlab/ros2_ws/install/micro_ros_msgs/local/lib/python3.10/dist-packages/micro_ros_msgs/_micro_ros_msgs_s.ep.rosidl_typesupport_introspection_c.c
[21.889s] -- Installing: /workspaces/mavlab/ros2_ws/install/micro_ros_msgs/local/lib/python3.10/dist-packages/micro_ros_msgs/__init__.py
[21.889s] -- Installing: /workspaces/mavlab/ros2_ws/install/micro_ros_msgs/local/lib/python3.10/dist-packages/micro_ros_msgs/_micro_ros_msgs_s.ep.rosidl_typesupport_fastrtps_c.c
[21.890s] -- Installing: /workspaces/mavlab/ros2_ws/install/micro_ros_msgs/local/lib/python3.10/dist-packages/micro_ros_msgs/libmicro_ros_msgs__rosidl_generator_py.so
[21.891s] -- Installing: /workspaces/mavlab/ros2_ws/install/micro_ros_msgs/local/lib/python3.10/dist-packages/micro_ros_msgs/_micro_ros_msgs_s.ep.rosidl_typesupport_c.c
[21.891s] -- Installing: /workspaces/mavlab/ros2_ws/install/micro_ros_msgs/local/lib/python3.10/dist-packages/micro_ros_msgs/msg
[21.892s] -- Installing: /workspaces/mavlab/ros2_ws/install/micro_ros_msgs/local/lib/python3.10/dist-packages/micro_ros_msgs/msg/_graph_s.c
[21.892s] -- Installing: /workspaces/mavlab/ros2_ws/install/micro_ros_msgs/local/lib/python3.10/dist-packages/micro_ros_msgs/msg/__init__.py
[21.893s] -- Installing: /workspaces/mavlab/ros2_ws/install/micro_ros_msgs/local/lib/python3.10/dist-packages/micro_ros_msgs/msg/_node.py
[21.893s] -- Installing: /workspaces/mavlab/ros2_ws/install/micro_ros_msgs/local/lib/python3.10/dist-packages/micro_ros_msgs/msg/_graph.py
[21.894s] -- Installing: /workspaces/mavlab/ros2_ws/install/micro_ros_msgs/local/lib/python3.10/dist-packages/micro_ros_msgs/msg/_entity_s.c
[21.894s] -- Installing: /workspaces/mavlab/ros2_ws/install/micro_ros_msgs/local/lib/python3.10/dist-packages/micro_ros_msgs/msg/_entity.py
[21.895s] -- Installing: /workspaces/mavlab/ros2_ws/install/micro_ros_msgs/local/lib/python3.10/dist-packages/micro_ros_msgs/msg/_node_s.c
[21.895s] -- Installing: /workspaces/mavlab/ros2_ws/install/micro_ros_msgs/local/lib/python3.10/dist-packages/micro_ros_msgs/micro_ros_msgs_s__rosidl_typesupport_fastrtps_c.cpython-310-aarch64-linux-gnu.so
[21.896s] -- Installing: /workspaces/mavlab/ros2_ws/install/micro_ros_msgs/local/lib/python3.10/dist-packages/micro_ros_msgs/micro_ros_msgs_s__rosidl_typesupport_introspection_c.cpython-310-aarch64-linux-gnu.so
[22.040s] Listing '/workspaces/mavlab/ros2_ws/install/micro_ros_msgs/local/lib/python3.10/dist-packages/micro_ros_msgs'...
[22.040s] Compiling '/workspaces/mavlab/ros2_ws/install/micro_ros_msgs/local/lib/python3.10/dist-packages/micro_ros_msgs/__init__.py'...
[22.041s] Listing '/workspaces/mavlab/ros2_ws/install/micro_ros_msgs/local/lib/python3.10/dist-packages/micro_ros_msgs/msg'...
[22.041s] Compiling '/workspaces/mavlab/ros2_ws/install/micro_ros_msgs/local/lib/python3.10/dist-packages/micro_ros_msgs/msg/__init__.py'...
[22.042s] Compiling '/workspaces/mavlab/ros2_ws/install/micro_ros_msgs/local/lib/python3.10/dist-packages/micro_ros_msgs/msg/_entity.py'...
[22.042s] Compiling '/workspaces/mavlab/ros2_ws/install/micro_ros_msgs/local/lib/python3.10/dist-packages/micro_ros_msgs/msg/_graph.py'...
[22.042s] Compiling '/workspaces/mavlab/ros2_ws/install/micro_ros_msgs/local/lib/python3.10/dist-packages/micro_ros_msgs/msg/_node.py'...
[22.063s] -- Installing: /workspaces/mavlab/ros2_ws/install/micro_ros_msgs/local/lib/python3.10/dist-packages/micro_ros_msgs/micro_ros_msgs_s__rosidl_typesupport_fastrtps_c.cpython-310-aarch64-linux-gnu.so
[22.064s] -- Set runtime path of "/workspaces/mavlab/ros2_ws/install/micro_ros_msgs/local/lib/python3.10/dist-packages/micro_ros_msgs/micro_ros_msgs_s__rosidl_typesupport_fastrtps_c.cpython-310-aarch64-linux-gnu.so" to ""
[22.065s] -- Installing: /workspaces/mavlab/ros2_ws/install/micro_ros_msgs/local/lib/python3.10/dist-packages/micro_ros_msgs/micro_ros_msgs_s__rosidl_typesupport_introspection_c.cpython-310-aarch64-linux-gnu.so
[22.067s] -- Set runtime path of "/workspaces/mavlab/ros2_ws/install/micro_ros_msgs/local/lib/python3.10/dist-packages/micro_ros_msgs/micro_ros_msgs_s__rosidl_typesupport_introspection_c.cpython-310-aarch64-linux-gnu.so" to ""
[22.068s] -- Installing: /workspaces/mavlab/ros2_ws/install/micro_ros_msgs/local/lib/python3.10/dist-packages/micro_ros_msgs/micro_ros_msgs_s__rosidl_typesupport_c.cpython-310-aarch64-linux-gnu.so
[22.069s] -- Set runtime path of "/workspaces/mavlab/ros2_ws/install/micro_ros_msgs/local/lib/python3.10/dist-packages/micro_ros_msgs/micro_ros_msgs_s__rosidl_typesupport_c.cpython-310-aarch64-linux-gnu.so" to ""
[22.070s] -- Installing: /workspaces/mavlab/ros2_ws/install/micro_ros_msgs/lib/libmicro_ros_msgs__rosidl_generator_py.so
[22.071s] -- Set runtime path of "/workspaces/mavlab/ros2_ws/install/micro_ros_msgs/lib/libmicro_ros_msgs__rosidl_generator_py.so" to ""
[22.071s] -- Installing: /workspaces/mavlab/ros2_ws/install/micro_ros_msgs/share/micro_ros_msgs/msg/Graph.idl
[22.072s] -- Installing: /workspaces/mavlab/ros2_ws/install/micro_ros_msgs/share/micro_ros_msgs/msg/Node.idl
[22.072s] -- Installing: /workspaces/mavlab/ros2_ws/install/micro_ros_msgs/share/micro_ros_msgs/msg/Entity.idl
[22.073s] -- Installing: /workspaces/mavlab/ros2_ws/install/micro_ros_msgs/share/micro_ros_msgs/msg/Graph.msg
[22.073s] -- Installing: /workspaces/mavlab/ros2_ws/install/micro_ros_msgs/share/micro_ros_msgs/msg/Node.msg
[22.074s] -- Installing: /workspaces/mavlab/ros2_ws/install/micro_ros_msgs/share/micro_ros_msgs/msg/Entity.msg
[22.075s] -- Installing: /workspaces/mavlab/ros2_ws/install/micro_ros_msgs/share/ament_index/resource_index/package_run_dependencies/micro_ros_msgs
[22.075s] -- Installing: /workspaces/mavlab/ros2_ws/install/micro_ros_msgs/share/ament_index/resource_index/parent_prefix_path/micro_ros_msgs
[22.076s] -- Installing: /workspaces/mavlab/ros2_ws/install/micro_ros_msgs/share/micro_ros_msgs/environment/ament_prefix_path.sh
[22.077s] -- Installing: /workspaces/mavlab/ros2_ws/install/micro_ros_msgs/share/micro_ros_msgs/environment/ament_prefix_path.dsv
[22.077s] -- Installing: /workspaces/mavlab/ros2_ws/install/micro_ros_msgs/share/micro_ros_msgs/environment/path.sh
[22.078s] -- Installing: /workspaces/mavlab/ros2_ws/install/micro_ros_msgs/share/micro_ros_msgs/environment/path.dsv
[22.078s] -- Installing: /workspaces/mavlab/ros2_ws/install/micro_ros_msgs/share/micro_ros_msgs/local_setup.bash
[22.079s] -- Installing: /workspaces/mavlab/ros2_ws/install/micro_ros_msgs/share/micro_ros_msgs/local_setup.sh
[22.080s] -- Installing: /workspaces/mavlab/ros2_ws/install/micro_ros_msgs/share/micro_ros_msgs/local_setup.zsh
[22.080s] -- Installing: /workspaces/mavlab/ros2_ws/install/micro_ros_msgs/share/micro_ros_msgs/local_setup.dsv
[22.081s] -- Installing: /workspaces/mavlab/ros2_ws/install/micro_ros_msgs/share/micro_ros_msgs/package.dsv
[22.081s] -- Installing: /workspaces/mavlab/ros2_ws/install/micro_ros_msgs/share/ament_index/resource_index/packages/micro_ros_msgs
[22.082s] -- Installing: /workspaces/mavlab/ros2_ws/install/micro_ros_msgs/share/micro_ros_msgs/cmake/export_micro_ros_msgs__rosidl_generator_cExport.cmake
[22.083s] -- Installing: /workspaces/mavlab/ros2_ws/install/micro_ros_msgs/share/micro_ros_msgs/cmake/export_micro_ros_msgs__rosidl_generator_cExport-noconfig.cmake
[22.084s] -- Installing: /workspaces/mavlab/ros2_ws/install/micro_ros_msgs/share/micro_ros_msgs/cmake/export_micro_ros_msgs__rosidl_typesupport_fastrtps_cExport.cmake
[22.084s] -- Installing: /workspaces/mavlab/ros2_ws/install/micro_ros_msgs/share/micro_ros_msgs/cmake/export_micro_ros_msgs__rosidl_typesupport_fastrtps_cExport-noconfig.cmake
[22.085s] -- Installing: /workspaces/mavlab/ros2_ws/install/micro_ros_msgs/share/micro_ros_msgs/cmake/micro_ros_msgs__rosidl_typesupport_introspection_cExport.cmake
[22.086s] -- Installing: /workspaces/mavlab/ros2_ws/install/micro_ros_msgs/share/micro_ros_msgs/cmake/micro_ros_msgs__rosidl_typesupport_introspection_cExport-noconfig.cmake
[22.086s] -- Installing: /workspaces/mavlab/ros2_ws/install/micro_ros_msgs/share/micro_ros_msgs/cmake/micro_ros_msgs__rosidl_typesupport_cExport.cmake
[22.087s] -- Installing: /workspaces/mavlab/ros2_ws/install/micro_ros_msgs/share/micro_ros_msgs/cmake/micro_ros_msgs__rosidl_typesupport_cExport-noconfig.cmake
[22.088s] -- Installing: /workspaces/mavlab/ros2_ws/install/micro_ros_msgs/share/micro_ros_msgs/cmake/export_micro_ros_msgs__rosidl_generator_cppExport.cmake
[22.088s] -- Installing: /workspaces/mavlab/ros2_ws/install/micro_ros_msgs/share/micro_ros_msgs/cmake/export_micro_ros_msgs__rosidl_typesupport_fastrtps_cppExport.cmake
[22.089s] -- Installing: /workspaces/mavlab/ros2_ws/install/micro_ros_msgs/share/micro_ros_msgs/cmake/export_micro_ros_msgs__rosidl_typesupport_fastrtps_cppExport-noconfig.cmake
[22.090s] -- Installing: /workspaces/mavlab/ros2_ws/install/micro_ros_msgs/share/micro_ros_msgs/cmake/micro_ros_msgs__rosidl_typesupport_introspection_cppExport.cmake
[22.090s] -- Installing: /workspaces/mavlab/ros2_ws/install/micro_ros_msgs/share/micro_ros_msgs/cmake/micro_ros_msgs__rosidl_typesupport_introspection_cppExport-noconfig.cmake
[22.091s] -- Installing: /workspaces/mavlab/ros2_ws/install/micro_ros_msgs/share/micro_ros_msgs/cmake/micro_ros_msgs__rosidl_typesupport_cppExport.cmake
[22.092s] -- Installing: /workspaces/mavlab/ros2_ws/install/micro_ros_msgs/share/micro_ros_msgs/cmake/micro_ros_msgs__rosidl_typesupport_cppExport-noconfig.cmake
[22.093s] -- Installing: /workspaces/mavlab/ros2_ws/install/micro_ros_msgs/share/micro_ros_msgs/cmake/export_micro_ros_msgs__rosidl_generator_pyExport.cmake
[22.093s] -- Installing: /workspaces/mavlab/ros2_ws/install/micro_ros_msgs/share/micro_ros_msgs/cmake/export_micro_ros_msgs__rosidl_generator_pyExport-noconfig.cmake
[22.094s] -- Installing: /workspaces/mavlab/ros2_ws/install/micro_ros_msgs/share/micro_ros_msgs/cmake/rosidl_cmake-extras.cmake
[22.094s] -- Installing: /workspaces/mavlab/ros2_ws/install/micro_ros_msgs/share/micro_ros_msgs/cmake/ament_cmake_export_include_directories-extras.cmake
[22.095s] -- Installing: /workspaces/mavlab/ros2_ws/install/micro_ros_msgs/share/micro_ros_msgs/cmake/ament_cmake_export_libraries-extras.cmake
[22.096s] -- Installing: /workspaces/mavlab/ros2_ws/install/micro_ros_msgs/share/micro_ros_msgs/cmake/ament_cmake_export_targets-extras.cmake
[22.096s] -- Installing: /workspaces/mavlab/ros2_ws/install/micro_ros_msgs/share/micro_ros_msgs/cmake/rosidl_cmake_export_typesupport_targets-extras.cmake
[22.097s] -- Installing: /workspaces/mavlab/ros2_ws/install/micro_ros_msgs/share/micro_ros_msgs/cmake/ament_cmake_export_dependencies-extras.cmake
[22.098s] -- Installing: /workspaces/mavlab/ros2_ws/install/micro_ros_msgs/share/micro_ros_msgs/cmake/rosidl_cmake_export_typesupport_libraries-extras.cmake
[22.098s] -- Installing: /workspaces/mavlab/ros2_ws/install/micro_ros_msgs/share/micro_ros_msgs/cmake/micro_ros_msgsConfig.cmake
[22.099s] -- Installing: /workspaces/mavlab/ros2_ws/install/micro_ros_msgs/share/micro_ros_msgs/cmake/micro_ros_msgsConfig-version.cmake
[22.099s] -- Installing: /workspaces/mavlab/ros2_ws/install/micro_ros_msgs/share/micro_ros_msgs/package.xml
[22.106s] Invoked command in '/workspaces/mavlab/ros2_ws/build/micro_ros_msgs' returned '0': CMAKE_PREFIX_PATH=${CMAKE_PREFIX_PATH}:/opt/ros/humble /usr/bin/cmake --install /workspaces/mavlab/ros2_ws/build/micro_ros_msgs
