[0.058s] Invoking command in '/workspaces/mavlab/ros2_ws/build/micro_ros_msgs': CMAKE_PREFIX_PATH=${CMAKE_PREFIX_PATH}:/opt/ros/humble /usr/bin/cmake /workspaces/mavlab/ros2_ws/src/uros/micro_ros_msgs -DUAGENT_BUILD_EXECUTABLE=OFF -DUAGENT_P2P_PROFILE=OFF --no-warn-unused-cli -DCMAKE_INSTALL_PREFIX=/workspaces/mavlab/ros2_ws/install/micro_ros_msgs
[0.159s] Not searching for unused variables given on the command line.
[0.191s] -- Found ament_cmake: 1.3.10 (/opt/ros/humble/share/ament_cmake/cmake)
[0.782s] -- Found rosidl_default_generators: 1.2.0 (/opt/ros/humble/share/rosidl_default_generators/cmake)
[0.794s] -- Using all available rosidl_typesupport_c: rosidl_typesupport_fastrtps_c;rosidl_typesupport_introspection_c
[0.811s] -- Found rosidl_adapter: 3.1.5 (/opt/ros/humble/share/rosidl_adapter/cmake)
[0.971s] -- Using all available rosidl_typesupport_cpp: rosidl_typesupport_fastrtps_cpp;rosidl_typesupport_introspection_cpp
[1.136s] -- Found ament_lint_auto: 0.12.11 (/opt/ros/humble/share/ament_lint_auto/cmake)
[2.214s] -- Found ament_cmake_ros: 0.10.0 (/opt/ros/humble/share/ament_cmake_ros/cmake)
[2.882s] -- Using all available rosidl_typesupport_c: rosidl_typesupport_fastrtps_c;rosidl_typesupport_introspection_c
[3.742s] -- Using all available rosidl_typesupport_cpp: rosidl_typesupport_fastrtps_cpp;rosidl_typesupport_introspection_cpp
[3.814s] -- Found python_cmake_module: 0.10.0 (/opt/ros/humble/share/python_cmake_module/cmake)
[3.889s] -- Using PYTHON_EXECUTABLE: /usr/bin/python3
[3.890s] -- Using PYTHON_INCLUDE_DIRS: /usr/include/python3.10
[3.890s] -- Using PYTHON_LIBRARIES: /usr/lib/aarch64-linux-gnu/libpython3.10.so
[3.957s] -- Added test 'copyright' to check source files copyright and LICENSE
[4.003s] -- Added test 'lint_cmake' to check CMake code style
[4.028s] -- Added test 'xmllint' to check XML markup files
[4.059s] -- Configuring done
[4.260s] -- Generating done
[4.271s] -- Build files have been written to: /workspaces/mavlab/ros2_ws/build/micro_ros_msgs
[4.288s] Invoked command in '/workspaces/mavlab/ros2_ws/build/micro_ros_msgs' returned '0': CMAKE_PREFIX_PATH=${CMAKE_PREFIX_PATH}:/opt/ros/humble /usr/bin/cmake /workspaces/mavlab/ros2_ws/src/uros/micro_ros_msgs -DUAGENT_BUILD_EXECUTABLE=OFF -DUAGENT_P2P_PROFILE=OFF --no-warn-unused-cli -DCMAKE_INSTALL_PREFIX=/workspaces/mavlab/ros2_ws/install/micro_ros_msgs
[4.295s] Invoking command in '/workspaces/mavlab/ros2_ws/build/micro_ros_msgs': CMAKE_PREFIX_PATH=${CMAKE_PREFIX_PATH}:/opt/ros/humble /usr/bin/cmake --build /workspaces/mavlab/ros2_ws/build/micro_ros_msgs -- -j4 -l4
[4.434s] [35m[1mConsolidate compiler generated dependencies of target micro_ros_msgs__rosidl_generator_c[0m
[4.467s] [  2%] Built target micro_ros_msgs__cpp
[4.480s] [ 12%] Built target micro_ros_msgs__rosidl_generator_c
[4.505s] [35m[1mConsolidate compiler generated dependencies of target micro_ros_msgs__rosidl_typesupport_cpp[0m
[4.514s] [35m[1mConsolidate compiler generated dependencies of target micro_ros_msgs__rosidl_typesupport_fastrtps_cpp[0m
[4.515s] [ 12%] Built target ament_cmake_python_copy_micro_ros_msgs
[4.532s] [35m[1mConsolidate compiler generated dependencies of target micro_ros_msgs__rosidl_typesupport_introspection_cpp[0m
[4.556s] [35m[1mConsolidate compiler generated dependencies of target micro_ros_msgs__rosidl_typesupport_fastrtps_c[0m
[4.570s] [ 34%] Built target micro_ros_msgs__rosidl_typesupport_cpp
[4.570s] [ 34%] Built target micro_ros_msgs__rosidl_typesupport_fastrtps_cpp
[4.588s] [ 44%] Built target micro_ros_msgs__rosidl_typesupport_introspection_cpp
[4.612s] [35m[1mConsolidate compiler generated dependencies of target micro_ros_msgs__rosidl_typesupport_introspection_c[0m
[4.615s] [35m[1mConsolidate compiler generated dependencies of target micro_ros_msgs__rosidl_typesupport_c[0m
[4.618s] [ 55%] Built target micro_ros_msgs__rosidl_typesupport_fastrtps_c
[4.657s] [ 65%] Built target micro_ros_msgs__rosidl_typesupport_c
[4.658s] [ 76%] Built target micro_ros_msgs__rosidl_typesupport_introspection_c
[4.724s] [ 76%] Built target micro_ros_msgs
[4.790s] [ 78%] Built target micro_ros_msgs__py
[4.827s] [35m[1mConsolidate compiler generated dependencies of target micro_ros_msgs__rosidl_generator_py[0m
[4.880s] [ 87%] Built target micro_ros_msgs__rosidl_generator_py
[4.916s] [35m[1mConsolidate compiler generated dependencies of target micro_ros_msgs__rosidl_typesupport_c__pyext[0m
[4.919s] [35m[1mConsolidate compiler generated dependencies of target micro_ros_msgs__rosidl_typesupport_introspection_c__pyext[0m
[4.919s] [35m[1mConsolidate compiler generated dependencies of target micro_ros_msgs__rosidl_typesupport_fastrtps_c__pyext[0m
[4.964s] [ 93%] Built target micro_ros_msgs__rosidl_typesupport_fastrtps_c__pyext
[4.964s] [ 95%] Built target micro_ros_msgs__rosidl_typesupport_c__pyext
[4.970s] [100%] Built target micro_ros_msgs__rosidl_typesupport_introspection_c__pyext
[5.659s] running egg_info
[5.662s] writing micro_ros_msgs.egg-info/PKG-INFO
[5.663s] writing dependency_links to micro_ros_msgs.egg-info/dependency_links.txt
[5.664s] writing top-level names to micro_ros_msgs.egg-info/top_level.txt
[5.677s] reading manifest file 'micro_ros_msgs.egg-info/SOURCES.txt'
[5.680s] writing manifest file 'micro_ros_msgs.egg-info/SOURCES.txt'
[5.796s] [100%] Built target ament_cmake_python_build_micro_ros_msgs_egg
[5.831s] Invoked command in '/workspaces/mavlab/ros2_ws/build/micro_ros_msgs' returned '0': CMAKE_PREFIX_PATH=${CMAKE_PREFIX_PATH}:/opt/ros/humble /usr/bin/cmake --build /workspaces/mavlab/ros2_ws/build/micro_ros_msgs -- -j4 -l4
[6.174s] Invoking command in '/workspaces/mavlab/ros2_ws/build/micro_ros_msgs': CMAKE_PREFIX_PATH=${CMAKE_PREFIX_PATH}:/opt/ros/humble /usr/bin/cmake --install /workspaces/mavlab/ros2_ws/build/micro_ros_msgs
[6.198s] -- Install configuration: ""
[6.199s] -- Up-to-date: /workspaces/mavlab/ros2_ws/install/micro_ros_msgs/share/ament_index/resource_index/rosidl_interfaces/micro_ros_msgs
[6.199s] -- Up-to-date: /workspaces/mavlab/ros2_ws/install/micro_ros_msgs/include/micro_ros_msgs/micro_ros_msgs
[6.200s] -- Up-to-date: /workspaces/mavlab/ros2_ws/install/micro_ros_msgs/include/micro_ros_msgs/micro_ros_msgs/msg
[6.200s] -- Up-to-date: /workspaces/mavlab/ros2_ws/install/micro_ros_msgs/include/micro_ros_msgs/micro_ros_msgs/msg/entity.h
[6.201s] -- Up-to-date: /workspaces/mavlab/ros2_ws/install/micro_ros_msgs/include/micro_ros_msgs/micro_ros_msgs/msg/node.h
[6.201s] -- Up-to-date: /workspaces/mavlab/ros2_ws/install/micro_ros_msgs/include/micro_ros_msgs/micro_ros_msgs/msg/graph.h
[6.202s] -- Up-to-date: /workspaces/mavlab/ros2_ws/install/micro_ros_msgs/include/micro_ros_msgs/micro_ros_msgs/msg/detail
[6.202s] -- Up-to-date: /workspaces/mavlab/ros2_ws/install/micro_ros_msgs/include/micro_ros_msgs/micro_ros_msgs/msg/detail/graph__type_support.h
[6.202s] -- Up-to-date: /workspaces/mavlab/ros2_ws/install/micro_ros_msgs/include/micro_ros_msgs/micro_ros_msgs/msg/detail/node__type_support.h
[6.203s] -- Up-to-date: /workspaces/mavlab/ros2_ws/install/micro_ros_msgs/include/micro_ros_msgs/micro_ros_msgs/msg/detail/entity__struct.h
[6.203s] -- Up-to-date: /workspaces/mavlab/ros2_ws/install/micro_ros_msgs/include/micro_ros_msgs/micro_ros_msgs/msg/detail/node__functions.h
[6.203s] -- Up-to-date: /workspaces/mavlab/ros2_ws/install/micro_ros_msgs/include/micro_ros_msgs/micro_ros_msgs/msg/detail/entity__functions.h
[6.204s] -- Up-to-date: /workspaces/mavlab/ros2_ws/install/micro_ros_msgs/include/micro_ros_msgs/micro_ros_msgs/msg/detail/node__struct.h
[6.204s] -- Up-to-date: /workspaces/mavlab/ros2_ws/install/micro_ros_msgs/include/micro_ros_msgs/micro_ros_msgs/msg/detail/graph__functions.c
[6.204s] -- Up-to-date: /workspaces/mavlab/ros2_ws/install/micro_ros_msgs/include/micro_ros_msgs/micro_ros_msgs/msg/detail/node__functions.c
[6.205s] -- Up-to-date: /workspaces/mavlab/ros2_ws/install/micro_ros_msgs/include/micro_ros_msgs/micro_ros_msgs/msg/detail/graph__struct.h
[6.205s] -- Up-to-date: /workspaces/mavlab/ros2_ws/install/micro_ros_msgs/include/micro_ros_msgs/micro_ros_msgs/msg/detail/entity__type_support.h
[6.205s] -- Up-to-date: /workspaces/mavlab/ros2_ws/install/micro_ros_msgs/include/micro_ros_msgs/micro_ros_msgs/msg/detail/graph__functions.h
[6.206s] -- Up-to-date: /workspaces/mavlab/ros2_ws/install/micro_ros_msgs/include/micro_ros_msgs/micro_ros_msgs/msg/detail/entity__functions.c
[6.206s] -- Up-to-date: /workspaces/mavlab/ros2_ws/install/micro_ros_msgs/include/micro_ros_msgs/micro_ros_msgs/msg/rosidl_generator_c__visibility_control.h
[6.207s] -- Up-to-date: /workspaces/mavlab/ros2_ws/install/micro_ros_msgs/share/micro_ros_msgs/environment/library_path.sh
[6.207s] -- Installing: /workspaces/mavlab/ros2_ws/install/micro_ros_msgs/share/micro_ros_msgs/environment/library_path.dsv
[6.207s] -- Up-to-date: /workspaces/mavlab/ros2_ws/install/micro_ros_msgs/lib/libmicro_ros_msgs__rosidl_generator_c.so
[6.208s] -- Up-to-date: /workspaces/mavlab/ros2_ws/install/micro_ros_msgs/include/micro_ros_msgs/micro_ros_msgs
[6.208s] -- Up-to-date: /workspaces/mavlab/ros2_ws/install/micro_ros_msgs/include/micro_ros_msgs/micro_ros_msgs/msg
[6.208s] -- Up-to-date: /workspaces/mavlab/ros2_ws/install/micro_ros_msgs/include/micro_ros_msgs/micro_ros_msgs/msg/rosidl_typesupport_fastrtps_c__visibility_control.h
[6.209s] -- Up-to-date: /workspaces/mavlab/ros2_ws/install/micro_ros_msgs/include/micro_ros_msgs/micro_ros_msgs/msg/detail
[6.209s] -- Up-to-date: /workspaces/mavlab/ros2_ws/install/micro_ros_msgs/include/micro_ros_msgs/micro_ros_msgs/msg/detail/graph__rosidl_typesupport_fastrtps_c.h
[6.210s] -- Up-to-date: /workspaces/mavlab/ros2_ws/install/micro_ros_msgs/include/micro_ros_msgs/micro_ros_msgs/msg/detail/node__rosidl_typesupport_fastrtps_c.h
[6.210s] -- Up-to-date: /workspaces/mavlab/ros2_ws/install/micro_ros_msgs/include/micro_ros_msgs/micro_ros_msgs/msg/detail/entity__rosidl_typesupport_fastrtps_c.h
[6.210s] -- Up-to-date: /workspaces/mavlab/ros2_ws/install/micro_ros_msgs/lib/libmicro_ros_msgs__rosidl_typesupport_fastrtps_c.so
[6.211s] -- Up-to-date: /workspaces/mavlab/ros2_ws/install/micro_ros_msgs/include/micro_ros_msgs/micro_ros_msgs
[6.211s] -- Up-to-date: /workspaces/mavlab/ros2_ws/install/micro_ros_msgs/include/micro_ros_msgs/micro_ros_msgs/msg
[6.212s] -- Up-to-date: /workspaces/mavlab/ros2_ws/install/micro_ros_msgs/include/micro_ros_msgs/micro_ros_msgs/msg/detail
[6.212s] -- Up-to-date: /workspaces/mavlab/ros2_ws/install/micro_ros_msgs/include/micro_ros_msgs/micro_ros_msgs/msg/detail/node__rosidl_typesupport_introspection_c.h
[6.212s] -- Up-to-date: /workspaces/mavlab/ros2_ws/install/micro_ros_msgs/include/micro_ros_msgs/micro_ros_msgs/msg/detail/node__type_support.c
[6.213s] -- Up-to-date: /workspaces/mavlab/ros2_ws/install/micro_ros_msgs/include/micro_ros_msgs/micro_ros_msgs/msg/detail/graph__type_support.c
[6.213s] -- Up-to-date: /workspaces/mavlab/ros2_ws/install/micro_ros_msgs/include/micro_ros_msgs/micro_ros_msgs/msg/detail/entity__type_support.c
[6.213s] -- Up-to-date: /workspaces/mavlab/ros2_ws/install/micro_ros_msgs/include/micro_ros_msgs/micro_ros_msgs/msg/detail/graph__rosidl_typesupport_introspection_c.h
[6.214s] -- Up-to-date: /workspaces/mavlab/ros2_ws/install/micro_ros_msgs/include/micro_ros_msgs/micro_ros_msgs/msg/detail/entity__rosidl_typesupport_introspection_c.h
[6.214s] -- Up-to-date: /workspaces/mavlab/ros2_ws/install/micro_ros_msgs/include/micro_ros_msgs/micro_ros_msgs/msg/rosidl_typesupport_introspection_c__visibility_control.h
[6.214s] -- Up-to-date: /workspaces/mavlab/ros2_ws/install/micro_ros_msgs/lib/libmicro_ros_msgs__rosidl_typesupport_introspection_c.so
[6.215s] -- Up-to-date: /workspaces/mavlab/ros2_ws/install/micro_ros_msgs/lib/libmicro_ros_msgs__rosidl_typesupport_c.so
[6.215s] -- Up-to-date: /workspaces/mavlab/ros2_ws/install/micro_ros_msgs/include/micro_ros_msgs/micro_ros_msgs
[6.216s] -- Up-to-date: /workspaces/mavlab/ros2_ws/install/micro_ros_msgs/include/micro_ros_msgs/micro_ros_msgs/msg
[6.216s] -- Up-to-date: /workspaces/mavlab/ros2_ws/install/micro_ros_msgs/include/micro_ros_msgs/micro_ros_msgs/msg/entity.hpp
[6.216s] -- Up-to-date: /workspaces/mavlab/ros2_ws/install/micro_ros_msgs/include/micro_ros_msgs/micro_ros_msgs/msg/node.hpp
[6.217s] -- Up-to-date: /workspaces/mavlab/ros2_ws/install/micro_ros_msgs/include/micro_ros_msgs/micro_ros_msgs/msg/graph.hpp
[6.217s] -- Up-to-date: /workspaces/mavlab/ros2_ws/install/micro_ros_msgs/include/micro_ros_msgs/micro_ros_msgs/msg/detail
[6.218s] -- Up-to-date: /workspaces/mavlab/ros2_ws/install/micro_ros_msgs/include/micro_ros_msgs/micro_ros_msgs/msg/detail/entity__traits.hpp
[6.218s] -- Up-to-date: /workspaces/mavlab/ros2_ws/install/micro_ros_msgs/include/micro_ros_msgs/micro_ros_msgs/msg/detail/entity__struct.hpp
[6.218s] -- Up-to-date: /workspaces/mavlab/ros2_ws/install/micro_ros_msgs/include/micro_ros_msgs/micro_ros_msgs/msg/detail/node__struct.hpp
[6.219s] -- Up-to-date: /workspaces/mavlab/ros2_ws/install/micro_ros_msgs/include/micro_ros_msgs/micro_ros_msgs/msg/detail/graph__struct.hpp
[6.219s] -- Up-to-date: /workspaces/mavlab/ros2_ws/install/micro_ros_msgs/include/micro_ros_msgs/micro_ros_msgs/msg/detail/node__builder.hpp
[6.219s] -- Up-to-date: /workspaces/mavlab/ros2_ws/install/micro_ros_msgs/include/micro_ros_msgs/micro_ros_msgs/msg/detail/node__traits.hpp
[6.220s] -- Up-to-date: /workspaces/mavlab/ros2_ws/install/micro_ros_msgs/include/micro_ros_msgs/micro_ros_msgs/msg/detail/graph__builder.hpp
[6.220s] -- Up-to-date: /workspaces/mavlab/ros2_ws/install/micro_ros_msgs/include/micro_ros_msgs/micro_ros_msgs/msg/detail/graph__traits.hpp
[6.220s] -- Up-to-date: /workspaces/mavlab/ros2_ws/install/micro_ros_msgs/include/micro_ros_msgs/micro_ros_msgs/msg/detail/entity__builder.hpp
[6.221s] -- Up-to-date: /workspaces/mavlab/ros2_ws/install/micro_ros_msgs/include/micro_ros_msgs/micro_ros_msgs
[6.221s] -- Up-to-date: /workspaces/mavlab/ros2_ws/install/micro_ros_msgs/include/micro_ros_msgs/micro_ros_msgs/msg
[6.221s] -- Up-to-date: /workspaces/mavlab/ros2_ws/install/micro_ros_msgs/include/micro_ros_msgs/micro_ros_msgs/msg/rosidl_typesupport_fastrtps_cpp__visibility_control.h
[6.222s] -- Up-to-date: /workspaces/mavlab/ros2_ws/install/micro_ros_msgs/include/micro_ros_msgs/micro_ros_msgs/msg/detail
[6.222s] -- Up-to-date: /workspaces/mavlab/ros2_ws/install/micro_ros_msgs/include/micro_ros_msgs/micro_ros_msgs/msg/detail/node__rosidl_typesupport_fastrtps_cpp.hpp
[6.223s] -- Up-to-date: /workspaces/mavlab/ros2_ws/install/micro_ros_msgs/include/micro_ros_msgs/micro_ros_msgs/msg/detail/graph__rosidl_typesupport_fastrtps_cpp.hpp
[6.224s] -- Up-to-date: /workspaces/mavlab/ros2_ws/install/micro_ros_msgs/include/micro_ros_msgs/micro_ros_msgs/msg/detail/entity__rosidl_typesupport_fastrtps_cpp.hpp
[6.224s] -- Up-to-date: /workspaces/mavlab/ros2_ws/install/micro_ros_msgs/include/micro_ros_msgs/micro_ros_msgs/msg/detail/dds_fastrtps
[6.224s] -- Up-to-date: /workspaces/mavlab/ros2_ws/install/micro_ros_msgs/lib/libmicro_ros_msgs__rosidl_typesupport_fastrtps_cpp.so
[6.225s] -- Up-to-date: /workspaces/mavlab/ros2_ws/install/micro_ros_msgs/include/micro_ros_msgs/micro_ros_msgs
[6.225s] -- Up-to-date: /workspaces/mavlab/ros2_ws/install/micro_ros_msgs/include/micro_ros_msgs/micro_ros_msgs/msg
[6.225s] -- Up-to-date: /workspaces/mavlab/ros2_ws/install/micro_ros_msgs/include/micro_ros_msgs/micro_ros_msgs/msg/detail
[6.226s] -- Up-to-date: /workspaces/mavlab/ros2_ws/install/micro_ros_msgs/include/micro_ros_msgs/micro_ros_msgs/msg/detail/node__type_support.cpp
[6.226s] -- Up-to-date: /workspaces/mavlab/ros2_ws/install/micro_ros_msgs/include/micro_ros_msgs/micro_ros_msgs/msg/detail/node__rosidl_typesupport_introspection_cpp.hpp
[6.226s] -- Up-to-date: /workspaces/mavlab/ros2_ws/install/micro_ros_msgs/include/micro_ros_msgs/micro_ros_msgs/msg/detail/graph__type_support.cpp
[6.227s] -- Up-to-date: /workspaces/mavlab/ros2_ws/install/micro_ros_msgs/include/micro_ros_msgs/micro_ros_msgs/msg/detail/graph__rosidl_typesupport_introspection_cpp.hpp
[6.227s] -- Up-to-date: /workspaces/mavlab/ros2_ws/install/micro_ros_msgs/include/micro_ros_msgs/micro_ros_msgs/msg/detail/entity__type_support.cpp
[6.227s] -- Up-to-date: /workspaces/mavlab/ros2_ws/install/micro_ros_msgs/include/micro_ros_msgs/micro_ros_msgs/msg/detail/entity__rosidl_typesupport_introspection_cpp.hpp
[6.228s] -- Up-to-date: /workspaces/mavlab/ros2_ws/install/micro_ros_msgs/lib/libmicro_ros_msgs__rosidl_typesupport_introspection_cpp.so
[6.228s] -- Up-to-date: /workspaces/mavlab/ros2_ws/install/micro_ros_msgs/lib/libmicro_ros_msgs__rosidl_typesupport_cpp.so
[6.229s] -- Up-to-date: /workspaces/mavlab/ros2_ws/install/micro_ros_msgs/share/micro_ros_msgs/environment/pythonpath.sh
[6.229s] -- Installing: /workspaces/mavlab/ros2_ws/install/micro_ros_msgs/share/micro_ros_msgs/environment/pythonpath.dsv
[6.229s] -- Up-to-date: /workspaces/mavlab/ros2_ws/install/micro_ros_msgs/local/lib/python3.10/dist-packages/micro_ros_msgs-3.0.1-py3.10.egg-info
[6.230s] -- Installing: /workspaces/mavlab/ros2_ws/install/micro_ros_msgs/local/lib/python3.10/dist-packages/micro_ros_msgs-3.0.1-py3.10.egg-info/SOURCES.txt
[6.230s] -- Installing: /workspaces/mavlab/ros2_ws/install/micro_ros_msgs/local/lib/python3.10/dist-packages/micro_ros_msgs-3.0.1-py3.10.egg-info/dependency_links.txt
[6.231s] -- Installing: /workspaces/mavlab/ros2_ws/install/micro_ros_msgs/local/lib/python3.10/dist-packages/micro_ros_msgs-3.0.1-py3.10.egg-info/top_level.txt
[6.231s] -- Installing: /workspaces/mavlab/ros2_ws/install/micro_ros_msgs/local/lib/python3.10/dist-packages/micro_ros_msgs-3.0.1-py3.10.egg-info/PKG-INFO
[6.232s] -- Up-to-date: /workspaces/mavlab/ros2_ws/install/micro_ros_msgs/local/lib/python3.10/dist-packages/micro_ros_msgs
[6.232s] -- Up-to-date: /workspaces/mavlab/ros2_ws/install/micro_ros_msgs/local/lib/python3.10/dist-packages/micro_ros_msgs/micro_ros_msgs_s__rosidl_typesupport_c.cpython-310-aarch64-linux-gnu.so
[6.233s] -- Up-to-date: /workspaces/mavlab/ros2_ws/install/micro_ros_msgs/local/lib/python3.10/dist-packages/micro_ros_msgs/_micro_ros_msgs_s.ep.rosidl_typesupport_introspection_c.c
[6.233s] -- Installing: /workspaces/mavlab/ros2_ws/install/micro_ros_msgs/local/lib/python3.10/dist-packages/micro_ros_msgs/__init__.py
[6.234s] -- Up-to-date: /workspaces/mavlab/ros2_ws/install/micro_ros_msgs/local/lib/python3.10/dist-packages/micro_ros_msgs/_micro_ros_msgs_s.ep.rosidl_typesupport_fastrtps_c.c
[6.234s] -- Up-to-date: /workspaces/mavlab/ros2_ws/install/micro_ros_msgs/local/lib/python3.10/dist-packages/micro_ros_msgs/libmicro_ros_msgs__rosidl_generator_py.so
[6.235s] -- Up-to-date: /workspaces/mavlab/ros2_ws/install/micro_ros_msgs/local/lib/python3.10/dist-packages/micro_ros_msgs/_micro_ros_msgs_s.ep.rosidl_typesupport_c.c
[6.235s] -- Up-to-date: /workspaces/mavlab/ros2_ws/install/micro_ros_msgs/local/lib/python3.10/dist-packages/micro_ros_msgs/msg
[6.235s] -- Up-to-date: /workspaces/mavlab/ros2_ws/install/micro_ros_msgs/local/lib/python3.10/dist-packages/micro_ros_msgs/msg/_graph_s.c
[6.236s] -- Up-to-date: /workspaces/mavlab/ros2_ws/install/micro_ros_msgs/local/lib/python3.10/dist-packages/micro_ros_msgs/msg/__init__.py
[6.236s] -- Up-to-date: /workspaces/mavlab/ros2_ws/install/micro_ros_msgs/local/lib/python3.10/dist-packages/micro_ros_msgs/msg/_node.py
[6.237s] -- Up-to-date: /workspaces/mavlab/ros2_ws/install/micro_ros_msgs/local/lib/python3.10/dist-packages/micro_ros_msgs/msg/_graph.py
[6.237s] -- Up-to-date: /workspaces/mavlab/ros2_ws/install/micro_ros_msgs/local/lib/python3.10/dist-packages/micro_ros_msgs/msg/_entity_s.c
[6.237s] -- Up-to-date: /workspaces/mavlab/ros2_ws/install/micro_ros_msgs/local/lib/python3.10/dist-packages/micro_ros_msgs/msg/_entity.py
[6.238s] -- Up-to-date: /workspaces/mavlab/ros2_ws/install/micro_ros_msgs/local/lib/python3.10/dist-packages/micro_ros_msgs/msg/_node_s.c
[6.238s] -- Up-to-date: /workspaces/mavlab/ros2_ws/install/micro_ros_msgs/local/lib/python3.10/dist-packages/micro_ros_msgs/micro_ros_msgs_s__rosidl_typesupport_fastrtps_c.cpython-310-aarch64-linux-gnu.so
[6.238s] -- Up-to-date: /workspaces/mavlab/ros2_ws/install/micro_ros_msgs/local/lib/python3.10/dist-packages/micro_ros_msgs/micro_ros_msgs_s__rosidl_typesupport_introspection_c.cpython-310-aarch64-linux-gnu.so
[6.377s] Listing '/workspaces/mavlab/ros2_ws/install/micro_ros_msgs/local/lib/python3.10/dist-packages/micro_ros_msgs'...
[6.378s] Compiling '/workspaces/mavlab/ros2_ws/install/micro_ros_msgs/local/lib/python3.10/dist-packages/micro_ros_msgs/__init__.py'...
[6.378s] Listing '/workspaces/mavlab/ros2_ws/install/micro_ros_msgs/local/lib/python3.10/dist-packages/micro_ros_msgs/msg'...
[6.401s] -- Up-to-date: /workspaces/mavlab/ros2_ws/install/micro_ros_msgs/local/lib/python3.10/dist-packages/micro_ros_msgs/micro_ros_msgs_s__rosidl_typesupport_fastrtps_c.cpython-310-aarch64-linux-gnu.so
[6.402s] -- Up-to-date: /workspaces/mavlab/ros2_ws/install/micro_ros_msgs/local/lib/python3.10/dist-packages/micro_ros_msgs/micro_ros_msgs_s__rosidl_typesupport_introspection_c.cpython-310-aarch64-linux-gnu.so
[6.404s] -- Up-to-date: /workspaces/mavlab/ros2_ws/install/micro_ros_msgs/local/lib/python3.10/dist-packages/micro_ros_msgs/micro_ros_msgs_s__rosidl_typesupport_c.cpython-310-aarch64-linux-gnu.so
[6.406s] -- Up-to-date: /workspaces/mavlab/ros2_ws/install/micro_ros_msgs/lib/libmicro_ros_msgs__rosidl_generator_py.so
[6.407s] -- Up-to-date: /workspaces/mavlab/ros2_ws/install/micro_ros_msgs/share/micro_ros_msgs/msg/Graph.idl
[6.407s] -- Up-to-date: /workspaces/mavlab/ros2_ws/install/micro_ros_msgs/share/micro_ros_msgs/msg/Node.idl
[6.407s] -- Up-to-date: /workspaces/mavlab/ros2_ws/install/micro_ros_msgs/share/micro_ros_msgs/msg/Entity.idl
[6.408s] -- Up-to-date: /workspaces/mavlab/ros2_ws/install/micro_ros_msgs/share/micro_ros_msgs/msg/Graph.msg
[6.408s] -- Up-to-date: /workspaces/mavlab/ros2_ws/install/micro_ros_msgs/share/micro_ros_msgs/msg/Node.msg
[6.409s] -- Up-to-date: /workspaces/mavlab/ros2_ws/install/micro_ros_msgs/share/micro_ros_msgs/msg/Entity.msg
[6.409s] -- Up-to-date: /workspaces/mavlab/ros2_ws/install/micro_ros_msgs/share/ament_index/resource_index/package_run_dependencies/micro_ros_msgs
[6.410s] -- Up-to-date: /workspaces/mavlab/ros2_ws/install/micro_ros_msgs/share/ament_index/resource_index/parent_prefix_path/micro_ros_msgs
[6.410s] -- Up-to-date: /workspaces/mavlab/ros2_ws/install/micro_ros_msgs/share/micro_ros_msgs/environment/ament_prefix_path.sh
[6.410s] -- Installing: /workspaces/mavlab/ros2_ws/install/micro_ros_msgs/share/micro_ros_msgs/environment/ament_prefix_path.dsv
[6.411s] -- Up-to-date: /workspaces/mavlab/ros2_ws/install/micro_ros_msgs/share/micro_ros_msgs/environment/path.sh
[6.411s] -- Installing: /workspaces/mavlab/ros2_ws/install/micro_ros_msgs/share/micro_ros_msgs/environment/path.dsv
[6.412s] -- Up-to-date: /workspaces/mavlab/ros2_ws/install/micro_ros_msgs/share/micro_ros_msgs/local_setup.bash
[6.412s] -- Up-to-date: /workspaces/mavlab/ros2_ws/install/micro_ros_msgs/share/micro_ros_msgs/local_setup.sh
[6.412s] -- Up-to-date: /workspaces/mavlab/ros2_ws/install/micro_ros_msgs/share/micro_ros_msgs/local_setup.zsh
[6.413s] -- Installing: /workspaces/mavlab/ros2_ws/install/micro_ros_msgs/share/micro_ros_msgs/local_setup.dsv
[6.413s] -- Installing: /workspaces/mavlab/ros2_ws/install/micro_ros_msgs/share/micro_ros_msgs/package.dsv
[6.414s] -- Up-to-date: /workspaces/mavlab/ros2_ws/install/micro_ros_msgs/share/ament_index/resource_index/packages/micro_ros_msgs
[6.414s] -- Up-to-date: /workspaces/mavlab/ros2_ws/install/micro_ros_msgs/share/micro_ros_msgs/cmake/export_micro_ros_msgs__rosidl_generator_cExport.cmake
[6.414s] -- Up-to-date: /workspaces/mavlab/ros2_ws/install/micro_ros_msgs/share/micro_ros_msgs/cmake/export_micro_ros_msgs__rosidl_generator_cExport-noconfig.cmake
[6.415s] -- Up-to-date: /workspaces/mavlab/ros2_ws/install/micro_ros_msgs/share/micro_ros_msgs/cmake/export_micro_ros_msgs__rosidl_typesupport_fastrtps_cExport.cmake
[6.415s] -- Up-to-date: /workspaces/mavlab/ros2_ws/install/micro_ros_msgs/share/micro_ros_msgs/cmake/export_micro_ros_msgs__rosidl_typesupport_fastrtps_cExport-noconfig.cmake
[6.416s] -- Up-to-date: /workspaces/mavlab/ros2_ws/install/micro_ros_msgs/share/micro_ros_msgs/cmake/micro_ros_msgs__rosidl_typesupport_introspection_cExport.cmake
[6.416s] -- Up-to-date: /workspaces/mavlab/ros2_ws/install/micro_ros_msgs/share/micro_ros_msgs/cmake/micro_ros_msgs__rosidl_typesupport_introspection_cExport-noconfig.cmake
[6.417s] -- Up-to-date: /workspaces/mavlab/ros2_ws/install/micro_ros_msgs/share/micro_ros_msgs/cmake/micro_ros_msgs__rosidl_typesupport_cExport.cmake
[6.417s] -- Up-to-date: /workspaces/mavlab/ros2_ws/install/micro_ros_msgs/share/micro_ros_msgs/cmake/micro_ros_msgs__rosidl_typesupport_cExport-noconfig.cmake
[6.418s] -- Up-to-date: /workspaces/mavlab/ros2_ws/install/micro_ros_msgs/share/micro_ros_msgs/cmake/export_micro_ros_msgs__rosidl_generator_cppExport.cmake
[6.419s] -- Up-to-date: /workspaces/mavlab/ros2_ws/install/micro_ros_msgs/share/micro_ros_msgs/cmake/export_micro_ros_msgs__rosidl_typesupport_fastrtps_cppExport.cmake
[6.419s] -- Up-to-date: /workspaces/mavlab/ros2_ws/install/micro_ros_msgs/share/micro_ros_msgs/cmake/export_micro_ros_msgs__rosidl_typesupport_fastrtps_cppExport-noconfig.cmake
[6.420s] -- Up-to-date: /workspaces/mavlab/ros2_ws/install/micro_ros_msgs/share/micro_ros_msgs/cmake/micro_ros_msgs__rosidl_typesupport_introspection_cppExport.cmake
[6.421s] -- Up-to-date: /workspaces/mavlab/ros2_ws/install/micro_ros_msgs/share/micro_ros_msgs/cmake/micro_ros_msgs__rosidl_typesupport_introspection_cppExport-noconfig.cmake
[6.421s] -- Up-to-date: /workspaces/mavlab/ros2_ws/install/micro_ros_msgs/share/micro_ros_msgs/cmake/micro_ros_msgs__rosidl_typesupport_cppExport.cmake
[6.422s] -- Up-to-date: /workspaces/mavlab/ros2_ws/install/micro_ros_msgs/share/micro_ros_msgs/cmake/micro_ros_msgs__rosidl_typesupport_cppExport-noconfig.cmake
[6.422s] -- Up-to-date: /workspaces/mavlab/ros2_ws/install/micro_ros_msgs/share/micro_ros_msgs/cmake/export_micro_ros_msgs__rosidl_generator_pyExport.cmake
[6.423s] -- Up-to-date: /workspaces/mavlab/ros2_ws/install/micro_ros_msgs/share/micro_ros_msgs/cmake/export_micro_ros_msgs__rosidl_generator_pyExport-noconfig.cmake
[6.423s] -- Up-to-date: /workspaces/mavlab/ros2_ws/install/micro_ros_msgs/share/micro_ros_msgs/cmake/rosidl_cmake-extras.cmake
[6.424s] -- Up-to-date: /workspaces/mavlab/ros2_ws/install/micro_ros_msgs/share/micro_ros_msgs/cmake/ament_cmake_export_include_directories-extras.cmake
[6.425s] -- Up-to-date: /workspaces/mavlab/ros2_ws/install/micro_ros_msgs/share/micro_ros_msgs/cmake/ament_cmake_export_libraries-extras.cmake
[6.425s] -- Up-to-date: /workspaces/mavlab/ros2_ws/install/micro_ros_msgs/share/micro_ros_msgs/cmake/ament_cmake_export_targets-extras.cmake
[6.426s] -- Up-to-date: /workspaces/mavlab/ros2_ws/install/micro_ros_msgs/share/micro_ros_msgs/cmake/rosidl_cmake_export_typesupport_targets-extras.cmake
[6.426s] -- Up-to-date: /workspaces/mavlab/ros2_ws/install/micro_ros_msgs/share/micro_ros_msgs/cmake/ament_cmake_export_dependencies-extras.cmake
[6.427s] -- Up-to-date: /workspaces/mavlab/ros2_ws/install/micro_ros_msgs/share/micro_ros_msgs/cmake/rosidl_cmake_export_typesupport_libraries-extras.cmake
[6.427s] -- Up-to-date: /workspaces/mavlab/ros2_ws/install/micro_ros_msgs/share/micro_ros_msgs/cmake/micro_ros_msgsConfig.cmake
[6.427s] -- Up-to-date: /workspaces/mavlab/ros2_ws/install/micro_ros_msgs/share/micro_ros_msgs/cmake/micro_ros_msgsConfig-version.cmake
[6.428s] -- Up-to-date: /workspaces/mavlab/ros2_ws/install/micro_ros_msgs/share/micro_ros_msgs/package.xml
[6.433s] Invoked command in '/workspaces/mavlab/ros2_ws/build/micro_ros_msgs' returned '0': CMAKE_PREFIX_PATH=${CMAKE_PREFIX_PATH}:/opt/ros/humble /usr/bin/cmake --install /workspaces/mavlab/ros2_ws/build/micro_ros_msgs
