-- Found ament_cmake: 1.3.10 (/opt/ros/humble/share/ament_cmake/cmake)
-- Found rclcpp: 16.0.10 (/opt/ros/humble/share/rclcpp/cmake)
-- Found rosidl_generator_c: 3.1.5 (/opt/ros/humble/share/rosidl_generator_c/cmake)
-- Found rosidl_adapter: 3.1.5 (/opt/ros/humble/share/rosidl_adapter/cmake)
-- Found rosidl_generator_cpp: 3.1.5 (/opt/ros/humble/share/rosidl_generator_cpp/cmake)
-- Using all available rosidl_typesupport_c: rosidl_typesupport_fastrtps_c;rosidl_typesupport_introspection_c
-- Using all available rosidl_typesupport_cpp: rosidl_typesupport_fastrtps_cpp;rosidl_typesupport_introspection_cpp
-- Found rmw_implementation_cmake: 6.1.2 (/opt/ros/humble/share/rmw_implementation_cmake/cmake)
-- Found rmw_fastrtps_cpp: 6.2.7 (/opt/ros/humble/share/rmw_fastrtps_cpp/cmake)
-- Using RMW implementation 'rmw_fastrtps_cpp' as default
-- Found rclpy: 3.3.14 (/opt/ros/humble/share/rclpy/cmake)
-- Configuring done
-- Generating done
-- Build files have been written to: /workspaces/mavlab/ros2_ws/build/kf
-- Install configuration: ""
-- Up-to-date: /workspaces/mavlab/ros2_ws/install/kf/share/kf/launch
-- Up-to-date: /workspaces/mavlab/ros2_ws/install/kf/share/kf/launch/kf_launch.py
-- Installing: /workspaces/mavlab/ros2_ws/install/kf/lib/kf/kf_uwb.py
-- Up-to-date: /workspaces/mavlab/ros2_ws/install/kf/share/ament_index/resource_index/package_run_dependencies/kf
-- Installing: /workspaces/mavlab/ros2_ws/install/kf/share/ament_index/resource_index/parent_prefix_path/kf
-- Up-to-date: /workspaces/mavlab/ros2_ws/install/kf/share/kf/environment/ament_prefix_path.sh
-- Installing: /workspaces/mavlab/ros2_ws/install/kf/share/kf/environment/ament_prefix_path.dsv
-- Up-to-date: /workspaces/mavlab/ros2_ws/install/kf/share/kf/environment/path.sh
-- Installing: /workspaces/mavlab/ros2_ws/install/kf/share/kf/environment/path.dsv
-- Up-to-date: /workspaces/mavlab/ros2_ws/install/kf/share/kf/local_setup.bash
-- Up-to-date: /workspaces/mavlab/ros2_ws/install/kf/share/kf/local_setup.sh
-- Up-to-date: /workspaces/mavlab/ros2_ws/install/kf/share/kf/local_setup.zsh
-- Installing: /workspaces/mavlab/ros2_ws/install/kf/share/kf/local_setup.dsv
-- Installing: /workspaces/mavlab/ros2_ws/install/kf/share/kf/package.dsv
-- Up-to-date: /workspaces/mavlab/ros2_ws/install/kf/share/ament_index/resource_index/packages/kf
-- Up-to-date: /workspaces/mavlab/ros2_ws/install/kf/share/kf/cmake/kfConfig.cmake
-- Up-to-date: /workspaces/mavlab/ros2_ws/install/kf/share/kf/cmake/kfConfig-version.cmake
-- Up-to-date: /workspaces/mavlab/ros2_ws/install/kf/share/kf/package.xml
