[0.072s] Invoking command in '/workspaces/mavlab/ros2_ws/build/micro_ros_msgs': CMAKE_PREFIX_PATH=${CMAKE_PREFIX_PATH}:/opt/ros/humble /usr/bin/cmake /workspaces/mavlab/ros2_ws/src/uros/micro_ros_msgs -DUAGENT_BUILD_EXECUTABLE=OFF -DUAGENT_P2P_PROFILE=OFF --no-warn-unused-cli -DCMAKE_INSTALL_PREFIX=/workspaces/mavlab/ros2_ws/install/micro_ros_msgs
[0.315s] Not searching for unused variables given on the command line.
[0.383s] -- Found ament_cmake: 1.3.10 (/opt/ros/humble/share/ament_cmake/cmake)
[1.034s] -- Found rosidl_default_generators: 1.2.0 (/opt/ros/humble/share/rosidl_default_generators/cmake)
[1.061s] -- Using all available rosidl_typesupport_c: rosidl_typesupport_fastrtps_c;rosidl_typesupport_introspection_c
[1.092s] -- Found rosidl_adapter: 3.1.5 (/opt/ros/humble/share/rosidl_adapter/cmake)
[1.306s] -- Using all available rosidl_typesupport_cpp: rosidl_typesupport_fastrtps_cpp;rosidl_typesupport_introspection_cpp
[1.496s] -- Found ament_lint_auto: 0.12.11 (/opt/ros/humble/share/ament_lint_auto/cmake)
[2.605s] -- Found ament_cmake_ros: 0.10.0 (/opt/ros/humble/share/ament_cmake_ros/cmake)
[3.274s] -- Using all available rosidl_typesupport_c: rosidl_typesupport_fastrtps_c;rosidl_typesupport_introspection_c
[4.139s] -- Using all available rosidl_typesupport_cpp: rosidl_typesupport_fastrtps_cpp;rosidl_typesupport_introspection_cpp
[4.212s] -- Found python_cmake_module: 0.10.0 (/opt/ros/humble/share/python_cmake_module/cmake)
[4.289s] -- Using PYTHON_EXECUTABLE: /usr/bin/python3
[4.289s] -- Using PYTHON_INCLUDE_DIRS: /usr/include/python3.10
[4.289s] -- Using PYTHON_LIBRARIES: /usr/lib/aarch64-linux-gnu/libpython3.10.so
[4.370s] -- Added test 'copyright' to check source files copyright and LICENSE
[4.427s] -- Added test 'lint_cmake' to check CMake code style
[4.452s] -- Added test 'xmllint' to check XML markup files
[4.481s] -- Configuring done
[4.753s] -- Generating done
[4.765s] -- Build files have been written to: /workspaces/mavlab/ros2_ws/build/micro_ros_msgs
[4.786s] Invoked command in '/workspaces/mavlab/ros2_ws/build/micro_ros_msgs' returned '0': CMAKE_PREFIX_PATH=${CMAKE_PREFIX_PATH}:/opt/ros/humble /usr/bin/cmake /workspaces/mavlab/ros2_ws/src/uros/micro_ros_msgs -DUAGENT_BUILD_EXECUTABLE=OFF -DUAGENT_P2P_PROFILE=OFF --no-warn-unused-cli -DCMAKE_INSTALL_PREFIX=/workspaces/mavlab/ros2_ws/install/micro_ros_msgs
[4.793s] Invoking command in '/workspaces/mavlab/ros2_ws/build/micro_ros_msgs': CMAKE_PREFIX_PATH=${CMAKE_PREFIX_PATH}:/opt/ros/humble /usr/bin/cmake --build /workspaces/mavlab/ros2_ws/build/micro_ros_msgs -- -j4 -l4
[4.932s] [35m[1mConsolidate compiler generated dependencies of target micro_ros_msgs__rosidl_generator_c[0m
[4.965s] [  2%] Built target micro_ros_msgs__cpp
[4.992s] [ 12%] Built target micro_ros_msgs__rosidl_generator_c
[5.010s] [35m[1mConsolidate compiler generated dependencies of target micro_ros_msgs__rosidl_typesupport_fastrtps_cpp[0m
[5.015s] [35m[1mConsolidate compiler generated dependencies of target micro_ros_msgs__rosidl_typesupport_introspection_cpp[0m
[5.021s] [ 12%] Built target ament_cmake_python_copy_micro_ros_msgs
[5.038s] [35m[1mConsolidate compiler generated dependencies of target micro_ros_msgs__rosidl_typesupport_cpp[0m
[5.065s] [35m[1mConsolidate compiler generated dependencies of target micro_ros_msgs__rosidl_typesupport_fastrtps_c[0m
[5.087s] [ 23%] Built target micro_ros_msgs__rosidl_typesupport_fastrtps_cpp
[5.096s] [ 34%] Built target micro_ros_msgs__rosidl_typesupport_introspection_cpp
[5.104s] [ 44%] Built target micro_ros_msgs__rosidl_typesupport_cpp
[5.125s] [35m[1mConsolidate compiler generated dependencies of target micro_ros_msgs__rosidl_typesupport_introspection_c[0m
[5.131s] [ 55%] Built target micro_ros_msgs__rosidl_typesupport_fastrtps_c
[5.143s] [35m[1mConsolidate compiler generated dependencies of target micro_ros_msgs__rosidl_typesupport_c[0m
[5.166s] [ 65%] Built target micro_ros_msgs__rosidl_typesupport_introspection_c
[5.182s] [ 76%] Built target micro_ros_msgs__rosidl_typesupport_c
[5.245s] [ 76%] Built target micro_ros_msgs
[5.315s] [ 78%] Built target micro_ros_msgs__py
[5.352s] [35m[1mConsolidate compiler generated dependencies of target micro_ros_msgs__rosidl_generator_py[0m
[5.407s] [ 87%] Built target micro_ros_msgs__rosidl_generator_py
[5.443s] [35m[1mConsolidate compiler generated dependencies of target micro_ros_msgs__rosidl_typesupport_fastrtps_c__pyext[0m
[5.446s] [35m[1mConsolidate compiler generated dependencies of target micro_ros_msgs__rosidl_typesupport_c__pyext[0m
[5.447s] [35m[1mConsolidate compiler generated dependencies of target micro_ros_msgs__rosidl_typesupport_introspection_c__pyext[0m
[5.492s] [ 95%] Built target micro_ros_msgs__rosidl_typesupport_c__pyext
[5.492s] [ 95%] Built target micro_ros_msgs__rosidl_typesupport_fastrtps_c__pyext
[5.501s] [100%] Built target micro_ros_msgs__rosidl_typesupport_introspection_c__pyext
[6.181s] running egg_info
[6.184s] writing micro_ros_msgs.egg-info/PKG-INFO
[6.185s] writing dependency_links to micro_ros_msgs.egg-info/dependency_links.txt
[6.186s] writing top-level names to micro_ros_msgs.egg-info/top_level.txt
[6.199s] reading manifest file 'micro_ros_msgs.egg-info/SOURCES.txt'
[6.203s] writing manifest file 'micro_ros_msgs.egg-info/SOURCES.txt'
[6.318s] [100%] Built target ament_cmake_python_build_micro_ros_msgs_egg
[6.353s] Invoked command in '/workspaces/mavlab/ros2_ws/build/micro_ros_msgs' returned '0': CMAKE_PREFIX_PATH=${CMAKE_PREFIX_PATH}:/opt/ros/humble /usr/bin/cmake --build /workspaces/mavlab/ros2_ws/build/micro_ros_msgs -- -j4 -l4
[6.691s] Invoking command in '/workspaces/mavlab/ros2_ws/build/micro_ros_msgs': CMAKE_PREFIX_PATH=${CMAKE_PREFIX_PATH}:/opt/ros/humble /usr/bin/cmake --install /workspaces/mavlab/ros2_ws/build/micro_ros_msgs
[6.716s] -- Install configuration: ""
[6.718s] -- Up-to-date: /workspaces/mavlab/ros2_ws/install/micro_ros_msgs/share/ament_index/resource_index/rosidl_interfaces/micro_ros_msgs
[6.719s] -- Up-to-date: /workspaces/mavlab/ros2_ws/install/micro_ros_msgs/include/micro_ros_msgs/micro_ros_msgs
[6.719s] -- Up-to-date: /workspaces/mavlab/ros2_ws/install/micro_ros_msgs/include/micro_ros_msgs/micro_ros_msgs/msg
[6.720s] -- Up-to-date: /workspaces/mavlab/ros2_ws/install/micro_ros_msgs/include/micro_ros_msgs/micro_ros_msgs/msg/entity.h
[6.720s] -- Up-to-date: /workspaces/mavlab/ros2_ws/install/micro_ros_msgs/include/micro_ros_msgs/micro_ros_msgs/msg/node.h
[6.721s] -- Up-to-date: /workspaces/mavlab/ros2_ws/install/micro_ros_msgs/include/micro_ros_msgs/micro_ros_msgs/msg/graph.h
[6.721s] -- Up-to-date: /workspaces/mavlab/ros2_ws/install/micro_ros_msgs/include/micro_ros_msgs/micro_ros_msgs/msg/detail
[6.722s] -- Up-to-date: /workspaces/mavlab/ros2_ws/install/micro_ros_msgs/include/micro_ros_msgs/micro_ros_msgs/msg/detail/graph__type_support.h
[6.722s] -- Up-to-date: /workspaces/mavlab/ros2_ws/install/micro_ros_msgs/include/micro_ros_msgs/micro_ros_msgs/msg/detail/node__type_support.h
[6.723s] -- Up-to-date: /workspaces/mavlab/ros2_ws/install/micro_ros_msgs/include/micro_ros_msgs/micro_ros_msgs/msg/detail/entity__struct.h
[6.723s] -- Up-to-date: /workspaces/mavlab/ros2_ws/install/micro_ros_msgs/include/micro_ros_msgs/micro_ros_msgs/msg/detail/node__functions.h
[6.723s] -- Up-to-date: /workspaces/mavlab/ros2_ws/install/micro_ros_msgs/include/micro_ros_msgs/micro_ros_msgs/msg/detail/entity__functions.h
[6.724s] -- Up-to-date: /workspaces/mavlab/ros2_ws/install/micro_ros_msgs/include/micro_ros_msgs/micro_ros_msgs/msg/detail/node__struct.h
[6.724s] -- Up-to-date: /workspaces/mavlab/ros2_ws/install/micro_ros_msgs/include/micro_ros_msgs/micro_ros_msgs/msg/detail/graph__functions.c
[6.724s] -- Up-to-date: /workspaces/mavlab/ros2_ws/install/micro_ros_msgs/include/micro_ros_msgs/micro_ros_msgs/msg/detail/node__functions.c
[6.725s] -- Up-to-date: /workspaces/mavlab/ros2_ws/install/micro_ros_msgs/include/micro_ros_msgs/micro_ros_msgs/msg/detail/graph__struct.h
[6.725s] -- Up-to-date: /workspaces/mavlab/ros2_ws/install/micro_ros_msgs/include/micro_ros_msgs/micro_ros_msgs/msg/detail/entity__type_support.h
[6.725s] -- Up-to-date: /workspaces/mavlab/ros2_ws/install/micro_ros_msgs/include/micro_ros_msgs/micro_ros_msgs/msg/detail/graph__functions.h
[6.726s] -- Up-to-date: /workspaces/mavlab/ros2_ws/install/micro_ros_msgs/include/micro_ros_msgs/micro_ros_msgs/msg/detail/entity__functions.c
[6.726s] -- Up-to-date: /workspaces/mavlab/ros2_ws/install/micro_ros_msgs/include/micro_ros_msgs/micro_ros_msgs/msg/rosidl_generator_c__visibility_control.h
[6.727s] -- Up-to-date: /workspaces/mavlab/ros2_ws/install/micro_ros_msgs/share/micro_ros_msgs/environment/library_path.sh
[6.727s] -- Installing: /workspaces/mavlab/ros2_ws/install/micro_ros_msgs/share/micro_ros_msgs/environment/library_path.dsv
[6.727s] -- Up-to-date: /workspaces/mavlab/ros2_ws/install/micro_ros_msgs/lib/libmicro_ros_msgs__rosidl_generator_c.so
[6.728s] -- Up-to-date: /workspaces/mavlab/ros2_ws/install/micro_ros_msgs/include/micro_ros_msgs/micro_ros_msgs
[6.728s] -- Up-to-date: /workspaces/mavlab/ros2_ws/install/micro_ros_msgs/include/micro_ros_msgs/micro_ros_msgs/msg
[6.728s] -- Up-to-date: /workspaces/mavlab/ros2_ws/install/micro_ros_msgs/include/micro_ros_msgs/micro_ros_msgs/msg/rosidl_typesupport_fastrtps_c__visibility_control.h
[6.729s] -- Up-to-date: /workspaces/mavlab/ros2_ws/install/micro_ros_msgs/include/micro_ros_msgs/micro_ros_msgs/msg/detail
[6.730s] -- Up-to-date: /workspaces/mavlab/ros2_ws/install/micro_ros_msgs/include/micro_ros_msgs/micro_ros_msgs/msg/detail/graph__rosidl_typesupport_fastrtps_c.h
[6.730s] -- Up-to-date: /workspaces/mavlab/ros2_ws/install/micro_ros_msgs/include/micro_ros_msgs/micro_ros_msgs/msg/detail/node__rosidl_typesupport_fastrtps_c.h
[6.731s] -- Up-to-date: /workspaces/mavlab/ros2_ws/install/micro_ros_msgs/include/micro_ros_msgs/micro_ros_msgs/msg/detail/entity__rosidl_typesupport_fastrtps_c.h
[6.731s] -- Up-to-date: /workspaces/mavlab/ros2_ws/install/micro_ros_msgs/lib/libmicro_ros_msgs__rosidl_typesupport_fastrtps_c.so
[6.732s] -- Up-to-date: /workspaces/mavlab/ros2_ws/install/micro_ros_msgs/include/micro_ros_msgs/micro_ros_msgs
[6.732s] -- Up-to-date: /workspaces/mavlab/ros2_ws/install/micro_ros_msgs/include/micro_ros_msgs/micro_ros_msgs/msg
[6.732s] -- Up-to-date: /workspaces/mavlab/ros2_ws/install/micro_ros_msgs/include/micro_ros_msgs/micro_ros_msgs/msg/detail
[6.733s] -- Up-to-date: /workspaces/mavlab/ros2_ws/install/micro_ros_msgs/include/micro_ros_msgs/micro_ros_msgs/msg/detail/node__rosidl_typesupport_introspection_c.h
[6.733s] -- Up-to-date: /workspaces/mavlab/ros2_ws/install/micro_ros_msgs/include/micro_ros_msgs/micro_ros_msgs/msg/detail/node__type_support.c
[6.733s] -- Up-to-date: /workspaces/mavlab/ros2_ws/install/micro_ros_msgs/include/micro_ros_msgs/micro_ros_msgs/msg/detail/graph__type_support.c
[6.734s] -- Up-to-date: /workspaces/mavlab/ros2_ws/install/micro_ros_msgs/include/micro_ros_msgs/micro_ros_msgs/msg/detail/entity__type_support.c
[6.734s] -- Up-to-date: /workspaces/mavlab/ros2_ws/install/micro_ros_msgs/include/micro_ros_msgs/micro_ros_msgs/msg/detail/graph__rosidl_typesupport_introspection_c.h
[6.734s] -- Up-to-date: /workspaces/mavlab/ros2_ws/install/micro_ros_msgs/include/micro_ros_msgs/micro_ros_msgs/msg/detail/entity__rosidl_typesupport_introspection_c.h
[6.735s] -- Up-to-date: /workspaces/mavlab/ros2_ws/install/micro_ros_msgs/include/micro_ros_msgs/micro_ros_msgs/msg/rosidl_typesupport_introspection_c__visibility_control.h
[6.735s] -- Up-to-date: /workspaces/mavlab/ros2_ws/install/micro_ros_msgs/lib/libmicro_ros_msgs__rosidl_typesupport_introspection_c.so
[6.736s] -- Up-to-date: /workspaces/mavlab/ros2_ws/install/micro_ros_msgs/lib/libmicro_ros_msgs__rosidl_typesupport_c.so
[6.736s] -- Up-to-date: /workspaces/mavlab/ros2_ws/install/micro_ros_msgs/include/micro_ros_msgs/micro_ros_msgs
[6.736s] -- Up-to-date: /workspaces/mavlab/ros2_ws/install/micro_ros_msgs/include/micro_ros_msgs/micro_ros_msgs/msg
[6.737s] -- Up-to-date: /workspaces/mavlab/ros2_ws/install/micro_ros_msgs/include/micro_ros_msgs/micro_ros_msgs/msg/entity.hpp
[6.737s] -- Up-to-date: /workspaces/mavlab/ros2_ws/install/micro_ros_msgs/include/micro_ros_msgs/micro_ros_msgs/msg/node.hpp
[6.738s] -- Up-to-date: /workspaces/mavlab/ros2_ws/install/micro_ros_msgs/include/micro_ros_msgs/micro_ros_msgs/msg/graph.hpp
[6.738s] -- Up-to-date: /workspaces/mavlab/ros2_ws/install/micro_ros_msgs/include/micro_ros_msgs/micro_ros_msgs/msg/detail
[6.739s] -- Up-to-date: /workspaces/mavlab/ros2_ws/install/micro_ros_msgs/include/micro_ros_msgs/micro_ros_msgs/msg/detail/entity__traits.hpp
[6.739s] -- Up-to-date: /workspaces/mavlab/ros2_ws/install/micro_ros_msgs/include/micro_ros_msgs/micro_ros_msgs/msg/detail/entity__struct.hpp
[6.739s] -- Up-to-date: /workspaces/mavlab/ros2_ws/install/micro_ros_msgs/include/micro_ros_msgs/micro_ros_msgs/msg/detail/node__struct.hpp
[6.740s] -- Up-to-date: /workspaces/mavlab/ros2_ws/install/micro_ros_msgs/include/micro_ros_msgs/micro_ros_msgs/msg/detail/graph__struct.hpp
[6.740s] -- Up-to-date: /workspaces/mavlab/ros2_ws/install/micro_ros_msgs/include/micro_ros_msgs/micro_ros_msgs/msg/detail/node__builder.hpp
[6.740s] -- Up-to-date: /workspaces/mavlab/ros2_ws/install/micro_ros_msgs/include/micro_ros_msgs/micro_ros_msgs/msg/detail/node__traits.hpp
[6.741s] -- Up-to-date: /workspaces/mavlab/ros2_ws/install/micro_ros_msgs/include/micro_ros_msgs/micro_ros_msgs/msg/detail/graph__builder.hpp
[6.741s] -- Up-to-date: /workspaces/mavlab/ros2_ws/install/micro_ros_msgs/include/micro_ros_msgs/micro_ros_msgs/msg/detail/graph__traits.hpp
[6.741s] -- Up-to-date: /workspaces/mavlab/ros2_ws/install/micro_ros_msgs/include/micro_ros_msgs/micro_ros_msgs/msg/detail/entity__builder.hpp
[6.742s] -- Up-to-date: /workspaces/mavlab/ros2_ws/install/micro_ros_msgs/include/micro_ros_msgs/micro_ros_msgs
[6.742s] -- Up-to-date: /workspaces/mavlab/ros2_ws/install/micro_ros_msgs/include/micro_ros_msgs/micro_ros_msgs/msg
[6.743s] -- Up-to-date: /workspaces/mavlab/ros2_ws/install/micro_ros_msgs/include/micro_ros_msgs/micro_ros_msgs/msg/rosidl_typesupport_fastrtps_cpp__visibility_control.h
[6.743s] -- Up-to-date: /workspaces/mavlab/ros2_ws/install/micro_ros_msgs/include/micro_ros_msgs/micro_ros_msgs/msg/detail
[6.744s] -- Up-to-date: /workspaces/mavlab/ros2_ws/install/micro_ros_msgs/include/micro_ros_msgs/micro_ros_msgs/msg/detail/node__rosidl_typesupport_fastrtps_cpp.hpp
[6.744s] -- Up-to-date: /workspaces/mavlab/ros2_ws/install/micro_ros_msgs/include/micro_ros_msgs/micro_ros_msgs/msg/detail/graph__rosidl_typesupport_fastrtps_cpp.hpp
[6.744s] -- Up-to-date: /workspaces/mavlab/ros2_ws/install/micro_ros_msgs/include/micro_ros_msgs/micro_ros_msgs/msg/detail/entity__rosidl_typesupport_fastrtps_cpp.hpp
[6.745s] -- Up-to-date: /workspaces/mavlab/ros2_ws/install/micro_ros_msgs/include/micro_ros_msgs/micro_ros_msgs/msg/detail/dds_fastrtps
[6.745s] -- Up-to-date: /workspaces/mavlab/ros2_ws/install/micro_ros_msgs/lib/libmicro_ros_msgs__rosidl_typesupport_fastrtps_cpp.so
[6.745s] -- Up-to-date: /workspaces/mavlab/ros2_ws/install/micro_ros_msgs/include/micro_ros_msgs/micro_ros_msgs
[6.746s] -- Up-to-date: /workspaces/mavlab/ros2_ws/install/micro_ros_msgs/include/micro_ros_msgs/micro_ros_msgs/msg
[6.746s] -- Up-to-date: /workspaces/mavlab/ros2_ws/install/micro_ros_msgs/include/micro_ros_msgs/micro_ros_msgs/msg/detail
[6.746s] -- Up-to-date: /workspaces/mavlab/ros2_ws/install/micro_ros_msgs/include/micro_ros_msgs/micro_ros_msgs/msg/detail/node__type_support.cpp
[6.747s] -- Up-to-date: /workspaces/mavlab/ros2_ws/install/micro_ros_msgs/include/micro_ros_msgs/micro_ros_msgs/msg/detail/node__rosidl_typesupport_introspection_cpp.hpp
[6.747s] -- Up-to-date: /workspaces/mavlab/ros2_ws/install/micro_ros_msgs/include/micro_ros_msgs/micro_ros_msgs/msg/detail/graph__type_support.cpp
[6.747s] -- Up-to-date: /workspaces/mavlab/ros2_ws/install/micro_ros_msgs/include/micro_ros_msgs/micro_ros_msgs/msg/detail/graph__rosidl_typesupport_introspection_cpp.hpp
[6.748s] -- Up-to-date: /workspaces/mavlab/ros2_ws/install/micro_ros_msgs/include/micro_ros_msgs/micro_ros_msgs/msg/detail/entity__type_support.cpp
[6.748s] -- Up-to-date: /workspaces/mavlab/ros2_ws/install/micro_ros_msgs/include/micro_ros_msgs/micro_ros_msgs/msg/detail/entity__rosidl_typesupport_introspection_cpp.hpp
[6.748s] -- Up-to-date: /workspaces/mavlab/ros2_ws/install/micro_ros_msgs/lib/libmicro_ros_msgs__rosidl_typesupport_introspection_cpp.so
[6.749s] -- Up-to-date: /workspaces/mavlab/ros2_ws/install/micro_ros_msgs/lib/libmicro_ros_msgs__rosidl_typesupport_cpp.so
[6.749s] -- Up-to-date: /workspaces/mavlab/ros2_ws/install/micro_ros_msgs/share/micro_ros_msgs/environment/pythonpath.sh
[6.749s] -- Installing: /workspaces/mavlab/ros2_ws/install/micro_ros_msgs/share/micro_ros_msgs/environment/pythonpath.dsv
[6.750s] -- Up-to-date: /workspaces/mavlab/ros2_ws/install/micro_ros_msgs/local/lib/python3.10/dist-packages/micro_ros_msgs-3.0.1-py3.10.egg-info
[6.750s] -- Installing: /workspaces/mavlab/ros2_ws/install/micro_ros_msgs/local/lib/python3.10/dist-packages/micro_ros_msgs-3.0.1-py3.10.egg-info/SOURCES.txt
[6.751s] -- Installing: /workspaces/mavlab/ros2_ws/install/micro_ros_msgs/local/lib/python3.10/dist-packages/micro_ros_msgs-3.0.1-py3.10.egg-info/dependency_links.txt
[6.751s] -- Installing: /workspaces/mavlab/ros2_ws/install/micro_ros_msgs/local/lib/python3.10/dist-packages/micro_ros_msgs-3.0.1-py3.10.egg-info/top_level.txt
[6.751s] -- Installing: /workspaces/mavlab/ros2_ws/install/micro_ros_msgs/local/lib/python3.10/dist-packages/micro_ros_msgs-3.0.1-py3.10.egg-info/PKG-INFO
[6.752s] -- Up-to-date: /workspaces/mavlab/ros2_ws/install/micro_ros_msgs/local/lib/python3.10/dist-packages/micro_ros_msgs
[6.753s] -- Up-to-date: /workspaces/mavlab/ros2_ws/install/micro_ros_msgs/local/lib/python3.10/dist-packages/micro_ros_msgs/micro_ros_msgs_s__rosidl_typesupport_c.cpython-310-aarch64-linux-gnu.so
[6.753s] -- Up-to-date: /workspaces/mavlab/ros2_ws/install/micro_ros_msgs/local/lib/python3.10/dist-packages/micro_ros_msgs/_micro_ros_msgs_s.ep.rosidl_typesupport_introspection_c.c
[6.754s] -- Installing: /workspaces/mavlab/ros2_ws/install/micro_ros_msgs/local/lib/python3.10/dist-packages/micro_ros_msgs/__init__.py
[6.754s] -- Up-to-date: /workspaces/mavlab/ros2_ws/install/micro_ros_msgs/local/lib/python3.10/dist-packages/micro_ros_msgs/_micro_ros_msgs_s.ep.rosidl_typesupport_fastrtps_c.c
[6.754s] -- Up-to-date: /workspaces/mavlab/ros2_ws/install/micro_ros_msgs/local/lib/python3.10/dist-packages/micro_ros_msgs/libmicro_ros_msgs__rosidl_generator_py.so
[6.755s] -- Up-to-date: /workspaces/mavlab/ros2_ws/install/micro_ros_msgs/local/lib/python3.10/dist-packages/micro_ros_msgs/_micro_ros_msgs_s.ep.rosidl_typesupport_c.c
[6.755s] -- Up-to-date: /workspaces/mavlab/ros2_ws/install/micro_ros_msgs/local/lib/python3.10/dist-packages/micro_ros_msgs/msg
[6.756s] -- Up-to-date: /workspaces/mavlab/ros2_ws/install/micro_ros_msgs/local/lib/python3.10/dist-packages/micro_ros_msgs/msg/_graph_s.c
[6.756s] -- Up-to-date: /workspaces/mavlab/ros2_ws/install/micro_ros_msgs/local/lib/python3.10/dist-packages/micro_ros_msgs/msg/__init__.py
[6.757s] -- Up-to-date: /workspaces/mavlab/ros2_ws/install/micro_ros_msgs/local/lib/python3.10/dist-packages/micro_ros_msgs/msg/_node.py
[6.757s] -- Up-to-date: /workspaces/mavlab/ros2_ws/install/micro_ros_msgs/local/lib/python3.10/dist-packages/micro_ros_msgs/msg/_graph.py
[6.758s] -- Up-to-date: /workspaces/mavlab/ros2_ws/install/micro_ros_msgs/local/lib/python3.10/dist-packages/micro_ros_msgs/msg/_entity_s.c
[6.758s] -- Up-to-date: /workspaces/mavlab/ros2_ws/install/micro_ros_msgs/local/lib/python3.10/dist-packages/micro_ros_msgs/msg/_entity.py
[6.759s] -- Up-to-date: /workspaces/mavlab/ros2_ws/install/micro_ros_msgs/local/lib/python3.10/dist-packages/micro_ros_msgs/msg/_node_s.c
[6.759s] -- Up-to-date: /workspaces/mavlab/ros2_ws/install/micro_ros_msgs/local/lib/python3.10/dist-packages/micro_ros_msgs/micro_ros_msgs_s__rosidl_typesupport_fastrtps_c.cpython-310-aarch64-linux-gnu.so
[6.760s] -- Up-to-date: /workspaces/mavlab/ros2_ws/install/micro_ros_msgs/local/lib/python3.10/dist-packages/micro_ros_msgs/micro_ros_msgs_s__rosidl_typesupport_introspection_c.cpython-310-aarch64-linux-gnu.so
[6.903s] Listing '/workspaces/mavlab/ros2_ws/install/micro_ros_msgs/local/lib/python3.10/dist-packages/micro_ros_msgs'...
[6.904s] Compiling '/workspaces/mavlab/ros2_ws/install/micro_ros_msgs/local/lib/python3.10/dist-packages/micro_ros_msgs/__init__.py'...
[6.904s] Listing '/workspaces/mavlab/ros2_ws/install/micro_ros_msgs/local/lib/python3.10/dist-packages/micro_ros_msgs/msg'...
[6.926s] -- Up-to-date: /workspaces/mavlab/ros2_ws/install/micro_ros_msgs/local/lib/python3.10/dist-packages/micro_ros_msgs/micro_ros_msgs_s__rosidl_typesupport_fastrtps_c.cpython-310-aarch64-linux-gnu.so
[6.928s] -- Up-to-date: /workspaces/mavlab/ros2_ws/install/micro_ros_msgs/local/lib/python3.10/dist-packages/micro_ros_msgs/micro_ros_msgs_s__rosidl_typesupport_introspection_c.cpython-310-aarch64-linux-gnu.so
[6.929s] -- Up-to-date: /workspaces/mavlab/ros2_ws/install/micro_ros_msgs/local/lib/python3.10/dist-packages/micro_ros_msgs/micro_ros_msgs_s__rosidl_typesupport_c.cpython-310-aarch64-linux-gnu.so
[6.931s] -- Up-to-date: /workspaces/mavlab/ros2_ws/install/micro_ros_msgs/lib/libmicro_ros_msgs__rosidl_generator_py.so
[6.933s] -- Up-to-date: /workspaces/mavlab/ros2_ws/install/micro_ros_msgs/share/micro_ros_msgs/msg/Graph.idl
[6.933s] -- Up-to-date: /workspaces/mavlab/ros2_ws/install/micro_ros_msgs/share/micro_ros_msgs/msg/Node.idl
[6.934s] -- Up-to-date: /workspaces/mavlab/ros2_ws/install/micro_ros_msgs/share/micro_ros_msgs/msg/Entity.idl
[6.934s] -- Up-to-date: /workspaces/mavlab/ros2_ws/install/micro_ros_msgs/share/micro_ros_msgs/msg/Graph.msg
[6.935s] -- Up-to-date: /workspaces/mavlab/ros2_ws/install/micro_ros_msgs/share/micro_ros_msgs/msg/Node.msg
[6.935s] -- Up-to-date: /workspaces/mavlab/ros2_ws/install/micro_ros_msgs/share/micro_ros_msgs/msg/Entity.msg
[6.936s] -- Up-to-date: /workspaces/mavlab/ros2_ws/install/micro_ros_msgs/share/ament_index/resource_index/package_run_dependencies/micro_ros_msgs
[6.936s] -- Installing: /workspaces/mavlab/ros2_ws/install/micro_ros_msgs/share/ament_index/resource_index/parent_prefix_path/micro_ros_msgs
[6.936s] -- Up-to-date: /workspaces/mavlab/ros2_ws/install/micro_ros_msgs/share/micro_ros_msgs/environment/ament_prefix_path.sh
[6.937s] -- Installing: /workspaces/mavlab/ros2_ws/install/micro_ros_msgs/share/micro_ros_msgs/environment/ament_prefix_path.dsv
[6.937s] -- Up-to-date: /workspaces/mavlab/ros2_ws/install/micro_ros_msgs/share/micro_ros_msgs/environment/path.sh
[6.938s] -- Installing: /workspaces/mavlab/ros2_ws/install/micro_ros_msgs/share/micro_ros_msgs/environment/path.dsv
[6.938s] -- Up-to-date: /workspaces/mavlab/ros2_ws/install/micro_ros_msgs/share/micro_ros_msgs/local_setup.bash
[6.938s] -- Up-to-date: /workspaces/mavlab/ros2_ws/install/micro_ros_msgs/share/micro_ros_msgs/local_setup.sh
[6.939s] -- Up-to-date: /workspaces/mavlab/ros2_ws/install/micro_ros_msgs/share/micro_ros_msgs/local_setup.zsh
[6.939s] -- Installing: /workspaces/mavlab/ros2_ws/install/micro_ros_msgs/share/micro_ros_msgs/local_setup.dsv
[6.940s] -- Installing: /workspaces/mavlab/ros2_ws/install/micro_ros_msgs/share/micro_ros_msgs/package.dsv
[6.940s] -- Up-to-date: /workspaces/mavlab/ros2_ws/install/micro_ros_msgs/share/ament_index/resource_index/packages/micro_ros_msgs
[6.941s] -- Up-to-date: /workspaces/mavlab/ros2_ws/install/micro_ros_msgs/share/micro_ros_msgs/cmake/export_micro_ros_msgs__rosidl_generator_cExport.cmake
[6.942s] -- Up-to-date: /workspaces/mavlab/ros2_ws/install/micro_ros_msgs/share/micro_ros_msgs/cmake/export_micro_ros_msgs__rosidl_generator_cExport-noconfig.cmake
[6.942s] -- Up-to-date: /workspaces/mavlab/ros2_ws/install/micro_ros_msgs/share/micro_ros_msgs/cmake/export_micro_ros_msgs__rosidl_typesupport_fastrtps_cExport.cmake
[6.943s] -- Up-to-date: /workspaces/mavlab/ros2_ws/install/micro_ros_msgs/share/micro_ros_msgs/cmake/export_micro_ros_msgs__rosidl_typesupport_fastrtps_cExport-noconfig.cmake
[6.944s] -- Up-to-date: /workspaces/mavlab/ros2_ws/install/micro_ros_msgs/share/micro_ros_msgs/cmake/micro_ros_msgs__rosidl_typesupport_introspection_cExport.cmake
[6.944s] -- Up-to-date: /workspaces/mavlab/ros2_ws/install/micro_ros_msgs/share/micro_ros_msgs/cmake/micro_ros_msgs__rosidl_typesupport_introspection_cExport-noconfig.cmake
[6.947s] -- Up-to-date: /workspaces/mavlab/ros2_ws/install/micro_ros_msgs/share/micro_ros_msgs/cmake/micro_ros_msgs__rosidl_typesupport_cExport.cmake
[6.947s] -- Up-to-date: /workspaces/mavlab/ros2_ws/install/micro_ros_msgs/share/micro_ros_msgs/cmake/micro_ros_msgs__rosidl_typesupport_cExport-noconfig.cmake
[6.948s] -- Up-to-date: /workspaces/mavlab/ros2_ws/install/micro_ros_msgs/share/micro_ros_msgs/cmake/export_micro_ros_msgs__rosidl_generator_cppExport.cmake
[6.948s] -- Up-to-date: /workspaces/mavlab/ros2_ws/install/micro_ros_msgs/share/micro_ros_msgs/cmake/export_micro_ros_msgs__rosidl_typesupport_fastrtps_cppExport.cmake
[6.949s] -- Up-to-date: /workspaces/mavlab/ros2_ws/install/micro_ros_msgs/share/micro_ros_msgs/cmake/export_micro_ros_msgs__rosidl_typesupport_fastrtps_cppExport-noconfig.cmake
[6.950s] -- Up-to-date: /workspaces/mavlab/ros2_ws/install/micro_ros_msgs/share/micro_ros_msgs/cmake/micro_ros_msgs__rosidl_typesupport_introspection_cppExport.cmake
[6.950s] -- Up-to-date: /workspaces/mavlab/ros2_ws/install/micro_ros_msgs/share/micro_ros_msgs/cmake/micro_ros_msgs__rosidl_typesupport_introspection_cppExport-noconfig.cmake
[6.951s] -- Up-to-date: /workspaces/mavlab/ros2_ws/install/micro_ros_msgs/share/micro_ros_msgs/cmake/micro_ros_msgs__rosidl_typesupport_cppExport.cmake
[6.952s] -- Up-to-date: /workspaces/mavlab/ros2_ws/install/micro_ros_msgs/share/micro_ros_msgs/cmake/micro_ros_msgs__rosidl_typesupport_cppExport-noconfig.cmake
[6.952s] -- Up-to-date: /workspaces/mavlab/ros2_ws/install/micro_ros_msgs/share/micro_ros_msgs/cmake/export_micro_ros_msgs__rosidl_generator_pyExport.cmake
[6.953s] -- Up-to-date: /workspaces/mavlab/ros2_ws/install/micro_ros_msgs/share/micro_ros_msgs/cmake/export_micro_ros_msgs__rosidl_generator_pyExport-noconfig.cmake
[6.953s] -- Up-to-date: /workspaces/mavlab/ros2_ws/install/micro_ros_msgs/share/micro_ros_msgs/cmake/rosidl_cmake-extras.cmake
[6.953s] -- Up-to-date: /workspaces/mavlab/ros2_ws/install/micro_ros_msgs/share/micro_ros_msgs/cmake/ament_cmake_export_include_directories-extras.cmake
[6.954s] -- Up-to-date: /workspaces/mavlab/ros2_ws/install/micro_ros_msgs/share/micro_ros_msgs/cmake/ament_cmake_export_libraries-extras.cmake
[6.954s] -- Up-to-date: /workspaces/mavlab/ros2_ws/install/micro_ros_msgs/share/micro_ros_msgs/cmake/ament_cmake_export_targets-extras.cmake
[6.955s] -- Up-to-date: /workspaces/mavlab/ros2_ws/install/micro_ros_msgs/share/micro_ros_msgs/cmake/rosidl_cmake_export_typesupport_targets-extras.cmake
[6.955s] -- Up-to-date: /workspaces/mavlab/ros2_ws/install/micro_ros_msgs/share/micro_ros_msgs/cmake/ament_cmake_export_dependencies-extras.cmake
[6.957s] -- Up-to-date: /workspaces/mavlab/ros2_ws/install/micro_ros_msgs/share/micro_ros_msgs/cmake/rosidl_cmake_export_typesupport_libraries-extras.cmake
[6.957s] -- Up-to-date: /workspaces/mavlab/ros2_ws/install/micro_ros_msgs/share/micro_ros_msgs/cmake/micro_ros_msgsConfig.cmake
[6.958s] -- Up-to-date: /workspaces/mavlab/ros2_ws/install/micro_ros_msgs/share/micro_ros_msgs/cmake/micro_ros_msgsConfig-version.cmake
[6.958s] -- Up-to-date: /workspaces/mavlab/ros2_ws/install/micro_ros_msgs/share/micro_ros_msgs/package.xml
[6.963s] Invoked command in '/workspaces/mavlab/ros2_ws/build/micro_ros_msgs' returned '0': CMAKE_PREFIX_PATH=${CMAKE_PREFIX_PATH}:/opt/ros/humble /usr/bin/cmake --install /workspaces/mavlab/ros2_ws/build/micro_ros_msgs
