[0.062s] Invoking command in '/workspaces/mavlab/ros2_ws/build/kf': CMAKE_PREFIX_PATH=${CMAKE_PREFIX_PATH}:/opt/ros/humble /usr/bin/cmake --build /workspaces/mavlab/ros2_ws/build/kf -- -j4 -l4
[0.248s] Invoked command in '/workspaces/mavlab/ros2_ws/build/kf' returned '0': CMAKE_PREFIX_PATH=${CMAKE_PREFIX_PATH}:/opt/ros/humble /usr/bin/cmake --build /workspaces/mavlab/ros2_ws/build/kf -- -j4 -l4
[0.398s] Invoking command in '/workspaces/mavlab/ros2_ws/build/kf': CMAKE_PREFIX_PATH=${CMAKE_PREFIX_PATH}:/opt/ros/humble /usr/bin/cmake --install /workspaces/mavlab/ros2_ws/build/kf
[0.458s] -- Install configuration: ""
[0.459s] -- Up-to-date: /workspaces/mavlab/ros2_ws/install/kf/share/kf/launch
[0.460s] -- Installing: /workspaces/mavlab/ros2_ws/install/kf/share/kf/launch/kf_launch.py
[0.460s] -- Up-to-date: /workspaces/mavlab/ros2_ws/install/kf/lib/kf/kf.py
[0.461s] -- Up-to-date: /workspaces/mavlab/ros2_ws/install/kf/share/ament_index/resource_index/package_run_dependencies/kf
[0.461s] -- Up-to-date: /workspaces/mavlab/ros2_ws/install/kf/share/ament_index/resource_index/parent_prefix_path/kf
[0.462s] -- Up-to-date: /workspaces/mavlab/ros2_ws/install/kf/share/kf/environment/ament_prefix_path.sh
[0.462s] -- Up-to-date: /workspaces/mavlab/ros2_ws/install/kf/share/kf/environment/ament_prefix_path.dsv
[0.463s] -- Up-to-date: /workspaces/mavlab/ros2_ws/install/kf/share/kf/environment/path.sh
[0.463s] -- Up-to-date: /workspaces/mavlab/ros2_ws/install/kf/share/kf/environment/path.dsv
[0.464s] -- Up-to-date: /workspaces/mavlab/ros2_ws/install/kf/share/kf/local_setup.bash
[0.464s] -- Up-to-date: /workspaces/mavlab/ros2_ws/install/kf/share/kf/local_setup.sh
[0.469s] -- Up-to-date: /workspaces/mavlab/ros2_ws/install/kf/share/kf/local_setup.zsh
[0.470s] -- Up-to-date: /workspaces/mavlab/ros2_ws/install/kf/share/kf/local_setup.dsv
[0.470s] -- Installing: /workspaces/mavlab/ros2_ws/install/kf/share/kf/package.dsv
[0.471s] -- Up-to-date: /workspaces/mavlab/ros2_ws/install/kf/share/ament_index/resource_index/packages/kf
[0.474s] -- Up-to-date: /workspaces/mavlab/ros2_ws/install/kf/share/kf/cmake/kfConfig.cmake
[0.475s] -- Up-to-date: /workspaces/mavlab/ros2_ws/install/kf/share/kf/cmake/kfConfig-version.cmake
[0.476s] -- Up-to-date: /workspaces/mavlab/ros2_ws/install/kf/share/kf/package.xml
[0.516s] Invoked command in '/workspaces/mavlab/ros2_ws/build/kf' returned '0': CMAKE_PREFIX_PATH=${CMAKE_PREFIX_PATH}:/opt/ros/humble /usr/bin/cmake --install /workspaces/mavlab/ros2_ws/build/kf
