[0.064s] Invoking command in '/workspaces/mavlab/build/uwb': CMAKE_PREFIX_PATH=${CMAKE_PREFIX_PATH}:/opt/ros/humble /usr/bin/cmake --build /workspaces/mavlab/build/uwb -- -j4 -l4
[0.603s] Invoked command in '/workspaces/mavlab/build/uwb' returned '0': CMAKE_PREFIX_PATH=${CMAKE_PREFIX_PATH}:/opt/ros/humble /usr/bin/cmake --build /workspaces/mavlab/build/uwb -- -j4 -l4
[0.698s] Invoking command in '/workspaces/mavlab/build/uwb': CMAKE_PREFIX_PATH=${CMAKE_PREFIX_PATH}:/opt/ros/humble /usr/bin/cmake --install /workspaces/mavlab/build/uwb
[0.722s] -- Install configuration: ""
[0.723s] -- Up-to-date: /workspaces/mavlab/install/uwb/share/uwb/launch
[0.723s] -- Up-to-date: /workspaces/mavlab/install/uwb/share/uwb/launch/uwb_launch.py
[0.724s] -- Installing: /workspaces/mavlab/install/uwb/lib/uwb/uwb.py
[0.724s] -- Up-to-date: /workspaces/mavlab/install/uwb/share/ament_index/resource_index/package_run_dependencies/uwb
[0.725s] -- Up-to-date: /workspaces/mavlab/install/uwb/share/ament_index/resource_index/parent_prefix_path/uwb
[0.725s] -- Up-to-date: /workspaces/mavlab/install/uwb/share/uwb/environment/ament_prefix_path.sh
[0.726s] -- Up-to-date: /workspaces/mavlab/install/uwb/share/uwb/environment/ament_prefix_path.dsv
[0.726s] -- Up-to-date: /workspaces/mavlab/install/uwb/share/uwb/environment/path.sh
[0.727s] -- Up-to-date: /workspaces/mavlab/install/uwb/share/uwb/environment/path.dsv
[0.727s] -- Up-to-date: /workspaces/mavlab/install/uwb/share/uwb/local_setup.bash
[0.728s] -- Up-to-date: /workspaces/mavlab/install/uwb/share/uwb/local_setup.sh
[0.728s] -- Up-to-date: /workspaces/mavlab/install/uwb/share/uwb/local_setup.zsh
[0.728s] -- Up-to-date: /workspaces/mavlab/install/uwb/share/uwb/local_setup.dsv
[0.729s] -- Up-to-date: /workspaces/mavlab/install/uwb/share/uwb/package.dsv
[0.729s] -- Up-to-date: /workspaces/mavlab/install/uwb/share/ament_index/resource_index/packages/uwb
[0.730s] -- Up-to-date: /workspaces/mavlab/install/uwb/share/uwb/cmake/uwbConfig.cmake
[0.730s] -- Up-to-date: /workspaces/mavlab/install/uwb/share/uwb/cmake/uwbConfig-version.cmake
[0.731s] -- Up-to-date: /workspaces/mavlab/install/uwb/share/uwb/package.xml
[0.734s] Invoked command in '/workspaces/mavlab/build/uwb' returned '0': CMAKE_PREFIX_PATH=${CMAKE_PREFIX_PATH}:/opt/ros/humble /usr/bin/cmake --install /workspaces/mavlab/build/uwb
