[0.103s] Invoking command in '/workspaces/mavlab/ros2_ws/build/uwb': CMAKE_PREFIX_PATH=${CMAKE_PREFIX_PATH}:/opt/ros/humble /usr/bin/cmake --build /workspaces/mavlab/ros2_ws/build/uwb -- -j4 -l4
[0.581s] Invoked command in '/workspaces/mavlab/ros2_ws/build/uwb' returned '0': CMAKE_PREFIX_PATH=${CMAKE_PREFIX_PATH}:/opt/ros/humble /usr/bin/cmake --build /workspaces/mavlab/ros2_ws/build/uwb -- -j4 -l4
[0.743s] Invoking command in '/workspaces/mavlab/ros2_ws/build/uwb': CMAKE_PREFIX_PATH=${CMAKE_PREFIX_PATH}:/opt/ros/humble /usr/bin/cmake --install /workspaces/mavlab/ros2_ws/build/uwb
[0.775s] -- Install configuration: ""
[0.777s] -- Up-to-date: /workspaces/mavlab/ros2_ws/install/uwb/share/uwb/launch
[0.778s] -- Up-to-date: /workspaces/mavlab/ros2_ws/install/uwb/share/uwb/launch/uwb_launch.py
[0.781s] -- Up-to-date: /workspaces/mavlab/ros2_ws/install/uwb/lib/uwb/uwb.py
[0.781s] -- Up-to-date: /workspaces/mavlab/ros2_ws/install/uwb/share/ament_index/resource_index/package_run_dependencies/uwb
[0.782s] -- Up-to-date: /workspaces/mavlab/ros2_ws/install/uwb/share/ament_index/resource_index/parent_prefix_path/uwb
[0.784s] -- Up-to-date: /workspaces/mavlab/ros2_ws/install/uwb/share/uwb/environment/ament_prefix_path.sh
[0.784s] -- Up-to-date: /workspaces/mavlab/ros2_ws/install/uwb/share/uwb/environment/ament_prefix_path.dsv
[0.785s] -- Up-to-date: /workspaces/mavlab/ros2_ws/install/uwb/share/uwb/environment/path.sh
[0.786s] -- Up-to-date: /workspaces/mavlab/ros2_ws/install/uwb/share/uwb/environment/path.dsv
[0.786s] -- Up-to-date: /workspaces/mavlab/ros2_ws/install/uwb/share/uwb/local_setup.bash
[0.787s] -- Up-to-date: /workspaces/mavlab/ros2_ws/install/uwb/share/uwb/local_setup.sh
[0.787s] -- Up-to-date: /workspaces/mavlab/ros2_ws/install/uwb/share/uwb/local_setup.zsh
[0.788s] -- Up-to-date: /workspaces/mavlab/ros2_ws/install/uwb/share/uwb/local_setup.dsv
[0.788s] -- Installing: /workspaces/mavlab/ros2_ws/install/uwb/share/uwb/package.dsv
[0.790s] -- Up-to-date: /workspaces/mavlab/ros2_ws/install/uwb/share/ament_index/resource_index/packages/uwb
[0.791s] -- Up-to-date: /workspaces/mavlab/ros2_ws/install/uwb/share/uwb/cmake/uwbConfig.cmake
[0.791s] -- Up-to-date: /workspaces/mavlab/ros2_ws/install/uwb/share/uwb/cmake/uwbConfig-version.cmake
[0.792s] -- Up-to-date: /workspaces/mavlab/ros2_ws/install/uwb/share/uwb/package.xml
[0.797s] Invoked command in '/workspaces/mavlab/ros2_ws/build/uwb' returned '0': CMAKE_PREFIX_PATH=${CMAKE_PREFIX_PATH}:/opt/ros/humble /usr/bin/cmake --install /workspaces/mavlab/ros2_ws/build/uwb
