[0.080s] Invoking command in '/workspaces/mavlab/build/uwb': CMAKE_PREFIX_PATH=${CMAKE_PREFIX_PATH}:/opt/ros/humble /usr/bin/cmake /workspaces/mavlab/ros2_ws/src/uwb -DCMAKE_INSTALL_PREFIX=/workspaces/mavlab/install/uwb
[0.405s] -- The C compiler identification is GNU 11.4.0
[0.673s] -- The CXX compiler identification is GNU 11.4.0
[0.702s] -- Detecting C compiler ABI info
[1.060s] -- Detecting C compiler ABI info - done
[1.111s] -- Check for working C compiler: /usr/bin/cc - skipped
[1.113s] -- Detecting C compile features
[1.117s] -- Detecting C compile features - done
[1.130s] -- Detecting CXX compiler ABI info
[1.699s] -- Detecting CXX compiler ABI info - done
[1.813s] -- Check for working CXX compiler: /usr/bin/c++ - skipped
[1.819s] -- Detecting CXX compile features
[1.823s] -- Detecting CXX compile features - done
[1.882s] -- Found ament_cmake: 1.3.10 (/opt/ros/humble/share/ament_cmake/cmake)
[2.757s] -- Found Python3: /usr/bin/python3 (found version "3.10.12") found components: Interpreter 
[3.367s] -- Found rclcpp: 16.0.10 (/opt/ros/humble/share/rclcpp/cmake)
[3.624s] -- Found rosidl_generator_c: 3.1.5 (/opt/ros/humble/share/rosidl_generator_c/cmake)
[3.664s] -- Found rosidl_adapter: 3.1.5 (/opt/ros/humble/share/rosidl_adapter/cmake)
[3.727s] -- Found rosidl_generator_cpp: 3.1.5 (/opt/ros/humble/share/rosidl_generator_cpp/cmake)
[3.817s] -- Using all available rosidl_typesupport_c: rosidl_typesupport_fastrtps_c;rosidl_typesupport_introspection_c
[3.942s] -- Using all available rosidl_typesupport_cpp: rosidl_typesupport_fastrtps_cpp;rosidl_typesupport_introspection_cpp
[4.286s] -- Found rmw_implementation_cmake: 6.1.2 (/opt/ros/humble/share/rmw_implementation_cmake/cmake)
[4.312s] -- Found rmw_fastrtps_cpp: 6.2.7 (/opt/ros/humble/share/rmw_fastrtps_cpp/cmake)
[4.784s] -- Found OpenSSL: /usr/lib/aarch64-linux-gnu/libcrypto.so (found version "3.0.2")  
[4.921s] -- Found FastRTPS: /opt/ros/humble/include  
[5.114s] -- Using RMW implementation 'rmw_fastrtps_cpp' as default
[5.187s] -- Looking for pthread.h
[5.579s] -- Looking for pthread.h - found
[5.581s] -- Performing Test CMAKE_HAVE_LIBC_PTHREAD
[5.924s] -- Performing Test CMAKE_HAVE_LIBC_PTHREAD - Success
[5.928s] -- Found Threads: TRUE  
[6.214s] -- Found rclpy: 3.3.14 (/opt/ros/humble/share/rclpy/cmake)
[6.606s] -- Configuring done
[6.634s] -- Generating done
[6.642s] -- Build files have been written to: /workspaces/mavlab/build/uwb
[6.679s] Invoked command in '/workspaces/mavlab/build/uwb' returned '0': CMAKE_PREFIX_PATH=${CMAKE_PREFIX_PATH}:/opt/ros/humble /usr/bin/cmake /workspaces/mavlab/ros2_ws/src/uwb -DCMAKE_INSTALL_PREFIX=/workspaces/mavlab/install/uwb
[6.683s] Invoking command in '/workspaces/mavlab/build/uwb': CMAKE_PREFIX_PATH=${CMAKE_PREFIX_PATH}:/opt/ros/humble /usr/bin/cmake --build /workspaces/mavlab/build/uwb -- -j4 -l4
[6.848s] Invoked command in '/workspaces/mavlab/build/uwb' returned '0': CMAKE_PREFIX_PATH=${CMAKE_PREFIX_PATH}:/opt/ros/humble /usr/bin/cmake --build /workspaces/mavlab/build/uwb -- -j4 -l4
[6.966s] Invoking command in '/workspaces/mavlab/build/uwb': CMAKE_PREFIX_PATH=${CMAKE_PREFIX_PATH}:/opt/ros/humble /usr/bin/cmake --install /workspaces/mavlab/build/uwb
[6.996s] -- Install configuration: ""
[6.997s] -- Installing: /workspaces/mavlab/install/uwb/share/uwb/launch
[6.998s] -- Installing: /workspaces/mavlab/install/uwb/share/uwb/launch/uwb_launch.py
[7.003s] -- Installing: /workspaces/mavlab/install/uwb/lib/uwb/uwb.py
[7.006s] -- Installing: /workspaces/mavlab/install/uwb/share/ament_index/resource_index/package_run_dependencies/uwb
[7.010s] -- Installing: /workspaces/mavlab/install/uwb/share/ament_index/resource_index/parent_prefix_path/uwb
[7.013s] -- Installing: /workspaces/mavlab/install/uwb/share/uwb/environment/ament_prefix_path.sh
[7.016s] -- Installing: /workspaces/mavlab/install/uwb/share/uwb/environment/ament_prefix_path.dsv
[7.018s] -- Installing: /workspaces/mavlab/install/uwb/share/uwb/environment/path.sh
[7.021s] -- Installing: /workspaces/mavlab/install/uwb/share/uwb/environment/path.dsv
[7.023s] -- Installing: /workspaces/mavlab/install/uwb/share/uwb/local_setup.bash
[7.026s] -- Installing: /workspaces/mavlab/install/uwb/share/uwb/local_setup.sh
[7.037s] -- Installing: /workspaces/mavlab/install/uwb/share/uwb/local_setup.zsh
[7.040s] -- Installing: /workspaces/mavlab/install/uwb/share/uwb/local_setup.dsv
[7.041s] -- Installing: /workspaces/mavlab/install/uwb/share/uwb/package.dsv
[7.041s] -- Installing: /workspaces/mavlab/install/uwb/share/ament_index/resource_index/packages/uwb
[7.042s] -- Installing: /workspaces/mavlab/install/uwb/share/uwb/cmake/uwbConfig.cmake
[7.047s] -- Installing: /workspaces/mavlab/install/uwb/share/uwb/cmake/uwbConfig-version.cmake
[7.050s] -- Installing: /workspaces/mavlab/install/uwb/share/uwb/package.xml
[7.064s] Invoked command in '/workspaces/mavlab/build/uwb' returned '0': CMAKE_PREFIX_PATH=${CMAKE_PREFIX_PATH}:/opt/ros/humble /usr/bin/cmake --install /workspaces/mavlab/build/uwb
