[0.062s] Invoking command in '/workspaces/mavlab/ros2_ws/build/uwb': CMAKE_PREFIX_PATH=/opt/ros/humble /usr/bin/cmake /workspaces/mavlab/ros2_ws/src/uwb -DCMAKE_INSTALL_PREFIX=/workspaces/mavlab/ros2_ws/install/uwb
[0.262s] -- The C compiler identification is GNU 11.4.0
[0.476s] -- The CXX compiler identification is GNU 11.4.0
[0.502s] -- Detecting C compiler ABI info
[0.744s] -- Detecting C compiler ABI info - done
[0.779s] -- Check for working C compiler: /usr/bin/cc - skipped
[0.780s] -- Detecting C compile features
[0.781s] -- Detecting C compile features - done
[0.794s] -- Detecting CXX compiler ABI info
[1.063s] -- Detecting CXX compiler ABI info - done
[1.098s] -- Check for working CXX compiler: /usr/bin/c++ - skipped
[1.099s] -- Detecting CXX compile features
[1.101s] -- Detecting CXX compile features - done
[1.114s] -- Found ament_cmake: 1.3.10 (/opt/ros/humble/share/ament_cmake/cmake)
[1.909s] -- Found Python3: /usr/bin/python3 (found version "3.10.12") found components: Interpreter 
[2.404s] -- Found rclcpp: 16.0.10 (/opt/ros/humble/share/rclcpp/cmake)
[2.592s] -- Found rosidl_generator_c: 3.1.5 (/opt/ros/humble/share/rosidl_generator_c/cmake)
[2.618s] -- Found rosidl_adapter: 3.1.5 (/opt/ros/humble/share/rosidl_adapter/cmake)
[2.669s] -- Found rosidl_generator_cpp: 3.1.5 (/opt/ros/humble/share/rosidl_generator_cpp/cmake)
[2.730s] -- Using all available rosidl_typesupport_c: rosidl_typesupport_fastrtps_c;rosidl_typesupport_introspection_c
[2.810s] -- Using all available rosidl_typesupport_cpp: rosidl_typesupport_fastrtps_cpp;rosidl_typesupport_introspection_cpp
[3.020s] -- Found rmw_implementation_cmake: 6.1.2 (/opt/ros/humble/share/rmw_implementation_cmake/cmake)
[3.033s] -- Found rmw_fastrtps_cpp: 6.2.7 (/opt/ros/humble/share/rmw_fastrtps_cpp/cmake)
[3.509s] -- Found OpenSSL: /usr/lib/aarch64-linux-gnu/libcrypto.so (found version "3.0.2")  
[3.645s] -- Found FastRTPS: /opt/ros/humble/include  
[3.828s] -- Using RMW implementation 'rmw_fastrtps_cpp' as default
[3.872s] -- Looking for pthread.h
[4.467s] -- Looking for pthread.h - found
[4.469s] -- Performing Test CMAKE_HAVE_LIBC_PTHREAD
[5.123s] -- Performing Test CMAKE_HAVE_LIBC_PTHREAD - Success
[5.128s] -- Found Threads: TRUE  
[5.419s] -- Found rclpy: 3.3.14 (/opt/ros/humble/share/rclpy/cmake)
[5.795s] -- Configuring done
[5.822s] -- Generating done
[5.840s] -- Build files have been written to: /workspaces/mavlab/ros2_ws/build/uwb
[5.886s] Invoked command in '/workspaces/mavlab/ros2_ws/build/uwb' returned '0': CMAKE_PREFIX_PATH=/opt/ros/humble /usr/bin/cmake /workspaces/mavlab/ros2_ws/src/uwb -DCMAKE_INSTALL_PREFIX=/workspaces/mavlab/ros2_ws/install/uwb
[5.901s] Invoking command in '/workspaces/mavlab/ros2_ws/build/uwb': CMAKE_PREFIX_PATH=/opt/ros/humble /usr/bin/cmake --build /workspaces/mavlab/ros2_ws/build/uwb -- -j4 -l4
[6.098s] Invoked command in '/workspaces/mavlab/ros2_ws/build/uwb' returned '0': CMAKE_PREFIX_PATH=/opt/ros/humble /usr/bin/cmake --build /workspaces/mavlab/ros2_ws/build/uwb -- -j4 -l4
[6.353s] Invoking command in '/workspaces/mavlab/ros2_ws/build/uwb': CMAKE_PREFIX_PATH=/opt/ros/humble /usr/bin/cmake --install /workspaces/mavlab/ros2_ws/build/uwb
[6.407s] -- Install configuration: ""
[6.408s] -- Installing: /workspaces/mavlab/ros2_ws/install/uwb/share/uwb/launch
[6.408s] -- Installing: /workspaces/mavlab/ros2_ws/install/uwb/share/uwb/launch/uwb_launch.py
[6.409s] -- Installing: /workspaces/mavlab/ros2_ws/install/uwb/lib/uwb/uwb.py
[6.409s] -- Installing: /workspaces/mavlab/ros2_ws/install/uwb/share/ament_index/resource_index/package_run_dependencies/uwb
[6.413s] -- Installing: /workspaces/mavlab/ros2_ws/install/uwb/share/ament_index/resource_index/parent_prefix_path/uwb
[6.423s] -- Installing: /workspaces/mavlab/ros2_ws/install/uwb/share/uwb/environment/ament_prefix_path.sh
[6.424s] -- Installing: /workspaces/mavlab/ros2_ws/install/uwb/share/uwb/environment/ament_prefix_path.dsv
[6.424s] -- Installing: /workspaces/mavlab/ros2_ws/install/uwb/share/uwb/environment/path.sh
[6.425s] -- Installing: /workspaces/mavlab/ros2_ws/install/uwb/share/uwb/environment/path.dsv
[6.426s] -- Installing: /workspaces/mavlab/ros2_ws/install/uwb/share/uwb/local_setup.bash
[6.426s] -- Installing: /workspaces/mavlab/ros2_ws/install/uwb/share/uwb/local_setup.sh
[6.427s] -- Installing: /workspaces/mavlab/ros2_ws/install/uwb/share/uwb/local_setup.zsh
[6.428s] -- Installing: /workspaces/mavlab/ros2_ws/install/uwb/share/uwb/local_setup.dsv
[6.428s] -- Installing: /workspaces/mavlab/ros2_ws/install/uwb/share/uwb/package.dsv
[6.429s] -- Installing: /workspaces/mavlab/ros2_ws/install/uwb/share/ament_index/resource_index/packages/uwb
[6.433s] -- Installing: /workspaces/mavlab/ros2_ws/install/uwb/share/uwb/cmake/uwbConfig.cmake
[6.434s] -- Installing: /workspaces/mavlab/ros2_ws/install/uwb/share/uwb/cmake/uwbConfig-version.cmake
[6.435s] -- Installing: /workspaces/mavlab/ros2_ws/install/uwb/share/uwb/package.xml
[6.446s] Invoked command in '/workspaces/mavlab/ros2_ws/build/uwb' returned '0': CMAKE_PREFIX_PATH=/opt/ros/humble /usr/bin/cmake --install /workspaces/mavlab/ros2_ws/build/uwb
