[0.077s] Invoking command in '/workspaces/mavlab/ros2_ws/build/custom_interfaces': CMAKE_PREFIX_PATH=${CMAKE_PREFIX_PATH}:/opt/ros/humble /usr/bin/cmake --build /workspaces/mavlab/ros2_ws/build/custom_interfaces -- -j4 -l4
[0.267s] [  9%] Built target custom_interfaces__rosidl_generator_c
[0.274s] [ 12%] Built target custom_interfaces__cpp
[0.334s] [ 12%] Built target ament_cmake_python_copy_custom_interfaces
[0.362s] [ 22%] Built target custom_interfaces__rosidl_typesupport_fastrtps_c
[0.363s] [ 32%] Built target custom_interfaces__rosidl_typesupport_introspection_c
[0.381s] [ 41%] Built target custom_interfaces__rosidl_typesupport_c
[0.439s] [ 51%] Built target custom_interfaces__rosidl_typesupport_fastrtps_cpp
[0.484s] [ 61%] Built target custom_interfaces__rosidl_typesupport_cpp
[0.514s] [ 70%] Built target custom_interfaces__rosidl_typesupport_introspection_cpp
[0.588s] [ 70%] Built target custom_interfaces
[0.661s] [ 74%] Built target custom_interfaces__py
[0.732s] [ 80%] Built target custom_interfaces__rosidl_generator_py
[0.804s] [ 93%] Built target custom_interfaces__rosidl_typesupport_c__pyext
[0.807s] [ 93%] Built target custom_interfaces__rosidl_typesupport_fastrtps_c__pyext
[0.808s] [100%] Built target custom_interfaces__rosidl_typesupport_introspection_c__pyext
[1.457s] running egg_info
[1.459s] writing custom_interfaces.egg-info/PKG-INFO
[1.461s] writing dependency_links to custom_interfaces.egg-info/dependency_links.txt
[1.461s] writing top-level names to custom_interfaces.egg-info/top_level.txt
[1.471s] reading manifest file 'custom_interfaces.egg-info/SOURCES.txt'
[1.473s] writing manifest file 'custom_interfaces.egg-info/SOURCES.txt'
[1.585s] [100%] Built target ament_cmake_python_build_custom_interfaces_egg
[1.618s] Invoked command in '/workspaces/mavlab/ros2_ws/build/custom_interfaces' returned '0': CMAKE_PREFIX_PATH=${CMAKE_PREFIX_PATH}:/opt/ros/humble /usr/bin/cmake --build /workspaces/mavlab/ros2_ws/build/custom_interfaces -- -j4 -l4
[1.777s] Invoking command in '/workspaces/mavlab/ros2_ws/build/custom_interfaces': CMAKE_PREFIX_PATH=${CMAKE_PREFIX_PATH}:/opt/ros/humble /usr/bin/cmake --install /workspaces/mavlab/ros2_ws/build/custom_interfaces
[1.800s] -- Install configuration: ""
[1.802s] -- Up-to-date: /workspaces/mavlab/ros2_ws/install/custom_interfaces/share/ament_index/resource_index/rosidl_interfaces/custom_interfaces
[1.804s] -- Up-to-date: /workspaces/mavlab/ros2_ws/install/custom_interfaces/include/custom_interfaces/custom_interfaces
[1.808s] -- Up-to-date: /workspaces/mavlab/ros2_ws/install/custom_interfaces/include/custom_interfaces/custom_interfaces/msg
[1.810s] -- Up-to-date: /workspaces/mavlab/ros2_ws/install/custom_interfaces/include/custom_interfaces/custom_interfaces/msg/detail
[1.811s] -- Up-to-date: /workspaces/mavlab/ros2_ws/install/custom_interfaces/include/custom_interfaces/custom_interfaces/msg/detail/estimated_state__struct.h
[1.813s] -- Up-to-date: /workspaces/mavlab/ros2_ws/install/custom_interfaces/include/custom_interfaces/custom_interfaces/msg/detail/estimated_state__functions.c
[1.815s] -- Up-to-date: /workspaces/mavlab/ros2_ws/install/custom_interfaces/include/custom_interfaces/custom_interfaces/msg/detail/estimated_state__type_support.h
[1.816s] -- Up-to-date: /workspaces/mavlab/ros2_ws/install/custom_interfaces/include/custom_interfaces/custom_interfaces/msg/detail/estimated_state__functions.h
[1.818s] -- Up-to-date: /workspaces/mavlab/ros2_ws/install/custom_interfaces/include/custom_interfaces/custom_interfaces/msg/estimated_state.h
[1.819s] -- Up-to-date: /workspaces/mavlab/ros2_ws/install/custom_interfaces/include/custom_interfaces/custom_interfaces/msg/rosidl_generator_c__visibility_control.h
[1.820s] -- Up-to-date: /workspaces/mavlab/ros2_ws/install/custom_interfaces/share/custom_interfaces/environment/library_path.sh
[1.822s] -- Up-to-date: /workspaces/mavlab/ros2_ws/install/custom_interfaces/share/custom_interfaces/environment/library_path.dsv
[1.823s] -- Up-to-date: /workspaces/mavlab/ros2_ws/install/custom_interfaces/lib/libcustom_interfaces__rosidl_generator_c.so
[1.825s] -- Up-to-date: /workspaces/mavlab/ros2_ws/install/custom_interfaces/include/custom_interfaces/custom_interfaces
[1.826s] -- Up-to-date: /workspaces/mavlab/ros2_ws/install/custom_interfaces/include/custom_interfaces/custom_interfaces/msg
[1.828s] -- Up-to-date: /workspaces/mavlab/ros2_ws/install/custom_interfaces/include/custom_interfaces/custom_interfaces/msg/rosidl_typesupport_fastrtps_c__visibility_control.h
[1.829s] -- Up-to-date: /workspaces/mavlab/ros2_ws/install/custom_interfaces/include/custom_interfaces/custom_interfaces/msg/detail
[1.831s] -- Up-to-date: /workspaces/mavlab/ros2_ws/install/custom_interfaces/include/custom_interfaces/custom_interfaces/msg/detail/estimated_state__rosidl_typesupport_fastrtps_c.h
[1.833s] -- Up-to-date: /workspaces/mavlab/ros2_ws/install/custom_interfaces/lib/libcustom_interfaces__rosidl_typesupport_fastrtps_c.so
[1.834s] -- Up-to-date: /workspaces/mavlab/ros2_ws/install/custom_interfaces/include/custom_interfaces/custom_interfaces
[1.836s] -- Up-to-date: /workspaces/mavlab/ros2_ws/install/custom_interfaces/include/custom_interfaces/custom_interfaces/msg
[1.837s] -- Up-to-date: /workspaces/mavlab/ros2_ws/install/custom_interfaces/include/custom_interfaces/custom_interfaces/msg/detail
[1.838s] -- Up-to-date: /workspaces/mavlab/ros2_ws/install/custom_interfaces/include/custom_interfaces/custom_interfaces/msg/detail/estimated_state__rosidl_typesupport_introspection_c.h
[1.840s] -- Up-to-date: /workspaces/mavlab/ros2_ws/install/custom_interfaces/include/custom_interfaces/custom_interfaces/msg/detail/estimated_state__type_support.c
[1.841s] -- Up-to-date: /workspaces/mavlab/ros2_ws/install/custom_interfaces/include/custom_interfaces/custom_interfaces/msg/rosidl_typesupport_introspection_c__visibility_control.h
[1.843s] -- Up-to-date: /workspaces/mavlab/ros2_ws/install/custom_interfaces/lib/libcustom_interfaces__rosidl_typesupport_introspection_c.so
[1.845s] -- Up-to-date: /workspaces/mavlab/ros2_ws/install/custom_interfaces/lib/libcustom_interfaces__rosidl_typesupport_c.so
[1.846s] -- Up-to-date: /workspaces/mavlab/ros2_ws/install/custom_interfaces/include/custom_interfaces/custom_interfaces
[1.847s] -- Up-to-date: /workspaces/mavlab/ros2_ws/install/custom_interfaces/include/custom_interfaces/custom_interfaces/msg
[1.849s] -- Up-to-date: /workspaces/mavlab/ros2_ws/install/custom_interfaces/include/custom_interfaces/custom_interfaces/msg/estimated_state.hpp
[1.850s] -- Up-to-date: /workspaces/mavlab/ros2_ws/install/custom_interfaces/include/custom_interfaces/custom_interfaces/msg/detail
[1.852s] -- Up-to-date: /workspaces/mavlab/ros2_ws/install/custom_interfaces/include/custom_interfaces/custom_interfaces/msg/detail/estimated_state__traits.hpp
[1.853s] -- Up-to-date: /workspaces/mavlab/ros2_ws/install/custom_interfaces/include/custom_interfaces/custom_interfaces/msg/detail/estimated_state__builder.hpp
[1.854s] -- Up-to-date: /workspaces/mavlab/ros2_ws/install/custom_interfaces/include/custom_interfaces/custom_interfaces/msg/detail/estimated_state__struct.hpp
[1.856s] -- Up-to-date: /workspaces/mavlab/ros2_ws/install/custom_interfaces/include/custom_interfaces/custom_interfaces
[1.857s] -- Up-to-date: /workspaces/mavlab/ros2_ws/install/custom_interfaces/include/custom_interfaces/custom_interfaces/msg
[1.858s] -- Up-to-date: /workspaces/mavlab/ros2_ws/install/custom_interfaces/include/custom_interfaces/custom_interfaces/msg/rosidl_typesupport_fastrtps_cpp__visibility_control.h
[1.858s] -- Up-to-date: /workspaces/mavlab/ros2_ws/install/custom_interfaces/include/custom_interfaces/custom_interfaces/msg/detail
[1.859s] -- Up-to-date: /workspaces/mavlab/ros2_ws/install/custom_interfaces/include/custom_interfaces/custom_interfaces/msg/detail/estimated_state__rosidl_typesupport_fastrtps_cpp.hpp
[1.859s] -- Up-to-date: /workspaces/mavlab/ros2_ws/install/custom_interfaces/include/custom_interfaces/custom_interfaces/msg/detail/dds_fastrtps
[1.860s] -- Up-to-date: /workspaces/mavlab/ros2_ws/install/custom_interfaces/lib/libcustom_interfaces__rosidl_typesupport_fastrtps_cpp.so
[1.860s] -- Up-to-date: /workspaces/mavlab/ros2_ws/install/custom_interfaces/include/custom_interfaces/custom_interfaces
[1.860s] -- Up-to-date: /workspaces/mavlab/ros2_ws/install/custom_interfaces/include/custom_interfaces/custom_interfaces/msg
[1.861s] -- Up-to-date: /workspaces/mavlab/ros2_ws/install/custom_interfaces/include/custom_interfaces/custom_interfaces/msg/detail
[1.861s] -- Up-to-date: /workspaces/mavlab/ros2_ws/install/custom_interfaces/include/custom_interfaces/custom_interfaces/msg/detail/estimated_state__rosidl_typesupport_introspection_cpp.hpp
[1.861s] -- Up-to-date: /workspaces/mavlab/ros2_ws/install/custom_interfaces/include/custom_interfaces/custom_interfaces/msg/detail/estimated_state__type_support.cpp
[1.862s] -- Up-to-date: /workspaces/mavlab/ros2_ws/install/custom_interfaces/lib/libcustom_interfaces__rosidl_typesupport_introspection_cpp.so
[1.862s] -- Up-to-date: /workspaces/mavlab/ros2_ws/install/custom_interfaces/lib/libcustom_interfaces__rosidl_typesupport_cpp.so
[1.863s] -- Up-to-date: /workspaces/mavlab/ros2_ws/install/custom_interfaces/share/custom_interfaces/environment/pythonpath.sh
[1.863s] -- Up-to-date: /workspaces/mavlab/ros2_ws/install/custom_interfaces/share/custom_interfaces/environment/pythonpath.dsv
[1.863s] -- Up-to-date: /workspaces/mavlab/ros2_ws/install/custom_interfaces/local/lib/python3.10/dist-packages/custom_interfaces-0.0.1-py3.10.egg-info
[1.864s] -- Installing: /workspaces/mavlab/ros2_ws/install/custom_interfaces/local/lib/python3.10/dist-packages/custom_interfaces-0.0.1-py3.10.egg-info/SOURCES.txt
[1.864s] -- Installing: /workspaces/mavlab/ros2_ws/install/custom_interfaces/local/lib/python3.10/dist-packages/custom_interfaces-0.0.1-py3.10.egg-info/dependency_links.txt
[1.864s] -- Installing: /workspaces/mavlab/ros2_ws/install/custom_interfaces/local/lib/python3.10/dist-packages/custom_interfaces-0.0.1-py3.10.egg-info/top_level.txt
[1.865s] -- Installing: /workspaces/mavlab/ros2_ws/install/custom_interfaces/local/lib/python3.10/dist-packages/custom_interfaces-0.0.1-py3.10.egg-info/PKG-INFO
[1.865s] -- Up-to-date: /workspaces/mavlab/ros2_ws/install/custom_interfaces/local/lib/python3.10/dist-packages/custom_interfaces
[1.865s] -- Up-to-date: /workspaces/mavlab/ros2_ws/install/custom_interfaces/local/lib/python3.10/dist-packages/custom_interfaces/__init__.py
[1.866s] -- Up-to-date: /workspaces/mavlab/ros2_ws/install/custom_interfaces/local/lib/python3.10/dist-packages/custom_interfaces/_custom_interfaces_s.ep.rosidl_typesupport_fastrtps_c.c
[1.866s] -- Up-to-date: /workspaces/mavlab/ros2_ws/install/custom_interfaces/local/lib/python3.10/dist-packages/custom_interfaces/custom_interfaces_s__rosidl_typesupport_c.cpython-310-aarch64-linux-gnu.so
[1.866s] -- Up-to-date: /workspaces/mavlab/ros2_ws/install/custom_interfaces/local/lib/python3.10/dist-packages/custom_interfaces/custom_interfaces_s__rosidl_typesupport_fastrtps_c.cpython-310-aarch64-linux-gnu.so
[1.867s] -- Up-to-date: /workspaces/mavlab/ros2_ws/install/custom_interfaces/local/lib/python3.10/dist-packages/custom_interfaces/libcustom_interfaces__rosidl_generator_py.so
[1.867s] -- Up-to-date: /workspaces/mavlab/ros2_ws/install/custom_interfaces/local/lib/python3.10/dist-packages/custom_interfaces/_custom_interfaces_s.ep.rosidl_typesupport_c.c
[1.867s] -- Up-to-date: /workspaces/mavlab/ros2_ws/install/custom_interfaces/local/lib/python3.10/dist-packages/custom_interfaces/msg
[1.868s] -- Up-to-date: /workspaces/mavlab/ros2_ws/install/custom_interfaces/local/lib/python3.10/dist-packages/custom_interfaces/msg/__init__.py
[1.868s] -- Up-to-date: /workspaces/mavlab/ros2_ws/install/custom_interfaces/local/lib/python3.10/dist-packages/custom_interfaces/msg/_estimated_state.py
[1.868s] -- Up-to-date: /workspaces/mavlab/ros2_ws/install/custom_interfaces/local/lib/python3.10/dist-packages/custom_interfaces/msg/_estimated_state_s.c
[1.869s] -- Up-to-date: /workspaces/mavlab/ros2_ws/install/custom_interfaces/local/lib/python3.10/dist-packages/custom_interfaces/custom_interfaces_s__rosidl_typesupport_introspection_c.cpython-310-aarch64-linux-gnu.so
[1.869s] -- Up-to-date: /workspaces/mavlab/ros2_ws/install/custom_interfaces/local/lib/python3.10/dist-packages/custom_interfaces/_custom_interfaces_s.ep.rosidl_typesupport_introspection_c.c
[1.946s] Listing '/workspaces/mavlab/ros2_ws/install/custom_interfaces/local/lib/python3.10/dist-packages/custom_interfaces'...
[1.947s] Listing '/workspaces/mavlab/ros2_ws/install/custom_interfaces/local/lib/python3.10/dist-packages/custom_interfaces/msg'...
[1.967s] -- Up-to-date: /workspaces/mavlab/ros2_ws/install/custom_interfaces/local/lib/python3.10/dist-packages/custom_interfaces/custom_interfaces_s__rosidl_typesupport_fastrtps_c.cpython-310-aarch64-linux-gnu.so
[1.968s] -- Up-to-date: /workspaces/mavlab/ros2_ws/install/custom_interfaces/local/lib/python3.10/dist-packages/custom_interfaces/custom_interfaces_s__rosidl_typesupport_introspection_c.cpython-310-aarch64-linux-gnu.so
[1.969s] -- Up-to-date: /workspaces/mavlab/ros2_ws/install/custom_interfaces/local/lib/python3.10/dist-packages/custom_interfaces/custom_interfaces_s__rosidl_typesupport_c.cpython-310-aarch64-linux-gnu.so
[1.972s] -- Up-to-date: /workspaces/mavlab/ros2_ws/install/custom_interfaces/lib/libcustom_interfaces__rosidl_generator_py.so
[1.972s] -- Up-to-date: /workspaces/mavlab/ros2_ws/install/custom_interfaces/share/custom_interfaces/msg/EstimatedState.idl
[1.973s] -- Up-to-date: /workspaces/mavlab/ros2_ws/install/custom_interfaces/share/custom_interfaces/msg/EstimatedState.msg
[1.973s] -- Up-to-date: /workspaces/mavlab/ros2_ws/install/custom_interfaces/share/ament_index/resource_index/package_run_dependencies/custom_interfaces
[1.974s] -- Up-to-date: /workspaces/mavlab/ros2_ws/install/custom_interfaces/share/ament_index/resource_index/parent_prefix_path/custom_interfaces
[1.975s] -- Up-to-date: /workspaces/mavlab/ros2_ws/install/custom_interfaces/share/custom_interfaces/environment/ament_prefix_path.sh
[1.975s] -- Up-to-date: /workspaces/mavlab/ros2_ws/install/custom_interfaces/share/custom_interfaces/environment/ament_prefix_path.dsv
[1.975s] -- Up-to-date: /workspaces/mavlab/ros2_ws/install/custom_interfaces/share/custom_interfaces/environment/path.sh
[1.976s] -- Up-to-date: /workspaces/mavlab/ros2_ws/install/custom_interfaces/share/custom_interfaces/environment/path.dsv
[1.976s] -- Up-to-date: /workspaces/mavlab/ros2_ws/install/custom_interfaces/share/custom_interfaces/local_setup.bash
[1.976s] -- Up-to-date: /workspaces/mavlab/ros2_ws/install/custom_interfaces/share/custom_interfaces/local_setup.sh
[1.977s] -- Up-to-date: /workspaces/mavlab/ros2_ws/install/custom_interfaces/share/custom_interfaces/local_setup.zsh
[1.977s] -- Up-to-date: /workspaces/mavlab/ros2_ws/install/custom_interfaces/share/custom_interfaces/local_setup.dsv
[1.978s] -- Installing: /workspaces/mavlab/ros2_ws/install/custom_interfaces/share/custom_interfaces/package.dsv
[1.978s] -- Up-to-date: /workspaces/mavlab/ros2_ws/install/custom_interfaces/share/ament_index/resource_index/packages/custom_interfaces
[1.978s] -- Up-to-date: /workspaces/mavlab/ros2_ws/install/custom_interfaces/share/custom_interfaces/cmake/export_custom_interfaces__rosidl_generator_cExport.cmake
[1.979s] -- Up-to-date: /workspaces/mavlab/ros2_ws/install/custom_interfaces/share/custom_interfaces/cmake/export_custom_interfaces__rosidl_generator_cExport-noconfig.cmake
[1.979s] -- Up-to-date: /workspaces/mavlab/ros2_ws/install/custom_interfaces/share/custom_interfaces/cmake/export_custom_interfaces__rosidl_typesupport_fastrtps_cExport.cmake
[1.979s] -- Up-to-date: /workspaces/mavlab/ros2_ws/install/custom_interfaces/share/custom_interfaces/cmake/export_custom_interfaces__rosidl_typesupport_fastrtps_cExport-noconfig.cmake
[1.980s] -- Up-to-date: /workspaces/mavlab/ros2_ws/install/custom_interfaces/share/custom_interfaces/cmake/custom_interfaces__rosidl_typesupport_introspection_cExport.cmake
[1.980s] -- Up-to-date: /workspaces/mavlab/ros2_ws/install/custom_interfaces/share/custom_interfaces/cmake/custom_interfaces__rosidl_typesupport_introspection_cExport-noconfig.cmake
[1.981s] -- Up-to-date: /workspaces/mavlab/ros2_ws/install/custom_interfaces/share/custom_interfaces/cmake/custom_interfaces__rosidl_typesupport_cExport.cmake
[1.981s] -- Up-to-date: /workspaces/mavlab/ros2_ws/install/custom_interfaces/share/custom_interfaces/cmake/custom_interfaces__rosidl_typesupport_cExport-noconfig.cmake
[1.981s] -- Up-to-date: /workspaces/mavlab/ros2_ws/install/custom_interfaces/share/custom_interfaces/cmake/export_custom_interfaces__rosidl_generator_cppExport.cmake
[1.982s] -- Up-to-date: /workspaces/mavlab/ros2_ws/install/custom_interfaces/share/custom_interfaces/cmake/export_custom_interfaces__rosidl_typesupport_fastrtps_cppExport.cmake
[1.982s] -- Up-to-date: /workspaces/mavlab/ros2_ws/install/custom_interfaces/share/custom_interfaces/cmake/export_custom_interfaces__rosidl_typesupport_fastrtps_cppExport-noconfig.cmake
[1.983s] -- Up-to-date: /workspaces/mavlab/ros2_ws/install/custom_interfaces/share/custom_interfaces/cmake/custom_interfaces__rosidl_typesupport_introspection_cppExport.cmake
[1.983s] -- Up-to-date: /workspaces/mavlab/ros2_ws/install/custom_interfaces/share/custom_interfaces/cmake/custom_interfaces__rosidl_typesupport_introspection_cppExport-noconfig.cmake
[1.984s] -- Up-to-date: /workspaces/mavlab/ros2_ws/install/custom_interfaces/share/custom_interfaces/cmake/custom_interfaces__rosidl_typesupport_cppExport.cmake
[1.984s] -- Up-to-date: /workspaces/mavlab/ros2_ws/install/custom_interfaces/share/custom_interfaces/cmake/custom_interfaces__rosidl_typesupport_cppExport-noconfig.cmake
[1.984s] -- Up-to-date: /workspaces/mavlab/ros2_ws/install/custom_interfaces/share/custom_interfaces/cmake/export_custom_interfaces__rosidl_generator_pyExport.cmake
[1.985s] -- Up-to-date: /workspaces/mavlab/ros2_ws/install/custom_interfaces/share/custom_interfaces/cmake/export_custom_interfaces__rosidl_generator_pyExport-noconfig.cmake
[1.985s] -- Up-to-date: /workspaces/mavlab/ros2_ws/install/custom_interfaces/share/custom_interfaces/cmake/rosidl_cmake-extras.cmake
[1.985s] -- Up-to-date: /workspaces/mavlab/ros2_ws/install/custom_interfaces/share/custom_interfaces/cmake/ament_cmake_export_include_directories-extras.cmake
[1.986s] -- Up-to-date: /workspaces/mavlab/ros2_ws/install/custom_interfaces/share/custom_interfaces/cmake/ament_cmake_export_libraries-extras.cmake
[1.986s] -- Up-to-date: /workspaces/mavlab/ros2_ws/install/custom_interfaces/share/custom_interfaces/cmake/ament_cmake_export_targets-extras.cmake
[1.987s] -- Up-to-date: /workspaces/mavlab/ros2_ws/install/custom_interfaces/share/custom_interfaces/cmake/rosidl_cmake_export_typesupport_targets-extras.cmake
[1.987s] -- Up-to-date: /workspaces/mavlab/ros2_ws/install/custom_interfaces/share/custom_interfaces/cmake/ament_cmake_export_dependencies-extras.cmake
[1.987s] -- Up-to-date: /workspaces/mavlab/ros2_ws/install/custom_interfaces/share/custom_interfaces/cmake/rosidl_cmake_export_typesupport_libraries-extras.cmake
[1.988s] -- Up-to-date: /workspaces/mavlab/ros2_ws/install/custom_interfaces/share/custom_interfaces/cmake/custom_interfacesConfig.cmake
[1.988s] -- Up-to-date: /workspaces/mavlab/ros2_ws/install/custom_interfaces/share/custom_interfaces/cmake/custom_interfacesConfig-version.cmake
[1.989s] -- Up-to-date: /workspaces/mavlab/ros2_ws/install/custom_interfaces/share/custom_interfaces/package.xml
[1.993s] Invoked command in '/workspaces/mavlab/ros2_ws/build/custom_interfaces' returned '0': CMAKE_PREFIX_PATH=${CMAKE_PREFIX_PATH}:/opt/ros/humble /usr/bin/cmake --install /workspaces/mavlab/ros2_ws/build/custom_interfaces
