-- Install configuration: ""
-- Up-to-date: /workspaces/mavlab/install/hastar/share/hastar/launch
-- Installing: /workspaces/mavlab/install/hastar/share/hastar/launch/hastar_launch.py
-- Up-to-date: /workspaces/mavlab/install/hastar/lib/hastar/wp_tracking.py
-- Up-to-date: /workspaces/mavlab/install/hastar/lib/hastar/temp_path.py
-- Up-to-date: /workspaces/mavlab/install/hastar/share/ament_index/resource_index/package_run_dependencies/hastar
-- Up-to-date: /workspaces/mavlab/install/hastar/share/ament_index/resource_index/parent_prefix_path/hastar
-- Up-to-date: /workspaces/mavlab/install/hastar/share/hastar/environment/ament_prefix_path.sh
-- Up-to-date: /workspaces/mavlab/install/hastar/share/hastar/environment/ament_prefix_path.dsv
-- Up-to-date: /workspaces/mavlab/install/hastar/share/hastar/environment/path.sh
-- Up-to-date: /workspaces/mavlab/install/hastar/share/hastar/environment/path.dsv
-- Up-to-date: /workspaces/mavlab/install/hastar/share/hastar/local_setup.bash
-- Up-to-date: /workspaces/mavlab/install/hastar/share/hastar/local_setup.sh
-- Up-to-date: /workspaces/mavlab/install/hastar/share/hastar/local_setup.zsh
-- Up-to-date: /workspaces/mavlab/install/hastar/share/hastar/local_setup.dsv
-- Installing: /workspaces/mavlab/install/hastar/share/hastar/package.dsv
-- Up-to-date: /workspaces/mavlab/install/hastar/share/ament_index/resource_index/packages/hastar
-- Up-to-date: /workspaces/mavlab/install/hastar/share/hastar/cmake/hastarConfig.cmake
-- Up-to-date: /workspaces/mavlab/install/hastar/share/hastar/cmake/hastarConfig-version.cmake
-- Up-to-date: /workspaces/mavlab/install/hastar/share/hastar/package.xml
