[0.043s] Invoking command in '/workspaces/mavlab/build/hastar': CMAKE_PREFIX_PATH=${CMAKE_PREFIX_PATH}:/opt/ros/humble /usr/bin/cmake --build /workspaces/mavlab/build/hastar -- -j4 -l4
[0.166s] Invoked command in '/workspaces/mavlab/build/hastar' returned '0': CMAKE_PREFIX_PATH=${CMAKE_PREFIX_PATH}:/opt/ros/humble /usr/bin/cmake --build /workspaces/mavlab/build/hastar -- -j4 -l4
[0.259s] Invoking command in '/workspaces/mavlab/build/hastar': CMAKE_PREFIX_PATH=${CMAKE_PREFIX_PATH}:/opt/ros/humble /usr/bin/cmake --install /workspaces/mavlab/build/hastar
[0.283s] -- Install configuration: ""
[0.284s] -- Up-to-date: /workspaces/mavlab/install/hastar/share/hastar/launch
[0.285s] -- Up-to-date: /workspaces/mavlab/install/hastar/share/hastar/launch/hastar_launch.py
[0.285s] -- Installing: /workspaces/mavlab/install/hastar/lib/hastar/wp_tracking.py
[0.285s] -- Up-to-date: /workspaces/mavlab/install/hastar/lib/hastar/temp_path.py
[0.286s] -- Up-to-date: /workspaces/mavlab/install/hastar/share/ament_index/resource_index/package_run_dependencies/hastar
[0.286s] -- Up-to-date: /workspaces/mavlab/install/hastar/share/ament_index/resource_index/parent_prefix_path/hastar
[0.287s] -- Up-to-date: /workspaces/mavlab/install/hastar/share/hastar/environment/ament_prefix_path.sh
[0.287s] -- Up-to-date: /workspaces/mavlab/install/hastar/share/hastar/environment/ament_prefix_path.dsv
[0.288s] -- Up-to-date: /workspaces/mavlab/install/hastar/share/hastar/environment/path.sh
[0.288s] -- Up-to-date: /workspaces/mavlab/install/hastar/share/hastar/environment/path.dsv
[0.288s] -- Up-to-date: /workspaces/mavlab/install/hastar/share/hastar/local_setup.bash
[0.289s] -- Up-to-date: /workspaces/mavlab/install/hastar/share/hastar/local_setup.sh
[0.289s] -- Up-to-date: /workspaces/mavlab/install/hastar/share/hastar/local_setup.zsh
[0.289s] -- Up-to-date: /workspaces/mavlab/install/hastar/share/hastar/local_setup.dsv
[0.290s] -- Installing: /workspaces/mavlab/install/hastar/share/hastar/package.dsv
[0.290s] -- Up-to-date: /workspaces/mavlab/install/hastar/share/ament_index/resource_index/packages/hastar
[0.291s] -- Up-to-date: /workspaces/mavlab/install/hastar/share/hastar/cmake/hastarConfig.cmake
[0.292s] -- Up-to-date: /workspaces/mavlab/install/hastar/share/hastar/cmake/hastarConfig-version.cmake
[0.293s] -- Up-to-date: /workspaces/mavlab/install/hastar/share/hastar/package.xml
[0.294s] Invoked command in '/workspaces/mavlab/build/hastar' returned '0': CMAKE_PREFIX_PATH=${CMAKE_PREFIX_PATH}:/opt/ros/humble /usr/bin/cmake --install /workspaces/mavlab/build/hastar
