[0.061s] Invoking command in '/workspaces/mavlab/ros2_ws/build/hastar': CMAKE_PREFIX_PATH=${CMAKE_PREFIX_PATH}:/opt/ros/humble /usr/bin/cmake /workspaces/mavlab/ros2_ws/src/hastar -DCMAKE_INSTALL_PREFIX=/workspaces/mavlab/ros2_ws/install/hastar
[0.675s] -- The C compiler identification is GNU 11.4.0
[1.196s] -- The CXX compiler identification is GNU 11.4.0
[1.233s] -- Detecting C compiler ABI info
[1.556s] -- Detecting C compiler ABI info - done
[1.623s] -- Check for working C compiler: /usr/bin/cc - skipped
[1.623s] -- Detecting C compile features
[1.625s] -- Detecting C compile features - done
[1.638s] -- Detecting CXX compiler ABI info
[1.977s] -- Detecting CXX compiler ABI info - done
[2.017s] -- Check for working CXX compiler: /usr/bin/c++ - skipped
[2.018s] -- Detecting CXX compile features
[2.019s] -- Detecting CXX compile features - done
[2.043s] -- Found ament_cmake: 1.3.10 (/opt/ros/humble/share/ament_cmake/cmake)
[2.692s] -- Found Python3: /usr/bin/python3 (found version "3.10.12") found components: Interpreter 
[3.314s] -- Found rclcpp: 16.0.10 (/opt/ros/humble/share/rclcpp/cmake)
[3.594s] -- Found rosidl_generator_c: 3.1.5 (/opt/ros/humble/share/rosidl_generator_c/cmake)
[3.630s] -- Found rosidl_adapter: 3.1.5 (/opt/ros/humble/share/rosidl_adapter/cmake)
[3.676s] -- Found rosidl_generator_cpp: 3.1.5 (/opt/ros/humble/share/rosidl_generator_cpp/cmake)
[3.744s] -- Using all available rosidl_typesupport_c: rosidl_typesupport_fastrtps_c;rosidl_typesupport_introspection_c
[3.831s] -- Using all available rosidl_typesupport_cpp: rosidl_typesupport_fastrtps_cpp;rosidl_typesupport_introspection_cpp
[4.092s] -- Found rmw_implementation_cmake: 6.1.2 (/opt/ros/humble/share/rmw_implementation_cmake/cmake)
[4.116s] -- Found rmw_fastrtps_cpp: 6.2.7 (/opt/ros/humble/share/rmw_fastrtps_cpp/cmake)
[4.591s] -- Found OpenSSL: /usr/lib/aarch64-linux-gnu/libcrypto.so (found version "3.0.2")  
[4.737s] -- Found FastRTPS: /opt/ros/humble/include  
[4.943s] -- Using RMW implementation 'rmw_fastrtps_cpp' as default
[4.997s] -- Looking for pthread.h
[5.352s] -- Looking for pthread.h - found
[5.366s] -- Performing Test CMAKE_HAVE_LIBC_PTHREAD
[5.693s] -- Performing Test CMAKE_HAVE_LIBC_PTHREAD - Success
[5.697s] -- Found Threads: TRUE  
[6.010s] -- Found rclpy: 3.3.14 (/opt/ros/humble/share/rclpy/cmake)
[6.367s] -- Configuring done
[6.416s] -- Generating done
[6.425s] -- Build files have been written to: /workspaces/mavlab/ros2_ws/build/hastar
[6.488s] Invoked command in '/workspaces/mavlab/ros2_ws/build/hastar' returned '0': CMAKE_PREFIX_PATH=${CMAKE_PREFIX_PATH}:/opt/ros/humble /usr/bin/cmake /workspaces/mavlab/ros2_ws/src/hastar -DCMAKE_INSTALL_PREFIX=/workspaces/mavlab/ros2_ws/install/hastar
[6.490s] Invoking command in '/workspaces/mavlab/ros2_ws/build/hastar': CMAKE_PREFIX_PATH=${CMAKE_PREFIX_PATH}:/opt/ros/humble /usr/bin/cmake --build /workspaces/mavlab/ros2_ws/build/hastar -- -j4 -l4
[6.723s] Invoked command in '/workspaces/mavlab/ros2_ws/build/hastar' returned '0': CMAKE_PREFIX_PATH=${CMAKE_PREFIX_PATH}:/opt/ros/humble /usr/bin/cmake --build /workspaces/mavlab/ros2_ws/build/hastar -- -j4 -l4
[6.889s] Invoking command in '/workspaces/mavlab/ros2_ws/build/hastar': CMAKE_PREFIX_PATH=${CMAKE_PREFIX_PATH}:/opt/ros/humble /usr/bin/cmake --install /workspaces/mavlab/ros2_ws/build/hastar
[6.951s] -- Install configuration: ""
[6.951s] -- Installing: /workspaces/mavlab/ros2_ws/install/hastar/share/hastar/launch
[6.952s] -- Installing: /workspaces/mavlab/ros2_ws/install/hastar/share/hastar/launch/hastar_launch.py
[6.954s] -- Installing: /workspaces/mavlab/ros2_ws/install/hastar/lib/hastar/wp_tracking.py
[6.962s] -- Installing: /workspaces/mavlab/ros2_ws/install/hastar/lib/hastar/temp_path.py
[6.970s] -- Installing: /workspaces/mavlab/ros2_ws/install/hastar/share/ament_index/resource_index/package_run_dependencies/hastar
[6.970s] -- Installing: /workspaces/mavlab/ros2_ws/install/hastar/share/ament_index/resource_index/parent_prefix_path/hastar
[6.971s] -- Installing: /workspaces/mavlab/ros2_ws/install/hastar/share/hastar/environment/ament_prefix_path.sh
[6.971s] -- Installing: /workspaces/mavlab/ros2_ws/install/hastar/share/hastar/environment/ament_prefix_path.dsv
[6.971s] -- Installing: /workspaces/mavlab/ros2_ws/install/hastar/share/hastar/environment/path.sh
[6.974s] -- Installing: /workspaces/mavlab/ros2_ws/install/hastar/share/hastar/environment/path.dsv
[6.974s] -- Installing: /workspaces/mavlab/ros2_ws/install/hastar/share/hastar/local_setup.bash
[6.975s] -- Installing: /workspaces/mavlab/ros2_ws/install/hastar/share/hastar/local_setup.sh
[6.975s] -- Installing: /workspaces/mavlab/ros2_ws/install/hastar/share/hastar/local_setup.zsh
[6.976s] -- Installing: /workspaces/mavlab/ros2_ws/install/hastar/share/hastar/local_setup.dsv
[6.984s] -- Installing: /workspaces/mavlab/ros2_ws/install/hastar/share/hastar/package.dsv
[6.985s] -- Installing: /workspaces/mavlab/ros2_ws/install/hastar/share/ament_index/resource_index/packages/hastar
[6.985s] -- Installing: /workspaces/mavlab/ros2_ws/install/hastar/share/hastar/cmake/hastarConfig.cmake
[6.986s] -- Installing: /workspaces/mavlab/ros2_ws/install/hastar/share/hastar/cmake/hastarConfig-version.cmake
[6.986s] -- Installing: /workspaces/mavlab/ros2_ws/install/hastar/share/hastar/package.xml
[7.070s] Invoked command in '/workspaces/mavlab/ros2_ws/build/hastar' returned '0': CMAKE_PREFIX_PATH=${CMAKE_PREFIX_PATH}:/opt/ros/humble /usr/bin/cmake --install /workspaces/mavlab/ros2_ws/build/hastar
