[0.079s] Invoking command in '/workspaces/mavlab/build/custom_interfaces': CMAKE_PREFIX_PATH=${CMAKE_PREFIX_PATH}:/opt/ros/humble /usr/bin/cmake --build /workspaces/mavlab/build/custom_interfaces -- -j4 -l4
[0.185s] -- Found ament_cmake: 1.3.10 (/opt/ros/humble/share/ament_cmake/cmake)
[0.804s] -- Found std_msgs: 4.2.4 (/opt/ros/humble/share/std_msgs/cmake)
[0.909s] -- Found rosidl_generator_c: 3.1.5 (/opt/ros/humble/share/rosidl_generator_c/cmake)
[0.929s] -- Found rosidl_adapter: 3.1.5 (/opt/ros/humble/share/rosidl_adapter/cmake)
[0.948s] -- Found rosidl_generator_cpp: 3.1.5 (/opt/ros/humble/share/rosidl_generator_cpp/cmake)
[0.993s] -- Using all available rosidl_typesupport_c: rosidl_typesupport_fastrtps_c;rosidl_typesupport_introspection_c
[1.084s] -- Using all available rosidl_typesupport_cpp: rosidl_typesupport_fastrtps_cpp;rosidl_typesupport_introspection_cpp
[1.174s] -- Found rosidl_default_generators: 1.2.0 (/opt/ros/humble/share/rosidl_default_generators/cmake)
[2.461s] -- Found ament_cmake_ros: 0.10.0 (/opt/ros/humble/share/ament_cmake_ros/cmake)
[3.963s] -- Using all available rosidl_typesupport_c: rosidl_typesupport_fastrtps_c;rosidl_typesupport_introspection_c
[4.566s] -- Using all available rosidl_typesupport_cpp: rosidl_typesupport_fastrtps_cpp;rosidl_typesupport_introspection_cpp
[4.641s] -- Found python_cmake_module: 0.10.0 (/opt/ros/humble/share/python_cmake_module/cmake)
[4.718s] -- Using PYTHON_EXECUTABLE: /usr/bin/python3
[4.720s] -- Using PYTHON_INCLUDE_DIRS: /usr/include/python3.10
[4.722s] -- Using PYTHON_LIBRARIES: /usr/lib/aarch64-linux-gnu/libpython3.10.so
[4.849s] -- Found ament_lint_auto: 0.12.11 (/opt/ros/humble/share/ament_lint_auto/cmake)
[4.888s] -- Configuring done
[5.105s] -- Generating done
[5.122s] -- Build files have been written to: /workspaces/mavlab/build/custom_interfaces
[5.223s] [  2%] [34m[1mGenerating C code for ROS interfaces[0m
[5.309s] [  5%] [34m[1mGenerating C++ code for ROS interfaces[0m
[5.351s] [  5%] Built target ament_cmake_python_copy_custom_interfaces
[6.664s] running egg_info
[6.666s] writing custom_interfaces.egg-info/PKG-INFO
[6.668s] writing dependency_links to custom_interfaces.egg-info/dependency_links.txt
[6.669s] writing top-level names to custom_interfaces.egg-info/top_level.txt
[6.681s] reading manifest file 'custom_interfaces.egg-info/SOURCES.txt'
[6.687s] writing manifest file 'custom_interfaces.egg-info/SOURCES.txt'
[6.811s] [  5%] Built target ament_cmake_python_build_custom_interfaces_egg
[7.183s] [35m[1mConsolidate compiler generated dependencies of target custom_interfaces__rosidl_generator_c[0m
[7.215s] [  5%] Built target custom_interfaces__cpp
[7.216s] [  7%] [32mBuilding C object CMakeFiles/custom_interfaces__rosidl_generator_c.dir/rosidl_generator_c/custom_interfaces/msg/detail/estimated_state__functions.c.o[0m
[7.219s] [ 10%] [32mBuilding C object CMakeFiles/custom_interfaces__rosidl_generator_c.dir/rosidl_generator_c/custom_interfaces/msg/detail/actuator__functions.c.o[0m
[7.268s] [ 12%] [34m[1mGenerating C++ type support dispatch for ROS interfaces[0m
[7.290s] [ 15%] [34m[1mGenerating C++ type support for eProsima Fast-RTPS[0m
[7.513s] [ 17%] [34m[1mGenerating C++ introspection for ROS interfaces[0m
[7.584s] [ 20%] [32m[1mLinking C shared library libcustom_interfaces__rosidl_generator_c.so[0m
[7.899s] [ 20%] Built target custom_interfaces__rosidl_generator_c
[8.002s] [ 23%] [34m[1mGenerating C type support for eProsima Fast-RTPS[0m
[8.768s] [35m[1mConsolidate compiler generated dependencies of target custom_interfaces__rosidl_typesupport_cpp[0m
[8.895s] [ 25%] [32mBuilding CXX object CMakeFiles/custom_interfaces__rosidl_typesupport_cpp.dir/rosidl_typesupport_cpp/custom_interfaces/msg/estimated_state__type_support.cpp.o[0m
[9.349s] [35m[1mConsolidate compiler generated dependencies of target custom_interfaces__rosidl_typesupport_fastrtps_cpp[0m
[9.426s] [35m[1mConsolidate compiler generated dependencies of target custom_interfaces__rosidl_typesupport_introspection_cpp[0m
[9.440s] [ 28%] [32mBuilding CXX object CMakeFiles/custom_interfaces__rosidl_typesupport_fastrtps_cpp.dir/rosidl_typesupport_fastrtps_cpp/custom_interfaces/msg/detail/dds_fastrtps/estimated_state__type_support.cpp.o[0m
[9.546s] [ 30%] [32mBuilding CXX object CMakeFiles/custom_interfaces__rosidl_typesupport_introspection_cpp.dir/rosidl_typesupport_introspection_cpp/custom_interfaces/msg/detail/estimated_state__type_support.cpp.o[0m
[10.220s] [35m[1mConsolidate compiler generated dependencies of target custom_interfaces__rosidl_typesupport_fastrtps_c[0m
[10.343s] [ 33%] [32mBuilding CXX object CMakeFiles/custom_interfaces__rosidl_typesupport_fastrtps_c.dir/rosidl_typesupport_fastrtps_c/custom_interfaces/msg/detail/estimated_state__type_support_c.cpp.o[0m
[10.694s] [ 35%] [32mBuilding CXX object CMakeFiles/custom_interfaces__rosidl_typesupport_cpp.dir/rosidl_typesupport_cpp/custom_interfaces/msg/actuator__type_support.cpp.o[0m
[11.407s] [ 38%] [32mBuilding CXX object CMakeFiles/custom_interfaces__rosidl_typesupport_fastrtps_cpp.dir/rosidl_typesupport_fastrtps_cpp/custom_interfaces/msg/detail/dds_fastrtps/actuator__type_support.cpp.o[0m
[11.760s] [ 41%] [32mBuilding CXX object CMakeFiles/custom_interfaces__rosidl_typesupport_introspection_cpp.dir/rosidl_typesupport_introspection_cpp/custom_interfaces/msg/detail/actuator__type_support.cpp.o[0m
[12.195s] [ 43%] [32m[1mLinking CXX shared library libcustom_interfaces__rosidl_typesupport_cpp.so[0m
[12.571s] [ 46%] [32mBuilding CXX object CMakeFiles/custom_interfaces__rosidl_typesupport_fastrtps_c.dir/rosidl_typesupport_fastrtps_c/custom_interfaces/msg/detail/actuator__type_support_c.cpp.o[0m
[12.624s] [ 46%] Built target custom_interfaces__rosidl_typesupport_cpp
[12.745s] [ 48%] [34m[1mGenerating C introspection for ROS interfaces[0m
[14.617s] [ 51%] [32m[1mLinking CXX shared library libcustom_interfaces__rosidl_typesupport_fastrtps_cpp.so[0m
[14.900s] [ 53%] [32m[1mLinking CXX shared library libcustom_interfaces__rosidl_typesupport_introspection_cpp.so[0m
[15.189s] [ 53%] Built target custom_interfaces__rosidl_typesupport_fastrtps_cpp
[15.309s] [ 56%] [34m[1mGenerating C type support dispatch for ROS interfaces[0m
[15.561s] [ 56%] Built target custom_interfaces__rosidl_typesupport_introspection_cpp
[15.660s] [ 58%] [32m[1mLinking CXX shared library libcustom_interfaces__rosidl_typesupport_fastrtps_c.so[0m
[16.123s] [35m[1mConsolidate compiler generated dependencies of target custom_interfaces__rosidl_typesupport_introspection_c[0m
[16.217s] [ 61%] [32mBuilding C object CMakeFiles/custom_interfaces__rosidl_typesupport_introspection_c.dir/rosidl_typesupport_introspection_c/custom_interfaces/msg/detail/estimated_state__type_support.c.o[0m
[16.230s] [ 64%] [32mBuilding C object CMakeFiles/custom_interfaces__rosidl_typesupport_introspection_c.dir/rosidl_typesupport_introspection_c/custom_interfaces/msg/detail/actuator__type_support.c.o[0m
[16.323s] [ 64%] Built target custom_interfaces__rosidl_typesupport_fastrtps_c
[16.550s] [ 66%] [32m[1mLinking C shared library libcustom_interfaces__rosidl_typesupport_introspection_c.so[0m
[16.878s] [ 66%] Built target custom_interfaces__rosidl_typesupport_introspection_c
[17.772s] [35m[1mConsolidate compiler generated dependencies of target custom_interfaces__rosidl_typesupport_c[0m
[17.859s] [ 69%] [32mBuilding CXX object CMakeFiles/custom_interfaces__rosidl_typesupport_c.dir/rosidl_typesupport_c/custom_interfaces/msg/estimated_state__type_support.cpp.o[0m
[17.869s] [ 71%] [32mBuilding CXX object CMakeFiles/custom_interfaces__rosidl_typesupport_c.dir/rosidl_typesupport_c/custom_interfaces/msg/actuator__type_support.cpp.o[0m
[18.162s] [ 74%] [32m[1mLinking CXX shared library libcustom_interfaces__rosidl_typesupport_c.so[0m
[18.352s] [ 74%] Built target custom_interfaces__rosidl_typesupport_c
[18.504s] [ 74%] Built target custom_interfaces
[18.634s] [ 76%] [34m[1mGenerating Python code for ROS interfaces[0m
[21.434s] [ 76%] Built target custom_interfaces__py
[21.511s] [35m[1mConsolidate compiler generated dependencies of target custom_interfaces__rosidl_generator_py[0m
[21.668s] [ 79%] [32mBuilding C object CMakeFiles/custom_interfaces__rosidl_generator_py.dir/rosidl_generator_py/custom_interfaces/msg/_estimated_state_s.c.o[0m
[21.677s] [ 82%] [32mBuilding C object CMakeFiles/custom_interfaces__rosidl_generator_py.dir/rosidl_generator_py/custom_interfaces/msg/_actuator_s.c.o[0m
[22.387s] [ 84%] [32m[1mLinking C shared library rosidl_generator_py/custom_interfaces/libcustom_interfaces__rosidl_generator_py.so[0m
[22.665s] [ 84%] Built target custom_interfaces__rosidl_generator_py
[22.794s] [35m[1mConsolidate compiler generated dependencies of target custom_interfaces__rosidl_typesupport_c__pyext[0m
[22.799s] [35m[1mConsolidate compiler generated dependencies of target custom_interfaces__rosidl_typesupport_fastrtps_c__pyext[0m
[22.819s] [35m[1mConsolidate compiler generated dependencies of target custom_interfaces__rosidl_typesupport_introspection_c__pyext[0m
[22.924s] [ 87%] [32mBuilding C object CMakeFiles/custom_interfaces__rosidl_typesupport_introspection_c__pyext.dir/rosidl_generator_py/custom_interfaces/_custom_interfaces_s.ep.rosidl_typesupport_introspection_c.c.o[0m
[22.944s] [ 89%] [32mBuilding C object CMakeFiles/custom_interfaces__rosidl_typesupport_fastrtps_c__pyext.dir/rosidl_generator_py/custom_interfaces/_custom_interfaces_s.ep.rosidl_typesupport_fastrtps_c.c.o[0m
[22.956s] [ 92%] [32mBuilding C object CMakeFiles/custom_interfaces__rosidl_typesupport_c__pyext.dir/rosidl_generator_py/custom_interfaces/_custom_interfaces_s.ep.rosidl_typesupport_c.c.o[0m
[23.678s] [ 94%] [32m[1mLinking C shared library rosidl_generator_py/custom_interfaces/custom_interfaces_s__rosidl_typesupport_introspection_c.cpython-310-aarch64-linux-gnu.so[0m
[23.901s] [ 97%] [32m[1mLinking C shared library rosidl_generator_py/custom_interfaces/custom_interfaces_s__rosidl_typesupport_fastrtps_c.cpython-310-aarch64-linux-gnu.so[0m
[23.910s] [100%] [32m[1mLinking C shared library rosidl_generator_py/custom_interfaces/custom_interfaces_s__rosidl_typesupport_c.cpython-310-aarch64-linux-gnu.so[0m
[23.940s] [100%] Built target custom_interfaces__rosidl_typesupport_introspection_c__pyext
[24.114s] [100%] Built target custom_interfaces__rosidl_typesupport_c__pyext
[24.256s] [100%] Built target custom_interfaces__rosidl_typesupport_fastrtps_c__pyext
[24.344s] Invoked command in '/workspaces/mavlab/build/custom_interfaces' returned '0': CMAKE_PREFIX_PATH=${CMAKE_PREFIX_PATH}:/opt/ros/humble /usr/bin/cmake --build /workspaces/mavlab/build/custom_interfaces -- -j4 -l4
[24.879s] Invoking command in '/workspaces/mavlab/build/custom_interfaces': CMAKE_PREFIX_PATH=${CMAKE_PREFIX_PATH}:/opt/ros/humble /usr/bin/cmake --install /workspaces/mavlab/build/custom_interfaces
[24.909s] -- Install configuration: ""
[24.915s] -- Up-to-date: /workspaces/mavlab/install/custom_interfaces/share/ament_index/resource_index/rosidl_interfaces/custom_interfaces
[24.917s] -- Up-to-date: /workspaces/mavlab/install/custom_interfaces/include/custom_interfaces/custom_interfaces
[24.920s] -- Up-to-date: /workspaces/mavlab/install/custom_interfaces/include/custom_interfaces/custom_interfaces/msg
[24.923s] -- Installing: /workspaces/mavlab/install/custom_interfaces/include/custom_interfaces/custom_interfaces/msg/actuator.h
[24.929s] -- Up-to-date: /workspaces/mavlab/install/custom_interfaces/include/custom_interfaces/custom_interfaces/msg/detail
[24.933s] -- Installing: /workspaces/mavlab/install/custom_interfaces/include/custom_interfaces/custom_interfaces/msg/detail/actuator__functions.h
[24.940s] -- Installing: /workspaces/mavlab/install/custom_interfaces/include/custom_interfaces/custom_interfaces/msg/detail/estimated_state__struct.h
[24.945s] -- Installing: /workspaces/mavlab/install/custom_interfaces/include/custom_interfaces/custom_interfaces/msg/detail/actuator__struct.h
[24.950s] -- Installing: /workspaces/mavlab/install/custom_interfaces/include/custom_interfaces/custom_interfaces/msg/detail/estimated_state__functions.c
[24.955s] -- Installing: /workspaces/mavlab/install/custom_interfaces/include/custom_interfaces/custom_interfaces/msg/detail/estimated_state__type_support.h
[24.959s] -- Installing: /workspaces/mavlab/install/custom_interfaces/include/custom_interfaces/custom_interfaces/msg/detail/actuator__type_support.h
[24.964s] -- Installing: /workspaces/mavlab/install/custom_interfaces/include/custom_interfaces/custom_interfaces/msg/detail/actuator__functions.c
[24.969s] -- Installing: /workspaces/mavlab/install/custom_interfaces/include/custom_interfaces/custom_interfaces/msg/detail/estimated_state__functions.h
[24.974s] -- Installing: /workspaces/mavlab/install/custom_interfaces/include/custom_interfaces/custom_interfaces/msg/estimated_state.h
[24.979s] -- Up-to-date: /workspaces/mavlab/install/custom_interfaces/include/custom_interfaces/custom_interfaces/msg/rosidl_generator_c__visibility_control.h
[24.980s] -- Up-to-date: /workspaces/mavlab/install/custom_interfaces/share/custom_interfaces/environment/library_path.sh
[24.981s] -- Installing: /workspaces/mavlab/install/custom_interfaces/share/custom_interfaces/environment/library_path.dsv
[24.987s] -- Installing: /workspaces/mavlab/install/custom_interfaces/lib/libcustom_interfaces__rosidl_generator_c.so
[24.994s] -- Set runtime path of "/workspaces/mavlab/install/custom_interfaces/lib/libcustom_interfaces__rosidl_generator_c.so" to ""
[24.995s] -- Up-to-date: /workspaces/mavlab/install/custom_interfaces/include/custom_interfaces/custom_interfaces
[24.997s] -- Up-to-date: /workspaces/mavlab/install/custom_interfaces/include/custom_interfaces/custom_interfaces/msg
[24.998s] -- Up-to-date: /workspaces/mavlab/install/custom_interfaces/include/custom_interfaces/custom_interfaces/msg/rosidl_typesupport_fastrtps_c__visibility_control.h
[24.999s] -- Up-to-date: /workspaces/mavlab/install/custom_interfaces/include/custom_interfaces/custom_interfaces/msg/detail
[25.001s] -- Installing: /workspaces/mavlab/install/custom_interfaces/include/custom_interfaces/custom_interfaces/msg/detail/estimated_state__rosidl_typesupport_fastrtps_c.h
[25.007s] -- Installing: /workspaces/mavlab/install/custom_interfaces/include/custom_interfaces/custom_interfaces/msg/detail/actuator__rosidl_typesupport_fastrtps_c.h
[25.026s] -- Installing: /workspaces/mavlab/install/custom_interfaces/lib/libcustom_interfaces__rosidl_typesupport_fastrtps_c.so
[25.026s] -- Set runtime path of "/workspaces/mavlab/install/custom_interfaces/lib/libcustom_interfaces__rosidl_typesupport_fastrtps_c.so" to ""
[25.038s] -- Up-to-date: /workspaces/mavlab/install/custom_interfaces/include/custom_interfaces/custom_interfaces
[25.051s] -- Up-to-date: /workspaces/mavlab/install/custom_interfaces/include/custom_interfaces/custom_interfaces/msg
[25.051s] -- Installing: /workspaces/mavlab/install/custom_interfaces/include/custom_interfaces/custom_interfaces/msg/estimated_state.hpp
[25.051s] -- Installing: /workspaces/mavlab/install/custom_interfaces/include/custom_interfaces/custom_interfaces/msg/actuator.hpp
[25.052s] -- Up-to-date: /workspaces/mavlab/install/custom_interfaces/include/custom_interfaces/custom_interfaces/msg/detail
[25.052s] -- Installing: /workspaces/mavlab/install/custom_interfaces/include/custom_interfaces/custom_interfaces/msg/detail/actuator__traits.hpp
[25.053s] -- Installing: /workspaces/mavlab/install/custom_interfaces/include/custom_interfaces/custom_interfaces/msg/detail/actuator__builder.hpp
[25.053s] -- Installing: /workspaces/mavlab/install/custom_interfaces/include/custom_interfaces/custom_interfaces/msg/detail/estimated_state__traits.hpp
[25.053s] -- Installing: /workspaces/mavlab/install/custom_interfaces/include/custom_interfaces/custom_interfaces/msg/detail/actuator__struct.hpp
[25.054s] -- Installing: /workspaces/mavlab/install/custom_interfaces/include/custom_interfaces/custom_interfaces/msg/detail/estimated_state__builder.hpp
[25.087s] -- Installing: /workspaces/mavlab/install/custom_interfaces/include/custom_interfaces/custom_interfaces/msg/detail/estimated_state__struct.hpp
[25.087s] -- Up-to-date: /workspaces/mavlab/install/custom_interfaces/include/custom_interfaces/custom_interfaces
[25.088s] -- Up-to-date: /workspaces/mavlab/install/custom_interfaces/include/custom_interfaces/custom_interfaces/msg
[25.088s] -- Up-to-date: /workspaces/mavlab/install/custom_interfaces/include/custom_interfaces/custom_interfaces/msg/rosidl_typesupport_fastrtps_cpp__visibility_control.h
[25.088s] -- Up-to-date: /workspaces/mavlab/install/custom_interfaces/include/custom_interfaces/custom_interfaces/msg/detail
[25.089s] -- Installing: /workspaces/mavlab/install/custom_interfaces/include/custom_interfaces/custom_interfaces/msg/detail/actuator__rosidl_typesupport_fastrtps_cpp.hpp
[25.089s] -- Installing: /workspaces/mavlab/install/custom_interfaces/include/custom_interfaces/custom_interfaces/msg/detail/estimated_state__rosidl_typesupport_fastrtps_cpp.hpp
[25.089s] -- Up-to-date: /workspaces/mavlab/install/custom_interfaces/include/custom_interfaces/custom_interfaces/msg/detail/dds_fastrtps
[25.090s] -- Installing: /workspaces/mavlab/install/custom_interfaces/lib/libcustom_interfaces__rosidl_typesupport_fastrtps_cpp.so
[25.090s] -- Set runtime path of "/workspaces/mavlab/install/custom_interfaces/lib/libcustom_interfaces__rosidl_typesupport_fastrtps_cpp.so" to ""
[25.090s] -- Up-to-date: /workspaces/mavlab/install/custom_interfaces/include/custom_interfaces/custom_interfaces
[25.091s] -- Up-to-date: /workspaces/mavlab/install/custom_interfaces/include/custom_interfaces/custom_interfaces/msg
[25.091s] -- Up-to-date: /workspaces/mavlab/install/custom_interfaces/include/custom_interfaces/custom_interfaces/msg/detail
[25.091s] -- Installing: /workspaces/mavlab/install/custom_interfaces/include/custom_interfaces/custom_interfaces/msg/detail/actuator__rosidl_typesupport_introspection_c.h
[25.092s] -- Installing: /workspaces/mavlab/install/custom_interfaces/include/custom_interfaces/custom_interfaces/msg/detail/actuator__type_support.c
[25.092s] -- Installing: /workspaces/mavlab/install/custom_interfaces/include/custom_interfaces/custom_interfaces/msg/detail/estimated_state__rosidl_typesupport_introspection_c.h
[25.092s] -- Installing: /workspaces/mavlab/install/custom_interfaces/include/custom_interfaces/custom_interfaces/msg/detail/estimated_state__type_support.c
[25.093s] -- Up-to-date: /workspaces/mavlab/install/custom_interfaces/include/custom_interfaces/custom_interfaces/msg/rosidl_typesupport_introspection_c__visibility_control.h
[25.093s] -- Installing: /workspaces/mavlab/install/custom_interfaces/lib/libcustom_interfaces__rosidl_typesupport_introspection_c.so
[25.093s] -- Set runtime path of "/workspaces/mavlab/install/custom_interfaces/lib/libcustom_interfaces__rosidl_typesupport_introspection_c.so" to ""
[25.094s] -- Installing: /workspaces/mavlab/install/custom_interfaces/lib/libcustom_interfaces__rosidl_typesupport_c.so
[25.100s] -- Set runtime path of "/workspaces/mavlab/install/custom_interfaces/lib/libcustom_interfaces__rosidl_typesupport_c.so" to ""
[25.101s] -- Up-to-date: /workspaces/mavlab/install/custom_interfaces/include/custom_interfaces/custom_interfaces
[25.101s] -- Up-to-date: /workspaces/mavlab/install/custom_interfaces/include/custom_interfaces/custom_interfaces/msg
[25.101s] -- Up-to-date: /workspaces/mavlab/install/custom_interfaces/include/custom_interfaces/custom_interfaces/msg/detail
[25.102s] -- Installing: /workspaces/mavlab/install/custom_interfaces/include/custom_interfaces/custom_interfaces/msg/detail/actuator__type_support.cpp
[25.102s] -- Installing: /workspaces/mavlab/install/custom_interfaces/include/custom_interfaces/custom_interfaces/msg/detail/actuator__rosidl_typesupport_introspection_cpp.hpp
[25.103s] -- Installing: /workspaces/mavlab/install/custom_interfaces/include/custom_interfaces/custom_interfaces/msg/detail/estimated_state__rosidl_typesupport_introspection_cpp.hpp
[25.103s] -- Installing: /workspaces/mavlab/install/custom_interfaces/include/custom_interfaces/custom_interfaces/msg/detail/estimated_state__type_support.cpp
[25.103s] -- Installing: /workspaces/mavlab/install/custom_interfaces/lib/libcustom_interfaces__rosidl_typesupport_introspection_cpp.so
[25.104s] -- Set runtime path of "/workspaces/mavlab/install/custom_interfaces/lib/libcustom_interfaces__rosidl_typesupport_introspection_cpp.so" to ""
[25.104s] -- Installing: /workspaces/mavlab/install/custom_interfaces/lib/libcustom_interfaces__rosidl_typesupport_cpp.so
[25.104s] -- Set runtime path of "/workspaces/mavlab/install/custom_interfaces/lib/libcustom_interfaces__rosidl_typesupport_cpp.so" to ""
[25.105s] -- Up-to-date: /workspaces/mavlab/install/custom_interfaces/share/custom_interfaces/environment/pythonpath.sh
[25.105s] -- Installing: /workspaces/mavlab/install/custom_interfaces/share/custom_interfaces/environment/pythonpath.dsv
[25.105s] -- Up-to-date: /workspaces/mavlab/install/custom_interfaces/local/lib/python3.10/dist-packages/custom_interfaces-0.0.1-py3.10.egg-info
[25.106s] -- Installing: /workspaces/mavlab/install/custom_interfaces/local/lib/python3.10/dist-packages/custom_interfaces-0.0.1-py3.10.egg-info/SOURCES.txt
[25.106s] -- Installing: /workspaces/mavlab/install/custom_interfaces/local/lib/python3.10/dist-packages/custom_interfaces-0.0.1-py3.10.egg-info/dependency_links.txt
[25.106s] -- Installing: /workspaces/mavlab/install/custom_interfaces/local/lib/python3.10/dist-packages/custom_interfaces-0.0.1-py3.10.egg-info/top_level.txt
[25.107s] -- Installing: /workspaces/mavlab/install/custom_interfaces/local/lib/python3.10/dist-packages/custom_interfaces-0.0.1-py3.10.egg-info/PKG-INFO
[25.107s] -- Up-to-date: /workspaces/mavlab/install/custom_interfaces/local/lib/python3.10/dist-packages/custom_interfaces
[25.107s] -- Installing: /workspaces/mavlab/install/custom_interfaces/local/lib/python3.10/dist-packages/custom_interfaces/__init__.py
[25.108s] -- Installing: /workspaces/mavlab/install/custom_interfaces/local/lib/python3.10/dist-packages/custom_interfaces/_custom_interfaces_s.ep.rosidl_typesupport_fastrtps_c.c
[25.108s] -- Installing: /workspaces/mavlab/install/custom_interfaces/local/lib/python3.10/dist-packages/custom_interfaces/custom_interfaces_s__rosidl_typesupport_c.cpython-310-aarch64-linux-gnu.so
[25.108s] -- Installing: /workspaces/mavlab/install/custom_interfaces/local/lib/python3.10/dist-packages/custom_interfaces/custom_interfaces_s__rosidl_typesupport_fastrtps_c.cpython-310-aarch64-linux-gnu.so
[25.109s] -- Installing: /workspaces/mavlab/install/custom_interfaces/local/lib/python3.10/dist-packages/custom_interfaces/libcustom_interfaces__rosidl_generator_py.so
[25.109s] -- Installing: /workspaces/mavlab/install/custom_interfaces/local/lib/python3.10/dist-packages/custom_interfaces/_custom_interfaces_s.ep.rosidl_typesupport_c.c
[25.109s] -- Up-to-date: /workspaces/mavlab/install/custom_interfaces/local/lib/python3.10/dist-packages/custom_interfaces/msg
[25.110s] -- Installing: /workspaces/mavlab/install/custom_interfaces/local/lib/python3.10/dist-packages/custom_interfaces/msg/__init__.py
[25.110s] -- Installing: /workspaces/mavlab/install/custom_interfaces/local/lib/python3.10/dist-packages/custom_interfaces/msg/_actuator_s.c
[25.110s] -- Installing: /workspaces/mavlab/install/custom_interfaces/local/lib/python3.10/dist-packages/custom_interfaces/msg/_estimated_state.py
[25.125s] -- Installing: /workspaces/mavlab/install/custom_interfaces/local/lib/python3.10/dist-packages/custom_interfaces/msg/_actuator.py
[25.127s] -- Installing: /workspaces/mavlab/install/custom_interfaces/local/lib/python3.10/dist-packages/custom_interfaces/msg/_estimated_state_s.c
[25.128s] -- Installing: /workspaces/mavlab/install/custom_interfaces/local/lib/python3.10/dist-packages/custom_interfaces/custom_interfaces_s__rosidl_typesupport_introspection_c.cpython-310-aarch64-linux-gnu.so
[25.130s] -- Installing: /workspaces/mavlab/install/custom_interfaces/local/lib/python3.10/dist-packages/custom_interfaces/_custom_interfaces_s.ep.rosidl_typesupport_introspection_c.c
[25.320s] Listing '/workspaces/mavlab/install/custom_interfaces/local/lib/python3.10/dist-packages/custom_interfaces'...
[25.322s] Compiling '/workspaces/mavlab/install/custom_interfaces/local/lib/python3.10/dist-packages/custom_interfaces/__init__.py'...
[25.324s] Listing '/workspaces/mavlab/install/custom_interfaces/local/lib/python3.10/dist-packages/custom_interfaces/msg'...
[25.326s] Compiling '/workspaces/mavlab/install/custom_interfaces/local/lib/python3.10/dist-packages/custom_interfaces/msg/__init__.py'...
[25.327s] Compiling '/workspaces/mavlab/install/custom_interfaces/local/lib/python3.10/dist-packages/custom_interfaces/msg/_actuator.py'...
[25.329s] Compiling '/workspaces/mavlab/install/custom_interfaces/local/lib/python3.10/dist-packages/custom_interfaces/msg/_estimated_state.py'...
[25.350s] -- Installing: /workspaces/mavlab/install/custom_interfaces/local/lib/python3.10/dist-packages/custom_interfaces/custom_interfaces_s__rosidl_typesupport_fastrtps_c.cpython-310-aarch64-linux-gnu.so
[25.351s] -- Set runtime path of "/workspaces/mavlab/install/custom_interfaces/local/lib/python3.10/dist-packages/custom_interfaces/custom_interfaces_s__rosidl_typesupport_fastrtps_c.cpython-310-aarch64-linux-gnu.so" to ""
[25.351s] -- Installing: /workspaces/mavlab/install/custom_interfaces/local/lib/python3.10/dist-packages/custom_interfaces/custom_interfaces_s__rosidl_typesupport_introspection_c.cpython-310-aarch64-linux-gnu.so
[25.352s] -- Set runtime path of "/workspaces/mavlab/install/custom_interfaces/local/lib/python3.10/dist-packages/custom_interfaces/custom_interfaces_s__rosidl_typesupport_introspection_c.cpython-310-aarch64-linux-gnu.so" to ""
[25.352s] -- Installing: /workspaces/mavlab/install/custom_interfaces/local/lib/python3.10/dist-packages/custom_interfaces/custom_interfaces_s__rosidl_typesupport_c.cpython-310-aarch64-linux-gnu.so
[25.352s] -- Set runtime path of "/workspaces/mavlab/install/custom_interfaces/local/lib/python3.10/dist-packages/custom_interfaces/custom_interfaces_s__rosidl_typesupport_c.cpython-310-aarch64-linux-gnu.so" to ""
[25.356s] -- Installing: /workspaces/mavlab/install/custom_interfaces/lib/libcustom_interfaces__rosidl_generator_py.so
[25.357s] -- Set runtime path of "/workspaces/mavlab/install/custom_interfaces/lib/libcustom_interfaces__rosidl_generator_py.so" to ""
[25.357s] -- Installing: /workspaces/mavlab/install/custom_interfaces/share/custom_interfaces/msg/EstimatedState.idl
[25.359s] -- Up-to-date: /workspaces/mavlab/install/custom_interfaces/share/custom_interfaces/msg/Actuator.idl
[25.360s] -- Installing: /workspaces/mavlab/install/custom_interfaces/share/custom_interfaces/msg/EstimatedState.msg
[25.361s] -- Up-to-date: /workspaces/mavlab/install/custom_interfaces/share/custom_interfaces/msg/Actuator.msg
[25.362s] -- Up-to-date: /workspaces/mavlab/install/custom_interfaces/share/ament_index/resource_index/package_run_dependencies/custom_interfaces
[25.363s] -- Installing: /workspaces/mavlab/install/custom_interfaces/share/ament_index/resource_index/parent_prefix_path/custom_interfaces
[25.364s] -- Up-to-date: /workspaces/mavlab/install/custom_interfaces/share/custom_interfaces/environment/ament_prefix_path.sh
[25.365s] -- Installing: /workspaces/mavlab/install/custom_interfaces/share/custom_interfaces/environment/ament_prefix_path.dsv
[25.366s] -- Up-to-date: /workspaces/mavlab/install/custom_interfaces/share/custom_interfaces/environment/path.sh
[25.367s] -- Installing: /workspaces/mavlab/install/custom_interfaces/share/custom_interfaces/environment/path.dsv
[25.369s] -- Up-to-date: /workspaces/mavlab/install/custom_interfaces/share/custom_interfaces/local_setup.bash
[25.370s] -- Up-to-date: /workspaces/mavlab/install/custom_interfaces/share/custom_interfaces/local_setup.sh
[25.370s] -- Up-to-date: /workspaces/mavlab/install/custom_interfaces/share/custom_interfaces/local_setup.zsh
[25.371s] -- Installing: /workspaces/mavlab/install/custom_interfaces/share/custom_interfaces/local_setup.dsv
[25.372s] -- Installing: /workspaces/mavlab/install/custom_interfaces/share/custom_interfaces/package.dsv
[25.374s] -- Up-to-date: /workspaces/mavlab/install/custom_interfaces/share/ament_index/resource_index/packages/custom_interfaces
[25.375s] -- Up-to-date: /workspaces/mavlab/install/custom_interfaces/share/custom_interfaces/cmake/export_custom_interfaces__rosidl_generator_cExport.cmake
[25.377s] -- Up-to-date: /workspaces/mavlab/install/custom_interfaces/share/custom_interfaces/cmake/export_custom_interfaces__rosidl_generator_cExport-noconfig.cmake
[25.378s] -- Up-to-date: /workspaces/mavlab/install/custom_interfaces/share/custom_interfaces/cmake/export_custom_interfaces__rosidl_typesupport_fastrtps_cExport.cmake
[25.379s] -- Up-to-date: /workspaces/mavlab/install/custom_interfaces/share/custom_interfaces/cmake/export_custom_interfaces__rosidl_typesupport_fastrtps_cExport-noconfig.cmake
[25.381s] -- Up-to-date: /workspaces/mavlab/install/custom_interfaces/share/custom_interfaces/cmake/export_custom_interfaces__rosidl_generator_cppExport.cmake
[25.382s] -- Up-to-date: /workspaces/mavlab/install/custom_interfaces/share/custom_interfaces/cmake/export_custom_interfaces__rosidl_typesupport_fastrtps_cppExport.cmake
[25.383s] -- Up-to-date: /workspaces/mavlab/install/custom_interfaces/share/custom_interfaces/cmake/export_custom_interfaces__rosidl_typesupport_fastrtps_cppExport-noconfig.cmake
[25.385s] -- Up-to-date: /workspaces/mavlab/install/custom_interfaces/share/custom_interfaces/cmake/custom_interfaces__rosidl_typesupport_introspection_cExport.cmake
[25.386s] -- Up-to-date: /workspaces/mavlab/install/custom_interfaces/share/custom_interfaces/cmake/custom_interfaces__rosidl_typesupport_introspection_cExport-noconfig.cmake
[25.387s] -- Up-to-date: /workspaces/mavlab/install/custom_interfaces/share/custom_interfaces/cmake/custom_interfaces__rosidl_typesupport_cExport.cmake
[25.388s] -- Up-to-date: /workspaces/mavlab/install/custom_interfaces/share/custom_interfaces/cmake/custom_interfaces__rosidl_typesupport_cExport-noconfig.cmake
[25.390s] -- Up-to-date: /workspaces/mavlab/install/custom_interfaces/share/custom_interfaces/cmake/custom_interfaces__rosidl_typesupport_introspection_cppExport.cmake
[25.391s] -- Up-to-date: /workspaces/mavlab/install/custom_interfaces/share/custom_interfaces/cmake/custom_interfaces__rosidl_typesupport_introspection_cppExport-noconfig.cmake
[25.393s] -- Up-to-date: /workspaces/mavlab/install/custom_interfaces/share/custom_interfaces/cmake/custom_interfaces__rosidl_typesupport_cppExport.cmake
[25.394s] -- Up-to-date: /workspaces/mavlab/install/custom_interfaces/share/custom_interfaces/cmake/custom_interfaces__rosidl_typesupport_cppExport-noconfig.cmake
[25.396s] -- Up-to-date: /workspaces/mavlab/install/custom_interfaces/share/custom_interfaces/cmake/export_custom_interfaces__rosidl_generator_pyExport.cmake
[25.396s] -- Up-to-date: /workspaces/mavlab/install/custom_interfaces/share/custom_interfaces/cmake/export_custom_interfaces__rosidl_generator_pyExport-noconfig.cmake
[25.397s] -- Up-to-date: /workspaces/mavlab/install/custom_interfaces/share/custom_interfaces/cmake/rosidl_cmake-extras.cmake
[25.398s] -- Up-to-date: /workspaces/mavlab/install/custom_interfaces/share/custom_interfaces/cmake/ament_cmake_export_dependencies-extras.cmake
[25.399s] -- Up-to-date: /workspaces/mavlab/install/custom_interfaces/share/custom_interfaces/cmake/ament_cmake_export_include_directories-extras.cmake
[25.400s] -- Up-to-date: /workspaces/mavlab/install/custom_interfaces/share/custom_interfaces/cmake/ament_cmake_export_libraries-extras.cmake
[25.400s] -- Up-to-date: /workspaces/mavlab/install/custom_interfaces/share/custom_interfaces/cmake/ament_cmake_export_targets-extras.cmake
[25.401s] -- Up-to-date: /workspaces/mavlab/install/custom_interfaces/share/custom_interfaces/cmake/rosidl_cmake_export_typesupport_targets-extras.cmake
[25.402s] -- Up-to-date: /workspaces/mavlab/install/custom_interfaces/share/custom_interfaces/cmake/rosidl_cmake_export_typesupport_libraries-extras.cmake
[25.403s] -- Up-to-date: /workspaces/mavlab/install/custom_interfaces/share/custom_interfaces/cmake/custom_interfacesConfig.cmake
[25.404s] -- Up-to-date: /workspaces/mavlab/install/custom_interfaces/share/custom_interfaces/cmake/custom_interfacesConfig-version.cmake
[25.407s] -- Up-to-date: /workspaces/mavlab/install/custom_interfaces/share/custom_interfaces/package.xml
[25.420s] Invoked command in '/workspaces/mavlab/build/custom_interfaces' returned '0': CMAKE_PREFIX_PATH=${CMAKE_PREFIX_PATH}:/opt/ros/humble /usr/bin/cmake --install /workspaces/mavlab/build/custom_interfaces
