[0.056s] Invoking command in '/workspaces/mavlab/ros2_ws/build/kf': CMAKE_PREFIX_PATH=/opt/ros/humble /usr/bin/cmake /workspaces/mavlab/ros2_ws/src/kf -DCMAKE_INSTALL_PREFIX=/workspaces/mavlab/ros2_ws/install/kf
[0.997s] -- The C compiler identification is GNU 11.4.0
[1.542s] -- The CXX compiler identification is GNU 11.4.0
[1.582s] -- Detecting C compiler ABI info
[1.846s] -- Detecting C compiler ABI info - done
[1.881s] -- Check for working C compiler: /usr/bin/cc - skipped
[1.882s] -- Detecting C compile features
[1.884s] -- Detecting C compile features - done
[1.898s] -- Detecting CXX compiler ABI info
[2.228s] -- Detecting CXX compiler ABI info - done
[2.267s] -- Check for working CXX compiler: /usr/bin/c++ - skipped
[2.268s] -- Detecting CXX compile features
[2.283s] -- Detecting CXX compile features - done
[2.302s] -- Found ament_cmake: 1.3.10 (/opt/ros/humble/share/ament_cmake/cmake)
[2.979s] -- Found Python3: /usr/bin/python3 (found version "3.10.12") found components: Interpreter 
[3.584s] -- Found rclcpp: 16.0.10 (/opt/ros/humble/share/rclcpp/cmake)
[3.859s] -- Found rosidl_generator_c: 3.1.5 (/opt/ros/humble/share/rosidl_generator_c/cmake)
[3.889s] -- Found rosidl_adapter: 3.1.5 (/opt/ros/humble/share/rosidl_adapter/cmake)
[3.930s] -- Found rosidl_generator_cpp: 3.1.5 (/opt/ros/humble/share/rosidl_generator_cpp/cmake)
[4.005s] -- Using all available rosidl_typesupport_c: rosidl_typesupport_fastrtps_c;rosidl_typesupport_introspection_c
[4.133s] -- Using all available rosidl_typesupport_cpp: rosidl_typesupport_fastrtps_cpp;rosidl_typesupport_introspection_cpp
[4.478s] -- Found rmw_implementation_cmake: 6.1.2 (/opt/ros/humble/share/rmw_implementation_cmake/cmake)
[4.504s] -- Found rmw_fastrtps_cpp: 6.2.7 (/opt/ros/humble/share/rmw_fastrtps_cpp/cmake)
[4.997s] -- Found OpenSSL: /usr/lib/aarch64-linux-gnu/libcrypto.so (found version "3.0.2")  
[5.128s] -- Found FastRTPS: /opt/ros/humble/include  
[5.333s] -- Using RMW implementation 'rmw_fastrtps_cpp' as default
[5.408s] -- Looking for pthread.h
[5.736s] -- Looking for pthread.h - found
[5.738s] -- Performing Test CMAKE_HAVE_LIBC_PTHREAD
[6.034s] -- Performing Test CMAKE_HAVE_LIBC_PTHREAD - Success
[6.037s] -- Found Threads: TRUE  
[6.319s] -- Found rclpy: 3.3.14 (/opt/ros/humble/share/rclpy/cmake)
[6.647s] -- Configuring done
[6.672s] -- Generating done
[6.680s] -- Build files have been written to: /workspaces/mavlab/ros2_ws/build/kf
[6.711s] Invoked command in '/workspaces/mavlab/ros2_ws/build/kf' returned '0': CMAKE_PREFIX_PATH=/opt/ros/humble /usr/bin/cmake /workspaces/mavlab/ros2_ws/src/kf -DCMAKE_INSTALL_PREFIX=/workspaces/mavlab/ros2_ws/install/kf
[6.718s] Invoking command in '/workspaces/mavlab/ros2_ws/build/kf': CMAKE_PREFIX_PATH=/opt/ros/humble /usr/bin/cmake --build /workspaces/mavlab/ros2_ws/build/kf -- -j4 -l4
[6.864s] Invoked command in '/workspaces/mavlab/ros2_ws/build/kf' returned '0': CMAKE_PREFIX_PATH=/opt/ros/humble /usr/bin/cmake --build /workspaces/mavlab/ros2_ws/build/kf -- -j4 -l4
[6.971s] Invoking command in '/workspaces/mavlab/ros2_ws/build/kf': CMAKE_PREFIX_PATH=/opt/ros/humble /usr/bin/cmake --install /workspaces/mavlab/ros2_ws/build/kf
[6.993s] -- Install configuration: ""
[6.994s] -- Installing: /workspaces/mavlab/ros2_ws/install/kf/share/kf/launch
[6.995s] -- Installing: /workspaces/mavlab/ros2_ws/install/kf/share/kf/launch/kf_launch.py
[6.996s] -- Installing: /workspaces/mavlab/ros2_ws/install/kf/share/kf/launch/kf_alone.py
[6.999s] -- Installing: /workspaces/mavlab/ros2_ws/install/kf/lib/kf/kf_uwb.py
[7.000s] -- Installing: /workspaces/mavlab/ros2_ws/install/kf/share/ament_index/resource_index/package_run_dependencies/kf
[7.002s] -- Installing: /workspaces/mavlab/ros2_ws/install/kf/share/ament_index/resource_index/parent_prefix_path/kf
[7.004s] -- Installing: /workspaces/mavlab/ros2_ws/install/kf/share/kf/environment/ament_prefix_path.sh
[7.005s] -- Installing: /workspaces/mavlab/ros2_ws/install/kf/share/kf/environment/ament_prefix_path.dsv
[7.007s] -- Installing: /workspaces/mavlab/ros2_ws/install/kf/share/kf/environment/path.sh
[7.008s] -- Installing: /workspaces/mavlab/ros2_ws/install/kf/share/kf/environment/path.dsv
[7.010s] -- Installing: /workspaces/mavlab/ros2_ws/install/kf/share/kf/local_setup.bash
[7.011s] -- Installing: /workspaces/mavlab/ros2_ws/install/kf/share/kf/local_setup.sh
[7.013s] -- Installing: /workspaces/mavlab/ros2_ws/install/kf/share/kf/local_setup.zsh
[7.013s] -- Installing: /workspaces/mavlab/ros2_ws/install/kf/share/kf/local_setup.dsv
[7.016s] -- Installing: /workspaces/mavlab/ros2_ws/install/kf/share/kf/package.dsv
[7.034s] -- Installing: /workspaces/mavlab/ros2_ws/install/kf/share/ament_index/resource_index/packages/kf
[7.034s] -- Installing: /workspaces/mavlab/ros2_ws/install/kf/share/kf/cmake/kfConfig.cmake
[7.035s] -- Installing: /workspaces/mavlab/ros2_ws/install/kf/share/kf/cmake/kfConfig-version.cmake
[7.035s] -- Installing: /workspaces/mavlab/ros2_ws/install/kf/share/kf/package.xml
[7.038s] Invoked command in '/workspaces/mavlab/ros2_ws/build/kf' returned '0': CMAKE_PREFIX_PATH=/opt/ros/humble /usr/bin/cmake --install /workspaces/mavlab/ros2_ws/build/kf
