[0.444s] DEBUG:colcon:Command line arguments: ['/usr/bin/colcon', 'build']
[0.445s] DEBUG:colcon:Parsed command line arguments: Namespace(log_base=None, log_level=None, verb_name='build', build_base='build', install_base='install', merge_install=False, symlink_install=False, test_result_base=None, continue_on_error=False, executor='parallel', parallel_workers=4, event_handlers=None, ignore_user_meta=False, metas=['./colcon.meta'], base_paths=['.'], packages_ignore=None, packages_ignore_regex=None, paths=None, packages_up_to=None, packages_up_to_regex=None, packages_above=None, packages_above_and_dependencies=None, packages_above_depth=None, packages_select_by_dep=None, packages_skip_by_dep=None, packages_skip_up_to=None, packages_select_build_failed=False, packages_skip_build_finished=False, packages_select_test_failures=False, packages_skip_test_passed=False, packages_select=None, packages_skip=None, packages_select_regex=None, packages_skip_regex=None, packages_start=None, packages_end=None, cmake_args=None, cmake_target=None, cmake_target_skip_unavailable=False, cmake_clean_cache=False, cmake_clean_first=False, cmake_force_configure=False, ament_cmake_args=None, catkin_cmake_args=None, catkin_skip_building_tests=False, mixin_files=None, mixin=None, verb_parser=<colcon_mixin.mixin.mixin_argument.MixinArgumentDecorator object at 0x7f90e03e20>, verb_extension=<colcon_core.verb.build.BuildVerb object at 0x7f90f88520>, main=<bound method BuildVerb.main of <colcon_core.verb.build.BuildVerb object at 0x7f90f88520>>, mixin_verb=('build',))
[1.012s] Level 1:colcon.colcon_core.package_discovery:discover_packages(colcon_meta) check parameters
[1.012s] Level 1:colcon.colcon_core.package_discovery:discover_packages(recursive) check parameters
[1.012s] Level 1:colcon.colcon_core.package_discovery:discover_packages(ignore) check parameters
[1.012s] Level 1:colcon.colcon_core.package_discovery:discover_packages(path) check parameters
[1.013s] Level 1:colcon.colcon_core.package_discovery:discover_packages(colcon_meta) discover
[1.013s] Level 1:colcon.colcon_core.package_discovery:discover_packages(recursive) discover
[1.013s] INFO:colcon.colcon_core.package_discovery:Crawling recursively for packages in '/workspaces/mavlab/ros2_ws'
[1.014s] Level 1:colcon.colcon_core.package_identification:_identify(.) by extensions ['ignore', 'ignore_ament_install']
[1.014s] Level 1:colcon.colcon_core.package_identification:_identify(.) by extension 'ignore'
[1.014s] Level 1:colcon.colcon_core.package_identification:_identify(.) by extension 'ignore_ament_install'
[1.014s] Level 1:colcon.colcon_core.package_identification:_identify(.) by extensions ['colcon_pkg']
[1.015s] Level 1:colcon.colcon_core.package_identification:_identify(.) by extension 'colcon_pkg'
[1.015s] Level 1:colcon.colcon_core.package_identification:_identify(.) by extensions ['colcon_meta']
[1.015s] Level 1:colcon.colcon_core.package_identification:_identify(.) by extension 'colcon_meta'
[1.015s] Level 1:colcon.colcon_core.package_identification:_identify(.) by extensions ['ros']
[1.015s] Level 1:colcon.colcon_core.package_identification:_identify(.) by extension 'ros'
[1.068s] Level 1:colcon.colcon_core.package_identification:_identify(.) by extensions ['cmake', 'python']
[1.068s] Level 1:colcon.colcon_core.package_identification:_identify(.) by extension 'cmake'
[1.069s] Level 1:colcon.colcon_core.package_identification:_identify(.) by extension 'python'
[1.069s] Level 1:colcon.colcon_core.package_identification:_identify(.) by extensions ['python_setup_py']
[1.069s] Level 1:colcon.colcon_core.package_identification:_identify(.) by extension 'python_setup_py'
[1.070s] Level 1:colcon.colcon_core.package_identification:_identify(build) by extensions ['ignore', 'ignore_ament_install']
[1.070s] Level 1:colcon.colcon_core.package_identification:_identify(build) by extension 'ignore'
[1.070s] Level 1:colcon.colcon_core.package_identification:_identify(build) ignored
[1.071s] Level 1:colcon.colcon_core.package_identification:_identify(install) by extensions ['ignore', 'ignore_ament_install']
[1.071s] Level 1:colcon.colcon_core.package_identification:_identify(install) by extension 'ignore'
[1.071s] Level 1:colcon.colcon_core.package_identification:_identify(install) ignored
[1.072s] Level 1:colcon.colcon_core.package_identification:_identify(log) by extensions ['ignore', 'ignore_ament_install']
[1.072s] Level 1:colcon.colcon_core.package_identification:_identify(log) by extension 'ignore'
[1.072s] Level 1:colcon.colcon_core.package_identification:_identify(log) ignored
[1.073s] Level 1:colcon.colcon_core.package_identification:_identify(src) by extensions ['ignore', 'ignore_ament_install']
[1.073s] Level 1:colcon.colcon_core.package_identification:_identify(src) by extension 'ignore'
[1.073s] Level 1:colcon.colcon_core.package_identification:_identify(src) by extension 'ignore_ament_install'
[1.073s] Level 1:colcon.colcon_core.package_identification:_identify(src) by extensions ['colcon_pkg']
[1.074s] Level 1:colcon.colcon_core.package_identification:_identify(src) by extension 'colcon_pkg'
[1.074s] Level 1:colcon.colcon_core.package_identification:_identify(src) by extensions ['colcon_meta']
[1.074s] Level 1:colcon.colcon_core.package_identification:_identify(src) by extension 'colcon_meta'
[1.074s] Level 1:colcon.colcon_core.package_identification:_identify(src) by extensions ['ros']
[1.074s] Level 1:colcon.colcon_core.package_identification:_identify(src) by extension 'ros'
[1.075s] Level 1:colcon.colcon_core.package_identification:_identify(src) by extensions ['cmake', 'python']
[1.075s] Level 1:colcon.colcon_core.package_identification:_identify(src) by extension 'cmake'
[1.075s] Level 1:colcon.colcon_core.package_identification:_identify(src) by extension 'python'
[1.075s] Level 1:colcon.colcon_core.package_identification:_identify(src) by extensions ['python_setup_py']
[1.075s] Level 1:colcon.colcon_core.package_identification:_identify(src) by extension 'python_setup_py'
[1.076s] Level 1:colcon.colcon_core.package_identification:_identify(src/custom_interfaces) by extensions ['ignore', 'ignore_ament_install']
[1.076s] Level 1:colcon.colcon_core.package_identification:_identify(src/custom_interfaces) by extension 'ignore'
[1.076s] Level 1:colcon.colcon_core.package_identification:_identify(src/custom_interfaces) by extension 'ignore_ament_install'
[1.076s] Level 1:colcon.colcon_core.package_identification:_identify(src/custom_interfaces) by extensions ['colcon_pkg']
[1.077s] Level 1:colcon.colcon_core.package_identification:_identify(src/custom_interfaces) by extension 'colcon_pkg'
[1.077s] Level 1:colcon.colcon_core.package_identification:_identify(src/custom_interfaces) by extensions ['colcon_meta']
[1.077s] Level 1:colcon.colcon_core.package_identification:_identify(src/custom_interfaces) by extension 'colcon_meta'
[1.077s] Level 1:colcon.colcon_core.package_identification:_identify(src/custom_interfaces) by extensions ['ros']
[1.077s] Level 1:colcon.colcon_core.package_identification:_identify(src/custom_interfaces) by extension 'ros'
[1.087s] DEBUG:colcon.colcon_core.package_identification:Package 'src/custom_interfaces' with type 'ros.ament_cmake' and name 'custom_interfaces'
[1.087s] Level 1:colcon.colcon_core.package_identification:_identify(src/kf) by extensions ['ignore', 'ignore_ament_install']
[1.088s] Level 1:colcon.colcon_core.package_identification:_identify(src/kf) by extension 'ignore'
[1.088s] Level 1:colcon.colcon_core.package_identification:_identify(src/kf) by extension 'ignore_ament_install'
[1.088s] Level 1:colcon.colcon_core.package_identification:_identify(src/kf) by extensions ['colcon_pkg']
[1.088s] Level 1:colcon.colcon_core.package_identification:_identify(src/kf) by extension 'colcon_pkg'
[1.089s] Level 1:colcon.colcon_core.package_identification:_identify(src/kf) by extensions ['colcon_meta']
[1.089s] Level 1:colcon.colcon_core.package_identification:_identify(src/kf) by extension 'colcon_meta'
[1.089s] Level 1:colcon.colcon_core.package_identification:_identify(src/kf) by extensions ['ros']
[1.089s] Level 1:colcon.colcon_core.package_identification:_identify(src/kf) by extension 'ros'
[1.093s] DEBUG:colcon.colcon_core.package_identification:Package 'src/kf' with type 'ros.ament_cmake' and name 'kf'
[1.093s] Level 1:colcon.colcon_core.package_identification:_identify(src/uwb) by extensions ['ignore', 'ignore_ament_install']
[1.094s] Level 1:colcon.colcon_core.package_identification:_identify(src/uwb) by extension 'ignore'
[1.094s] Level 1:colcon.colcon_core.package_identification:_identify(src/uwb) by extension 'ignore_ament_install'
[1.094s] Level 1:colcon.colcon_core.package_identification:_identify(src/uwb) by extensions ['colcon_pkg']
[1.094s] Level 1:colcon.colcon_core.package_identification:_identify(src/uwb) by extension 'colcon_pkg'
[1.095s] Level 1:colcon.colcon_core.package_identification:_identify(src/uwb) by extensions ['colcon_meta']
[1.095s] Level 1:colcon.colcon_core.package_identification:_identify(src/uwb) by extension 'colcon_meta'
[1.095s] Level 1:colcon.colcon_core.package_identification:_identify(src/uwb) by extensions ['ros']
[1.095s] Level 1:colcon.colcon_core.package_identification:_identify(src/uwb) by extension 'ros'
[1.098s] DEBUG:colcon.colcon_core.package_identification:Package 'src/uwb' with type 'ros.ament_cmake' and name 'uwb'
[1.099s] Level 1:colcon.colcon_core.package_discovery:discover_packages(recursive) using defaults
[1.099s] Level 1:colcon.colcon_core.package_discovery:discover_packages(ignore) discover
[1.099s] Level 1:colcon.colcon_core.package_discovery:discover_packages(ignore) using defaults
[1.099s] Level 1:colcon.colcon_core.package_discovery:discover_packages(path) discover
[1.099s] Level 1:colcon.colcon_core.package_discovery:discover_packages(path) using defaults
[1.187s] Level 5:colcon.colcon_core.verb:set package 'custom_interfaces' build argument 'cmake_args' from command line to 'None'
[1.188s] Level 5:colcon.colcon_core.verb:set package 'custom_interfaces' build argument 'cmake_target' from command line to 'None'
[1.188s] Level 5:colcon.colcon_core.verb:set package 'custom_interfaces' build argument 'cmake_target_skip_unavailable' from command line to 'False'
[1.188s] Level 5:colcon.colcon_core.verb:set package 'custom_interfaces' build argument 'cmake_clean_cache' from command line to 'False'
[1.188s] Level 5:colcon.colcon_core.verb:set package 'custom_interfaces' build argument 'cmake_clean_first' from command line to 'False'
[1.188s] Level 5:colcon.colcon_core.verb:set package 'custom_interfaces' build argument 'cmake_force_configure' from command line to 'False'
[1.188s] Level 5:colcon.colcon_core.verb:set package 'custom_interfaces' build argument 'ament_cmake_args' from command line to 'None'
[1.188s] Level 5:colcon.colcon_core.verb:set package 'custom_interfaces' build argument 'catkin_cmake_args' from command line to 'None'
[1.189s] Level 5:colcon.colcon_core.verb:set package 'custom_interfaces' build argument 'catkin_skip_building_tests' from command line to 'False'
[1.189s] DEBUG:colcon.colcon_core.verb:Building package 'custom_interfaces' with the following arguments: {'ament_cmake_args': None, 'build_base': '/workspaces/mavlab/ros2_ws/build/custom_interfaces', 'catkin_cmake_args': None, 'catkin_skip_building_tests': False, 'cmake_args': None, 'cmake_clean_cache': False, 'cmake_clean_first': False, 'cmake_force_configure': False, 'cmake_target': None, 'cmake_target_skip_unavailable': False, 'install_base': '/workspaces/mavlab/ros2_ws/install/custom_interfaces', 'merge_install': False, 'path': '/workspaces/mavlab/ros2_ws/src/custom_interfaces', 'symlink_install': False, 'test_result_base': None}
[1.191s] Level 5:colcon.colcon_core.verb:set package 'kf' build argument 'cmake_args' from command line to 'None'
[1.191s] Level 5:colcon.colcon_core.verb:set package 'kf' build argument 'cmake_target' from command line to 'None'
[1.191s] Level 5:colcon.colcon_core.verb:set package 'kf' build argument 'cmake_target_skip_unavailable' from command line to 'False'
[1.191s] Level 5:colcon.colcon_core.verb:set package 'kf' build argument 'cmake_clean_cache' from command line to 'False'
[1.191s] Level 5:colcon.colcon_core.verb:set package 'kf' build argument 'cmake_clean_first' from command line to 'False'
[1.191s] Level 5:colcon.colcon_core.verb:set package 'kf' build argument 'cmake_force_configure' from command line to 'False'
[1.191s] Level 5:colcon.colcon_core.verb:set package 'kf' build argument 'ament_cmake_args' from command line to 'None'
[1.191s] Level 5:colcon.colcon_core.verb:set package 'kf' build argument 'catkin_cmake_args' from command line to 'None'
[1.192s] Level 5:colcon.colcon_core.verb:set package 'kf' build argument 'catkin_skip_building_tests' from command line to 'False'
[1.192s] DEBUG:colcon.colcon_core.verb:Building package 'kf' with the following arguments: {'ament_cmake_args': None, 'build_base': '/workspaces/mavlab/ros2_ws/build/kf', 'catkin_cmake_args': None, 'catkin_skip_building_tests': False, 'cmake_args': None, 'cmake_clean_cache': False, 'cmake_clean_first': False, 'cmake_force_configure': False, 'cmake_target': None, 'cmake_target_skip_unavailable': False, 'install_base': '/workspaces/mavlab/ros2_ws/install/kf', 'merge_install': False, 'path': '/workspaces/mavlab/ros2_ws/src/kf', 'symlink_install': False, 'test_result_base': None}
[1.194s] Level 5:colcon.colcon_core.verb:set package 'uwb' build argument 'cmake_args' from command line to 'None'
[1.194s] Level 5:colcon.colcon_core.verb:set package 'uwb' build argument 'cmake_target' from command line to 'None'
[1.194s] Level 5:colcon.colcon_core.verb:set package 'uwb' build argument 'cmake_target_skip_unavailable' from command line to 'False'
[1.194s] Level 5:colcon.colcon_core.verb:set package 'uwb' build argument 'cmake_clean_cache' from command line to 'False'
[1.194s] Level 5:colcon.colcon_core.verb:set package 'uwb' build argument 'cmake_clean_first' from command line to 'False'
[1.194s] Level 5:colcon.colcon_core.verb:set package 'uwb' build argument 'cmake_force_configure' from command line to 'False'
[1.194s] Level 5:colcon.colcon_core.verb:set package 'uwb' build argument 'ament_cmake_args' from command line to 'None'
[1.195s] Level 5:colcon.colcon_core.verb:set package 'uwb' build argument 'catkin_cmake_args' from command line to 'None'
[1.195s] Level 5:colcon.colcon_core.verb:set package 'uwb' build argument 'catkin_skip_building_tests' from command line to 'False'
[1.195s] DEBUG:colcon.colcon_core.verb:Building package 'uwb' with the following arguments: {'ament_cmake_args': None, 'build_base': '/workspaces/mavlab/ros2_ws/build/uwb', 'catkin_cmake_args': None, 'catkin_skip_building_tests': False, 'cmake_args': None, 'cmake_clean_cache': False, 'cmake_clean_first': False, 'cmake_force_configure': False, 'cmake_target': None, 'cmake_target_skip_unavailable': False, 'install_base': '/workspaces/mavlab/ros2_ws/install/uwb', 'merge_install': False, 'path': '/workspaces/mavlab/ros2_ws/src/uwb', 'symlink_install': False, 'test_result_base': None}
[1.195s] INFO:colcon.colcon_core.executor:Executing jobs using 'parallel' executor
[1.199s] DEBUG:colcon.colcon_parallel_executor.executor.parallel:run_until_complete
[1.200s] INFO:colcon.colcon_ros.task.ament_cmake.build:Building ROS package in '/workspaces/mavlab/ros2_ws/src/custom_interfaces' with build type 'ament_cmake'
[1.200s] INFO:colcon.colcon_cmake.task.cmake.build:Building CMake package in '/workspaces/mavlab/ros2_ws/src/custom_interfaces'
[1.210s] INFO:colcon.colcon_core.plugin_system:Skipping extension 'colcon_core.shell.bat': Not used on non-Windows systems
[1.211s] INFO:colcon.colcon_core.shell:Skip shell extension 'powershell' for command environment: Not usable outside of PowerShell
[1.211s] DEBUG:colcon.colcon_core.shell:Skip shell extension 'dsv' for command environment
[1.233s] INFO:colcon.colcon_ros.task.ament_cmake.build:Building ROS package in '/workspaces/mavlab/ros2_ws/src/kf' with build type 'ament_cmake'
[1.234s] INFO:colcon.colcon_cmake.task.cmake.build:Building CMake package in '/workspaces/mavlab/ros2_ws/src/kf'
[1.235s] INFO:colcon.colcon_core.shell:Skip shell extension 'powershell' for command environment: Not usable outside of PowerShell
[1.236s] DEBUG:colcon.colcon_core.shell:Skip shell extension 'dsv' for command environment
[1.249s] INFO:colcon.colcon_ros.task.ament_cmake.build:Building ROS package in '/workspaces/mavlab/ros2_ws/src/uwb' with build type 'ament_cmake'
[1.249s] INFO:colcon.colcon_cmake.task.cmake.build:Building CMake package in '/workspaces/mavlab/ros2_ws/src/uwb'
[1.250s] INFO:colcon.colcon_core.shell:Skip shell extension 'powershell' for command environment: Not usable outside of PowerShell
[1.251s] DEBUG:colcon.colcon_core.shell:Skip shell extension 'dsv' for command environment
[1.277s] DEBUG:colcon.colcon_core.event_handler.log_command:Invoking command in '/workspaces/mavlab/ros2_ws/build/custom_interfaces': CMAKE_PREFIX_PATH=${CMAKE_PREFIX_PATH}:/opt/ros/humble /usr/bin/cmake --build /workspaces/mavlab/ros2_ws/build/custom_interfaces -- -j4 -l4
[1.297s] DEBUG:colcon.colcon_core.event_handler.log_command:Invoking command in '/workspaces/mavlab/ros2_ws/build/kf': CMAKE_PREFIX_PATH=${CMAKE_PREFIX_PATH}:/opt/ros/humble /usr/bin/cmake --build /workspaces/mavlab/ros2_ws/build/kf -- -j4 -l4
[1.309s] DEBUG:colcon.colcon_core.event_handler.log_command:Invoking command in '/workspaces/mavlab/ros2_ws/build/uwb': CMAKE_PREFIX_PATH=${CMAKE_PREFIX_PATH}:/opt/ros/humble /usr/bin/cmake --build /workspaces/mavlab/ros2_ws/build/uwb -- -j4 -l4
[1.441s] DEBUG:colcon.colcon_core.event_handler.log_command:Invoked command in '/workspaces/mavlab/ros2_ws/build/kf' returned '0': CMAKE_PREFIX_PATH=${CMAKE_PREFIX_PATH}:/opt/ros/humble /usr/bin/cmake --build /workspaces/mavlab/ros2_ws/build/kf -- -j4 -l4
[1.454s] DEBUG:colcon.colcon_core.event_handler.log_command:Invoked command in '/workspaces/mavlab/ros2_ws/build/uwb' returned '0': CMAKE_PREFIX_PATH=${CMAKE_PREFIX_PATH}:/opt/ros/humble /usr/bin/cmake --build /workspaces/mavlab/ros2_ws/build/uwb -- -j4 -l4
[1.608s] DEBUG:colcon.colcon_core.event_handler.log_command:Invoking command in '/workspaces/mavlab/ros2_ws/build/uwb': CMAKE_PREFIX_PATH=${CMAKE_PREFIX_PATH}:/opt/ros/humble /usr/bin/cmake --install /workspaces/mavlab/ros2_ws/build/uwb
[1.631s] DEBUG:colcon.colcon_core.event_handler.log_command:Invoking command in '/workspaces/mavlab/ros2_ws/build/kf': CMAKE_PREFIX_PATH=${CMAKE_PREFIX_PATH}:/opt/ros/humble /usr/bin/cmake --install /workspaces/mavlab/ros2_ws/build/kf
[1.660s] Level 1:colcon.colcon_core.environment:create_environment_scripts_only(uwb)
[1.678s] DEBUG:colcon.colcon_core.event_handler.log_command:Invoked command in '/workspaces/mavlab/ros2_ws/build/uwb' returned '0': CMAKE_PREFIX_PATH=${CMAKE_PREFIX_PATH}:/opt/ros/humble /usr/bin/cmake --install /workspaces/mavlab/ros2_ws/build/uwb
[1.691s] Level 1:colcon.colcon_core.environment:checking '/workspaces/mavlab/ros2_ws/install/uwb' for CMake module files
[1.694s] Level 1:colcon.colcon_core.environment:checking '/workspaces/mavlab/ros2_ws/install/uwb' for CMake config files
[1.696s] Level 1:colcon.colcon_core.shell:create_environment_hook('uwb', 'cmake_prefix_path')
[1.697s] INFO:colcon.colcon_core.shell:Creating environment hook '/workspaces/mavlab/ros2_ws/install/uwb/share/uwb/hook/cmake_prefix_path.ps1'
[1.701s] INFO:colcon.colcon_core.shell:Creating environment descriptor '/workspaces/mavlab/ros2_ws/install/uwb/share/uwb/hook/cmake_prefix_path.dsv'
[1.703s] INFO:colcon.colcon_core.shell:Creating environment hook '/workspaces/mavlab/ros2_ws/install/uwb/share/uwb/hook/cmake_prefix_path.sh'
[1.706s] Level 1:colcon.colcon_core.environment:checking '/workspaces/mavlab/ros2_ws/install/uwb/lib'
[1.707s] Level 1:colcon.colcon_core.environment:checking '/workspaces/mavlab/ros2_ws/install/uwb/bin'
[1.708s] Level 1:colcon.colcon_core.environment:checking '/workspaces/mavlab/ros2_ws/install/uwb/lib/pkgconfig/uwb.pc'
[1.714s] Level 1:colcon.colcon_core.environment:checking '/workspaces/mavlab/ros2_ws/install/uwb/lib/python3.10/site-packages'
[1.716s] Level 1:colcon.colcon_core.environment:checking '/workspaces/mavlab/ros2_ws/install/uwb/bin'
[1.718s] INFO:colcon.colcon_core.shell:Creating package script '/workspaces/mavlab/ros2_ws/install/uwb/share/uwb/package.ps1'
[1.723s] INFO:colcon.colcon_core.shell:Creating package descriptor '/workspaces/mavlab/ros2_ws/install/uwb/share/uwb/package.dsv'
[1.725s] INFO:colcon.colcon_core.shell:Creating package script '/workspaces/mavlab/ros2_ws/install/uwb/share/uwb/package.sh'
[1.729s] INFO:colcon.colcon_core.shell:Creating package script '/workspaces/mavlab/ros2_ws/install/uwb/share/uwb/package.bash'
[1.732s] INFO:colcon.colcon_core.shell:Creating package script '/workspaces/mavlab/ros2_ws/install/uwb/share/uwb/package.zsh'
[1.736s] Level 1:colcon.colcon_core.environment:create_file_with_runtime_dependencies(/workspaces/mavlab/ros2_ws/install/uwb/share/colcon-core/packages/uwb)
[1.742s] Level 1:colcon.colcon_core.environment:create_environment_scripts_only(kf)
[1.744s] Level 1:colcon.colcon_core.environment:checking '/workspaces/mavlab/ros2_ws/install/kf' for CMake module files
[1.746s] DEBUG:colcon.colcon_core.event_handler.log_command:Invoked command in '/workspaces/mavlab/ros2_ws/build/kf' returned '0': CMAKE_PREFIX_PATH=${CMAKE_PREFIX_PATH}:/opt/ros/humble /usr/bin/cmake --install /workspaces/mavlab/ros2_ws/build/kf
[1.748s] Level 1:colcon.colcon_core.environment:checking '/workspaces/mavlab/ros2_ws/install/kf' for CMake config files
[1.750s] Level 1:colcon.colcon_core.shell:create_environment_hook('kf', 'cmake_prefix_path')
[1.751s] INFO:colcon.colcon_core.shell:Creating environment hook '/workspaces/mavlab/ros2_ws/install/kf/share/kf/hook/cmake_prefix_path.ps1'
[1.753s] INFO:colcon.colcon_core.shell:Creating environment descriptor '/workspaces/mavlab/ros2_ws/install/kf/share/kf/hook/cmake_prefix_path.dsv'
[1.755s] INFO:colcon.colcon_core.shell:Creating environment hook '/workspaces/mavlab/ros2_ws/install/kf/share/kf/hook/cmake_prefix_path.sh'
[1.757s] Level 1:colcon.colcon_core.environment:checking '/workspaces/mavlab/ros2_ws/install/kf/lib'
[1.758s] Level 1:colcon.colcon_core.environment:checking '/workspaces/mavlab/ros2_ws/install/kf/bin'
[1.758s] Level 1:colcon.colcon_core.environment:checking '/workspaces/mavlab/ros2_ws/install/kf/lib/pkgconfig/kf.pc'
[1.760s] Level 1:colcon.colcon_core.environment:checking '/workspaces/mavlab/ros2_ws/install/kf/lib/python3.10/site-packages'
[1.761s] Level 1:colcon.colcon_core.environment:checking '/workspaces/mavlab/ros2_ws/install/kf/bin'
[1.763s] INFO:colcon.colcon_core.shell:Creating package script '/workspaces/mavlab/ros2_ws/install/kf/share/kf/package.ps1'
[1.765s] INFO:colcon.colcon_core.shell:Creating package descriptor '/workspaces/mavlab/ros2_ws/install/kf/share/kf/package.dsv'
[1.767s] INFO:colcon.colcon_core.shell:Creating package script '/workspaces/mavlab/ros2_ws/install/kf/share/kf/package.sh'
[1.770s] INFO:colcon.colcon_core.shell:Creating package script '/workspaces/mavlab/ros2_ws/install/kf/share/kf/package.bash'
[1.771s] INFO:colcon.colcon_core.shell:Creating package script '/workspaces/mavlab/ros2_ws/install/kf/share/kf/package.zsh'
[1.774s] Level 1:colcon.colcon_core.environment:create_file_with_runtime_dependencies(/workspaces/mavlab/ros2_ws/install/kf/share/colcon-core/packages/kf)
[1.832s] Level 1:colcon.colcon_core.environment:create_environment_scripts_only(uwb)
[1.834s] Level 1:colcon.colcon_core.environment:checking '/workspaces/mavlab/ros2_ws/install/uwb' for CMake module files
[1.837s] Level 1:colcon.colcon_core.environment:checking '/workspaces/mavlab/ros2_ws/install/uwb' for CMake config files
[1.838s] Level 1:colcon.colcon_core.shell:create_environment_hook('uwb', 'cmake_prefix_path')
[1.839s] INFO:colcon.colcon_core.shell:Creating environment hook '/workspaces/mavlab/ros2_ws/install/uwb/share/uwb/hook/cmake_prefix_path.ps1'
[1.841s] INFO:colcon.colcon_core.shell:Creating environment descriptor '/workspaces/mavlab/ros2_ws/install/uwb/share/uwb/hook/cmake_prefix_path.dsv'
[1.843s] INFO:colcon.colcon_core.shell:Creating environment hook '/workspaces/mavlab/ros2_ws/install/uwb/share/uwb/hook/cmake_prefix_path.sh'
[1.845s] Level 1:colcon.colcon_core.environment:checking '/workspaces/mavlab/ros2_ws/install/uwb/lib'
[1.846s] Level 1:colcon.colcon_core.environment:checking '/workspaces/mavlab/ros2_ws/install/uwb/bin'
[1.846s] Level 1:colcon.colcon_core.environment:checking '/workspaces/mavlab/ros2_ws/install/uwb/lib/pkgconfig/uwb.pc'
[1.847s] Level 1:colcon.colcon_core.environment:checking '/workspaces/mavlab/ros2_ws/install/uwb/lib/python3.10/site-packages'
[1.848s] Level 1:colcon.colcon_core.environment:checking '/workspaces/mavlab/ros2_ws/install/uwb/bin'
[1.850s] INFO:colcon.colcon_core.shell:Creating package script '/workspaces/mavlab/ros2_ws/install/uwb/share/uwb/package.ps1'
[1.852s] INFO:colcon.colcon_core.shell:Creating package descriptor '/workspaces/mavlab/ros2_ws/install/uwb/share/uwb/package.dsv'
[1.855s] INFO:colcon.colcon_core.shell:Creating package script '/workspaces/mavlab/ros2_ws/install/uwb/share/uwb/package.sh'
[1.858s] INFO:colcon.colcon_core.shell:Creating package script '/workspaces/mavlab/ros2_ws/install/uwb/share/uwb/package.bash'
[1.860s] INFO:colcon.colcon_core.shell:Creating package script '/workspaces/mavlab/ros2_ws/install/uwb/share/uwb/package.zsh'
[1.862s] Level 1:colcon.colcon_core.environment:create_file_with_runtime_dependencies(/workspaces/mavlab/ros2_ws/install/uwb/share/colcon-core/packages/uwb)
[1.867s] Level 1:colcon.colcon_core.environment:create_environment_scripts_only(kf)
[1.869s] Level 1:colcon.colcon_core.environment:checking '/workspaces/mavlab/ros2_ws/install/kf' for CMake module files
[1.871s] Level 1:colcon.colcon_core.environment:checking '/workspaces/mavlab/ros2_ws/install/kf' for CMake config files
[1.873s] Level 1:colcon.colcon_core.shell:create_environment_hook('kf', 'cmake_prefix_path')
[1.875s] INFO:colcon.colcon_core.shell:Creating environment hook '/workspaces/mavlab/ros2_ws/install/kf/share/kf/hook/cmake_prefix_path.ps1'
[1.876s] INFO:colcon.colcon_core.shell:Creating environment descriptor '/workspaces/mavlab/ros2_ws/install/kf/share/kf/hook/cmake_prefix_path.dsv'
[1.878s] INFO:colcon.colcon_core.shell:Creating environment hook '/workspaces/mavlab/ros2_ws/install/kf/share/kf/hook/cmake_prefix_path.sh'
[1.880s] Level 1:colcon.colcon_core.environment:checking '/workspaces/mavlab/ros2_ws/install/kf/lib'
[1.880s] Level 1:colcon.colcon_core.environment:checking '/workspaces/mavlab/ros2_ws/install/kf/bin'
[1.881s] Level 1:colcon.colcon_core.environment:checking '/workspaces/mavlab/ros2_ws/install/kf/lib/pkgconfig/kf.pc'
[1.882s] Level 1:colcon.colcon_core.environment:checking '/workspaces/mavlab/ros2_ws/install/kf/lib/python3.10/site-packages'
[1.883s] Level 1:colcon.colcon_core.environment:checking '/workspaces/mavlab/ros2_ws/install/kf/bin'
[1.884s] INFO:colcon.colcon_core.shell:Creating package script '/workspaces/mavlab/ros2_ws/install/kf/share/kf/package.ps1'
[1.887s] INFO:colcon.colcon_core.shell:Creating package descriptor '/workspaces/mavlab/ros2_ws/install/kf/share/kf/package.dsv'
[1.889s] INFO:colcon.colcon_core.shell:Creating package script '/workspaces/mavlab/ros2_ws/install/kf/share/kf/package.sh'
[1.891s] INFO:colcon.colcon_core.shell:Creating package script '/workspaces/mavlab/ros2_ws/install/kf/share/kf/package.bash'
[1.893s] INFO:colcon.colcon_core.shell:Creating package script '/workspaces/mavlab/ros2_ws/install/kf/share/kf/package.zsh'
[1.895s] Level 1:colcon.colcon_core.environment:create_file_with_runtime_dependencies(/workspaces/mavlab/ros2_ws/install/kf/share/colcon-core/packages/kf)
[2.847s] DEBUG:colcon.colcon_core.event_handler.log_command:Invoked command in '/workspaces/mavlab/ros2_ws/build/custom_interfaces' returned '0': CMAKE_PREFIX_PATH=${CMAKE_PREFIX_PATH}:/opt/ros/humble /usr/bin/cmake --build /workspaces/mavlab/ros2_ws/build/custom_interfaces -- -j4 -l4
[3.012s] DEBUG:colcon.colcon_core.event_handler.log_command:Invoking command in '/workspaces/mavlab/ros2_ws/build/custom_interfaces': CMAKE_PREFIX_PATH=${CMAKE_PREFIX_PATH}:/opt/ros/humble /usr/bin/cmake --install /workspaces/mavlab/ros2_ws/build/custom_interfaces
[3.223s] Level 1:colcon.colcon_core.environment:create_environment_scripts_only(custom_interfaces)
[3.224s] Level 1:colcon.colcon_core.environment:checking '/workspaces/mavlab/ros2_ws/install/custom_interfaces' for CMake module files
[3.226s] DEBUG:colcon.colcon_core.event_handler.log_command:Invoked command in '/workspaces/mavlab/ros2_ws/build/custom_interfaces' returned '0': CMAKE_PREFIX_PATH=${CMAKE_PREFIX_PATH}:/opt/ros/humble /usr/bin/cmake --install /workspaces/mavlab/ros2_ws/build/custom_interfaces
[3.229s] Level 1:colcon.colcon_core.environment:checking '/workspaces/mavlab/ros2_ws/install/custom_interfaces' for CMake config files
[3.232s] Level 1:colcon.colcon_core.shell:create_environment_hook('custom_interfaces', 'cmake_prefix_path')
[3.233s] INFO:colcon.colcon_core.shell:Creating environment hook '/workspaces/mavlab/ros2_ws/install/custom_interfaces/share/custom_interfaces/hook/cmake_prefix_path.ps1'
[3.235s] INFO:colcon.colcon_core.shell:Creating environment descriptor '/workspaces/mavlab/ros2_ws/install/custom_interfaces/share/custom_interfaces/hook/cmake_prefix_path.dsv'
[3.236s] INFO:colcon.colcon_core.shell:Creating environment hook '/workspaces/mavlab/ros2_ws/install/custom_interfaces/share/custom_interfaces/hook/cmake_prefix_path.sh'
[3.239s] Level 1:colcon.colcon_core.environment:checking '/workspaces/mavlab/ros2_ws/install/custom_interfaces/lib'
[3.239s] Level 1:colcon.colcon_core.shell:create_environment_hook('custom_interfaces', 'ld_library_path_lib')
[3.240s] INFO:colcon.colcon_core.shell:Creating environment hook '/workspaces/mavlab/ros2_ws/install/custom_interfaces/share/custom_interfaces/hook/ld_library_path_lib.ps1'
[3.241s] INFO:colcon.colcon_core.shell:Creating environment descriptor '/workspaces/mavlab/ros2_ws/install/custom_interfaces/share/custom_interfaces/hook/ld_library_path_lib.dsv'
[3.242s] INFO:colcon.colcon_core.shell:Creating environment hook '/workspaces/mavlab/ros2_ws/install/custom_interfaces/share/custom_interfaces/hook/ld_library_path_lib.sh'
[3.244s] Level 1:colcon.colcon_core.environment:checking '/workspaces/mavlab/ros2_ws/install/custom_interfaces/bin'
[3.244s] Level 1:colcon.colcon_core.environment:checking '/workspaces/mavlab/ros2_ws/install/custom_interfaces/lib/pkgconfig/custom_interfaces.pc'
[3.245s] Level 1:colcon.colcon_core.environment:checking '/workspaces/mavlab/ros2_ws/install/custom_interfaces/lib/python3.10/site-packages'
[3.246s] Level 1:colcon.colcon_core.environment:checking '/workspaces/mavlab/ros2_ws/install/custom_interfaces/bin'
[3.247s] INFO:colcon.colcon_core.shell:Creating package script '/workspaces/mavlab/ros2_ws/install/custom_interfaces/share/custom_interfaces/package.ps1'
[3.249s] INFO:colcon.colcon_core.shell:Creating package descriptor '/workspaces/mavlab/ros2_ws/install/custom_interfaces/share/custom_interfaces/package.dsv'
[3.251s] INFO:colcon.colcon_core.shell:Creating package script '/workspaces/mavlab/ros2_ws/install/custom_interfaces/share/custom_interfaces/package.sh'
[3.253s] INFO:colcon.colcon_core.shell:Creating package script '/workspaces/mavlab/ros2_ws/install/custom_interfaces/share/custom_interfaces/package.bash'
[3.255s] INFO:colcon.colcon_core.shell:Creating package script '/workspaces/mavlab/ros2_ws/install/custom_interfaces/share/custom_interfaces/package.zsh'
[3.256s] Level 1:colcon.colcon_core.environment:create_file_with_runtime_dependencies(/workspaces/mavlab/ros2_ws/install/custom_interfaces/share/colcon-core/packages/custom_interfaces)
[3.415s] Level 1:colcon.colcon_core.environment:create_environment_scripts_only(custom_interfaces)
[3.417s] Level 1:colcon.colcon_core.environment:checking '/workspaces/mavlab/ros2_ws/install/custom_interfaces' for CMake module files
[3.421s] Level 1:colcon.colcon_core.environment:checking '/workspaces/mavlab/ros2_ws/install/custom_interfaces' for CMake config files
[3.424s] Level 1:colcon.colcon_core.shell:create_environment_hook('custom_interfaces', 'cmake_prefix_path')
[3.425s] INFO:colcon.colcon_core.shell:Creating environment hook '/workspaces/mavlab/ros2_ws/install/custom_interfaces/share/custom_interfaces/hook/cmake_prefix_path.ps1'
[3.427s] INFO:colcon.colcon_core.shell:Creating environment descriptor '/workspaces/mavlab/ros2_ws/install/custom_interfaces/share/custom_interfaces/hook/cmake_prefix_path.dsv'
[3.428s] INFO:colcon.colcon_core.shell:Creating environment hook '/workspaces/mavlab/ros2_ws/install/custom_interfaces/share/custom_interfaces/hook/cmake_prefix_path.sh'
[3.430s] Level 1:colcon.colcon_core.environment:checking '/workspaces/mavlab/ros2_ws/install/custom_interfaces/lib'
[3.430s] Level 1:colcon.colcon_core.shell:create_environment_hook('custom_interfaces', 'ld_library_path_lib')
[3.431s] INFO:colcon.colcon_core.shell:Creating environment hook '/workspaces/mavlab/ros2_ws/install/custom_interfaces/share/custom_interfaces/hook/ld_library_path_lib.ps1'
[3.433s] INFO:colcon.colcon_core.shell:Creating environment descriptor '/workspaces/mavlab/ros2_ws/install/custom_interfaces/share/custom_interfaces/hook/ld_library_path_lib.dsv'
[3.434s] INFO:colcon.colcon_core.shell:Creating environment hook '/workspaces/mavlab/ros2_ws/install/custom_interfaces/share/custom_interfaces/hook/ld_library_path_lib.sh'
[3.435s] Level 1:colcon.colcon_core.environment:checking '/workspaces/mavlab/ros2_ws/install/custom_interfaces/bin'
[3.435s] Level 1:colcon.colcon_core.environment:checking '/workspaces/mavlab/ros2_ws/install/custom_interfaces/lib/pkgconfig/custom_interfaces.pc'
[3.436s] Level 1:colcon.colcon_core.environment:checking '/workspaces/mavlab/ros2_ws/install/custom_interfaces/lib/python3.10/site-packages'
[3.437s] Level 1:colcon.colcon_core.environment:checking '/workspaces/mavlab/ros2_ws/install/custom_interfaces/bin'
[3.439s] INFO:colcon.colcon_core.shell:Creating package script '/workspaces/mavlab/ros2_ws/install/custom_interfaces/share/custom_interfaces/package.ps1'
[3.441s] INFO:colcon.colcon_core.shell:Creating package descriptor '/workspaces/mavlab/ros2_ws/install/custom_interfaces/share/custom_interfaces/package.dsv'
[3.443s] INFO:colcon.colcon_core.shell:Creating package script '/workspaces/mavlab/ros2_ws/install/custom_interfaces/share/custom_interfaces/package.sh'
[3.444s] INFO:colcon.colcon_core.shell:Creating package script '/workspaces/mavlab/ros2_ws/install/custom_interfaces/share/custom_interfaces/package.bash'
[3.446s] INFO:colcon.colcon_core.shell:Creating package script '/workspaces/mavlab/ros2_ws/install/custom_interfaces/share/custom_interfaces/package.zsh'
[3.447s] Level 1:colcon.colcon_core.environment:create_file_with_runtime_dependencies(/workspaces/mavlab/ros2_ws/install/custom_interfaces/share/colcon-core/packages/custom_interfaces)
[3.448s] DEBUG:colcon.colcon_parallel_executor.executor.parallel:closing loop
[3.449s] DEBUG:colcon.colcon_parallel_executor.executor.parallel:loop closed
[3.449s] DEBUG:colcon.colcon_parallel_executor.executor.parallel:run_until_complete finished with '0'
[3.450s] DEBUG:colcon.colcon_core.event_reactor:joining thread
[3.468s] INFO:colcon.colcon_core.plugin_system:Skipping extension 'colcon_notification.desktop_notification.notify_send': Could not find 'notify-send'
[3.469s] INFO:colcon.colcon_core.plugin_system:Skipping extension 'colcon_notification.desktop_notification.terminal_notifier': Not used on non-Darwin systems
[3.469s] INFO:colcon.colcon_core.plugin_system:Skipping extension 'colcon_notification.desktop_notification.win32': Not used on non-Windows systems
[3.470s] INFO:colcon.colcon_notification.desktop_notification:Sending desktop notification using 'notify2'
[3.470s] DEBUG:colcon.colcon_notification.desktop_notification.notify2:Failed to initialize notify2: org.freedesktop.DBus.Error.NotSupported: Unable to autolaunch a dbus-daemon without a $DISPLAY for X11
[3.470s] DEBUG:colcon.colcon_core.event_reactor:joined thread
[3.471s] INFO:colcon.colcon_core.shell:Creating prefix script '/workspaces/mavlab/ros2_ws/install/local_setup.ps1'
[3.475s] INFO:colcon.colcon_core.shell:Creating prefix util module '/workspaces/mavlab/ros2_ws/install/_local_setup_util_ps1.py'
[3.481s] INFO:colcon.colcon_core.shell:Creating prefix chain script '/workspaces/mavlab/ros2_ws/install/setup.ps1'
[3.485s] INFO:colcon.colcon_core.shell:Creating prefix script '/workspaces/mavlab/ros2_ws/install/local_setup.sh'
[3.487s] INFO:colcon.colcon_core.shell:Creating prefix util module '/workspaces/mavlab/ros2_ws/install/_local_setup_util_sh.py'
[3.489s] INFO:colcon.colcon_core.shell:Creating prefix chain script '/workspaces/mavlab/ros2_ws/install/setup.sh'
[3.494s] INFO:colcon.colcon_core.shell:Creating prefix script '/workspaces/mavlab/ros2_ws/install/local_setup.bash'
[3.496s] INFO:colcon.colcon_core.shell:Creating prefix chain script '/workspaces/mavlab/ros2_ws/install/setup.bash'
[3.500s] INFO:colcon.colcon_core.shell:Creating prefix script '/workspaces/mavlab/ros2_ws/install/local_setup.zsh'
[3.502s] INFO:colcon.colcon_core.shell:Creating prefix chain script '/workspaces/mavlab/ros2_ws/install/setup.zsh'
