[0.091s] Invoking command in '/workspaces/mavlab/ros2_ws/build/custom_interfaces': CMAKE_PREFIX_PATH=${CMAKE_PREFIX_PATH}:/opt/ros/humble /usr/bin/cmake --build /workspaces/mavlab/ros2_ws/build/custom_interfaces -- -j4 -l4
[0.338s] [  3%] Built target custom_interfaces__cpp
[0.343s] [ 12%] Built target custom_interfaces__rosidl_generator_c
[0.380s] [ 12%] Built target ament_cmake_python_copy_custom_interfaces
[0.480s] [ 22%] Built target custom_interfaces__rosidl_typesupport_introspection_cpp
[0.488s] [ 32%] Built target custom_interfaces__rosidl_typesupport_cpp
[0.498s] [ 41%] Built target custom_interfaces__rosidl_typesupport_fastrtps_cpp
[0.523s] [ 51%] Built target custom_interfaces__rosidl_typesupport_fastrtps_c
[0.677s] [ 61%] Built target custom_interfaces__rosidl_typesupport_c
[0.762s] [ 70%] Built target custom_interfaces__rosidl_typesupport_introspection_c
[0.773s] [ 70%] Built target custom_interfaces
[0.891s] [ 74%] Built target custom_interfaces__py
[1.018s] [ 80%] Built target custom_interfaces__rosidl_generator_py
[1.144s] [ 87%] Built target custom_interfaces__rosidl_typesupport_fastrtps_c__pyext
[1.155s] [ 93%] Built target custom_interfaces__rosidl_typesupport_c__pyext
[1.175s] [100%] Built target custom_interfaces__rosidl_typesupport_introspection_c__pyext
[1.825s] running egg_info
[1.827s] writing custom_interfaces.egg-info/PKG-INFO
[1.829s] writing dependency_links to custom_interfaces.egg-info/dependency_links.txt
[1.829s] writing top-level names to custom_interfaces.egg-info/top_level.txt
[1.839s] reading manifest file 'custom_interfaces.egg-info/SOURCES.txt'
[1.842s] writing manifest file 'custom_interfaces.egg-info/SOURCES.txt'
[1.965s] [100%] Built target ament_cmake_python_build_custom_interfaces_egg
[2.001s] Invoked command in '/workspaces/mavlab/ros2_ws/build/custom_interfaces' returned '0': CMAKE_PREFIX_PATH=${CMAKE_PREFIX_PATH}:/opt/ros/humble /usr/bin/cmake --build /workspaces/mavlab/ros2_ws/build/custom_interfaces -- -j4 -l4
[2.189s] Invoking command in '/workspaces/mavlab/ros2_ws/build/custom_interfaces': CMAKE_PREFIX_PATH=${CMAKE_PREFIX_PATH}:/opt/ros/humble /usr/bin/cmake --install /workspaces/mavlab/ros2_ws/build/custom_interfaces
[2.217s] -- Install configuration: ""
[2.218s] -- Up-to-date: /workspaces/mavlab/ros2_ws/install/custom_interfaces/share/ament_index/resource_index/rosidl_interfaces/custom_interfaces
[2.219s] -- Up-to-date: /workspaces/mavlab/ros2_ws/install/custom_interfaces/include/custom_interfaces/custom_interfaces
[2.220s] -- Up-to-date: /workspaces/mavlab/ros2_ws/install/custom_interfaces/include/custom_interfaces/custom_interfaces/msg
[2.220s] -- Up-to-date: /workspaces/mavlab/ros2_ws/install/custom_interfaces/include/custom_interfaces/custom_interfaces/msg/detail
[2.221s] -- Up-to-date: /workspaces/mavlab/ros2_ws/install/custom_interfaces/include/custom_interfaces/custom_interfaces/msg/detail/estimated_state__struct.h
[2.221s] -- Up-to-date: /workspaces/mavlab/ros2_ws/install/custom_interfaces/include/custom_interfaces/custom_interfaces/msg/detail/estimated_state__functions.c
[2.222s] -- Up-to-date: /workspaces/mavlab/ros2_ws/install/custom_interfaces/include/custom_interfaces/custom_interfaces/msg/detail/estimated_state__type_support.h
[2.223s] -- Up-to-date: /workspaces/mavlab/ros2_ws/install/custom_interfaces/include/custom_interfaces/custom_interfaces/msg/detail/estimated_state__functions.h
[2.223s] -- Up-to-date: /workspaces/mavlab/ros2_ws/install/custom_interfaces/include/custom_interfaces/custom_interfaces/msg/estimated_state.h
[2.224s] -- Up-to-date: /workspaces/mavlab/ros2_ws/install/custom_interfaces/include/custom_interfaces/custom_interfaces/msg/rosidl_generator_c__visibility_control.h
[2.224s] -- Up-to-date: /workspaces/mavlab/ros2_ws/install/custom_interfaces/share/custom_interfaces/environment/library_path.sh
[2.225s] -- Up-to-date: /workspaces/mavlab/ros2_ws/install/custom_interfaces/share/custom_interfaces/environment/library_path.dsv
[2.225s] -- Up-to-date: /workspaces/mavlab/ros2_ws/install/custom_interfaces/lib/libcustom_interfaces__rosidl_generator_c.so
[2.226s] -- Up-to-date: /workspaces/mavlab/ros2_ws/install/custom_interfaces/include/custom_interfaces/custom_interfaces
[2.227s] -- Up-to-date: /workspaces/mavlab/ros2_ws/install/custom_interfaces/include/custom_interfaces/custom_interfaces/msg
[2.227s] -- Up-to-date: /workspaces/mavlab/ros2_ws/install/custom_interfaces/include/custom_interfaces/custom_interfaces/msg/rosidl_typesupport_fastrtps_c__visibility_control.h
[2.228s] -- Up-to-date: /workspaces/mavlab/ros2_ws/install/custom_interfaces/include/custom_interfaces/custom_interfaces/msg/detail
[2.228s] -- Up-to-date: /workspaces/mavlab/ros2_ws/install/custom_interfaces/include/custom_interfaces/custom_interfaces/msg/detail/estimated_state__rosidl_typesupport_fastrtps_c.h
[2.229s] -- Up-to-date: /workspaces/mavlab/ros2_ws/install/custom_interfaces/lib/libcustom_interfaces__rosidl_typesupport_fastrtps_c.so
[2.229s] -- Up-to-date: /workspaces/mavlab/ros2_ws/install/custom_interfaces/include/custom_interfaces/custom_interfaces
[2.230s] -- Up-to-date: /workspaces/mavlab/ros2_ws/install/custom_interfaces/include/custom_interfaces/custom_interfaces/msg
[2.230s] -- Up-to-date: /workspaces/mavlab/ros2_ws/install/custom_interfaces/include/custom_interfaces/custom_interfaces/msg/detail
[2.231s] -- Up-to-date: /workspaces/mavlab/ros2_ws/install/custom_interfaces/include/custom_interfaces/custom_interfaces/msg/detail/estimated_state__rosidl_typesupport_introspection_c.h
[2.232s] -- Up-to-date: /workspaces/mavlab/ros2_ws/install/custom_interfaces/include/custom_interfaces/custom_interfaces/msg/detail/estimated_state__type_support.c
[2.232s] -- Up-to-date: /workspaces/mavlab/ros2_ws/install/custom_interfaces/include/custom_interfaces/custom_interfaces/msg/rosidl_typesupport_introspection_c__visibility_control.h
[2.233s] -- Up-to-date: /workspaces/mavlab/ros2_ws/install/custom_interfaces/lib/libcustom_interfaces__rosidl_typesupport_introspection_c.so
[2.233s] -- Up-to-date: /workspaces/mavlab/ros2_ws/install/custom_interfaces/lib/libcustom_interfaces__rosidl_typesupport_c.so
[2.234s] -- Up-to-date: /workspaces/mavlab/ros2_ws/install/custom_interfaces/include/custom_interfaces/custom_interfaces
[2.234s] -- Up-to-date: /workspaces/mavlab/ros2_ws/install/custom_interfaces/include/custom_interfaces/custom_interfaces/msg
[2.235s] -- Up-to-date: /workspaces/mavlab/ros2_ws/install/custom_interfaces/include/custom_interfaces/custom_interfaces/msg/estimated_state.hpp
[2.235s] -- Up-to-date: /workspaces/mavlab/ros2_ws/install/custom_interfaces/include/custom_interfaces/custom_interfaces/msg/detail
[2.236s] -- Up-to-date: /workspaces/mavlab/ros2_ws/install/custom_interfaces/include/custom_interfaces/custom_interfaces/msg/detail/estimated_state__traits.hpp
[2.236s] -- Up-to-date: /workspaces/mavlab/ros2_ws/install/custom_interfaces/include/custom_interfaces/custom_interfaces/msg/detail/estimated_state__builder.hpp
[2.237s] -- Up-to-date: /workspaces/mavlab/ros2_ws/install/custom_interfaces/include/custom_interfaces/custom_interfaces/msg/detail/estimated_state__struct.hpp
[2.237s] -- Up-to-date: /workspaces/mavlab/ros2_ws/install/custom_interfaces/include/custom_interfaces/custom_interfaces
[2.237s] -- Up-to-date: /workspaces/mavlab/ros2_ws/install/custom_interfaces/include/custom_interfaces/custom_interfaces/msg
[2.238s] -- Up-to-date: /workspaces/mavlab/ros2_ws/install/custom_interfaces/include/custom_interfaces/custom_interfaces/msg/rosidl_typesupport_fastrtps_cpp__visibility_control.h
[2.238s] -- Up-to-date: /workspaces/mavlab/ros2_ws/install/custom_interfaces/include/custom_interfaces/custom_interfaces/msg/detail
[2.239s] -- Up-to-date: /workspaces/mavlab/ros2_ws/install/custom_interfaces/include/custom_interfaces/custom_interfaces/msg/detail/estimated_state__rosidl_typesupport_fastrtps_cpp.hpp
[2.239s] -- Up-to-date: /workspaces/mavlab/ros2_ws/install/custom_interfaces/include/custom_interfaces/custom_interfaces/msg/detail/dds_fastrtps
[2.240s] -- Up-to-date: /workspaces/mavlab/ros2_ws/install/custom_interfaces/lib/libcustom_interfaces__rosidl_typesupport_fastrtps_cpp.so
[2.240s] -- Up-to-date: /workspaces/mavlab/ros2_ws/install/custom_interfaces/include/custom_interfaces/custom_interfaces
[2.240s] -- Up-to-date: /workspaces/mavlab/ros2_ws/install/custom_interfaces/include/custom_interfaces/custom_interfaces/msg
[2.241s] -- Up-to-date: /workspaces/mavlab/ros2_ws/install/custom_interfaces/include/custom_interfaces/custom_interfaces/msg/detail
[2.241s] -- Up-to-date: /workspaces/mavlab/ros2_ws/install/custom_interfaces/include/custom_interfaces/custom_interfaces/msg/detail/estimated_state__rosidl_typesupport_introspection_cpp.hpp
[2.242s] -- Up-to-date: /workspaces/mavlab/ros2_ws/install/custom_interfaces/include/custom_interfaces/custom_interfaces/msg/detail/estimated_state__type_support.cpp
[2.242s] -- Up-to-date: /workspaces/mavlab/ros2_ws/install/custom_interfaces/lib/libcustom_interfaces__rosidl_typesupport_introspection_cpp.so
[2.242s] -- Up-to-date: /workspaces/mavlab/ros2_ws/install/custom_interfaces/lib/libcustom_interfaces__rosidl_typesupport_cpp.so
[2.243s] -- Up-to-date: /workspaces/mavlab/ros2_ws/install/custom_interfaces/share/custom_interfaces/environment/pythonpath.sh
[2.243s] -- Up-to-date: /workspaces/mavlab/ros2_ws/install/custom_interfaces/share/custom_interfaces/environment/pythonpath.dsv
[2.244s] -- Up-to-date: /workspaces/mavlab/ros2_ws/install/custom_interfaces/local/lib/python3.10/dist-packages/custom_interfaces-0.0.1-py3.10.egg-info
[2.244s] -- Installing: /workspaces/mavlab/ros2_ws/install/custom_interfaces/local/lib/python3.10/dist-packages/custom_interfaces-0.0.1-py3.10.egg-info/SOURCES.txt
[2.245s] -- Installing: /workspaces/mavlab/ros2_ws/install/custom_interfaces/local/lib/python3.10/dist-packages/custom_interfaces-0.0.1-py3.10.egg-info/dependency_links.txt
[2.245s] -- Installing: /workspaces/mavlab/ros2_ws/install/custom_interfaces/local/lib/python3.10/dist-packages/custom_interfaces-0.0.1-py3.10.egg-info/top_level.txt
[2.246s] -- Installing: /workspaces/mavlab/ros2_ws/install/custom_interfaces/local/lib/python3.10/dist-packages/custom_interfaces-0.0.1-py3.10.egg-info/PKG-INFO
[2.246s] -- Up-to-date: /workspaces/mavlab/ros2_ws/install/custom_interfaces/local/lib/python3.10/dist-packages/custom_interfaces
[2.247s] -- Up-to-date: /workspaces/mavlab/ros2_ws/install/custom_interfaces/local/lib/python3.10/dist-packages/custom_interfaces/__init__.py
[2.247s] -- Up-to-date: /workspaces/mavlab/ros2_ws/install/custom_interfaces/local/lib/python3.10/dist-packages/custom_interfaces/_custom_interfaces_s.ep.rosidl_typesupport_fastrtps_c.c
[2.247s] -- Up-to-date: /workspaces/mavlab/ros2_ws/install/custom_interfaces/local/lib/python3.10/dist-packages/custom_interfaces/custom_interfaces_s__rosidl_typesupport_c.cpython-310-aarch64-linux-gnu.so
[2.248s] -- Up-to-date: /workspaces/mavlab/ros2_ws/install/custom_interfaces/local/lib/python3.10/dist-packages/custom_interfaces/custom_interfaces_s__rosidl_typesupport_fastrtps_c.cpython-310-aarch64-linux-gnu.so
[2.248s] -- Up-to-date: /workspaces/mavlab/ros2_ws/install/custom_interfaces/local/lib/python3.10/dist-packages/custom_interfaces/libcustom_interfaces__rosidl_generator_py.so
[2.249s] -- Up-to-date: /workspaces/mavlab/ros2_ws/install/custom_interfaces/local/lib/python3.10/dist-packages/custom_interfaces/_custom_interfaces_s.ep.rosidl_typesupport_c.c
[2.249s] -- Up-to-date: /workspaces/mavlab/ros2_ws/install/custom_interfaces/local/lib/python3.10/dist-packages/custom_interfaces/msg
[2.250s] -- Up-to-date: /workspaces/mavlab/ros2_ws/install/custom_interfaces/local/lib/python3.10/dist-packages/custom_interfaces/msg/__init__.py
[2.250s] -- Up-to-date: /workspaces/mavlab/ros2_ws/install/custom_interfaces/local/lib/python3.10/dist-packages/custom_interfaces/msg/_estimated_state.py
[2.250s] -- Up-to-date: /workspaces/mavlab/ros2_ws/install/custom_interfaces/local/lib/python3.10/dist-packages/custom_interfaces/msg/_estimated_state_s.c
[2.251s] -- Up-to-date: /workspaces/mavlab/ros2_ws/install/custom_interfaces/local/lib/python3.10/dist-packages/custom_interfaces/custom_interfaces_s__rosidl_typesupport_introspection_c.cpython-310-aarch64-linux-gnu.so
[2.251s] -- Up-to-date: /workspaces/mavlab/ros2_ws/install/custom_interfaces/local/lib/python3.10/dist-packages/custom_interfaces/_custom_interfaces_s.ep.rosidl_typesupport_introspection_c.c
[2.387s] Listing '/workspaces/mavlab/ros2_ws/install/custom_interfaces/local/lib/python3.10/dist-packages/custom_interfaces'...
[2.388s] Listing '/workspaces/mavlab/ros2_ws/install/custom_interfaces/local/lib/python3.10/dist-packages/custom_interfaces/msg'...
[2.412s] -- Up-to-date: /workspaces/mavlab/ros2_ws/install/custom_interfaces/local/lib/python3.10/dist-packages/custom_interfaces/custom_interfaces_s__rosidl_typesupport_fastrtps_c.cpython-310-aarch64-linux-gnu.so
[2.414s] -- Up-to-date: /workspaces/mavlab/ros2_ws/install/custom_interfaces/local/lib/python3.10/dist-packages/custom_interfaces/custom_interfaces_s__rosidl_typesupport_introspection_c.cpython-310-aarch64-linux-gnu.so
[2.416s] -- Up-to-date: /workspaces/mavlab/ros2_ws/install/custom_interfaces/local/lib/python3.10/dist-packages/custom_interfaces/custom_interfaces_s__rosidl_typesupport_c.cpython-310-aarch64-linux-gnu.so
[2.418s] -- Up-to-date: /workspaces/mavlab/ros2_ws/install/custom_interfaces/lib/libcustom_interfaces__rosidl_generator_py.so
[2.419s] -- Up-to-date: /workspaces/mavlab/ros2_ws/install/custom_interfaces/share/custom_interfaces/msg/EstimatedState.idl
[2.419s] -- Up-to-date: /workspaces/mavlab/ros2_ws/install/custom_interfaces/share/custom_interfaces/msg/EstimatedState.msg
[2.420s] -- Up-to-date: /workspaces/mavlab/ros2_ws/install/custom_interfaces/share/ament_index/resource_index/package_run_dependencies/custom_interfaces
[2.420s] -- Up-to-date: /workspaces/mavlab/ros2_ws/install/custom_interfaces/share/ament_index/resource_index/parent_prefix_path/custom_interfaces
[2.421s] -- Up-to-date: /workspaces/mavlab/ros2_ws/install/custom_interfaces/share/custom_interfaces/environment/ament_prefix_path.sh
[2.421s] -- Up-to-date: /workspaces/mavlab/ros2_ws/install/custom_interfaces/share/custom_interfaces/environment/ament_prefix_path.dsv
[2.422s] -- Up-to-date: /workspaces/mavlab/ros2_ws/install/custom_interfaces/share/custom_interfaces/environment/path.sh
[2.422s] -- Up-to-date: /workspaces/mavlab/ros2_ws/install/custom_interfaces/share/custom_interfaces/environment/path.dsv
[2.423s] -- Up-to-date: /workspaces/mavlab/ros2_ws/install/custom_interfaces/share/custom_interfaces/local_setup.bash
[2.423s] -- Up-to-date: /workspaces/mavlab/ros2_ws/install/custom_interfaces/share/custom_interfaces/local_setup.sh
[2.424s] -- Up-to-date: /workspaces/mavlab/ros2_ws/install/custom_interfaces/share/custom_interfaces/local_setup.zsh
[2.424s] -- Up-to-date: /workspaces/mavlab/ros2_ws/install/custom_interfaces/share/custom_interfaces/local_setup.dsv
[2.425s] -- Installing: /workspaces/mavlab/ros2_ws/install/custom_interfaces/share/custom_interfaces/package.dsv
[2.425s] -- Up-to-date: /workspaces/mavlab/ros2_ws/install/custom_interfaces/share/ament_index/resource_index/packages/custom_interfaces
[2.426s] -- Up-to-date: /workspaces/mavlab/ros2_ws/install/custom_interfaces/share/custom_interfaces/cmake/export_custom_interfaces__rosidl_generator_cExport.cmake
[2.426s] -- Up-to-date: /workspaces/mavlab/ros2_ws/install/custom_interfaces/share/custom_interfaces/cmake/export_custom_interfaces__rosidl_generator_cExport-noconfig.cmake
[2.427s] -- Up-to-date: /workspaces/mavlab/ros2_ws/install/custom_interfaces/share/custom_interfaces/cmake/export_custom_interfaces__rosidl_typesupport_fastrtps_cExport.cmake
[2.427s] -- Up-to-date: /workspaces/mavlab/ros2_ws/install/custom_interfaces/share/custom_interfaces/cmake/export_custom_interfaces__rosidl_typesupport_fastrtps_cExport-noconfig.cmake
[2.428s] -- Up-to-date: /workspaces/mavlab/ros2_ws/install/custom_interfaces/share/custom_interfaces/cmake/custom_interfaces__rosidl_typesupport_introspection_cExport.cmake
[2.428s] -- Up-to-date: /workspaces/mavlab/ros2_ws/install/custom_interfaces/share/custom_interfaces/cmake/custom_interfaces__rosidl_typesupport_introspection_cExport-noconfig.cmake
[2.430s] -- Up-to-date: /workspaces/mavlab/ros2_ws/install/custom_interfaces/share/custom_interfaces/cmake/custom_interfaces__rosidl_typesupport_cExport.cmake
[2.430s] -- Up-to-date: /workspaces/mavlab/ros2_ws/install/custom_interfaces/share/custom_interfaces/cmake/custom_interfaces__rosidl_typesupport_cExport-noconfig.cmake
[2.432s] -- Up-to-date: /workspaces/mavlab/ros2_ws/install/custom_interfaces/share/custom_interfaces/cmake/export_custom_interfaces__rosidl_generator_cppExport.cmake
[2.433s] -- Up-to-date: /workspaces/mavlab/ros2_ws/install/custom_interfaces/share/custom_interfaces/cmake/export_custom_interfaces__rosidl_typesupport_fastrtps_cppExport.cmake
[2.433s] -- Up-to-date: /workspaces/mavlab/ros2_ws/install/custom_interfaces/share/custom_interfaces/cmake/export_custom_interfaces__rosidl_typesupport_fastrtps_cppExport-noconfig.cmake
[2.435s] -- Up-to-date: /workspaces/mavlab/ros2_ws/install/custom_interfaces/share/custom_interfaces/cmake/custom_interfaces__rosidl_typesupport_introspection_cppExport.cmake
[2.435s] -- Up-to-date: /workspaces/mavlab/ros2_ws/install/custom_interfaces/share/custom_interfaces/cmake/custom_interfaces__rosidl_typesupport_introspection_cppExport-noconfig.cmake
[2.436s] -- Up-to-date: /workspaces/mavlab/ros2_ws/install/custom_interfaces/share/custom_interfaces/cmake/custom_interfaces__rosidl_typesupport_cppExport.cmake
[2.437s] -- Up-to-date: /workspaces/mavlab/ros2_ws/install/custom_interfaces/share/custom_interfaces/cmake/custom_interfaces__rosidl_typesupport_cppExport-noconfig.cmake
[2.438s] -- Up-to-date: /workspaces/mavlab/ros2_ws/install/custom_interfaces/share/custom_interfaces/cmake/export_custom_interfaces__rosidl_generator_pyExport.cmake
[2.439s] -- Up-to-date: /workspaces/mavlab/ros2_ws/install/custom_interfaces/share/custom_interfaces/cmake/export_custom_interfaces__rosidl_generator_pyExport-noconfig.cmake
[2.439s] -- Up-to-date: /workspaces/mavlab/ros2_ws/install/custom_interfaces/share/custom_interfaces/cmake/rosidl_cmake-extras.cmake
[2.439s] -- Up-to-date: /workspaces/mavlab/ros2_ws/install/custom_interfaces/share/custom_interfaces/cmake/ament_cmake_export_include_directories-extras.cmake
[2.440s] -- Up-to-date: /workspaces/mavlab/ros2_ws/install/custom_interfaces/share/custom_interfaces/cmake/ament_cmake_export_libraries-extras.cmake
[2.440s] -- Up-to-date: /workspaces/mavlab/ros2_ws/install/custom_interfaces/share/custom_interfaces/cmake/ament_cmake_export_targets-extras.cmake
[2.441s] -- Up-to-date: /workspaces/mavlab/ros2_ws/install/custom_interfaces/share/custom_interfaces/cmake/rosidl_cmake_export_typesupport_targets-extras.cmake
[2.441s] -- Up-to-date: /workspaces/mavlab/ros2_ws/install/custom_interfaces/share/custom_interfaces/cmake/ament_cmake_export_dependencies-extras.cmake
[2.442s] -- Up-to-date: /workspaces/mavlab/ros2_ws/install/custom_interfaces/share/custom_interfaces/cmake/rosidl_cmake_export_typesupport_libraries-extras.cmake
[2.442s] -- Up-to-date: /workspaces/mavlab/ros2_ws/install/custom_interfaces/share/custom_interfaces/cmake/custom_interfacesConfig.cmake
[2.442s] -- Up-to-date: /workspaces/mavlab/ros2_ws/install/custom_interfaces/share/custom_interfaces/cmake/custom_interfacesConfig-version.cmake
[2.443s] -- Up-to-date: /workspaces/mavlab/ros2_ws/install/custom_interfaces/share/custom_interfaces/package.xml
[2.450s] Invoked command in '/workspaces/mavlab/ros2_ws/build/custom_interfaces' returned '0': CMAKE_PREFIX_PATH=${CMAKE_PREFIX_PATH}:/opt/ros/humble /usr/bin/cmake --install /workspaces/mavlab/ros2_ws/build/custom_interfaces
