[0.454s] DEBUG:colcon:Command line arguments: ['/usr/bin/colcon', 'build']
[0.455s] DEBUG:colcon:Parsed command line arguments: Namespace(log_base=None, log_level=None, verb_name='build', build_base='build', install_base='install', merge_install=False, symlink_install=False, test_result_base=None, continue_on_error=False, executor='parallel', parallel_workers=4, event_handlers=None, ignore_user_meta=False, metas=['./colcon.meta'], base_paths=['.'], packages_ignore=None, packages_ignore_regex=None, paths=None, packages_up_to=None, packages_up_to_regex=None, packages_above=None, packages_above_and_dependencies=None, packages_above_depth=None, packages_select_by_dep=None, packages_skip_by_dep=None, packages_skip_up_to=None, packages_select_build_failed=False, packages_skip_build_finished=False, packages_select_test_failures=False, packages_skip_test_passed=False, packages_select=None, packages_skip=None, packages_select_regex=None, packages_skip_regex=None, packages_start=None, packages_end=None, cmake_args=None, cmake_target=None, cmake_target_skip_unavailable=False, cmake_clean_cache=False, cmake_clean_first=False, cmake_force_configure=False, ament_cmake_args=None, catkin_cmake_args=None, catkin_skip_building_tests=False, mixin_files=None, mixin=None, verb_parser=<colcon_mixin.mixin.mixin_argument.MixinArgumentDecorator object at 0x7f80c33e20>, verb_extension=<colcon_core.verb.build.BuildVerb object at 0x7f80db8520>, main=<bound method BuildVerb.main of <colcon_core.verb.build.BuildVerb object at 0x7f80db8520>>, mixin_verb=('build',))
[1.033s] Level 1:colcon.colcon_core.package_discovery:discover_packages(colcon_meta) check parameters
[1.034s] Level 1:colcon.colcon_core.package_discovery:discover_packages(recursive) check parameters
[1.034s] Level 1:colcon.colcon_core.package_discovery:discover_packages(ignore) check parameters
[1.034s] Level 1:colcon.colcon_core.package_discovery:discover_packages(path) check parameters
[1.034s] Level 1:colcon.colcon_core.package_discovery:discover_packages(colcon_meta) discover
[1.035s] Level 1:colcon.colcon_core.package_discovery:discover_packages(recursive) discover
[1.035s] INFO:colcon.colcon_core.package_discovery:Crawling recursively for packages in '/workspaces/mavlab/ros2_ws'
[1.035s] Level 1:colcon.colcon_core.package_identification:_identify(.) by extensions ['ignore', 'ignore_ament_install']
[1.036s] Level 1:colcon.colcon_core.package_identification:_identify(.) by extension 'ignore'
[1.036s] Level 1:colcon.colcon_core.package_identification:_identify(.) by extension 'ignore_ament_install'
[1.036s] Level 1:colcon.colcon_core.package_identification:_identify(.) by extensions ['colcon_pkg']
[1.036s] Level 1:colcon.colcon_core.package_identification:_identify(.) by extension 'colcon_pkg'
[1.037s] Level 1:colcon.colcon_core.package_identification:_identify(.) by extensions ['colcon_meta']
[1.037s] Level 1:colcon.colcon_core.package_identification:_identify(.) by extension 'colcon_meta'
[1.037s] Level 1:colcon.colcon_core.package_identification:_identify(.) by extensions ['ros']
[1.037s] Level 1:colcon.colcon_core.package_identification:_identify(.) by extension 'ros'
[1.088s] Level 1:colcon.colcon_core.package_identification:_identify(.) by extensions ['cmake', 'python']
[1.089s] Level 1:colcon.colcon_core.package_identification:_identify(.) by extension 'cmake'
[1.089s] Level 1:colcon.colcon_core.package_identification:_identify(.) by extension 'python'
[1.089s] Level 1:colcon.colcon_core.package_identification:_identify(.) by extensions ['python_setup_py']
[1.089s] Level 1:colcon.colcon_core.package_identification:_identify(.) by extension 'python_setup_py'
[1.090s] Level 1:colcon.colcon_core.package_identification:_identify(build) by extensions ['ignore', 'ignore_ament_install']
[1.090s] Level 1:colcon.colcon_core.package_identification:_identify(build) by extension 'ignore'
[1.091s] Level 1:colcon.colcon_core.package_identification:_identify(build) ignored
[1.091s] Level 1:colcon.colcon_core.package_identification:_identify(install) by extensions ['ignore', 'ignore_ament_install']
[1.092s] Level 1:colcon.colcon_core.package_identification:_identify(install) by extension 'ignore'
[1.092s] Level 1:colcon.colcon_core.package_identification:_identify(install) ignored
[1.092s] Level 1:colcon.colcon_core.package_identification:_identify(log) by extensions ['ignore', 'ignore_ament_install']
[1.093s] Level 1:colcon.colcon_core.package_identification:_identify(log) by extension 'ignore'
[1.093s] Level 1:colcon.colcon_core.package_identification:_identify(log) ignored
[1.093s] Level 1:colcon.colcon_core.package_identification:_identify(src) by extensions ['ignore', 'ignore_ament_install']
[1.094s] Level 1:colcon.colcon_core.package_identification:_identify(src) by extension 'ignore'
[1.094s] Level 1:colcon.colcon_core.package_identification:_identify(src) by extension 'ignore_ament_install'
[1.094s] Level 1:colcon.colcon_core.package_identification:_identify(src) by extensions ['colcon_pkg']
[1.094s] Level 1:colcon.colcon_core.package_identification:_identify(src) by extension 'colcon_pkg'
[1.094s] Level 1:colcon.colcon_core.package_identification:_identify(src) by extensions ['colcon_meta']
[1.095s] Level 1:colcon.colcon_core.package_identification:_identify(src) by extension 'colcon_meta'
[1.095s] Level 1:colcon.colcon_core.package_identification:_identify(src) by extensions ['ros']
[1.095s] Level 1:colcon.colcon_core.package_identification:_identify(src) by extension 'ros'
[1.095s] Level 1:colcon.colcon_core.package_identification:_identify(src) by extensions ['cmake', 'python']
[1.095s] Level 1:colcon.colcon_core.package_identification:_identify(src) by extension 'cmake'
[1.096s] Level 1:colcon.colcon_core.package_identification:_identify(src) by extension 'python'
[1.096s] Level 1:colcon.colcon_core.package_identification:_identify(src) by extensions ['python_setup_py']
[1.096s] Level 1:colcon.colcon_core.package_identification:_identify(src) by extension 'python_setup_py'
[1.096s] Level 1:colcon.colcon_core.package_identification:_identify(src/custom_interfaces) by extensions ['ignore', 'ignore_ament_install']
[1.097s] Level 1:colcon.colcon_core.package_identification:_identify(src/custom_interfaces) by extension 'ignore'
[1.097s] Level 1:colcon.colcon_core.package_identification:_identify(src/custom_interfaces) by extension 'ignore_ament_install'
[1.097s] Level 1:colcon.colcon_core.package_identification:_identify(src/custom_interfaces) by extensions ['colcon_pkg']
[1.097s] Level 1:colcon.colcon_core.package_identification:_identify(src/custom_interfaces) by extension 'colcon_pkg'
[1.097s] Level 1:colcon.colcon_core.package_identification:_identify(src/custom_interfaces) by extensions ['colcon_meta']
[1.098s] Level 1:colcon.colcon_core.package_identification:_identify(src/custom_interfaces) by extension 'colcon_meta'
[1.098s] Level 1:colcon.colcon_core.package_identification:_identify(src/custom_interfaces) by extensions ['ros']
[1.098s] Level 1:colcon.colcon_core.package_identification:_identify(src/custom_interfaces) by extension 'ros'
[1.107s] DEBUG:colcon.colcon_core.package_identification:Package 'src/custom_interfaces' with type 'ros.ament_cmake' and name 'custom_interfaces'
[1.108s] Level 1:colcon.colcon_core.package_identification:_identify(src/kf) by extensions ['ignore', 'ignore_ament_install']
[1.108s] Level 1:colcon.colcon_core.package_identification:_identify(src/kf) by extension 'ignore'
[1.109s] Level 1:colcon.colcon_core.package_identification:_identify(src/kf) by extension 'ignore_ament_install'
[1.109s] Level 1:colcon.colcon_core.package_identification:_identify(src/kf) by extensions ['colcon_pkg']
[1.109s] Level 1:colcon.colcon_core.package_identification:_identify(src/kf) by extension 'colcon_pkg'
[1.109s] Level 1:colcon.colcon_core.package_identification:_identify(src/kf) by extensions ['colcon_meta']
[1.109s] Level 1:colcon.colcon_core.package_identification:_identify(src/kf) by extension 'colcon_meta'
[1.110s] Level 1:colcon.colcon_core.package_identification:_identify(src/kf) by extensions ['ros']
[1.110s] Level 1:colcon.colcon_core.package_identification:_identify(src/kf) by extension 'ros'
[1.113s] DEBUG:colcon.colcon_core.package_identification:Package 'src/kf' with type 'ros.ament_cmake' and name 'kf'
[1.113s] Level 1:colcon.colcon_core.package_identification:_identify(src/uwb) by extensions ['ignore', 'ignore_ament_install']
[1.114s] Level 1:colcon.colcon_core.package_identification:_identify(src/uwb) by extension 'ignore'
[1.114s] Level 1:colcon.colcon_core.package_identification:_identify(src/uwb) by extension 'ignore_ament_install'
[1.114s] Level 1:colcon.colcon_core.package_identification:_identify(src/uwb) by extensions ['colcon_pkg']
[1.115s] Level 1:colcon.colcon_core.package_identification:_identify(src/uwb) by extension 'colcon_pkg'
[1.115s] Level 1:colcon.colcon_core.package_identification:_identify(src/uwb) by extensions ['colcon_meta']
[1.115s] Level 1:colcon.colcon_core.package_identification:_identify(src/uwb) by extension 'colcon_meta'
[1.115s] Level 1:colcon.colcon_core.package_identification:_identify(src/uwb) by extensions ['ros']
[1.115s] Level 1:colcon.colcon_core.package_identification:_identify(src/uwb) by extension 'ros'
[1.118s] DEBUG:colcon.colcon_core.package_identification:Package 'src/uwb' with type 'ros.ament_cmake' and name 'uwb'
[1.118s] Level 1:colcon.colcon_core.package_discovery:discover_packages(recursive) using defaults
[1.119s] Level 1:colcon.colcon_core.package_discovery:discover_packages(ignore) discover
[1.119s] Level 1:colcon.colcon_core.package_discovery:discover_packages(ignore) using defaults
[1.119s] Level 1:colcon.colcon_core.package_discovery:discover_packages(path) discover
[1.119s] Level 1:colcon.colcon_core.package_discovery:discover_packages(path) using defaults
[1.208s] Level 5:colcon.colcon_core.verb:set package 'custom_interfaces' build argument 'cmake_args' from command line to 'None'
[1.209s] Level 5:colcon.colcon_core.verb:set package 'custom_interfaces' build argument 'cmake_target' from command line to 'None'
[1.209s] Level 5:colcon.colcon_core.verb:set package 'custom_interfaces' build argument 'cmake_target_skip_unavailable' from command line to 'False'
[1.209s] Level 5:colcon.colcon_core.verb:set package 'custom_interfaces' build argument 'cmake_clean_cache' from command line to 'False'
[1.209s] Level 5:colcon.colcon_core.verb:set package 'custom_interfaces' build argument 'cmake_clean_first' from command line to 'False'
[1.209s] Level 5:colcon.colcon_core.verb:set package 'custom_interfaces' build argument 'cmake_force_configure' from command line to 'False'
[1.209s] Level 5:colcon.colcon_core.verb:set package 'custom_interfaces' build argument 'ament_cmake_args' from command line to 'None'
[1.209s] Level 5:colcon.colcon_core.verb:set package 'custom_interfaces' build argument 'catkin_cmake_args' from command line to 'None'
[1.210s] Level 5:colcon.colcon_core.verb:set package 'custom_interfaces' build argument 'catkin_skip_building_tests' from command line to 'False'
[1.210s] DEBUG:colcon.colcon_core.verb:Building package 'custom_interfaces' with the following arguments: {'ament_cmake_args': None, 'build_base': '/workspaces/mavlab/ros2_ws/build/custom_interfaces', 'catkin_cmake_args': None, 'catkin_skip_building_tests': False, 'cmake_args': None, 'cmake_clean_cache': False, 'cmake_clean_first': False, 'cmake_force_configure': False, 'cmake_target': None, 'cmake_target_skip_unavailable': False, 'install_base': '/workspaces/mavlab/ros2_ws/install/custom_interfaces', 'merge_install': False, 'path': '/workspaces/mavlab/ros2_ws/src/custom_interfaces', 'symlink_install': False, 'test_result_base': None}
[1.212s] Level 5:colcon.colcon_core.verb:set package 'kf' build argument 'cmake_args' from command line to 'None'
[1.212s] Level 5:colcon.colcon_core.verb:set package 'kf' build argument 'cmake_target' from command line to 'None'
[1.212s] Level 5:colcon.colcon_core.verb:set package 'kf' build argument 'cmake_target_skip_unavailable' from command line to 'False'
[1.212s] Level 5:colcon.colcon_core.verb:set package 'kf' build argument 'cmake_clean_cache' from command line to 'False'
[1.212s] Level 5:colcon.colcon_core.verb:set package 'kf' build argument 'cmake_clean_first' from command line to 'False'
[1.212s] Level 5:colcon.colcon_core.verb:set package 'kf' build argument 'cmake_force_configure' from command line to 'False'
[1.212s] Level 5:colcon.colcon_core.verb:set package 'kf' build argument 'ament_cmake_args' from command line to 'None'
[1.213s] Level 5:colcon.colcon_core.verb:set package 'kf' build argument 'catkin_cmake_args' from command line to 'None'
[1.213s] Level 5:colcon.colcon_core.verb:set package 'kf' build argument 'catkin_skip_building_tests' from command line to 'False'
[1.213s] DEBUG:colcon.colcon_core.verb:Building package 'kf' with the following arguments: {'ament_cmake_args': None, 'build_base': '/workspaces/mavlab/ros2_ws/build/kf', 'catkin_cmake_args': None, 'catkin_skip_building_tests': False, 'cmake_args': None, 'cmake_clean_cache': False, 'cmake_clean_first': False, 'cmake_force_configure': False, 'cmake_target': None, 'cmake_target_skip_unavailable': False, 'install_base': '/workspaces/mavlab/ros2_ws/install/kf', 'merge_install': False, 'path': '/workspaces/mavlab/ros2_ws/src/kf', 'symlink_install': False, 'test_result_base': None}
[1.215s] Level 5:colcon.colcon_core.verb:set package 'uwb' build argument 'cmake_args' from command line to 'None'
[1.215s] Level 5:colcon.colcon_core.verb:set package 'uwb' build argument 'cmake_target' from command line to 'None'
[1.215s] Level 5:colcon.colcon_core.verb:set package 'uwb' build argument 'cmake_target_skip_unavailable' from command line to 'False'
[1.215s] Level 5:colcon.colcon_core.verb:set package 'uwb' build argument 'cmake_clean_cache' from command line to 'False'
[1.215s] Level 5:colcon.colcon_core.verb:set package 'uwb' build argument 'cmake_clean_first' from command line to 'False'
[1.215s] Level 5:colcon.colcon_core.verb:set package 'uwb' build argument 'cmake_force_configure' from command line to 'False'
[1.215s] Level 5:colcon.colcon_core.verb:set package 'uwb' build argument 'ament_cmake_args' from command line to 'None'
[1.215s] Level 5:colcon.colcon_core.verb:set package 'uwb' build argument 'catkin_cmake_args' from command line to 'None'
[1.216s] Level 5:colcon.colcon_core.verb:set package 'uwb' build argument 'catkin_skip_building_tests' from command line to 'False'
[1.216s] DEBUG:colcon.colcon_core.verb:Building package 'uwb' with the following arguments: {'ament_cmake_args': None, 'build_base': '/workspaces/mavlab/ros2_ws/build/uwb', 'catkin_cmake_args': None, 'catkin_skip_building_tests': False, 'cmake_args': None, 'cmake_clean_cache': False, 'cmake_clean_first': False, 'cmake_force_configure': False, 'cmake_target': None, 'cmake_target_skip_unavailable': False, 'install_base': '/workspaces/mavlab/ros2_ws/install/uwb', 'merge_install': False, 'path': '/workspaces/mavlab/ros2_ws/src/uwb', 'symlink_install': False, 'test_result_base': None}
[1.216s] INFO:colcon.colcon_core.executor:Executing jobs using 'parallel' executor
[1.220s] DEBUG:colcon.colcon_parallel_executor.executor.parallel:run_until_complete
[1.222s] INFO:colcon.colcon_ros.task.ament_cmake.build:Building ROS package in '/workspaces/mavlab/ros2_ws/src/custom_interfaces' with build type 'ament_cmake'
[1.222s] INFO:colcon.colcon_cmake.task.cmake.build:Building CMake package in '/workspaces/mavlab/ros2_ws/src/custom_interfaces'
[1.231s] INFO:colcon.colcon_core.plugin_system:Skipping extension 'colcon_core.shell.bat': Not used on non-Windows systems
[1.232s] INFO:colcon.colcon_core.shell:Skip shell extension 'powershell' for command environment: Not usable outside of PowerShell
[1.232s] DEBUG:colcon.colcon_core.shell:Skip shell extension 'dsv' for command environment
[1.255s] INFO:colcon.colcon_ros.task.ament_cmake.build:Building ROS package in '/workspaces/mavlab/ros2_ws/src/kf' with build type 'ament_cmake'
[1.255s] INFO:colcon.colcon_cmake.task.cmake.build:Building CMake package in '/workspaces/mavlab/ros2_ws/src/kf'
[1.257s] INFO:colcon.colcon_core.shell:Skip shell extension 'powershell' for command environment: Not usable outside of PowerShell
[1.257s] DEBUG:colcon.colcon_core.shell:Skip shell extension 'dsv' for command environment
[1.271s] INFO:colcon.colcon_ros.task.ament_cmake.build:Building ROS package in '/workspaces/mavlab/ros2_ws/src/uwb' with build type 'ament_cmake'
[1.272s] INFO:colcon.colcon_cmake.task.cmake.build:Building CMake package in '/workspaces/mavlab/ros2_ws/src/uwb'
[1.273s] INFO:colcon.colcon_core.shell:Skip shell extension 'powershell' for command environment: Not usable outside of PowerShell
[1.273s] DEBUG:colcon.colcon_core.shell:Skip shell extension 'dsv' for command environment
[1.300s] DEBUG:colcon.colcon_core.event_handler.log_command:Invoking command in '/workspaces/mavlab/ros2_ws/build/custom_interfaces': CMAKE_PREFIX_PATH=${CMAKE_PREFIX_PATH}:/opt/ros/humble /usr/bin/cmake --build /workspaces/mavlab/ros2_ws/build/custom_interfaces -- -j4 -l4
[1.320s] DEBUG:colcon.colcon_core.event_handler.log_command:Invoking command in '/workspaces/mavlab/ros2_ws/build/kf': CMAKE_PREFIX_PATH=${CMAKE_PREFIX_PATH}:/opt/ros/humble /usr/bin/cmake --build /workspaces/mavlab/ros2_ws/build/kf -- -j4 -l4
[1.335s] DEBUG:colcon.colcon_core.event_handler.log_command:Invoking command in '/workspaces/mavlab/ros2_ws/build/uwb': CMAKE_PREFIX_PATH=${CMAKE_PREFIX_PATH}:/opt/ros/humble /usr/bin/cmake --build /workspaces/mavlab/ros2_ws/build/uwb -- -j4 -l4
[1.474s] DEBUG:colcon.colcon_core.event_handler.log_command:Invoked command in '/workspaces/mavlab/ros2_ws/build/kf' returned '0': CMAKE_PREFIX_PATH=${CMAKE_PREFIX_PATH}:/opt/ros/humble /usr/bin/cmake --build /workspaces/mavlab/ros2_ws/build/kf -- -j4 -l4
[1.497s] DEBUG:colcon.colcon_core.event_handler.log_command:Invoked command in '/workspaces/mavlab/ros2_ws/build/uwb' returned '0': CMAKE_PREFIX_PATH=${CMAKE_PREFIX_PATH}:/opt/ros/humble /usr/bin/cmake --build /workspaces/mavlab/ros2_ws/build/uwb -- -j4 -l4
[1.646s] DEBUG:colcon.colcon_core.event_handler.log_command:Invoking command in '/workspaces/mavlab/ros2_ws/build/kf': CMAKE_PREFIX_PATH=${CMAKE_PREFIX_PATH}:/opt/ros/humble /usr/bin/cmake --install /workspaces/mavlab/ros2_ws/build/kf
[1.655s] DEBUG:colcon.colcon_core.event_handler.log_command:Invoking command in '/workspaces/mavlab/ros2_ws/build/uwb': CMAKE_PREFIX_PATH=${CMAKE_PREFIX_PATH}:/opt/ros/humble /usr/bin/cmake --install /workspaces/mavlab/ros2_ws/build/uwb
[1.690s] Level 1:colcon.colcon_core.environment:create_environment_scripts_only(kf)
[1.718s] Level 1:colcon.colcon_core.environment:checking '/workspaces/mavlab/ros2_ws/install/kf' for CMake module files
[1.722s] DEBUG:colcon.colcon_core.event_handler.log_command:Invoked command in '/workspaces/mavlab/ros2_ws/build/kf' returned '0': CMAKE_PREFIX_PATH=${CMAKE_PREFIX_PATH}:/opt/ros/humble /usr/bin/cmake --install /workspaces/mavlab/ros2_ws/build/kf
[1.730s] Level 1:colcon.colcon_core.environment:checking '/workspaces/mavlab/ros2_ws/install/kf' for CMake config files
[1.732s] Level 1:colcon.colcon_core.shell:create_environment_hook('kf', 'cmake_prefix_path')
[1.734s] INFO:colcon.colcon_core.shell:Creating environment hook '/workspaces/mavlab/ros2_ws/install/kf/share/kf/hook/cmake_prefix_path.ps1'
[1.736s] INFO:colcon.colcon_core.shell:Creating environment descriptor '/workspaces/mavlab/ros2_ws/install/kf/share/kf/hook/cmake_prefix_path.dsv'
[1.739s] INFO:colcon.colcon_core.shell:Creating environment hook '/workspaces/mavlab/ros2_ws/install/kf/share/kf/hook/cmake_prefix_path.sh'
[1.743s] Level 1:colcon.colcon_core.environment:checking '/workspaces/mavlab/ros2_ws/install/kf/lib'
[1.745s] Level 1:colcon.colcon_core.environment:checking '/workspaces/mavlab/ros2_ws/install/kf/bin'
[1.745s] Level 1:colcon.colcon_core.environment:checking '/workspaces/mavlab/ros2_ws/install/kf/lib/pkgconfig/kf.pc'
[1.753s] Level 1:colcon.colcon_core.environment:checking '/workspaces/mavlab/ros2_ws/install/kf/lib/python3.10/site-packages'
[1.754s] Level 1:colcon.colcon_core.environment:checking '/workspaces/mavlab/ros2_ws/install/kf/bin'
[1.756s] INFO:colcon.colcon_core.shell:Creating package script '/workspaces/mavlab/ros2_ws/install/kf/share/kf/package.ps1'
[1.760s] INFO:colcon.colcon_core.shell:Creating package descriptor '/workspaces/mavlab/ros2_ws/install/kf/share/kf/package.dsv'
[1.762s] INFO:colcon.colcon_core.shell:Creating package script '/workspaces/mavlab/ros2_ws/install/kf/share/kf/package.sh'
[1.766s] INFO:colcon.colcon_core.shell:Creating package script '/workspaces/mavlab/ros2_ws/install/kf/share/kf/package.bash'
[1.770s] INFO:colcon.colcon_core.shell:Creating package script '/workspaces/mavlab/ros2_ws/install/kf/share/kf/package.zsh'
[1.774s] Level 1:colcon.colcon_core.environment:create_file_with_runtime_dependencies(/workspaces/mavlab/ros2_ws/install/kf/share/colcon-core/packages/kf)
[1.780s] Level 1:colcon.colcon_core.environment:create_environment_scripts_only(uwb)
[1.782s] Level 1:colcon.colcon_core.environment:checking '/workspaces/mavlab/ros2_ws/install/uwb' for CMake module files
[1.785s] Level 1:colcon.colcon_core.environment:checking '/workspaces/mavlab/ros2_ws/install/uwb' for CMake config files
[1.786s] Level 1:colcon.colcon_core.shell:create_environment_hook('uwb', 'cmake_prefix_path')
[1.788s] INFO:colcon.colcon_core.shell:Creating environment hook '/workspaces/mavlab/ros2_ws/install/uwb/share/uwb/hook/cmake_prefix_path.ps1'
[1.790s] INFO:colcon.colcon_core.shell:Creating environment descriptor '/workspaces/mavlab/ros2_ws/install/uwb/share/uwb/hook/cmake_prefix_path.dsv'
[1.791s] DEBUG:colcon.colcon_core.event_handler.log_command:Invoked command in '/workspaces/mavlab/ros2_ws/build/uwb' returned '0': CMAKE_PREFIX_PATH=${CMAKE_PREFIX_PATH}:/opt/ros/humble /usr/bin/cmake --install /workspaces/mavlab/ros2_ws/build/uwb
[1.793s] INFO:colcon.colcon_core.shell:Creating environment hook '/workspaces/mavlab/ros2_ws/install/uwb/share/uwb/hook/cmake_prefix_path.sh'
[1.795s] Level 1:colcon.colcon_core.environment:checking '/workspaces/mavlab/ros2_ws/install/uwb/lib'
[1.796s] Level 1:colcon.colcon_core.environment:checking '/workspaces/mavlab/ros2_ws/install/uwb/bin'
[1.796s] Level 1:colcon.colcon_core.environment:checking '/workspaces/mavlab/ros2_ws/install/uwb/lib/pkgconfig/uwb.pc'
[1.798s] Level 1:colcon.colcon_core.environment:checking '/workspaces/mavlab/ros2_ws/install/uwb/lib/python3.10/site-packages'
[1.799s] Level 1:colcon.colcon_core.environment:checking '/workspaces/mavlab/ros2_ws/install/uwb/bin'
[1.801s] INFO:colcon.colcon_core.shell:Creating package script '/workspaces/mavlab/ros2_ws/install/uwb/share/uwb/package.ps1'
[1.803s] INFO:colcon.colcon_core.shell:Creating package descriptor '/workspaces/mavlab/ros2_ws/install/uwb/share/uwb/package.dsv'
[1.805s] INFO:colcon.colcon_core.shell:Creating package script '/workspaces/mavlab/ros2_ws/install/uwb/share/uwb/package.sh'
[1.807s] INFO:colcon.colcon_core.shell:Creating package script '/workspaces/mavlab/ros2_ws/install/uwb/share/uwb/package.bash'
[1.808s] INFO:colcon.colcon_core.shell:Creating package script '/workspaces/mavlab/ros2_ws/install/uwb/share/uwb/package.zsh'
[1.811s] Level 1:colcon.colcon_core.environment:create_file_with_runtime_dependencies(/workspaces/mavlab/ros2_ws/install/uwb/share/colcon-core/packages/uwb)
[1.878s] Level 1:colcon.colcon_core.environment:create_environment_scripts_only(kf)
[1.880s] Level 1:colcon.colcon_core.environment:checking '/workspaces/mavlab/ros2_ws/install/kf' for CMake module files
[1.883s] Level 1:colcon.colcon_core.environment:checking '/workspaces/mavlab/ros2_ws/install/kf' for CMake config files
[1.885s] Level 1:colcon.colcon_core.shell:create_environment_hook('kf', 'cmake_prefix_path')
[1.886s] INFO:colcon.colcon_core.shell:Creating environment hook '/workspaces/mavlab/ros2_ws/install/kf/share/kf/hook/cmake_prefix_path.ps1'
[1.888s] INFO:colcon.colcon_core.shell:Creating environment descriptor '/workspaces/mavlab/ros2_ws/install/kf/share/kf/hook/cmake_prefix_path.dsv'
[1.890s] INFO:colcon.colcon_core.shell:Creating environment hook '/workspaces/mavlab/ros2_ws/install/kf/share/kf/hook/cmake_prefix_path.sh'
[1.892s] Level 1:colcon.colcon_core.environment:checking '/workspaces/mavlab/ros2_ws/install/kf/lib'
[1.893s] Level 1:colcon.colcon_core.environment:checking '/workspaces/mavlab/ros2_ws/install/kf/bin'
[1.893s] Level 1:colcon.colcon_core.environment:checking '/workspaces/mavlab/ros2_ws/install/kf/lib/pkgconfig/kf.pc'
[1.894s] Level 1:colcon.colcon_core.environment:checking '/workspaces/mavlab/ros2_ws/install/kf/lib/python3.10/site-packages'
[1.895s] Level 1:colcon.colcon_core.environment:checking '/workspaces/mavlab/ros2_ws/install/kf/bin'
[1.897s] INFO:colcon.colcon_core.shell:Creating package script '/workspaces/mavlab/ros2_ws/install/kf/share/kf/package.ps1'
[1.899s] INFO:colcon.colcon_core.shell:Creating package descriptor '/workspaces/mavlab/ros2_ws/install/kf/share/kf/package.dsv'
[1.902s] INFO:colcon.colcon_core.shell:Creating package script '/workspaces/mavlab/ros2_ws/install/kf/share/kf/package.sh'
[1.904s] INFO:colcon.colcon_core.shell:Creating package script '/workspaces/mavlab/ros2_ws/install/kf/share/kf/package.bash'
[1.907s] INFO:colcon.colcon_core.shell:Creating package script '/workspaces/mavlab/ros2_ws/install/kf/share/kf/package.zsh'
[1.909s] Level 1:colcon.colcon_core.environment:create_file_with_runtime_dependencies(/workspaces/mavlab/ros2_ws/install/kf/share/colcon-core/packages/kf)
[1.913s] Level 1:colcon.colcon_core.environment:create_environment_scripts_only(uwb)
[1.915s] Level 1:colcon.colcon_core.environment:checking '/workspaces/mavlab/ros2_ws/install/uwb' for CMake module files
[1.920s] Level 1:colcon.colcon_core.environment:checking '/workspaces/mavlab/ros2_ws/install/uwb' for CMake config files
[1.922s] Level 1:colcon.colcon_core.shell:create_environment_hook('uwb', 'cmake_prefix_path')
[1.923s] INFO:colcon.colcon_core.shell:Creating environment hook '/workspaces/mavlab/ros2_ws/install/uwb/share/uwb/hook/cmake_prefix_path.ps1'
[1.925s] INFO:colcon.colcon_core.shell:Creating environment descriptor '/workspaces/mavlab/ros2_ws/install/uwb/share/uwb/hook/cmake_prefix_path.dsv'
[1.928s] INFO:colcon.colcon_core.shell:Creating environment hook '/workspaces/mavlab/ros2_ws/install/uwb/share/uwb/hook/cmake_prefix_path.sh'
[1.930s] Level 1:colcon.colcon_core.environment:checking '/workspaces/mavlab/ros2_ws/install/uwb/lib'
[1.930s] Level 1:colcon.colcon_core.environment:checking '/workspaces/mavlab/ros2_ws/install/uwb/bin'
[1.931s] Level 1:colcon.colcon_core.environment:checking '/workspaces/mavlab/ros2_ws/install/uwb/lib/pkgconfig/uwb.pc'
[1.932s] Level 1:colcon.colcon_core.environment:checking '/workspaces/mavlab/ros2_ws/install/uwb/lib/python3.10/site-packages'
[1.933s] Level 1:colcon.colcon_core.environment:checking '/workspaces/mavlab/ros2_ws/install/uwb/bin'
[1.934s] INFO:colcon.colcon_core.shell:Creating package script '/workspaces/mavlab/ros2_ws/install/uwb/share/uwb/package.ps1'
[1.937s] INFO:colcon.colcon_core.shell:Creating package descriptor '/workspaces/mavlab/ros2_ws/install/uwb/share/uwb/package.dsv'
[1.939s] INFO:colcon.colcon_core.shell:Creating package script '/workspaces/mavlab/ros2_ws/install/uwb/share/uwb/package.sh'
[1.941s] INFO:colcon.colcon_core.shell:Creating package script '/workspaces/mavlab/ros2_ws/install/uwb/share/uwb/package.bash'
[1.943s] INFO:colcon.colcon_core.shell:Creating package script '/workspaces/mavlab/ros2_ws/install/uwb/share/uwb/package.zsh'
[1.945s] Level 1:colcon.colcon_core.environment:create_file_with_runtime_dependencies(/workspaces/mavlab/ros2_ws/install/uwb/share/colcon-core/packages/uwb)
[2.881s] DEBUG:colcon.colcon_core.event_handler.log_command:Invoked command in '/workspaces/mavlab/ros2_ws/build/custom_interfaces' returned '0': CMAKE_PREFIX_PATH=${CMAKE_PREFIX_PATH}:/opt/ros/humble /usr/bin/cmake --build /workspaces/mavlab/ros2_ws/build/custom_interfaces -- -j4 -l4
[3.038s] DEBUG:colcon.colcon_core.event_handler.log_command:Invoking command in '/workspaces/mavlab/ros2_ws/build/custom_interfaces': CMAKE_PREFIX_PATH=${CMAKE_PREFIX_PATH}:/opt/ros/humble /usr/bin/cmake --install /workspaces/mavlab/ros2_ws/build/custom_interfaces
[3.251s] Level 1:colcon.colcon_core.environment:create_environment_scripts_only(custom_interfaces)
[3.253s] Level 1:colcon.colcon_core.environment:checking '/workspaces/mavlab/ros2_ws/install/custom_interfaces' for CMake module files
[3.255s] DEBUG:colcon.colcon_core.event_handler.log_command:Invoked command in '/workspaces/mavlab/ros2_ws/build/custom_interfaces' returned '0': CMAKE_PREFIX_PATH=${CMAKE_PREFIX_PATH}:/opt/ros/humble /usr/bin/cmake --install /workspaces/mavlab/ros2_ws/build/custom_interfaces
[3.258s] Level 1:colcon.colcon_core.environment:checking '/workspaces/mavlab/ros2_ws/install/custom_interfaces' for CMake config files
[3.261s] Level 1:colcon.colcon_core.shell:create_environment_hook('custom_interfaces', 'cmake_prefix_path')
[3.262s] INFO:colcon.colcon_core.shell:Creating environment hook '/workspaces/mavlab/ros2_ws/install/custom_interfaces/share/custom_interfaces/hook/cmake_prefix_path.ps1'
[3.264s] INFO:colcon.colcon_core.shell:Creating environment descriptor '/workspaces/mavlab/ros2_ws/install/custom_interfaces/share/custom_interfaces/hook/cmake_prefix_path.dsv'
[3.265s] INFO:colcon.colcon_core.shell:Creating environment hook '/workspaces/mavlab/ros2_ws/install/custom_interfaces/share/custom_interfaces/hook/cmake_prefix_path.sh'
[3.267s] Level 1:colcon.colcon_core.environment:checking '/workspaces/mavlab/ros2_ws/install/custom_interfaces/lib'
[3.267s] Level 1:colcon.colcon_core.shell:create_environment_hook('custom_interfaces', 'ld_library_path_lib')
[3.268s] INFO:colcon.colcon_core.shell:Creating environment hook '/workspaces/mavlab/ros2_ws/install/custom_interfaces/share/custom_interfaces/hook/ld_library_path_lib.ps1'
[3.270s] INFO:colcon.colcon_core.shell:Creating environment descriptor '/workspaces/mavlab/ros2_ws/install/custom_interfaces/share/custom_interfaces/hook/ld_library_path_lib.dsv'
[3.271s] INFO:colcon.colcon_core.shell:Creating environment hook '/workspaces/mavlab/ros2_ws/install/custom_interfaces/share/custom_interfaces/hook/ld_library_path_lib.sh'
[3.272s] Level 1:colcon.colcon_core.environment:checking '/workspaces/mavlab/ros2_ws/install/custom_interfaces/bin'
[3.272s] Level 1:colcon.colcon_core.environment:checking '/workspaces/mavlab/ros2_ws/install/custom_interfaces/lib/pkgconfig/custom_interfaces.pc'
[3.273s] Level 1:colcon.colcon_core.environment:checking '/workspaces/mavlab/ros2_ws/install/custom_interfaces/lib/python3.10/site-packages'
[3.274s] Level 1:colcon.colcon_core.environment:checking '/workspaces/mavlab/ros2_ws/install/custom_interfaces/bin'
[3.276s] INFO:colcon.colcon_core.shell:Creating package script '/workspaces/mavlab/ros2_ws/install/custom_interfaces/share/custom_interfaces/package.ps1'
[3.278s] INFO:colcon.colcon_core.shell:Creating package descriptor '/workspaces/mavlab/ros2_ws/install/custom_interfaces/share/custom_interfaces/package.dsv'
[3.280s] INFO:colcon.colcon_core.shell:Creating package script '/workspaces/mavlab/ros2_ws/install/custom_interfaces/share/custom_interfaces/package.sh'
[3.281s] INFO:colcon.colcon_core.shell:Creating package script '/workspaces/mavlab/ros2_ws/install/custom_interfaces/share/custom_interfaces/package.bash'
[3.282s] INFO:colcon.colcon_core.shell:Creating package script '/workspaces/mavlab/ros2_ws/install/custom_interfaces/share/custom_interfaces/package.zsh'
[3.283s] Level 1:colcon.colcon_core.environment:create_file_with_runtime_dependencies(/workspaces/mavlab/ros2_ws/install/custom_interfaces/share/colcon-core/packages/custom_interfaces)
[3.444s] Level 1:colcon.colcon_core.environment:create_environment_scripts_only(custom_interfaces)
[3.445s] Level 1:colcon.colcon_core.environment:checking '/workspaces/mavlab/ros2_ws/install/custom_interfaces' for CMake module files
[3.450s] Level 1:colcon.colcon_core.environment:checking '/workspaces/mavlab/ros2_ws/install/custom_interfaces' for CMake config files
[3.453s] Level 1:colcon.colcon_core.shell:create_environment_hook('custom_interfaces', 'cmake_prefix_path')
[3.454s] INFO:colcon.colcon_core.shell:Creating environment hook '/workspaces/mavlab/ros2_ws/install/custom_interfaces/share/custom_interfaces/hook/cmake_prefix_path.ps1'
[3.455s] INFO:colcon.colcon_core.shell:Creating environment descriptor '/workspaces/mavlab/ros2_ws/install/custom_interfaces/share/custom_interfaces/hook/cmake_prefix_path.dsv'
[3.457s] INFO:colcon.colcon_core.shell:Creating environment hook '/workspaces/mavlab/ros2_ws/install/custom_interfaces/share/custom_interfaces/hook/cmake_prefix_path.sh'
[3.458s] Level 1:colcon.colcon_core.environment:checking '/workspaces/mavlab/ros2_ws/install/custom_interfaces/lib'
[3.459s] Level 1:colcon.colcon_core.shell:create_environment_hook('custom_interfaces', 'ld_library_path_lib')
[3.460s] INFO:colcon.colcon_core.shell:Creating environment hook '/workspaces/mavlab/ros2_ws/install/custom_interfaces/share/custom_interfaces/hook/ld_library_path_lib.ps1'
[3.462s] INFO:colcon.colcon_core.shell:Creating environment descriptor '/workspaces/mavlab/ros2_ws/install/custom_interfaces/share/custom_interfaces/hook/ld_library_path_lib.dsv'
[3.463s] INFO:colcon.colcon_core.shell:Creating environment hook '/workspaces/mavlab/ros2_ws/install/custom_interfaces/share/custom_interfaces/hook/ld_library_path_lib.sh'
[3.464s] Level 1:colcon.colcon_core.environment:checking '/workspaces/mavlab/ros2_ws/install/custom_interfaces/bin'
[3.465s] Level 1:colcon.colcon_core.environment:checking '/workspaces/mavlab/ros2_ws/install/custom_interfaces/lib/pkgconfig/custom_interfaces.pc'
[3.466s] Level 1:colcon.colcon_core.environment:checking '/workspaces/mavlab/ros2_ws/install/custom_interfaces/lib/python3.10/site-packages'
[3.467s] Level 1:colcon.colcon_core.environment:checking '/workspaces/mavlab/ros2_ws/install/custom_interfaces/bin'
[3.468s] INFO:colcon.colcon_core.shell:Creating package script '/workspaces/mavlab/ros2_ws/install/custom_interfaces/share/custom_interfaces/package.ps1'
[3.471s] INFO:colcon.colcon_core.shell:Creating package descriptor '/workspaces/mavlab/ros2_ws/install/custom_interfaces/share/custom_interfaces/package.dsv'
[3.473s] INFO:colcon.colcon_core.shell:Creating package script '/workspaces/mavlab/ros2_ws/install/custom_interfaces/share/custom_interfaces/package.sh'
[3.475s] INFO:colcon.colcon_core.shell:Creating package script '/workspaces/mavlab/ros2_ws/install/custom_interfaces/share/custom_interfaces/package.bash'
[3.477s] INFO:colcon.colcon_core.shell:Creating package script '/workspaces/mavlab/ros2_ws/install/custom_interfaces/share/custom_interfaces/package.zsh'
[3.478s] Level 1:colcon.colcon_core.environment:create_file_with_runtime_dependencies(/workspaces/mavlab/ros2_ws/install/custom_interfaces/share/colcon-core/packages/custom_interfaces)
[3.479s] DEBUG:colcon.colcon_parallel_executor.executor.parallel:closing loop
[3.480s] DEBUG:colcon.colcon_parallel_executor.executor.parallel:loop closed
[3.481s] DEBUG:colcon.colcon_parallel_executor.executor.parallel:run_until_complete finished with '0'
[3.482s] DEBUG:colcon.colcon_core.event_reactor:joining thread
[3.502s] INFO:colcon.colcon_core.plugin_system:Skipping extension 'colcon_notification.desktop_notification.notify_send': Could not find 'notify-send'
[3.503s] INFO:colcon.colcon_core.plugin_system:Skipping extension 'colcon_notification.desktop_notification.terminal_notifier': Not used on non-Darwin systems
[3.503s] INFO:colcon.colcon_core.plugin_system:Skipping extension 'colcon_notification.desktop_notification.win32': Not used on non-Windows systems
[3.503s] INFO:colcon.colcon_notification.desktop_notification:Sending desktop notification using 'notify2'
[3.503s] DEBUG:colcon.colcon_notification.desktop_notification.notify2:Failed to initialize notify2: org.freedesktop.DBus.Error.NotSupported: Unable to autolaunch a dbus-daemon without a $DISPLAY for X11
[3.504s] DEBUG:colcon.colcon_core.event_reactor:joined thread
[3.505s] INFO:colcon.colcon_core.shell:Creating prefix script '/workspaces/mavlab/ros2_ws/install/local_setup.ps1'
[3.509s] INFO:colcon.colcon_core.shell:Creating prefix util module '/workspaces/mavlab/ros2_ws/install/_local_setup_util_ps1.py'
[3.515s] INFO:colcon.colcon_core.shell:Creating prefix chain script '/workspaces/mavlab/ros2_ws/install/setup.ps1'
[3.520s] INFO:colcon.colcon_core.shell:Creating prefix script '/workspaces/mavlab/ros2_ws/install/local_setup.sh'
[3.522s] INFO:colcon.colcon_core.shell:Creating prefix util module '/workspaces/mavlab/ros2_ws/install/_local_setup_util_sh.py'
[3.524s] INFO:colcon.colcon_core.shell:Creating prefix chain script '/workspaces/mavlab/ros2_ws/install/setup.sh'
[3.530s] INFO:colcon.colcon_core.shell:Creating prefix script '/workspaces/mavlab/ros2_ws/install/local_setup.bash'
[3.532s] INFO:colcon.colcon_core.shell:Creating prefix chain script '/workspaces/mavlab/ros2_ws/install/setup.bash'
[3.537s] INFO:colcon.colcon_core.shell:Creating prefix script '/workspaces/mavlab/ros2_ws/install/local_setup.zsh'
[3.539s] INFO:colcon.colcon_core.shell:Creating prefix chain script '/workspaces/mavlab/ros2_ws/install/setup.zsh'
