[0.063s] Invoking command in '/workspaces/mavlab/ros2_ws/build/uwb': CMAKE_PREFIX_PATH=${CMAKE_PREFIX_PATH}:/opt/ros/humble /usr/bin/cmake --build /workspaces/mavlab/ros2_ws/build/uwb -- -j4 -l4
[0.291s] Invoked command in '/workspaces/mavlab/ros2_ws/build/uwb' returned '0': CMAKE_PREFIX_PATH=${CMAKE_PREFIX_PATH}:/opt/ros/humble /usr/bin/cmake --build /workspaces/mavlab/ros2_ws/build/uwb -- -j4 -l4
[0.420s] Invoking command in '/workspaces/mavlab/ros2_ws/build/uwb': CMAKE_PREFIX_PATH=${CMAKE_PREFIX_PATH}:/opt/ros/humble /usr/bin/cmake --install /workspaces/mavlab/ros2_ws/build/uwb
[0.460s] -- Install configuration: ""
[0.461s] -- Up-to-date: /workspaces/mavlab/ros2_ws/install/uwb/share/uwb/launch
[0.461s] -- Up-to-date: /workspaces/mavlab/ros2_ws/install/uwb/share/uwb/launch/uwb_launch.py
[0.462s] -- Installing: /workspaces/mavlab/ros2_ws/install/uwb/lib/uwb/uwb.py
[0.467s] -- Up-to-date: /workspaces/mavlab/ros2_ws/install/uwb/share/ament_index/resource_index/package_run_dependencies/uwb
[0.468s] -- Up-to-date: /workspaces/mavlab/ros2_ws/install/uwb/share/ament_index/resource_index/parent_prefix_path/uwb
[0.473s] -- Up-to-date: /workspaces/mavlab/ros2_ws/install/uwb/share/uwb/environment/ament_prefix_path.sh
[0.473s] -- Up-to-date: /workspaces/mavlab/ros2_ws/install/uwb/share/uwb/environment/ament_prefix_path.dsv
[0.473s] -- Up-to-date: /workspaces/mavlab/ros2_ws/install/uwb/share/uwb/environment/path.sh
[0.474s] -- Up-to-date: /workspaces/mavlab/ros2_ws/install/uwb/share/uwb/environment/path.dsv
[0.474s] -- Up-to-date: /workspaces/mavlab/ros2_ws/install/uwb/share/uwb/local_setup.bash
[0.477s] -- Up-to-date: /workspaces/mavlab/ros2_ws/install/uwb/share/uwb/local_setup.sh
[0.484s] -- Up-to-date: /workspaces/mavlab/ros2_ws/install/uwb/share/uwb/local_setup.zsh
[0.486s] -- Up-to-date: /workspaces/mavlab/ros2_ws/install/uwb/share/uwb/local_setup.dsv
[0.487s] -- Installing: /workspaces/mavlab/ros2_ws/install/uwb/share/uwb/package.dsv
[0.488s] -- Up-to-date: /workspaces/mavlab/ros2_ws/install/uwb/share/ament_index/resource_index/packages/uwb
[0.488s] -- Up-to-date: /workspaces/mavlab/ros2_ws/install/uwb/share/uwb/cmake/uwbConfig.cmake
[0.496s] -- Up-to-date: /workspaces/mavlab/ros2_ws/install/uwb/share/uwb/cmake/uwbConfig-version.cmake
[0.504s] -- Up-to-date: /workspaces/mavlab/ros2_ws/install/uwb/share/uwb/package.xml
[0.528s] Invoked command in '/workspaces/mavlab/ros2_ws/build/uwb' returned '0': CMAKE_PREFIX_PATH=${CMAKE_PREFIX_PATH}:/opt/ros/humble /usr/bin/cmake --install /workspaces/mavlab/ros2_ws/build/uwb
