[  1%] Built target sbg_driver__cpp
[35m[1mConsolidate compiler generated dependencies of target sbg_driver__rosidl_generator_c[0m
[  1%] Built target ament_cmake_python_copy_sbg_driver
[35m[1mConsolidate compiler generated dependencies of target sbgECom[0m
[ 11%] Built target sbg_driver__rosidl_generator_c
[35m[1mConsolidate compiler generated dependencies of target sbg_driver__rosidl_typesupport_cpp[0m
[35m[1mConsolidate compiler generated dependencies of target sbg_driver__rosidl_typesupport_fastrtps_cpp[0m
[ 27%] Built target sbgECom
[35m[1mConsolidate compiler generated dependencies of target sbg_driver__rosidl_typesupport_introspection_cpp[0m
[ 36%] Built target sbg_driver__rosidl_typesupport_cpp
[ 46%] Built target sbg_driver__rosidl_typesupport_fastrtps_cpp
[ 56%] Built target sbg_driver__rosidl_typesupport_introspection_cpp
[35m[1mConsolidate compiler generated dependencies of target sbg_driver__rosidl_typesupport_fastrtps_c[0m
[35m[1mConsolidate compiler generated dependencies of target sbg_driver__rosidl_typesupport_introspection_c[0m
[35m[1mConsolidate compiler generated dependencies of target sbg_driver__rosidl_typesupport_c[0m
[ 66%] Built target sbg_driver__rosidl_typesupport_fastrtps_c
[ 75%] Built target sbg_driver__rosidl_typesupport_introspection_c
[ 84%] Built target sbg_driver__rosidl_typesupport_c
[ 84%] Built target sbg_driver
[ 84%] Built target sbg_driver__py
[35m[1mConsolidate compiler generated dependencies of target sbg_device[0m
[35m[1mConsolidate compiler generated dependencies of target sbg_device_mag[0m
[35m[1mConsolidate compiler generated dependencies of target sbg_driver__rosidl_generator_py[0m
[ 87%] Built target sbg_device
[ 89%] Built target sbg_device_mag
[ 98%] Built target sbg_driver__rosidl_generator_py
[35m[1mConsolidate compiler generated dependencies of target sbg_driver__rosidl_typesupport_fastrtps_c__pyext[0m
[35m[1mConsolidate compiler generated dependencies of target sbg_driver__rosidl_typesupport_introspection_c__pyext[0m
[35m[1mConsolidate compiler generated dependencies of target sbg_driver__rosidl_typesupport_c__pyext[0m
[ 99%] Built target sbg_driver__rosidl_typesupport_introspection_c__pyext
[100%] Built target sbg_driver__rosidl_typesupport_fastrtps_c__pyext
[100%] Built target sbg_driver__rosidl_typesupport_c__pyext
running egg_info
writing sbg_driver.egg-info/PKG-INFO
writing dependency_links to sbg_driver.egg-info/dependency_links.txt
writing top-level names to sbg_driver.egg-info/top_level.txt
reading manifest file 'sbg_driver.egg-info/SOURCES.txt'
writing manifest file 'sbg_driver.egg-info/SOURCES.txt'
[100%] Built target ament_cmake_python_build_sbg_driver_egg
-- Install configuration: ""
-- Up-to-date: /workspaces/mavlab/ros2_ws/install/sbg_driver/share/ament_index/resource_index/rosidl_interfaces/sbg_driver
-- Up-to-date: /workspaces/mavlab/ros2_ws/install/sbg_driver/include/sbg_driver/sbg_driver
-- Up-to-date: /workspaces/mavlab/ros2_ws/install/sbg_driver/include/sbg_driver/sbg_driver/msg
-- Up-to-date: /workspaces/mavlab/ros2_ws/install/sbg_driver/include/sbg_driver/sbg_driver/msg/sbg_mag.h
-- Up-to-date: /workspaces/mavlab/ros2_ws/install/sbg_driver/include/sbg_driver/sbg_driver/msg/sbg_gps_vel.h
-- Up-to-date: /workspaces/mavlab/ros2_ws/install/sbg_driver/include/sbg_driver/sbg_driver/msg/sbg_ekf_nav.h
-- Up-to-date: /workspaces/mavlab/ros2_ws/install/sbg_driver/include/sbg_driver/sbg_driver/msg/sbg_status.h
-- Up-to-date: /workspaces/mavlab/ros2_ws/install/sbg_driver/include/sbg_driver/sbg_driver/msg/sbg_status_com.h
-- Up-to-date: /workspaces/mavlab/ros2_ws/install/sbg_driver/include/sbg_driver/sbg_driver/msg/sbg_imu_short.h
-- Up-to-date: /workspaces/mavlab/ros2_ws/install/sbg_driver/include/sbg_driver/sbg_driver/msg/sbg_status_aiding.h
-- Up-to-date: /workspaces/mavlab/ros2_ws/install/sbg_driver/include/sbg_driver/sbg_driver/msg/sbg_air_data_status.h
-- Up-to-date: /workspaces/mavlab/ros2_ws/install/sbg_driver/include/sbg_driver/sbg_driver/msg/sbg_utc_time_status.h
-- Up-to-date: /workspaces/mavlab/ros2_ws/install/sbg_driver/include/sbg_driver/sbg_driver/msg/sbg_ekf_quat.h
-- Up-to-date: /workspaces/mavlab/ros2_ws/install/sbg_driver/include/sbg_driver/sbg_driver/msg/sbg_gps_raw.h
-- Up-to-date: /workspaces/mavlab/ros2_ws/install/sbg_driver/include/sbg_driver/sbg_driver/msg/sbg_ship_motion.h
-- Up-to-date: /workspaces/mavlab/ros2_ws/install/sbg_driver/include/sbg_driver/sbg_driver/msg/sbg_ekf_vel_body.h
-- Up-to-date: /workspaces/mavlab/ros2_ws/install/sbg_driver/include/sbg_driver/sbg_driver/msg/sbg_utc_time.h
-- Up-to-date: /workspaces/mavlab/ros2_ws/install/sbg_driver/include/sbg_driver/sbg_driver/msg/sbg_event.h
-- Up-to-date: /workspaces/mavlab/ros2_ws/install/sbg_driver/include/sbg_driver/sbg_driver/msg/sbg_gps_pos.h
-- Up-to-date: /workspaces/mavlab/ros2_ws/install/sbg_driver/include/sbg_driver/sbg_driver/msg/sbg_imu_data.h
-- Up-to-date: /workspaces/mavlab/ros2_ws/install/sbg_driver/include/sbg_driver/sbg_driver/msg/sbg_odo_vel.h
-- Up-to-date: /workspaces/mavlab/ros2_ws/install/sbg_driver/include/sbg_driver/sbg_driver/msg/sbg_status_general.h
-- Up-to-date: /workspaces/mavlab/ros2_ws/install/sbg_driver/include/sbg_driver/sbg_driver/msg/sbg_air_data.h
-- Up-to-date: /workspaces/mavlab/ros2_ws/install/sbg_driver/include/sbg_driver/sbg_driver/msg/sbg_mag_status.h
-- Up-to-date: /workspaces/mavlab/ros2_ws/install/sbg_driver/include/sbg_driver/sbg_driver/msg/sbg_gps_pos_status.h
-- Up-to-date: /workspaces/mavlab/ros2_ws/install/sbg_driver/include/sbg_driver/sbg_driver/msg/sbg_ship_motion_status.h
-- Up-to-date: /workspaces/mavlab/ros2_ws/install/sbg_driver/include/sbg_driver/sbg_driver/msg/sbg_ekf_status.h
-- Up-to-date: /workspaces/mavlab/ros2_ws/install/sbg_driver/include/sbg_driver/sbg_driver/msg/sbg_mag_calib.h
-- Up-to-date: /workspaces/mavlab/ros2_ws/install/sbg_driver/include/sbg_driver/sbg_driver/msg/sbg_imu_status.h
-- Up-to-date: /workspaces/mavlab/ros2_ws/install/sbg_driver/include/sbg_driver/sbg_driver/msg/sbg_ekf_rot_accel.h
-- Up-to-date: /workspaces/mavlab/ros2_ws/install/sbg_driver/include/sbg_driver/sbg_driver/msg/sbg_gps_hdt.h
-- Up-to-date: /workspaces/mavlab/ros2_ws/install/sbg_driver/include/sbg_driver/sbg_driver/msg/detail
-- Up-to-date: /workspaces/mavlab/ros2_ws/install/sbg_driver/include/sbg_driver/sbg_driver/msg/detail/sbg_gps_raw__struct.h
-- Up-to-date: /workspaces/mavlab/ros2_ws/install/sbg_driver/include/sbg_driver/sbg_driver/msg/detail/sbg_air_data_status__struct.h
-- Up-to-date: /workspaces/mavlab/ros2_ws/install/sbg_driver/include/sbg_driver/sbg_driver/msg/detail/sbg_gps_hdt__struct.h
-- Up-to-date: /workspaces/mavlab/ros2_ws/install/sbg_driver/include/sbg_driver/sbg_driver/msg/detail/sbg_status_com__functions.c
-- Up-to-date: /workspaces/mavlab/ros2_ws/install/sbg_driver/include/sbg_driver/sbg_driver/msg/detail/sbg_mag_calib__functions.c
-- Up-to-date: /workspaces/mavlab/ros2_ws/install/sbg_driver/include/sbg_driver/sbg_driver/msg/detail/sbg_ekf_status__functions.h
-- Up-to-date: /workspaces/mavlab/ros2_ws/install/sbg_driver/include/sbg_driver/sbg_driver/msg/detail/sbg_odo_vel__functions.h
-- Up-to-date: /workspaces/mavlab/ros2_ws/install/sbg_driver/include/sbg_driver/sbg_driver/msg/detail/sbg_imu_data__functions.c
-- Up-to-date: /workspaces/mavlab/ros2_ws/install/sbg_driver/include/sbg_driver/sbg_driver/msg/detail/sbg_ship_motion_status__struct.h
-- Up-to-date: /workspaces/mavlab/ros2_ws/install/sbg_driver/include/sbg_driver/sbg_driver/msg/detail/sbg_ekf_quat__functions.h
-- Up-to-date: /workspaces/mavlab/ros2_ws/install/sbg_driver/include/sbg_driver/sbg_driver/msg/detail/sbg_gps_pos__functions.c
-- Up-to-date: /workspaces/mavlab/ros2_ws/install/sbg_driver/include/sbg_driver/sbg_driver/msg/detail/sbg_imu_status__functions.h
-- Up-to-date: /workspaces/mavlab/ros2_ws/install/sbg_driver/include/sbg_driver/sbg_driver/msg/detail/sbg_status_general__type_support.h
-- Up-to-date: /workspaces/mavlab/ros2_ws/install/sbg_driver/include/sbg_driver/sbg_driver/msg/detail/sbg_air_data_status__type_support.h
-- Up-to-date: /workspaces/mavlab/ros2_ws/install/sbg_driver/include/sbg_driver/sbg_driver/msg/detail/sbg_utc_time_status__functions.c
-- Up-to-date: /workspaces/mavlab/ros2_ws/install/sbg_driver/include/sbg_driver/sbg_driver/msg/detail/sbg_event__functions.c
-- Up-to-date: /workspaces/mavlab/ros2_ws/install/sbg_driver/include/sbg_driver/sbg_driver/msg/detail/sbg_gps_pos_status__functions.c
-- Up-to-date: /workspaces/mavlab/ros2_ws/install/sbg_driver/include/sbg_driver/sbg_driver/msg/detail/sbg_ekf_euler__functions.h
-- Up-to-date: /workspaces/mavlab/ros2_ws/install/sbg_driver/include/sbg_driver/sbg_driver/msg/detail/sbg_ekf_euler__type_support.h
-- Up-to-date: /workspaces/mavlab/ros2_ws/install/sbg_driver/include/sbg_driver/sbg_driver/msg/detail/sbg_ekf_vel_body__functions.h
-- Up-to-date: /workspaces/mavlab/ros2_ws/install/sbg_driver/include/sbg_driver/sbg_driver/msg/detail/sbg_air_data_status__functions.c
-- Up-to-date: /workspaces/mavlab/ros2_ws/install/sbg_driver/include/sbg_driver/sbg_driver/msg/detail/sbg_ship_motion_status__functions.h
-- Up-to-date: /workspaces/mavlab/ros2_ws/install/sbg_driver/include/sbg_driver/sbg_driver/msg/detail/sbg_status_aiding__functions.h
-- Up-to-date: /workspaces/mavlab/ros2_ws/install/sbg_driver/include/sbg_driver/sbg_driver/msg/detail/sbg_air_data__functions.c
-- Up-to-date: /workspaces/mavlab/ros2_ws/install/sbg_driver/include/sbg_driver/sbg_driver/msg/detail/sbg_mag__functions.h
-- Up-to-date: /workspaces/mavlab/ros2_ws/install/sbg_driver/include/sbg_driver/sbg_driver/msg/detail/sbg_utc_time_status__functions.h
-- Up-to-date: /workspaces/mavlab/ros2_ws/install/sbg_driver/include/sbg_driver/sbg_driver/msg/detail/sbg_status_com__type_support.h
-- Up-to-date: /workspaces/mavlab/ros2_ws/install/sbg_driver/include/sbg_driver/sbg_driver/msg/detail/sbg_mag__struct.h
-- Up-to-date: /workspaces/mavlab/ros2_ws/install/sbg_driver/include/sbg_driver/sbg_driver/msg/detail/sbg_mag_calib__struct.h
-- Up-to-date: /workspaces/mavlab/ros2_ws/install/sbg_driver/include/sbg_driver/sbg_driver/msg/detail/sbg_ekf_euler__functions.c
-- Up-to-date: /workspaces/mavlab/ros2_ws/install/sbg_driver/include/sbg_driver/sbg_driver/msg/detail/sbg_mag_calib__functions.h
-- Up-to-date: /workspaces/mavlab/ros2_ws/install/sbg_driver/include/sbg_driver/sbg_driver/msg/detail/sbg_mag_status__type_support.h
-- Up-to-date: /workspaces/mavlab/ros2_ws/install/sbg_driver/include/sbg_driver/sbg_driver/msg/detail/sbg_air_data_status__functions.h
-- Up-to-date: /workspaces/mavlab/ros2_ws/install/sbg_driver/include/sbg_driver/sbg_driver/msg/detail/sbg_odo_vel__functions.c
-- Up-to-date: /workspaces/mavlab/ros2_ws/install/sbg_driver/include/sbg_driver/sbg_driver/msg/detail/sbg_ekf_nav__type_support.h
-- Up-to-date: /workspaces/mavlab/ros2_ws/install/sbg_driver/include/sbg_driver/sbg_driver/msg/detail/sbg_gps_vel__struct.h
-- Up-to-date: /workspaces/mavlab/ros2_ws/install/sbg_driver/include/sbg_driver/sbg_driver/msg/detail/sbg_ekf_nav__struct.h
-- Up-to-date: /workspaces/mavlab/ros2_ws/install/sbg_driver/include/sbg_driver/sbg_driver/msg/detail/sbg_utc_time_status__type_support.h
-- Up-to-date: /workspaces/mavlab/ros2_ws/install/sbg_driver/include/sbg_driver/sbg_driver/msg/detail/sbg_air_data__type_support.h
-- Up-to-date: /workspaces/mavlab/ros2_ws/install/sbg_driver/include/sbg_driver/sbg_driver/msg/detail/sbg_gps_pos_status__type_support.h
-- Up-to-date: /workspaces/mavlab/ros2_ws/install/sbg_driver/include/sbg_driver/sbg_driver/msg/detail/sbg_ekf_nav__functions.c
-- Up-to-date: /workspaces/mavlab/ros2_ws/install/sbg_driver/include/sbg_driver/sbg_driver/msg/detail/sbg_imu_data__type_support.h
-- Up-to-date: /workspaces/mavlab/ros2_ws/install/sbg_driver/include/sbg_driver/sbg_driver/msg/detail/sbg_gps_pos__struct.h
-- Up-to-date: /workspaces/mavlab/ros2_ws/install/sbg_driver/include/sbg_driver/sbg_driver/msg/detail/sbg_ekf_vel_body__type_support.h
-- Up-to-date: /workspaces/mavlab/ros2_ws/install/sbg_driver/include/sbg_driver/sbg_driver/msg/detail/sbg_mag_status__functions.c
-- Up-to-date: /workspaces/mavlab/ros2_ws/install/sbg_driver/include/sbg_driver/sbg_driver/msg/detail/sbg_gps_raw__functions.c
-- Up-to-date: /workspaces/mavlab/ros2_ws/install/sbg_driver/include/sbg_driver/sbg_driver/msg/detail/sbg_status__struct.h
-- Up-to-date: /workspaces/mavlab/ros2_ws/install/sbg_driver/include/sbg_driver/sbg_driver/msg/detail/sbg_imu_status__type_support.h
-- Up-to-date: /workspaces/mavlab/ros2_ws/install/sbg_driver/include/sbg_driver/sbg_driver/msg/detail/sbg_gps_vel_status__functions.c
-- Up-to-date: /workspaces/mavlab/ros2_ws/install/sbg_driver/include/sbg_driver/sbg_driver/msg/detail/sbg_imu_data__struct.h
-- Up-to-date: /workspaces/mavlab/ros2_ws/install/sbg_driver/include/sbg_driver/sbg_driver/msg/detail/sbg_ekf_vel_body__functions.c
-- Up-to-date: /workspaces/mavlab/ros2_ws/install/sbg_driver/include/sbg_driver/sbg_driver/msg/detail/sbg_utc_time__functions.h
-- Up-to-date: /workspaces/mavlab/ros2_ws/install/sbg_driver/include/sbg_driver/sbg_driver/msg/detail/sbg_ship_motion__type_support.h
-- Up-to-date: /workspaces/mavlab/ros2_ws/install/sbg_driver/include/sbg_driver/sbg_driver/msg/detail/sbg_mag_status__struct.h
-- Up-to-date: /workspaces/mavlab/ros2_ws/install/sbg_driver/include/sbg_driver/sbg_driver/msg/detail/sbg_ekf_status__type_support.h
-- Up-to-date: /workspaces/mavlab/ros2_ws/install/sbg_driver/include/sbg_driver/sbg_driver/msg/detail/sbg_utc_time__type_support.h
-- Up-to-date: /workspaces/mavlab/ros2_ws/install/sbg_driver/include/sbg_driver/sbg_driver/msg/detail/sbg_ekf_rot_accel__functions.h
-- Up-to-date: /workspaces/mavlab/ros2_ws/install/sbg_driver/include/sbg_driver/sbg_driver/msg/detail/sbg_event__struct.h
-- Up-to-date: /workspaces/mavlab/ros2_ws/install/sbg_driver/include/sbg_driver/sbg_driver/msg/detail/sbg_gps_vel__type_support.h
-- Up-to-date: /workspaces/mavlab/ros2_ws/install/sbg_driver/include/sbg_driver/sbg_driver/msg/detail/sbg_ekf_status__functions.c
-- Up-to-date: /workspaces/mavlab/ros2_ws/install/sbg_driver/include/sbg_driver/sbg_driver/msg/detail/sbg_ekf_quat__struct.h
-- Up-to-date: /workspaces/mavlab/ros2_ws/install/sbg_driver/include/sbg_driver/sbg_driver/msg/detail/sbg_imu_data__functions.h
-- Up-to-date: /workspaces/mavlab/ros2_ws/install/sbg_driver/include/sbg_driver/sbg_driver/msg/detail/sbg_status_aiding__type_support.h
-- Up-to-date: /workspaces/mavlab/ros2_ws/install/sbg_driver/include/sbg_driver/sbg_driver/msg/detail/sbg_event__type_support.h
-- Up-to-date: /workspaces/mavlab/ros2_ws/install/sbg_driver/include/sbg_driver/sbg_driver/msg/detail/sbg_ekf_quat__type_support.h
-- Up-to-date: /workspaces/mavlab/ros2_ws/install/sbg_driver/include/sbg_driver/sbg_driver/msg/detail/sbg_imu_status__struct.h
-- Up-to-date: /workspaces/mavlab/ros2_ws/install/sbg_driver/include/sbg_driver/sbg_driver/msg/detail/sbg_gps_hdt__functions.c
-- Up-to-date: /workspaces/mavlab/ros2_ws/install/sbg_driver/include/sbg_driver/sbg_driver/msg/detail/sbg_mag__functions.c
-- Up-to-date: /workspaces/mavlab/ros2_ws/install/sbg_driver/include/sbg_driver/sbg_driver/msg/detail/sbg_status_aiding__struct.h
-- Up-to-date: /workspaces/mavlab/ros2_ws/install/sbg_driver/include/sbg_driver/sbg_driver/msg/detail/sbg_mag__type_support.h
-- Up-to-date: /workspaces/mavlab/ros2_ws/install/sbg_driver/include/sbg_driver/sbg_driver/msg/detail/sbg_ship_motion__functions.c
-- Up-to-date: /workspaces/mavlab/ros2_ws/install/sbg_driver/include/sbg_driver/sbg_driver/msg/detail/sbg_gps_raw__functions.h
-- Up-to-date: /workspaces/mavlab/ros2_ws/install/sbg_driver/include/sbg_driver/sbg_driver/msg/detail/sbg_ship_motion_status__type_support.h
-- Up-to-date: /workspaces/mavlab/ros2_ws/install/sbg_driver/include/sbg_driver/sbg_driver/msg/detail/sbg_gps_pos_status__struct.h
-- Up-to-date: /workspaces/mavlab/ros2_ws/install/sbg_driver/include/sbg_driver/sbg_driver/msg/detail/sbg_gps_pos__functions.h
-- Up-to-date: /workspaces/mavlab/ros2_ws/install/sbg_driver/include/sbg_driver/sbg_driver/msg/detail/sbg_gps_pos__type_support.h
-- Up-to-date: /workspaces/mavlab/ros2_ws/install/sbg_driver/include/sbg_driver/sbg_driver/msg/detail/sbg_imu_short__functions.c
-- Up-to-date: /workspaces/mavlab/ros2_ws/install/sbg_driver/include/sbg_driver/sbg_driver/msg/detail/sbg_status__type_support.h
-- Up-to-date: /workspaces/mavlab/ros2_ws/install/sbg_driver/include/sbg_driver/sbg_driver/msg/detail/sbg_status_com__struct.h
-- Up-to-date: /workspaces/mavlab/ros2_ws/install/sbg_driver/include/sbg_driver/sbg_driver/msg/detail/sbg_air_data__functions.h
-- Up-to-date: /workspaces/mavlab/ros2_ws/install/sbg_driver/include/sbg_driver/sbg_driver/msg/detail/sbg_ekf_quat__functions.c
-- Up-to-date: /workspaces/mavlab/ros2_ws/install/sbg_driver/include/sbg_driver/sbg_driver/msg/detail/sbg_gps_vel_status__type_support.h
-- Up-to-date: /workspaces/mavlab/ros2_ws/install/sbg_driver/include/sbg_driver/sbg_driver/msg/detail/sbg_gps_vel__functions.c
-- Up-to-date: /workspaces/mavlab/ros2_ws/install/sbg_driver/include/sbg_driver/sbg_driver/msg/detail/sbg_ekf_status__struct.h
-- Up-to-date: /workspaces/mavlab/ros2_ws/install/sbg_driver/include/sbg_driver/sbg_driver/msg/detail/sbg_ship_motion_status__functions.c
-- Up-to-date: /workspaces/mavlab/ros2_ws/install/sbg_driver/include/sbg_driver/sbg_driver/msg/detail/sbg_status__functions.h
-- Up-to-date: /workspaces/mavlab/ros2_ws/install/sbg_driver/include/sbg_driver/sbg_driver/msg/detail/sbg_status_general__functions.h
-- Up-to-date: /workspaces/mavlab/ros2_ws/install/sbg_driver/include/sbg_driver/sbg_driver/msg/detail/sbg_gps_raw__type_support.h
-- Up-to-date: /workspaces/mavlab/ros2_ws/install/sbg_driver/include/sbg_driver/sbg_driver/msg/detail/sbg_ekf_euler__struct.h
-- Up-to-date: /workspaces/mavlab/ros2_ws/install/sbg_driver/include/sbg_driver/sbg_driver/msg/detail/sbg_utc_time__functions.c
-- Up-to-date: /workspaces/mavlab/ros2_ws/install/sbg_driver/include/sbg_driver/sbg_driver/msg/detail/sbg_ekf_vel_body__struct.h
-- Up-to-date: /workspaces/mavlab/ros2_ws/install/sbg_driver/include/sbg_driver/sbg_driver/msg/detail/sbg_imu_short__struct.h
-- Up-to-date: /workspaces/mavlab/ros2_ws/install/sbg_driver/include/sbg_driver/sbg_driver/msg/detail/sbg_status__functions.c
-- Up-to-date: /workspaces/mavlab/ros2_ws/install/sbg_driver/include/sbg_driver/sbg_driver/msg/detail/sbg_air_data__struct.h
-- Up-to-date: /workspaces/mavlab/ros2_ws/install/sbg_driver/include/sbg_driver/sbg_driver/msg/detail/sbg_gps_hdt__type_support.h
-- Up-to-date: /workspaces/mavlab/ros2_ws/install/sbg_driver/include/sbg_driver/sbg_driver/msg/detail/sbg_gps_pos_status__functions.h
-- Up-to-date: /workspaces/mavlab/ros2_ws/install/sbg_driver/include/sbg_driver/sbg_driver/msg/detail/sbg_utc_time_status__struct.h
-- Up-to-date: /workspaces/mavlab/ros2_ws/install/sbg_driver/include/sbg_driver/sbg_driver/msg/detail/sbg_event__functions.h
-- Up-to-date: /workspaces/mavlab/ros2_ws/install/sbg_driver/include/sbg_driver/sbg_driver/msg/detail/sbg_gps_vel_status__struct.h
-- Up-to-date: /workspaces/mavlab/ros2_ws/install/sbg_driver/include/sbg_driver/sbg_driver/msg/detail/sbg_odo_vel__struct.h
-- Up-to-date: /workspaces/mavlab/ros2_ws/install/sbg_driver/include/sbg_driver/sbg_driver/msg/detail/sbg_imu_short__functions.h
-- Up-to-date: /workspaces/mavlab/ros2_ws/install/sbg_driver/include/sbg_driver/sbg_driver/msg/detail/sbg_imu_status__functions.c
-- Up-to-date: /workspaces/mavlab/ros2_ws/install/sbg_driver/include/sbg_driver/sbg_driver/msg/detail/sbg_ekf_rot_accel__struct.h
-- Up-to-date: /workspaces/mavlab/ros2_ws/install/sbg_driver/include/sbg_driver/sbg_driver/msg/detail/sbg_ekf_rot_accel__functions.c
-- Up-to-date: /workspaces/mavlab/ros2_ws/install/sbg_driver/include/sbg_driver/sbg_driver/msg/detail/sbg_odo_vel__type_support.h
-- Up-to-date: /workspaces/mavlab/ros2_ws/install/sbg_driver/include/sbg_driver/sbg_driver/msg/detail/sbg_utc_time__struct.h
-- Up-to-date: /workspaces/mavlab/ros2_ws/install/sbg_driver/include/sbg_driver/sbg_driver/msg/detail/sbg_ekf_rot_accel__type_support.h
-- Up-to-date: /workspaces/mavlab/ros2_ws/install/sbg_driver/include/sbg_driver/sbg_driver/msg/detail/sbg_mag_status__functions.h
-- Up-to-date: /workspaces/mavlab/ros2_ws/install/sbg_driver/include/sbg_driver/sbg_driver/msg/detail/sbg_status_general__struct.h
-- Up-to-date: /workspaces/mavlab/ros2_ws/install/sbg_driver/include/sbg_driver/sbg_driver/msg/detail/sbg_ship_motion__functions.h
-- Up-to-date: /workspaces/mavlab/ros2_ws/install/sbg_driver/include/sbg_driver/sbg_driver/msg/detail/sbg_gps_vel__functions.h
-- Up-to-date: /workspaces/mavlab/ros2_ws/install/sbg_driver/include/sbg_driver/sbg_driver/msg/detail/sbg_status_aiding__functions.c
-- Up-to-date: /workspaces/mavlab/ros2_ws/install/sbg_driver/include/sbg_driver/sbg_driver/msg/detail/sbg_ekf_nav__functions.h
-- Up-to-date: /workspaces/mavlab/ros2_ws/install/sbg_driver/include/sbg_driver/sbg_driver/msg/detail/sbg_gps_hdt__functions.h
-- Up-to-date: /workspaces/mavlab/ros2_ws/install/sbg_driver/include/sbg_driver/sbg_driver/msg/detail/sbg_gps_vel_status__functions.h
-- Up-to-date: /workspaces/mavlab/ros2_ws/install/sbg_driver/include/sbg_driver/sbg_driver/msg/detail/sbg_status_com__functions.h
-- Up-to-date: /workspaces/mavlab/ros2_ws/install/sbg_driver/include/sbg_driver/sbg_driver/msg/detail/sbg_imu_short__type_support.h
-- Up-to-date: /workspaces/mavlab/ros2_ws/install/sbg_driver/include/sbg_driver/sbg_driver/msg/detail/sbg_ship_motion__struct.h
-- Up-to-date: /workspaces/mavlab/ros2_ws/install/sbg_driver/include/sbg_driver/sbg_driver/msg/detail/sbg_status_general__functions.c
-- Up-to-date: /workspaces/mavlab/ros2_ws/install/sbg_driver/include/sbg_driver/sbg_driver/msg/detail/sbg_mag_calib__type_support.h
-- Up-to-date: /workspaces/mavlab/ros2_ws/install/sbg_driver/include/sbg_driver/sbg_driver/msg/sbg_gps_vel_status.h
-- Up-to-date: /workspaces/mavlab/ros2_ws/install/sbg_driver/include/sbg_driver/sbg_driver/msg/sbg_ekf_euler.h
-- Up-to-date: /workspaces/mavlab/ros2_ws/install/sbg_driver/include/sbg_driver/sbg_driver/msg/rosidl_generator_c__visibility_control.h
-- Up-to-date: /workspaces/mavlab/ros2_ws/install/sbg_driver/share/sbg_driver/environment/library_path.sh
-- Up-to-date: /workspaces/mavlab/ros2_ws/install/sbg_driver/share/sbg_driver/environment/library_path.dsv
-- Up-to-date: /workspaces/mavlab/ros2_ws/install/sbg_driver/lib/libsbg_driver__rosidl_generator_c.so
-- Up-to-date: /workspaces/mavlab/ros2_ws/install/sbg_driver/include/sbg_driver/sbg_driver
-- Up-to-date: /workspaces/mavlab/ros2_ws/install/sbg_driver/include/sbg_driver/sbg_driver/msg
-- Up-to-date: /workspaces/mavlab/ros2_ws/install/sbg_driver/include/sbg_driver/sbg_driver/msg/rosidl_typesupport_fastrtps_c__visibility_control.h
-- Up-to-date: /workspaces/mavlab/ros2_ws/install/sbg_driver/include/sbg_driver/sbg_driver/msg/detail
-- Up-to-date: /workspaces/mavlab/ros2_ws/install/sbg_driver/include/sbg_driver/sbg_driver/msg/detail/sbg_status_general__rosidl_typesupport_fastrtps_c.h
-- Up-to-date: /workspaces/mavlab/ros2_ws/install/sbg_driver/include/sbg_driver/sbg_driver/msg/detail/sbg_gps_raw__rosidl_typesupport_fastrtps_c.h
-- Up-to-date: /workspaces/mavlab/ros2_ws/install/sbg_driver/include/sbg_driver/sbg_driver/msg/detail/sbg_ekf_nav__rosidl_typesupport_fastrtps_c.h
-- Up-to-date: /workspaces/mavlab/ros2_ws/install/sbg_driver/include/sbg_driver/sbg_driver/msg/detail/sbg_ekf_vel_body__rosidl_typesupport_fastrtps_c.h
-- Up-to-date: /workspaces/mavlab/ros2_ws/install/sbg_driver/include/sbg_driver/sbg_driver/msg/detail/sbg_odo_vel__rosidl_typesupport_fastrtps_c.h
-- Up-to-date: /workspaces/mavlab/ros2_ws/install/sbg_driver/include/sbg_driver/sbg_driver/msg/detail/sbg_mag_status__rosidl_typesupport_fastrtps_c.h
-- Up-to-date: /workspaces/mavlab/ros2_ws/install/sbg_driver/include/sbg_driver/sbg_driver/msg/detail/sbg_air_data_status__rosidl_typesupport_fastrtps_c.h
-- Up-to-date: /workspaces/mavlab/ros2_ws/install/sbg_driver/include/sbg_driver/sbg_driver/msg/detail/sbg_imu_data__rosidl_typesupport_fastrtps_c.h
-- Up-to-date: /workspaces/mavlab/ros2_ws/install/sbg_driver/include/sbg_driver/sbg_driver/msg/detail/sbg_mag__rosidl_typesupport_fastrtps_c.h
-- Up-to-date: /workspaces/mavlab/ros2_ws/install/sbg_driver/include/sbg_driver/sbg_driver/msg/detail/sbg_gps_pos_status__rosidl_typesupport_fastrtps_c.h
-- Up-to-date: /workspaces/mavlab/ros2_ws/install/sbg_driver/include/sbg_driver/sbg_driver/msg/detail/sbg_utc_time__rosidl_typesupport_fastrtps_c.h
-- Up-to-date: /workspaces/mavlab/ros2_ws/install/sbg_driver/include/sbg_driver/sbg_driver/msg/detail/sbg_gps_hdt__rosidl_typesupport_fastrtps_c.h
-- Up-to-date: /workspaces/mavlab/ros2_ws/install/sbg_driver/include/sbg_driver/sbg_driver/msg/detail/sbg_utc_time_status__rosidl_typesupport_fastrtps_c.h
-- Up-to-date: /workspaces/mavlab/ros2_ws/install/sbg_driver/include/sbg_driver/sbg_driver/msg/detail/sbg_imu_short__rosidl_typesupport_fastrtps_c.h
-- Up-to-date: /workspaces/mavlab/ros2_ws/install/sbg_driver/include/sbg_driver/sbg_driver/msg/detail/sbg_imu_status__rosidl_typesupport_fastrtps_c.h
-- Up-to-date: /workspaces/mavlab/ros2_ws/install/sbg_driver/include/sbg_driver/sbg_driver/msg/detail/sbg_status_com__rosidl_typesupport_fastrtps_c.h
-- Up-to-date: /workspaces/mavlab/ros2_ws/install/sbg_driver/include/sbg_driver/sbg_driver/msg/detail/sbg_gps_vel__rosidl_typesupport_fastrtps_c.h
-- Up-to-date: /workspaces/mavlab/ros2_ws/install/sbg_driver/include/sbg_driver/sbg_driver/msg/detail/sbg_event__rosidl_typesupport_fastrtps_c.h
-- Up-to-date: /workspaces/mavlab/ros2_ws/install/sbg_driver/include/sbg_driver/sbg_driver/msg/detail/sbg_air_data__rosidl_typesupport_fastrtps_c.h
-- Up-to-date: /workspaces/mavlab/ros2_ws/install/sbg_driver/include/sbg_driver/sbg_driver/msg/detail/sbg_ship_motion_status__rosidl_typesupport_fastrtps_c.h
-- Up-to-date: /workspaces/mavlab/ros2_ws/install/sbg_driver/include/sbg_driver/sbg_driver/msg/detail/sbg_gps_pos__rosidl_typesupport_fastrtps_c.h
-- Up-to-date: /workspaces/mavlab/ros2_ws/install/sbg_driver/include/sbg_driver/sbg_driver/msg/detail/sbg_status_aiding__rosidl_typesupport_fastrtps_c.h
-- Up-to-date: /workspaces/mavlab/ros2_ws/install/sbg_driver/include/sbg_driver/sbg_driver/msg/detail/sbg_ship_motion__rosidl_typesupport_fastrtps_c.h
-- Up-to-date: /workspaces/mavlab/ros2_ws/install/sbg_driver/include/sbg_driver/sbg_driver/msg/detail/sbg_gps_vel_status__rosidl_typesupport_fastrtps_c.h
-- Up-to-date: /workspaces/mavlab/ros2_ws/install/sbg_driver/include/sbg_driver/sbg_driver/msg/detail/sbg_status__rosidl_typesupport_fastrtps_c.h
-- Up-to-date: /workspaces/mavlab/ros2_ws/install/sbg_driver/include/sbg_driver/sbg_driver/msg/detail/sbg_ekf_status__rosidl_typesupport_fastrtps_c.h
-- Up-to-date: /workspaces/mavlab/ros2_ws/install/sbg_driver/include/sbg_driver/sbg_driver/msg/detail/sbg_ekf_euler__rosidl_typesupport_fastrtps_c.h
-- Up-to-date: /workspaces/mavlab/ros2_ws/install/sbg_driver/include/sbg_driver/sbg_driver/msg/detail/sbg_ekf_rot_accel__rosidl_typesupport_fastrtps_c.h
-- Up-to-date: /workspaces/mavlab/ros2_ws/install/sbg_driver/include/sbg_driver/sbg_driver/msg/detail/sbg_ekf_quat__rosidl_typesupport_fastrtps_c.h
-- Up-to-date: /workspaces/mavlab/ros2_ws/install/sbg_driver/include/sbg_driver/sbg_driver/msg/detail/sbg_mag_calib__rosidl_typesupport_fastrtps_c.h
-- Up-to-date: /workspaces/mavlab/ros2_ws/install/sbg_driver/lib/libsbg_driver__rosidl_typesupport_fastrtps_c.so
-- Up-to-date: /workspaces/mavlab/ros2_ws/install/sbg_driver/include/sbg_driver/sbg_driver
-- Up-to-date: /workspaces/mavlab/ros2_ws/install/sbg_driver/include/sbg_driver/sbg_driver/msg
-- Up-to-date: /workspaces/mavlab/ros2_ws/install/sbg_driver/include/sbg_driver/sbg_driver/msg/sbg_imu_short.hpp
-- Up-to-date: /workspaces/mavlab/ros2_ws/install/sbg_driver/include/sbg_driver/sbg_driver/msg/sbg_mag.hpp
-- Up-to-date: /workspaces/mavlab/ros2_ws/install/sbg_driver/include/sbg_driver/sbg_driver/msg/sbg_ekf_quat.hpp
-- Up-to-date: /workspaces/mavlab/ros2_ws/install/sbg_driver/include/sbg_driver/sbg_driver/msg/sbg_ship_motion_status.hpp
-- Up-to-date: /workspaces/mavlab/ros2_ws/install/sbg_driver/include/sbg_driver/sbg_driver/msg/sbg_odo_vel.hpp
-- Up-to-date: /workspaces/mavlab/ros2_ws/install/sbg_driver/include/sbg_driver/sbg_driver/msg/sbg_imu_data.hpp
-- Up-to-date: /workspaces/mavlab/ros2_ws/install/sbg_driver/include/sbg_driver/sbg_driver/msg/sbg_status.hpp
-- Up-to-date: /workspaces/mavlab/ros2_ws/install/sbg_driver/include/sbg_driver/sbg_driver/msg/sbg_mag_status.hpp
-- Up-to-date: /workspaces/mavlab/ros2_ws/install/sbg_driver/include/sbg_driver/sbg_driver/msg/sbg_air_data_status.hpp
-- Up-to-date: /workspaces/mavlab/ros2_ws/install/sbg_driver/include/sbg_driver/sbg_driver/msg/sbg_status_general.hpp
-- Up-to-date: /workspaces/mavlab/ros2_ws/install/sbg_driver/include/sbg_driver/sbg_driver/msg/sbg_gps_pos.hpp
-- Up-to-date: /workspaces/mavlab/ros2_ws/install/sbg_driver/include/sbg_driver/sbg_driver/msg/sbg_status_com.hpp
-- Up-to-date: /workspaces/mavlab/ros2_ws/install/sbg_driver/include/sbg_driver/sbg_driver/msg/sbg_ekf_nav.hpp
-- Up-to-date: /workspaces/mavlab/ros2_ws/install/sbg_driver/include/sbg_driver/sbg_driver/msg/sbg_status_aiding.hpp
-- Up-to-date: /workspaces/mavlab/ros2_ws/install/sbg_driver/include/sbg_driver/sbg_driver/msg/sbg_utc_time_status.hpp
-- Up-to-date: /workspaces/mavlab/ros2_ws/install/sbg_driver/include/sbg_driver/sbg_driver/msg/sbg_ekf_vel_body.hpp
-- Up-to-date: /workspaces/mavlab/ros2_ws/install/sbg_driver/include/sbg_driver/sbg_driver/msg/sbg_gps_vel.hpp
-- Up-to-date: /workspaces/mavlab/ros2_ws/install/sbg_driver/include/sbg_driver/sbg_driver/msg/sbg_gps_hdt.hpp
-- Up-to-date: /workspaces/mavlab/ros2_ws/install/sbg_driver/include/sbg_driver/sbg_driver/msg/sbg_utc_time.hpp
-- Up-to-date: /workspaces/mavlab/ros2_ws/install/sbg_driver/include/sbg_driver/sbg_driver/msg/sbg_air_data.hpp
-- Up-to-date: /workspaces/mavlab/ros2_ws/install/sbg_driver/include/sbg_driver/sbg_driver/msg/sbg_ekf_status.hpp
-- Up-to-date: /workspaces/mavlab/ros2_ws/install/sbg_driver/include/sbg_driver/sbg_driver/msg/sbg_event.hpp
-- Up-to-date: /workspaces/mavlab/ros2_ws/install/sbg_driver/include/sbg_driver/sbg_driver/msg/sbg_ekf_rot_accel.hpp
-- Up-to-date: /workspaces/mavlab/ros2_ws/install/sbg_driver/include/sbg_driver/sbg_driver/msg/sbg_gps_pos_status.hpp
-- Up-to-date: /workspaces/mavlab/ros2_ws/install/sbg_driver/include/sbg_driver/sbg_driver/msg/sbg_gps_raw.hpp
-- Up-to-date: /workspaces/mavlab/ros2_ws/install/sbg_driver/include/sbg_driver/sbg_driver/msg/sbg_mag_calib.hpp
-- Up-to-date: /workspaces/mavlab/ros2_ws/install/sbg_driver/include/sbg_driver/sbg_driver/msg/detail
-- Up-to-date: /workspaces/mavlab/ros2_ws/install/sbg_driver/include/sbg_driver/sbg_driver/msg/detail/sbg_imu_data__traits.hpp
-- Up-to-date: /workspaces/mavlab/ros2_ws/install/sbg_driver/include/sbg_driver/sbg_driver/msg/detail/sbg_mag_status__traits.hpp
-- Up-to-date: /workspaces/mavlab/ros2_ws/install/sbg_driver/include/sbg_driver/sbg_driver/msg/detail/sbg_mag__traits.hpp
-- Up-to-date: /workspaces/mavlab/ros2_ws/install/sbg_driver/include/sbg_driver/sbg_driver/msg/detail/sbg_air_data_status__traits.hpp
-- Up-to-date: /workspaces/mavlab/ros2_ws/install/sbg_driver/include/sbg_driver/sbg_driver/msg/detail/sbg_air_data__builder.hpp
-- Up-to-date: /workspaces/mavlab/ros2_ws/install/sbg_driver/include/sbg_driver/sbg_driver/msg/detail/sbg_ekf_quat__traits.hpp
-- Up-to-date: /workspaces/mavlab/ros2_ws/install/sbg_driver/include/sbg_driver/sbg_driver/msg/detail/sbg_ship_motion__builder.hpp
-- Up-to-date: /workspaces/mavlab/ros2_ws/install/sbg_driver/include/sbg_driver/sbg_driver/msg/detail/sbg_ekf_vel_body__builder.hpp
-- Up-to-date: /workspaces/mavlab/ros2_ws/install/sbg_driver/include/sbg_driver/sbg_driver/msg/detail/sbg_ekf_euler__struct.hpp
-- Up-to-date: /workspaces/mavlab/ros2_ws/install/sbg_driver/include/sbg_driver/sbg_driver/msg/detail/sbg_status_general__builder.hpp
-- Up-to-date: /workspaces/mavlab/ros2_ws/install/sbg_driver/include/sbg_driver/sbg_driver/msg/detail/sbg_utc_time_status__traits.hpp
-- Up-to-date: /workspaces/mavlab/ros2_ws/install/sbg_driver/include/sbg_driver/sbg_driver/msg/detail/sbg_gps_vel__traits.hpp
-- Up-to-date: /workspaces/mavlab/ros2_ws/install/sbg_driver/include/sbg_driver/sbg_driver/msg/detail/sbg_mag_status__struct.hpp
-- Up-to-date: /workspaces/mavlab/ros2_ws/install/sbg_driver/include/sbg_driver/sbg_driver/msg/detail/sbg_ekf_euler__builder.hpp
-- Up-to-date: /workspaces/mavlab/ros2_ws/install/sbg_driver/include/sbg_driver/sbg_driver/msg/detail/sbg_odo_vel__struct.hpp
-- Up-to-date: /workspaces/mavlab/ros2_ws/install/sbg_driver/include/sbg_driver/sbg_driver/msg/detail/sbg_odo_vel__builder.hpp
-- Up-to-date: /workspaces/mavlab/ros2_ws/install/sbg_driver/include/sbg_driver/sbg_driver/msg/detail/sbg_imu_short__traits.hpp
-- Up-to-date: /workspaces/mavlab/ros2_ws/install/sbg_driver/include/sbg_driver/sbg_driver/msg/detail/sbg_ship_motion_status__traits.hpp
-- Up-to-date: /workspaces/mavlab/ros2_ws/install/sbg_driver/include/sbg_driver/sbg_driver/msg/detail/sbg_imu_status__traits.hpp
-- Up-to-date: /workspaces/mavlab/ros2_ws/install/sbg_driver/include/sbg_driver/sbg_driver/msg/detail/sbg_gps_vel_status__struct.hpp
-- Up-to-date: /workspaces/mavlab/ros2_ws/install/sbg_driver/include/sbg_driver/sbg_driver/msg/detail/sbg_gps_hdt__builder.hpp
-- Up-to-date: /workspaces/mavlab/ros2_ws/install/sbg_driver/include/sbg_driver/sbg_driver/msg/detail/sbg_gps_vel__struct.hpp
-- Up-to-date: /workspaces/mavlab/ros2_ws/install/sbg_driver/include/sbg_driver/sbg_driver/msg/detail/sbg_event__struct.hpp
-- Up-to-date: /workspaces/mavlab/ros2_ws/install/sbg_driver/include/sbg_driver/sbg_driver/msg/detail/sbg_gps_hdt__traits.hpp
-- Up-to-date: /workspaces/mavlab/ros2_ws/install/sbg_driver/include/sbg_driver/sbg_driver/msg/detail/sbg_event__traits.hpp
-- Up-to-date: /workspaces/mavlab/ros2_ws/install/sbg_driver/include/sbg_driver/sbg_driver/msg/detail/sbg_status_com__struct.hpp
-- Up-to-date: /workspaces/mavlab/ros2_ws/install/sbg_driver/include/sbg_driver/sbg_driver/msg/detail/sbg_status__struct.hpp
-- Up-to-date: /workspaces/mavlab/ros2_ws/install/sbg_driver/include/sbg_driver/sbg_driver/msg/detail/sbg_air_data__traits.hpp
-- Up-to-date: /workspaces/mavlab/ros2_ws/install/sbg_driver/include/sbg_driver/sbg_driver/msg/detail/sbg_mag_calib__struct.hpp
-- Up-to-date: /workspaces/mavlab/ros2_ws/install/sbg_driver/include/sbg_driver/sbg_driver/msg/detail/sbg_gps_pos__builder.hpp
-- Up-to-date: /workspaces/mavlab/ros2_ws/install/sbg_driver/include/sbg_driver/sbg_driver/msg/detail/sbg_ekf_vel_body__traits.hpp
-- Up-to-date: /workspaces/mavlab/ros2_ws/install/sbg_driver/include/sbg_driver/sbg_driver/msg/detail/sbg_gps_raw__traits.hpp
-- Up-to-date: /workspaces/mavlab/ros2_ws/install/sbg_driver/include/sbg_driver/sbg_driver/msg/detail/sbg_air_data__struct.hpp
-- Up-to-date: /workspaces/mavlab/ros2_ws/install/sbg_driver/include/sbg_driver/sbg_driver/msg/detail/sbg_imu_data__builder.hpp
-- Up-to-date: /workspaces/mavlab/ros2_ws/install/sbg_driver/include/sbg_driver/sbg_driver/msg/detail/sbg_ekf_quat__struct.hpp
-- Up-to-date: /workspaces/mavlab/ros2_ws/install/sbg_driver/include/sbg_driver/sbg_driver/msg/detail/sbg_ekf_quat__builder.hpp
-- Up-to-date: /workspaces/mavlab/ros2_ws/install/sbg_driver/include/sbg_driver/sbg_driver/msg/detail/sbg_status_general__struct.hpp
-- Up-to-date: /workspaces/mavlab/ros2_ws/install/sbg_driver/include/sbg_driver/sbg_driver/msg/detail/sbg_status_com__traits.hpp
-- Up-to-date: /workspaces/mavlab/ros2_ws/install/sbg_driver/include/sbg_driver/sbg_driver/msg/detail/sbg_utc_time__traits.hpp
-- Up-to-date: /workspaces/mavlab/ros2_ws/install/sbg_driver/include/sbg_driver/sbg_driver/msg/detail/sbg_status_aiding__struct.hpp
-- Up-to-date: /workspaces/mavlab/ros2_ws/install/sbg_driver/include/sbg_driver/sbg_driver/msg/detail/sbg_mag_calib__builder.hpp
-- Up-to-date: /workspaces/mavlab/ros2_ws/install/sbg_driver/include/sbg_driver/sbg_driver/msg/detail/sbg_imu_short__struct.hpp
-- Up-to-date: /workspaces/mavlab/ros2_ws/install/sbg_driver/include/sbg_driver/sbg_driver/msg/detail/sbg_odo_vel__traits.hpp
-- Up-to-date: /workspaces/mavlab/ros2_ws/install/sbg_driver/include/sbg_driver/sbg_driver/msg/detail/sbg_ekf_rot_accel__builder.hpp
-- Up-to-date: /workspaces/mavlab/ros2_ws/install/sbg_driver/include/sbg_driver/sbg_driver/msg/detail/sbg_ekf_nav__struct.hpp
-- Up-to-date: /workspaces/mavlab/ros2_ws/install/sbg_driver/include/sbg_driver/sbg_driver/msg/detail/sbg_utc_time_status__builder.hpp
-- Up-to-date: /workspaces/mavlab/ros2_ws/install/sbg_driver/include/sbg_driver/sbg_driver/msg/detail/sbg_gps_hdt__struct.hpp
-- Up-to-date: /workspaces/mavlab/ros2_ws/install/sbg_driver/include/sbg_driver/sbg_driver/msg/detail/sbg_ship_motion_status__builder.hpp
-- Up-to-date: /workspaces/mavlab/ros2_ws/install/sbg_driver/include/sbg_driver/sbg_driver/msg/detail/sbg_gps_pos_status__struct.hpp
-- Up-to-date: /workspaces/mavlab/ros2_ws/install/sbg_driver/include/sbg_driver/sbg_driver/msg/detail/sbg_ekf_nav__builder.hpp
-- Up-to-date: /workspaces/mavlab/ros2_ws/install/sbg_driver/include/sbg_driver/sbg_driver/msg/detail/sbg_ship_motion__struct.hpp
-- Up-to-date: /workspaces/mavlab/ros2_ws/install/sbg_driver/include/sbg_driver/sbg_driver/msg/detail/sbg_mag_calib__traits.hpp
-- Up-to-date: /workspaces/mavlab/ros2_ws/install/sbg_driver/include/sbg_driver/sbg_driver/msg/detail/sbg_gps_raw__builder.hpp
-- Up-to-date: /workspaces/mavlab/ros2_ws/install/sbg_driver/include/sbg_driver/sbg_driver/msg/detail/sbg_gps_pos_status__builder.hpp
-- Up-to-date: /workspaces/mavlab/ros2_ws/install/sbg_driver/include/sbg_driver/sbg_driver/msg/detail/sbg_ekf_rot_accel__struct.hpp
-- Up-to-date: /workspaces/mavlab/ros2_ws/install/sbg_driver/include/sbg_driver/sbg_driver/msg/detail/sbg_ekf_euler__traits.hpp
-- Up-to-date: /workspaces/mavlab/ros2_ws/install/sbg_driver/include/sbg_driver/sbg_driver/msg/detail/sbg_air_data_status__struct.hpp
-- Up-to-date: /workspaces/mavlab/ros2_ws/install/sbg_driver/include/sbg_driver/sbg_driver/msg/detail/sbg_ekf_vel_body__struct.hpp
-- Up-to-date: /workspaces/mavlab/ros2_ws/install/sbg_driver/include/sbg_driver/sbg_driver/msg/detail/sbg_gps_raw__struct.hpp
-- Up-to-date: /workspaces/mavlab/ros2_ws/install/sbg_driver/include/sbg_driver/sbg_driver/msg/detail/sbg_ekf_nav__traits.hpp
-- Up-to-date: /workspaces/mavlab/ros2_ws/install/sbg_driver/include/sbg_driver/sbg_driver/msg/detail/sbg_ship_motion_status__struct.hpp
-- Up-to-date: /workspaces/mavlab/ros2_ws/install/sbg_driver/include/sbg_driver/sbg_driver/msg/detail/sbg_gps_pos__struct.hpp
-- Up-to-date: /workspaces/mavlab/ros2_ws/install/sbg_driver/include/sbg_driver/sbg_driver/msg/detail/sbg_gps_vel_status__traits.hpp
-- Up-to-date: /workspaces/mavlab/ros2_ws/install/sbg_driver/include/sbg_driver/sbg_driver/msg/detail/sbg_status_general__traits.hpp
-- Up-to-date: /workspaces/mavlab/ros2_ws/install/sbg_driver/include/sbg_driver/sbg_driver/msg/detail/sbg_gps_vel__builder.hpp
-- Up-to-date: /workspaces/mavlab/ros2_ws/install/sbg_driver/include/sbg_driver/sbg_driver/msg/detail/sbg_utc_time_status__struct.hpp
-- Up-to-date: /workspaces/mavlab/ros2_ws/install/sbg_driver/include/sbg_driver/sbg_driver/msg/detail/sbg_status_com__builder.hpp
-- Up-to-date: /workspaces/mavlab/ros2_ws/install/sbg_driver/include/sbg_driver/sbg_driver/msg/detail/sbg_air_data_status__builder.hpp
-- Up-to-date: /workspaces/mavlab/ros2_ws/install/sbg_driver/include/sbg_driver/sbg_driver/msg/detail/sbg_imu_status__builder.hpp
-- Up-to-date: /workspaces/mavlab/ros2_ws/install/sbg_driver/include/sbg_driver/sbg_driver/msg/detail/sbg_event__builder.hpp
-- Up-to-date: /workspaces/mavlab/ros2_ws/install/sbg_driver/include/sbg_driver/sbg_driver/msg/detail/sbg_ship_motion__traits.hpp
-- Up-to-date: /workspaces/mavlab/ros2_ws/install/sbg_driver/include/sbg_driver/sbg_driver/msg/detail/sbg_imu_data__struct.hpp
-- Up-to-date: /workspaces/mavlab/ros2_ws/install/sbg_driver/include/sbg_driver/sbg_driver/msg/detail/sbg_ekf_rot_accel__traits.hpp
-- Up-to-date: /workspaces/mavlab/ros2_ws/install/sbg_driver/include/sbg_driver/sbg_driver/msg/detail/sbg_gps_vel_status__builder.hpp
-- Up-to-date: /workspaces/mavlab/ros2_ws/install/sbg_driver/include/sbg_driver/sbg_driver/msg/detail/sbg_utc_time__struct.hpp
-- Up-to-date: /workspaces/mavlab/ros2_ws/install/sbg_driver/include/sbg_driver/sbg_driver/msg/detail/sbg_ekf_status__builder.hpp
-- Up-to-date: /workspaces/mavlab/ros2_ws/install/sbg_driver/include/sbg_driver/sbg_driver/msg/detail/sbg_utc_time__builder.hpp
-- Up-to-date: /workspaces/mavlab/ros2_ws/install/sbg_driver/include/sbg_driver/sbg_driver/msg/detail/sbg_status_aiding__builder.hpp
-- Up-to-date: /workspaces/mavlab/ros2_ws/install/sbg_driver/include/sbg_driver/sbg_driver/msg/detail/sbg_gps_pos_status__traits.hpp
-- Up-to-date: /workspaces/mavlab/ros2_ws/install/sbg_driver/include/sbg_driver/sbg_driver/msg/detail/sbg_imu_status__struct.hpp
-- Up-to-date: /workspaces/mavlab/ros2_ws/install/sbg_driver/include/sbg_driver/sbg_driver/msg/detail/sbg_ekf_status__traits.hpp
-- Up-to-date: /workspaces/mavlab/ros2_ws/install/sbg_driver/include/sbg_driver/sbg_driver/msg/detail/sbg_imu_short__builder.hpp
-- Up-to-date: /workspaces/mavlab/ros2_ws/install/sbg_driver/include/sbg_driver/sbg_driver/msg/detail/sbg_gps_pos__traits.hpp
-- Up-to-date: /workspaces/mavlab/ros2_ws/install/sbg_driver/include/sbg_driver/sbg_driver/msg/detail/sbg_status_aiding__traits.hpp
-- Up-to-date: /workspaces/mavlab/ros2_ws/install/sbg_driver/include/sbg_driver/sbg_driver/msg/detail/sbg_status__traits.hpp
-- Up-to-date: /workspaces/mavlab/ros2_ws/install/sbg_driver/include/sbg_driver/sbg_driver/msg/detail/sbg_mag_status__builder.hpp
-- Up-to-date: /workspaces/mavlab/ros2_ws/install/sbg_driver/include/sbg_driver/sbg_driver/msg/detail/sbg_mag__builder.hpp
-- Up-to-date: /workspaces/mavlab/ros2_ws/install/sbg_driver/include/sbg_driver/sbg_driver/msg/detail/sbg_mag__struct.hpp
-- Up-to-date: /workspaces/mavlab/ros2_ws/install/sbg_driver/include/sbg_driver/sbg_driver/msg/detail/sbg_ekf_status__struct.hpp
-- Up-to-date: /workspaces/mavlab/ros2_ws/install/sbg_driver/include/sbg_driver/sbg_driver/msg/detail/sbg_status__builder.hpp
-- Up-to-date: /workspaces/mavlab/ros2_ws/install/sbg_driver/include/sbg_driver/sbg_driver/msg/sbg_gps_vel_status.hpp
-- Up-to-date: /workspaces/mavlab/ros2_ws/install/sbg_driver/include/sbg_driver/sbg_driver/msg/sbg_imu_status.hpp
-- Up-to-date: /workspaces/mavlab/ros2_ws/install/sbg_driver/include/sbg_driver/sbg_driver/msg/sbg_ship_motion.hpp
-- Up-to-date: /workspaces/mavlab/ros2_ws/install/sbg_driver/include/sbg_driver/sbg_driver/msg/sbg_ekf_euler.hpp
-- Up-to-date: /workspaces/mavlab/ros2_ws/install/sbg_driver/include/sbg_driver/sbg_driver
-- Up-to-date: /workspaces/mavlab/ros2_ws/install/sbg_driver/include/sbg_driver/sbg_driver/msg
-- Up-to-date: /workspaces/mavlab/ros2_ws/install/sbg_driver/include/sbg_driver/sbg_driver/msg/rosidl_typesupport_fastrtps_cpp__visibility_control.h
-- Up-to-date: /workspaces/mavlab/ros2_ws/install/sbg_driver/include/sbg_driver/sbg_driver/msg/detail
-- Up-to-date: /workspaces/mavlab/ros2_ws/install/sbg_driver/include/sbg_driver/sbg_driver/msg/detail/sbg_imu_short__rosidl_typesupport_fastrtps_cpp.hpp
-- Up-to-date: /workspaces/mavlab/ros2_ws/install/sbg_driver/include/sbg_driver/sbg_driver/msg/detail/sbg_ship_motion_status__rosidl_typesupport_fastrtps_cpp.hpp
-- Up-to-date: /workspaces/mavlab/ros2_ws/install/sbg_driver/include/sbg_driver/sbg_driver/msg/detail/sbg_status_general__rosidl_typesupport_fastrtps_cpp.hpp
-- Up-to-date: /workspaces/mavlab/ros2_ws/install/sbg_driver/include/sbg_driver/sbg_driver/msg/detail/sbg_ekf_vel_body__rosidl_typesupport_fastrtps_cpp.hpp
-- Up-to-date: /workspaces/mavlab/ros2_ws/install/sbg_driver/include/sbg_driver/sbg_driver/msg/detail/sbg_gps_vel__rosidl_typesupport_fastrtps_cpp.hpp
-- Up-to-date: /workspaces/mavlab/ros2_ws/install/sbg_driver/include/sbg_driver/sbg_driver/msg/detail/sbg_odo_vel__rosidl_typesupport_fastrtps_cpp.hpp
-- Up-to-date: /workspaces/mavlab/ros2_ws/install/sbg_driver/include/sbg_driver/sbg_driver/msg/detail/sbg_gps_raw__rosidl_typesupport_fastrtps_cpp.hpp
-- Up-to-date: /workspaces/mavlab/ros2_ws/install/sbg_driver/include/sbg_driver/sbg_driver/msg/detail/sbg_gps_pos_status__rosidl_typesupport_fastrtps_cpp.hpp
-- Up-to-date: /workspaces/mavlab/ros2_ws/install/sbg_driver/include/sbg_driver/sbg_driver/msg/detail/sbg_gps_vel_status__rosidl_typesupport_fastrtps_cpp.hpp
-- Up-to-date: /workspaces/mavlab/ros2_ws/install/sbg_driver/include/sbg_driver/sbg_driver/msg/detail/sbg_utc_time_status__rosidl_typesupport_fastrtps_cpp.hpp
-- Up-to-date: /workspaces/mavlab/ros2_ws/install/sbg_driver/include/sbg_driver/sbg_driver/msg/detail/sbg_imu_status__rosidl_typesupport_fastrtps_cpp.hpp
-- Up-to-date: /workspaces/mavlab/ros2_ws/install/sbg_driver/include/sbg_driver/sbg_driver/msg/detail/sbg_ekf_euler__rosidl_typesupport_fastrtps_cpp.hpp
-- Up-to-date: /workspaces/mavlab/ros2_ws/install/sbg_driver/include/sbg_driver/sbg_driver/msg/detail/sbg_status_aiding__rosidl_typesupport_fastrtps_cpp.hpp
-- Up-to-date: /workspaces/mavlab/ros2_ws/install/sbg_driver/include/sbg_driver/sbg_driver/msg/detail/sbg_gps_hdt__rosidl_typesupport_fastrtps_cpp.hpp
-- Up-to-date: /workspaces/mavlab/ros2_ws/install/sbg_driver/include/sbg_driver/sbg_driver/msg/detail/sbg_imu_data__rosidl_typesupport_fastrtps_cpp.hpp
-- Up-to-date: /workspaces/mavlab/ros2_ws/install/sbg_driver/include/sbg_driver/sbg_driver/msg/detail/sbg_ekf_status__rosidl_typesupport_fastrtps_cpp.hpp
-- Up-to-date: /workspaces/mavlab/ros2_ws/install/sbg_driver/include/sbg_driver/sbg_driver/msg/detail/sbg_status_com__rosidl_typesupport_fastrtps_cpp.hpp
-- Up-to-date: /workspaces/mavlab/ros2_ws/install/sbg_driver/include/sbg_driver/sbg_driver/msg/detail/sbg_ekf_nav__rosidl_typesupport_fastrtps_cpp.hpp
-- Up-to-date: /workspaces/mavlab/ros2_ws/install/sbg_driver/include/sbg_driver/sbg_driver/msg/detail/sbg_utc_time__rosidl_typesupport_fastrtps_cpp.hpp
-- Up-to-date: /workspaces/mavlab/ros2_ws/install/sbg_driver/include/sbg_driver/sbg_driver/msg/detail/sbg_mag__rosidl_typesupport_fastrtps_cpp.hpp
-- Up-to-date: /workspaces/mavlab/ros2_ws/install/sbg_driver/include/sbg_driver/sbg_driver/msg/detail/sbg_event__rosidl_typesupport_fastrtps_cpp.hpp
-- Up-to-date: /workspaces/mavlab/ros2_ws/install/sbg_driver/include/sbg_driver/sbg_driver/msg/detail/sbg_status__rosidl_typesupport_fastrtps_cpp.hpp
-- Up-to-date: /workspaces/mavlab/ros2_ws/install/sbg_driver/include/sbg_driver/sbg_driver/msg/detail/sbg_mag_calib__rosidl_typesupport_fastrtps_cpp.hpp
-- Up-to-date: /workspaces/mavlab/ros2_ws/install/sbg_driver/include/sbg_driver/sbg_driver/msg/detail/sbg_air_data__rosidl_typesupport_fastrtps_cpp.hpp
-- Up-to-date: /workspaces/mavlab/ros2_ws/install/sbg_driver/include/sbg_driver/sbg_driver/msg/detail/sbg_air_data_status__rosidl_typesupport_fastrtps_cpp.hpp
-- Up-to-date: /workspaces/mavlab/ros2_ws/install/sbg_driver/include/sbg_driver/sbg_driver/msg/detail/sbg_ekf_rot_accel__rosidl_typesupport_fastrtps_cpp.hpp
-- Up-to-date: /workspaces/mavlab/ros2_ws/install/sbg_driver/include/sbg_driver/sbg_driver/msg/detail/sbg_ekf_quat__rosidl_typesupport_fastrtps_cpp.hpp
-- Up-to-date: /workspaces/mavlab/ros2_ws/install/sbg_driver/include/sbg_driver/sbg_driver/msg/detail/sbg_ship_motion__rosidl_typesupport_fastrtps_cpp.hpp
-- Up-to-date: /workspaces/mavlab/ros2_ws/install/sbg_driver/include/sbg_driver/sbg_driver/msg/detail/sbg_mag_status__rosidl_typesupport_fastrtps_cpp.hpp
-- Up-to-date: /workspaces/mavlab/ros2_ws/install/sbg_driver/include/sbg_driver/sbg_driver/msg/detail/sbg_gps_pos__rosidl_typesupport_fastrtps_cpp.hpp
-- Up-to-date: /workspaces/mavlab/ros2_ws/install/sbg_driver/include/sbg_driver/sbg_driver/msg/detail/dds_fastrtps
-- Up-to-date: /workspaces/mavlab/ros2_ws/install/sbg_driver/lib/libsbg_driver__rosidl_typesupport_fastrtps_cpp.so
-- Up-to-date: /workspaces/mavlab/ros2_ws/install/sbg_driver/include/sbg_driver/sbg_driver
-- Up-to-date: /workspaces/mavlab/ros2_ws/install/sbg_driver/include/sbg_driver/sbg_driver/msg
-- Up-to-date: /workspaces/mavlab/ros2_ws/install/sbg_driver/include/sbg_driver/sbg_driver/msg/detail
-- Up-to-date: /workspaces/mavlab/ros2_ws/install/sbg_driver/include/sbg_driver/sbg_driver/msg/detail/sbg_status_aiding__type_support.c
-- Up-to-date: /workspaces/mavlab/ros2_ws/install/sbg_driver/include/sbg_driver/sbg_driver/msg/detail/sbg_mag__rosidl_typesupport_introspection_c.h
-- Up-to-date: /workspaces/mavlab/ros2_ws/install/sbg_driver/include/sbg_driver/sbg_driver/msg/detail/sbg_imu_data__type_support.c
-- Up-to-date: /workspaces/mavlab/ros2_ws/install/sbg_driver/include/sbg_driver/sbg_driver/msg/detail/sbg_utc_time__type_support.c
-- Up-to-date: /workspaces/mavlab/ros2_ws/install/sbg_driver/include/sbg_driver/sbg_driver/msg/detail/sbg_ekf_status__type_support.c
-- Up-to-date: /workspaces/mavlab/ros2_ws/install/sbg_driver/include/sbg_driver/sbg_driver/msg/detail/sbg_event__type_support.c
-- Up-to-date: /workspaces/mavlab/ros2_ws/install/sbg_driver/include/sbg_driver/sbg_driver/msg/detail/sbg_status_com__type_support.c
-- Up-to-date: /workspaces/mavlab/ros2_ws/install/sbg_driver/include/sbg_driver/sbg_driver/msg/detail/sbg_utc_time__rosidl_typesupport_introspection_c.h
-- Up-to-date: /workspaces/mavlab/ros2_ws/install/sbg_driver/include/sbg_driver/sbg_driver/msg/detail/sbg_status_aiding__rosidl_typesupport_introspection_c.h
-- Up-to-date: /workspaces/mavlab/ros2_ws/install/sbg_driver/include/sbg_driver/sbg_driver/msg/detail/sbg_ekf_rot_accel__rosidl_typesupport_introspection_c.h
-- Up-to-date: /workspaces/mavlab/ros2_ws/install/sbg_driver/include/sbg_driver/sbg_driver/msg/detail/sbg_ekf_euler__type_support.c
-- Up-to-date: /workspaces/mavlab/ros2_ws/install/sbg_driver/include/sbg_driver/sbg_driver/msg/detail/sbg_imu_status__rosidl_typesupport_introspection_c.h
-- Up-to-date: /workspaces/mavlab/ros2_ws/install/sbg_driver/include/sbg_driver/sbg_driver/msg/detail/sbg_air_data__rosidl_typesupport_introspection_c.h
-- Up-to-date: /workspaces/mavlab/ros2_ws/install/sbg_driver/include/sbg_driver/sbg_driver/msg/detail/sbg_imu_short__rosidl_typesupport_introspection_c.h
-- Up-to-date: /workspaces/mavlab/ros2_ws/install/sbg_driver/include/sbg_driver/sbg_driver/msg/detail/sbg_status_general__type_support.c
-- Up-to-date: /workspaces/mavlab/ros2_ws/install/sbg_driver/include/sbg_driver/sbg_driver/msg/detail/sbg_air_data_status__rosidl_typesupport_introspection_c.h
-- Up-to-date: /workspaces/mavlab/ros2_ws/install/sbg_driver/include/sbg_driver/sbg_driver/msg/detail/sbg_ekf_rot_accel__type_support.c
-- Up-to-date: /workspaces/mavlab/ros2_ws/install/sbg_driver/include/sbg_driver/sbg_driver/msg/detail/sbg_odo_vel__type_support.c
-- Up-to-date: /workspaces/mavlab/ros2_ws/install/sbg_driver/include/sbg_driver/sbg_driver/msg/detail/sbg_status__type_support.c
-- Up-to-date: /workspaces/mavlab/ros2_ws/install/sbg_driver/include/sbg_driver/sbg_driver/msg/detail/sbg_ship_motion_status__type_support.c
-- Up-to-date: /workspaces/mavlab/ros2_ws/install/sbg_driver/include/sbg_driver/sbg_driver/msg/detail/sbg_ship_motion_status__rosidl_typesupport_introspection_c.h
-- Up-to-date: /workspaces/mavlab/ros2_ws/install/sbg_driver/include/sbg_driver/sbg_driver/msg/detail/sbg_ekf_vel_body__type_support.c
-- Up-to-date: /workspaces/mavlab/ros2_ws/install/sbg_driver/include/sbg_driver/sbg_driver/msg/detail/sbg_mag_calib__rosidl_typesupport_introspection_c.h
-- Up-to-date: /workspaces/mavlab/ros2_ws/install/sbg_driver/include/sbg_driver/sbg_driver/msg/detail/sbg_ekf_nav__rosidl_typesupport_introspection_c.h
-- Up-to-date: /workspaces/mavlab/ros2_ws/install/sbg_driver/include/sbg_driver/sbg_driver/msg/detail/sbg_gps_pos_status__type_support.c
-- Up-to-date: /workspaces/mavlab/ros2_ws/install/sbg_driver/include/sbg_driver/sbg_driver/msg/detail/sbg_ekf_nav__type_support.c
-- Up-to-date: /workspaces/mavlab/ros2_ws/install/sbg_driver/include/sbg_driver/sbg_driver/msg/detail/sbg_mag_status__rosidl_typesupport_introspection_c.h
-- Up-to-date: /workspaces/mavlab/ros2_ws/install/sbg_driver/include/sbg_driver/sbg_driver/msg/detail/sbg_mag__type_support.c
-- Up-to-date: /workspaces/mavlab/ros2_ws/install/sbg_driver/include/sbg_driver/sbg_driver/msg/detail/sbg_gps_vel_status__type_support.c
-- Up-to-date: /workspaces/mavlab/ros2_ws/install/sbg_driver/include/sbg_driver/sbg_driver/msg/detail/sbg_gps_raw__type_support.c
-- Up-to-date: /workspaces/mavlab/ros2_ws/install/sbg_driver/include/sbg_driver/sbg_driver/msg/detail/sbg_gps_vel__type_support.c
-- Up-to-date: /workspaces/mavlab/ros2_ws/install/sbg_driver/include/sbg_driver/sbg_driver/msg/detail/sbg_ekf_status__rosidl_typesupport_introspection_c.h
-- Up-to-date: /workspaces/mavlab/ros2_ws/install/sbg_driver/include/sbg_driver/sbg_driver/msg/detail/sbg_gps_pos__rosidl_typesupport_introspection_c.h
-- Up-to-date: /workspaces/mavlab/ros2_ws/install/sbg_driver/include/sbg_driver/sbg_driver/msg/detail/sbg_imu_short__type_support.c
-- Up-to-date: /workspaces/mavlab/ros2_ws/install/sbg_driver/include/sbg_driver/sbg_driver/msg/detail/sbg_gps_pos__type_support.c
-- Up-to-date: /workspaces/mavlab/ros2_ws/install/sbg_driver/include/sbg_driver/sbg_driver/msg/detail/sbg_mag_status__type_support.c
-- Up-to-date: /workspaces/mavlab/ros2_ws/install/sbg_driver/include/sbg_driver/sbg_driver/msg/detail/sbg_status__rosidl_typesupport_introspection_c.h
-- Up-to-date: /workspaces/mavlab/ros2_ws/install/sbg_driver/include/sbg_driver/sbg_driver/msg/detail/sbg_air_data__type_support.c
-- Up-to-date: /workspaces/mavlab/ros2_ws/install/sbg_driver/include/sbg_driver/sbg_driver/msg/detail/sbg_gps_vel_status__rosidl_typesupport_introspection_c.h
-- Up-to-date: /workspaces/mavlab/ros2_ws/install/sbg_driver/include/sbg_driver/sbg_driver/msg/detail/sbg_imu_data__rosidl_typesupport_introspection_c.h
-- Up-to-date: /workspaces/mavlab/ros2_ws/install/sbg_driver/include/sbg_driver/sbg_driver/msg/detail/sbg_ship_motion__rosidl_typesupport_introspection_c.h
-- Up-to-date: /workspaces/mavlab/ros2_ws/install/sbg_driver/include/sbg_driver/sbg_driver/msg/detail/sbg_gps_vel__rosidl_typesupport_introspection_c.h
-- Up-to-date: /workspaces/mavlab/ros2_ws/install/sbg_driver/include/sbg_driver/sbg_driver/msg/detail/sbg_utc_time_status__rosidl_typesupport_introspection_c.h
-- Up-to-date: /workspaces/mavlab/ros2_ws/install/sbg_driver/include/sbg_driver/sbg_driver/msg/detail/sbg_ekf_quat__rosidl_typesupport_introspection_c.h
-- Up-to-date: /workspaces/mavlab/ros2_ws/install/sbg_driver/include/sbg_driver/sbg_driver/msg/detail/sbg_imu_status__type_support.c
-- Up-to-date: /workspaces/mavlab/ros2_ws/install/sbg_driver/include/sbg_driver/sbg_driver/msg/detail/sbg_mag_calib__type_support.c
-- Up-to-date: /workspaces/mavlab/ros2_ws/install/sbg_driver/include/sbg_driver/sbg_driver/msg/detail/sbg_odo_vel__rosidl_typesupport_introspection_c.h
-- Up-to-date: /workspaces/mavlab/ros2_ws/install/sbg_driver/include/sbg_driver/sbg_driver/msg/detail/sbg_event__rosidl_typesupport_introspection_c.h
-- Up-to-date: /workspaces/mavlab/ros2_ws/install/sbg_driver/include/sbg_driver/sbg_driver/msg/detail/sbg_gps_hdt__type_support.c
-- Up-to-date: /workspaces/mavlab/ros2_ws/install/sbg_driver/include/sbg_driver/sbg_driver/msg/detail/sbg_ship_motion__type_support.c
-- Up-to-date: /workspaces/mavlab/ros2_ws/install/sbg_driver/include/sbg_driver/sbg_driver/msg/detail/sbg_utc_time_status__type_support.c
-- Up-to-date: /workspaces/mavlab/ros2_ws/install/sbg_driver/include/sbg_driver/sbg_driver/msg/detail/sbg_ekf_vel_body__rosidl_typesupport_introspection_c.h
-- Up-to-date: /workspaces/mavlab/ros2_ws/install/sbg_driver/include/sbg_driver/sbg_driver/msg/detail/sbg_status_general__rosidl_typesupport_introspection_c.h
-- Up-to-date: /workspaces/mavlab/ros2_ws/install/sbg_driver/include/sbg_driver/sbg_driver/msg/detail/sbg_gps_pos_status__rosidl_typesupport_introspection_c.h
-- Up-to-date: /workspaces/mavlab/ros2_ws/install/sbg_driver/include/sbg_driver/sbg_driver/msg/detail/sbg_gps_raw__rosidl_typesupport_introspection_c.h
-- Up-to-date: /workspaces/mavlab/ros2_ws/install/sbg_driver/include/sbg_driver/sbg_driver/msg/detail/sbg_air_data_status__type_support.c
-- Up-to-date: /workspaces/mavlab/ros2_ws/install/sbg_driver/include/sbg_driver/sbg_driver/msg/detail/sbg_gps_hdt__rosidl_typesupport_introspection_c.h
-- Up-to-date: /workspaces/mavlab/ros2_ws/install/sbg_driver/include/sbg_driver/sbg_driver/msg/detail/sbg_ekf_euler__rosidl_typesupport_introspection_c.h
-- Up-to-date: /workspaces/mavlab/ros2_ws/install/sbg_driver/include/sbg_driver/sbg_driver/msg/detail/sbg_ekf_quat__type_support.c
-- Up-to-date: /workspaces/mavlab/ros2_ws/install/sbg_driver/include/sbg_driver/sbg_driver/msg/detail/sbg_status_com__rosidl_typesupport_introspection_c.h
-- Up-to-date: /workspaces/mavlab/ros2_ws/install/sbg_driver/include/sbg_driver/sbg_driver/msg/rosidl_typesupport_introspection_c__visibility_control.h
-- Up-to-date: /workspaces/mavlab/ros2_ws/install/sbg_driver/lib/libsbg_driver__rosidl_typesupport_introspection_c.so
-- Up-to-date: /workspaces/mavlab/ros2_ws/install/sbg_driver/lib/libsbg_driver__rosidl_typesupport_c.so
-- Up-to-date: /workspaces/mavlab/ros2_ws/install/sbg_driver/include/sbg_driver/sbg_driver
-- Up-to-date: /workspaces/mavlab/ros2_ws/install/sbg_driver/include/sbg_driver/sbg_driver/msg
-- Up-to-date: /workspaces/mavlab/ros2_ws/install/sbg_driver/include/sbg_driver/sbg_driver/msg/detail
-- Up-to-date: /workspaces/mavlab/ros2_ws/install/sbg_driver/include/sbg_driver/sbg_driver/msg/detail/sbg_status_aiding__rosidl_typesupport_introspection_cpp.hpp
-- Up-to-date: /workspaces/mavlab/ros2_ws/install/sbg_driver/include/sbg_driver/sbg_driver/msg/detail/sbg_status_com__type_support.cpp
-- Up-to-date: /workspaces/mavlab/ros2_ws/install/sbg_driver/include/sbg_driver/sbg_driver/msg/detail/sbg_air_data_status__rosidl_typesupport_introspection_cpp.hpp
-- Up-to-date: /workspaces/mavlab/ros2_ws/install/sbg_driver/include/sbg_driver/sbg_driver/msg/detail/sbg_air_data__type_support.cpp
-- Up-to-date: /workspaces/mavlab/ros2_ws/install/sbg_driver/include/sbg_driver/sbg_driver/msg/detail/sbg_gps_hdt__rosidl_typesupport_introspection_cpp.hpp
-- Up-to-date: /workspaces/mavlab/ros2_ws/install/sbg_driver/include/sbg_driver/sbg_driver/msg/detail/sbg_gps_raw__type_support.cpp
-- Up-to-date: /workspaces/mavlab/ros2_ws/install/sbg_driver/include/sbg_driver/sbg_driver/msg/detail/sbg_imu_short__type_support.cpp
-- Up-to-date: /workspaces/mavlab/ros2_ws/install/sbg_driver/include/sbg_driver/sbg_driver/msg/detail/sbg_gps_raw__rosidl_typesupport_introspection_cpp.hpp
-- Up-to-date: /workspaces/mavlab/ros2_ws/install/sbg_driver/include/sbg_driver/sbg_driver/msg/detail/sbg_ekf_euler__rosidl_typesupport_introspection_cpp.hpp
-- Up-to-date: /workspaces/mavlab/ros2_ws/install/sbg_driver/include/sbg_driver/sbg_driver/msg/detail/sbg_status_aiding__type_support.cpp
-- Up-to-date: /workspaces/mavlab/ros2_ws/install/sbg_driver/include/sbg_driver/sbg_driver/msg/detail/sbg_ekf_quat__type_support.cpp
-- Up-to-date: /workspaces/mavlab/ros2_ws/install/sbg_driver/include/sbg_driver/sbg_driver/msg/detail/sbg_mag_status__rosidl_typesupport_introspection_cpp.hpp
-- Up-to-date: /workspaces/mavlab/ros2_ws/install/sbg_driver/include/sbg_driver/sbg_driver/msg/detail/sbg_gps_vel_status__rosidl_typesupport_introspection_cpp.hpp
-- Up-to-date: /workspaces/mavlab/ros2_ws/install/sbg_driver/include/sbg_driver/sbg_driver/msg/detail/sbg_utc_time_status__type_support.cpp
-- Up-to-date: /workspaces/mavlab/ros2_ws/install/sbg_driver/include/sbg_driver/sbg_driver/msg/detail/sbg_gps_hdt__type_support.cpp
-- Up-to-date: /workspaces/mavlab/ros2_ws/install/sbg_driver/include/sbg_driver/sbg_driver/msg/detail/sbg_ekf_euler__type_support.cpp
-- Up-to-date: /workspaces/mavlab/ros2_ws/install/sbg_driver/include/sbg_driver/sbg_driver/msg/detail/sbg_status_general__type_support.cpp
-- Up-to-date: /workspaces/mavlab/ros2_ws/install/sbg_driver/include/sbg_driver/sbg_driver/msg/detail/sbg_ship_motion__type_support.cpp
-- Up-to-date: /workspaces/mavlab/ros2_ws/install/sbg_driver/include/sbg_driver/sbg_driver/msg/detail/sbg_utc_time_status__rosidl_typesupport_introspection_cpp.hpp
-- Up-to-date: /workspaces/mavlab/ros2_ws/install/sbg_driver/include/sbg_driver/sbg_driver/msg/detail/sbg_ekf_vel_body__type_support.cpp
-- Up-to-date: /workspaces/mavlab/ros2_ws/install/sbg_driver/include/sbg_driver/sbg_driver/msg/detail/sbg_ekf_status__type_support.cpp
-- Up-to-date: /workspaces/mavlab/ros2_ws/install/sbg_driver/include/sbg_driver/sbg_driver/msg/detail/sbg_imu_short__rosidl_typesupport_introspection_cpp.hpp
-- Up-to-date: /workspaces/mavlab/ros2_ws/install/sbg_driver/include/sbg_driver/sbg_driver/msg/detail/sbg_imu_data__type_support.cpp
-- Up-to-date: /workspaces/mavlab/ros2_ws/install/sbg_driver/include/sbg_driver/sbg_driver/msg/detail/sbg_ekf_nav__type_support.cpp
-- Up-to-date: /workspaces/mavlab/ros2_ws/install/sbg_driver/include/sbg_driver/sbg_driver/msg/detail/sbg_ekf_status__rosidl_typesupport_introspection_cpp.hpp
-- Up-to-date: /workspaces/mavlab/ros2_ws/install/sbg_driver/include/sbg_driver/sbg_driver/msg/detail/sbg_gps_vel__type_support.cpp
-- Up-to-date: /workspaces/mavlab/ros2_ws/install/sbg_driver/include/sbg_driver/sbg_driver/msg/detail/sbg_ship_motion_status__type_support.cpp
-- Up-to-date: /workspaces/mavlab/ros2_ws/install/sbg_driver/include/sbg_driver/sbg_driver/msg/detail/sbg_status_general__rosidl_typesupport_introspection_cpp.hpp
-- Up-to-date: /workspaces/mavlab/ros2_ws/install/sbg_driver/include/sbg_driver/sbg_driver/msg/detail/sbg_ekf_quat__rosidl_typesupport_introspection_cpp.hpp
-- Up-to-date: /workspaces/mavlab/ros2_ws/install/sbg_driver/include/sbg_driver/sbg_driver/msg/detail/sbg_ekf_nav__rosidl_typesupport_introspection_cpp.hpp
-- Up-to-date: /workspaces/mavlab/ros2_ws/install/sbg_driver/include/sbg_driver/sbg_driver/msg/detail/sbg_imu_data__rosidl_typesupport_introspection_cpp.hpp
-- Up-to-date: /workspaces/mavlab/ros2_ws/install/sbg_driver/include/sbg_driver/sbg_driver/msg/detail/sbg_gps_vel_status__type_support.cpp
-- Up-to-date: /workspaces/mavlab/ros2_ws/install/sbg_driver/include/sbg_driver/sbg_driver/msg/detail/sbg_gps_pos__type_support.cpp
-- Up-to-date: /workspaces/mavlab/ros2_ws/install/sbg_driver/include/sbg_driver/sbg_driver/msg/detail/sbg_status__rosidl_typesupport_introspection_cpp.hpp
-- Up-to-date: /workspaces/mavlab/ros2_ws/install/sbg_driver/include/sbg_driver/sbg_driver/msg/detail/sbg_ekf_vel_body__rosidl_typesupport_introspection_cpp.hpp
-- Up-to-date: /workspaces/mavlab/ros2_ws/install/sbg_driver/include/sbg_driver/sbg_driver/msg/detail/sbg_mag__rosidl_typesupport_introspection_cpp.hpp
-- Up-to-date: /workspaces/mavlab/ros2_ws/install/sbg_driver/include/sbg_driver/sbg_driver/msg/detail/sbg_ekf_rot_accel__rosidl_typesupport_introspection_cpp.hpp
-- Up-to-date: /workspaces/mavlab/ros2_ws/install/sbg_driver/include/sbg_driver/sbg_driver/msg/detail/sbg_event__type_support.cpp
-- Up-to-date: /workspaces/mavlab/ros2_ws/install/sbg_driver/include/sbg_driver/sbg_driver/msg/detail/sbg_imu_status__type_support.cpp
-- Up-to-date: /workspaces/mavlab/ros2_ws/install/sbg_driver/include/sbg_driver/sbg_driver/msg/detail/sbg_status_com__rosidl_typesupport_introspection_cpp.hpp
-- Up-to-date: /workspaces/mavlab/ros2_ws/install/sbg_driver/include/sbg_driver/sbg_driver/msg/detail/sbg_gps_pos_status__rosidl_typesupport_introspection_cpp.hpp
-- Up-to-date: /workspaces/mavlab/ros2_ws/install/sbg_driver/include/sbg_driver/sbg_driver/msg/detail/sbg_ship_motion_status__rosidl_typesupport_introspection_cpp.hpp
-- Up-to-date: /workspaces/mavlab/ros2_ws/install/sbg_driver/include/sbg_driver/sbg_driver/msg/detail/sbg_mag_calib__type_support.cpp
-- Up-to-date: /workspaces/mavlab/ros2_ws/install/sbg_driver/include/sbg_driver/sbg_driver/msg/detail/sbg_event__rosidl_typesupport_introspection_cpp.hpp
-- Up-to-date: /workspaces/mavlab/ros2_ws/install/sbg_driver/include/sbg_driver/sbg_driver/msg/detail/sbg_gps_vel__rosidl_typesupport_introspection_cpp.hpp
-- Up-to-date: /workspaces/mavlab/ros2_ws/install/sbg_driver/include/sbg_driver/sbg_driver/msg/detail/sbg_utc_time__rosidl_typesupport_introspection_cpp.hpp
-- Up-to-date: /workspaces/mavlab/ros2_ws/install/sbg_driver/include/sbg_driver/sbg_driver/msg/detail/sbg_ship_motion__rosidl_typesupport_introspection_cpp.hpp
-- Up-to-date: /workspaces/mavlab/ros2_ws/install/sbg_driver/include/sbg_driver/sbg_driver/msg/detail/sbg_odo_vel__type_support.cpp
-- Up-to-date: /workspaces/mavlab/ros2_ws/install/sbg_driver/include/sbg_driver/sbg_driver/msg/detail/sbg_status__type_support.cpp
-- Up-to-date: /workspaces/mavlab/ros2_ws/install/sbg_driver/include/sbg_driver/sbg_driver/msg/detail/sbg_mag_calib__rosidl_typesupport_introspection_cpp.hpp
-- Up-to-date: /workspaces/mavlab/ros2_ws/install/sbg_driver/include/sbg_driver/sbg_driver/msg/detail/sbg_odo_vel__rosidl_typesupport_introspection_cpp.hpp
-- Up-to-date: /workspaces/mavlab/ros2_ws/install/sbg_driver/include/sbg_driver/sbg_driver/msg/detail/sbg_imu_status__rosidl_typesupport_introspection_cpp.hpp
-- Up-to-date: /workspaces/mavlab/ros2_ws/install/sbg_driver/include/sbg_driver/sbg_driver/msg/detail/sbg_ekf_rot_accel__type_support.cpp
-- Up-to-date: /workspaces/mavlab/ros2_ws/install/sbg_driver/include/sbg_driver/sbg_driver/msg/detail/sbg_air_data_status__type_support.cpp
-- Up-to-date: /workspaces/mavlab/ros2_ws/install/sbg_driver/include/sbg_driver/sbg_driver/msg/detail/sbg_mag__type_support.cpp
-- Up-to-date: /workspaces/mavlab/ros2_ws/install/sbg_driver/include/sbg_driver/sbg_driver/msg/detail/sbg_mag_status__type_support.cpp
-- Up-to-date: /workspaces/mavlab/ros2_ws/install/sbg_driver/include/sbg_driver/sbg_driver/msg/detail/sbg_utc_time__type_support.cpp
-- Up-to-date: /workspaces/mavlab/ros2_ws/install/sbg_driver/include/sbg_driver/sbg_driver/msg/detail/sbg_air_data__rosidl_typesupport_introspection_cpp.hpp
-- Up-to-date: /workspaces/mavlab/ros2_ws/install/sbg_driver/include/sbg_driver/sbg_driver/msg/detail/sbg_gps_pos_status__type_support.cpp
-- Up-to-date: /workspaces/mavlab/ros2_ws/install/sbg_driver/include/sbg_driver/sbg_driver/msg/detail/sbg_gps_pos__rosidl_typesupport_introspection_cpp.hpp
-- Up-to-date: /workspaces/mavlab/ros2_ws/install/sbg_driver/lib/libsbg_driver__rosidl_typesupport_introspection_cpp.so
-- Up-to-date: /workspaces/mavlab/ros2_ws/install/sbg_driver/lib/libsbg_driver__rosidl_typesupport_cpp.so
-- Up-to-date: /workspaces/mavlab/ros2_ws/install/sbg_driver/share/sbg_driver/environment/pythonpath.sh
-- Up-to-date: /workspaces/mavlab/ros2_ws/install/sbg_driver/share/sbg_driver/environment/pythonpath.dsv
-- Up-to-date: /workspaces/mavlab/ros2_ws/install/sbg_driver/local/lib/python3.10/dist-packages/sbg_driver-3.2.0-py3.10.egg-info
-- Installing: /workspaces/mavlab/ros2_ws/install/sbg_driver/local/lib/python3.10/dist-packages/sbg_driver-3.2.0-py3.10.egg-info/SOURCES.txt
-- Installing: /workspaces/mavlab/ros2_ws/install/sbg_driver/local/lib/python3.10/dist-packages/sbg_driver-3.2.0-py3.10.egg-info/dependency_links.txt
-- Installing: /workspaces/mavlab/ros2_ws/install/sbg_driver/local/lib/python3.10/dist-packages/sbg_driver-3.2.0-py3.10.egg-info/top_level.txt
-- Installing: /workspaces/mavlab/ros2_ws/install/sbg_driver/local/lib/python3.10/dist-packages/sbg_driver-3.2.0-py3.10.egg-info/PKG-INFO
-- Up-to-date: /workspaces/mavlab/ros2_ws/install/sbg_driver/local/lib/python3.10/dist-packages/sbg_driver
-- Up-to-date: /workspaces/mavlab/ros2_ws/install/sbg_driver/local/lib/python3.10/dist-packages/sbg_driver/sbg_driver_s__rosidl_typesupport_fastrtps_c.cpython-310-aarch64-linux-gnu.so
-- Up-to-date: /workspaces/mavlab/ros2_ws/install/sbg_driver/local/lib/python3.10/dist-packages/sbg_driver/__init__.py
-- Up-to-date: /workspaces/mavlab/ros2_ws/install/sbg_driver/local/lib/python3.10/dist-packages/sbg_driver/sbg_driver_s__rosidl_typesupport_c.cpython-310-aarch64-linux-gnu.so
-- Up-to-date: /workspaces/mavlab/ros2_ws/install/sbg_driver/local/lib/python3.10/dist-packages/sbg_driver/msg
-- Up-to-date: /workspaces/mavlab/ros2_ws/install/sbg_driver/local/lib/python3.10/dist-packages/sbg_driver/msg/_sbg_air_data_s.c
-- Up-to-date: /workspaces/mavlab/ros2_ws/install/sbg_driver/local/lib/python3.10/dist-packages/sbg_driver/msg/_sbg_ekf_rot_accel.py
-- Up-to-date: /workspaces/mavlab/ros2_ws/install/sbg_driver/local/lib/python3.10/dist-packages/sbg_driver/msg/_sbg_gps_pos_s.c
-- Up-to-date: /workspaces/mavlab/ros2_ws/install/sbg_driver/local/lib/python3.10/dist-packages/sbg_driver/msg/_sbg_gps_pos_status.py
-- Up-to-date: /workspaces/mavlab/ros2_ws/install/sbg_driver/local/lib/python3.10/dist-packages/sbg_driver/msg/_sbg_imu_data_s.c
-- Up-to-date: /workspaces/mavlab/ros2_ws/install/sbg_driver/local/lib/python3.10/dist-packages/sbg_driver/msg/_sbg_status_aiding.py
-- Up-to-date: /workspaces/mavlab/ros2_ws/install/sbg_driver/local/lib/python3.10/dist-packages/sbg_driver/msg/__init__.py
-- Up-to-date: /workspaces/mavlab/ros2_ws/install/sbg_driver/local/lib/python3.10/dist-packages/sbg_driver/msg/_sbg_ekf_status.py
-- Up-to-date: /workspaces/mavlab/ros2_ws/install/sbg_driver/local/lib/python3.10/dist-packages/sbg_driver/msg/_sbg_status_general.py
-- Up-to-date: /workspaces/mavlab/ros2_ws/install/sbg_driver/local/lib/python3.10/dist-packages/sbg_driver/msg/_sbg_gps_vel_s.c
-- Up-to-date: /workspaces/mavlab/ros2_ws/install/sbg_driver/local/lib/python3.10/dist-packages/sbg_driver/msg/_sbg_event.py
-- Up-to-date: /workspaces/mavlab/ros2_ws/install/sbg_driver/local/lib/python3.10/dist-packages/sbg_driver/msg/_sbg_mag_status.py
-- Up-to-date: /workspaces/mavlab/ros2_ws/install/sbg_driver/local/lib/python3.10/dist-packages/sbg_driver/msg/_sbg_mag_calib.py
-- Up-to-date: /workspaces/mavlab/ros2_ws/install/sbg_driver/local/lib/python3.10/dist-packages/sbg_driver/msg/_sbg_ekf_vel_body_s.c
-- Up-to-date: /workspaces/mavlab/ros2_ws/install/sbg_driver/local/lib/python3.10/dist-packages/sbg_driver/msg/_sbg_imu_status.py
-- Up-to-date: /workspaces/mavlab/ros2_ws/install/sbg_driver/local/lib/python3.10/dist-packages/sbg_driver/msg/_sbg_ship_motion.py
-- Up-to-date: /workspaces/mavlab/ros2_ws/install/sbg_driver/local/lib/python3.10/dist-packages/sbg_driver/msg/_sbg_odo_vel.py
-- Up-to-date: /workspaces/mavlab/ros2_ws/install/sbg_driver/local/lib/python3.10/dist-packages/sbg_driver/msg/_sbg_ekf_nav_s.c
-- Up-to-date: /workspaces/mavlab/ros2_ws/install/sbg_driver/local/lib/python3.10/dist-packages/sbg_driver/msg/_sbg_air_data.py
-- Up-to-date: /workspaces/mavlab/ros2_ws/install/sbg_driver/local/lib/python3.10/dist-packages/sbg_driver/msg/_sbg_status_aiding_s.c
-- Up-to-date: /workspaces/mavlab/ros2_ws/install/sbg_driver/local/lib/python3.10/dist-packages/sbg_driver/msg/_sbg_ship_motion_s.c
-- Up-to-date: /workspaces/mavlab/ros2_ws/install/sbg_driver/local/lib/python3.10/dist-packages/sbg_driver/msg/_sbg_utc_time_status.py
-- Up-to-date: /workspaces/mavlab/ros2_ws/install/sbg_driver/local/lib/python3.10/dist-packages/sbg_driver/msg/_sbg_gps_vel_status_s.c
-- Up-to-date: /workspaces/mavlab/ros2_ws/install/sbg_driver/local/lib/python3.10/dist-packages/sbg_driver/msg/_sbg_ekf_euler_s.c
-- Up-to-date: /workspaces/mavlab/ros2_ws/install/sbg_driver/local/lib/python3.10/dist-packages/sbg_driver/msg/_sbg_ekf_quat_s.c
-- Up-to-date: /workspaces/mavlab/ros2_ws/install/sbg_driver/local/lib/python3.10/dist-packages/sbg_driver/msg/_sbg_gps_hdt.py
-- Up-to-date: /workspaces/mavlab/ros2_ws/install/sbg_driver/local/lib/python3.10/dist-packages/sbg_driver/msg/_sbg_ekf_vel_body.py
-- Up-to-date: /workspaces/mavlab/ros2_ws/install/sbg_driver/local/lib/python3.10/dist-packages/sbg_driver/msg/_sbg_air_data_status_s.c
-- Up-to-date: /workspaces/mavlab/ros2_ws/install/sbg_driver/local/lib/python3.10/dist-packages/sbg_driver/msg/_sbg_mag_calib_s.c
-- Up-to-date: /workspaces/mavlab/ros2_ws/install/sbg_driver/local/lib/python3.10/dist-packages/sbg_driver/msg/_sbg_ship_motion_status.py
-- Up-to-date: /workspaces/mavlab/ros2_ws/install/sbg_driver/local/lib/python3.10/dist-packages/sbg_driver/msg/_sbg_ekf_rot_accel_s.c
-- Up-to-date: /workspaces/mavlab/ros2_ws/install/sbg_driver/local/lib/python3.10/dist-packages/sbg_driver/msg/_sbg_air_data_status.py
-- Up-to-date: /workspaces/mavlab/ros2_ws/install/sbg_driver/local/lib/python3.10/dist-packages/sbg_driver/msg/_sbg_utc_time_status_s.c
-- Up-to-date: /workspaces/mavlab/ros2_ws/install/sbg_driver/local/lib/python3.10/dist-packages/sbg_driver/msg/_sbg_mag_status_s.c
-- Up-to-date: /workspaces/mavlab/ros2_ws/install/sbg_driver/local/lib/python3.10/dist-packages/sbg_driver/msg/_sbg_gps_pos_status_s.c
-- Up-to-date: /workspaces/mavlab/ros2_ws/install/sbg_driver/local/lib/python3.10/dist-packages/sbg_driver/msg/_sbg_utc_time.py
-- Up-to-date: /workspaces/mavlab/ros2_ws/install/sbg_driver/local/lib/python3.10/dist-packages/sbg_driver/msg/_sbg_mag.py
-- Up-to-date: /workspaces/mavlab/ros2_ws/install/sbg_driver/local/lib/python3.10/dist-packages/sbg_driver/msg/_sbg_gps_hdt_s.c
-- Up-to-date: /workspaces/mavlab/ros2_ws/install/sbg_driver/local/lib/python3.10/dist-packages/sbg_driver/msg/_sbg_event_s.c
-- Up-to-date: /workspaces/mavlab/ros2_ws/install/sbg_driver/local/lib/python3.10/dist-packages/sbg_driver/msg/_sbg_ekf_quat.py
-- Up-to-date: /workspaces/mavlab/ros2_ws/install/sbg_driver/local/lib/python3.10/dist-packages/sbg_driver/msg/_sbg_status.py
-- Up-to-date: /workspaces/mavlab/ros2_ws/install/sbg_driver/local/lib/python3.10/dist-packages/sbg_driver/msg/_sbg_gps_vel_status.py
-- Up-to-date: /workspaces/mavlab/ros2_ws/install/sbg_driver/local/lib/python3.10/dist-packages/sbg_driver/msg/_sbg_imu_short_s.c
-- Up-to-date: /workspaces/mavlab/ros2_ws/install/sbg_driver/local/lib/python3.10/dist-packages/sbg_driver/msg/_sbg_ekf_status_s.c
-- Up-to-date: /workspaces/mavlab/ros2_ws/install/sbg_driver/local/lib/python3.10/dist-packages/sbg_driver/msg/_sbg_imu_short.py
-- Up-to-date: /workspaces/mavlab/ros2_ws/install/sbg_driver/local/lib/python3.10/dist-packages/sbg_driver/msg/_sbg_ekf_nav.py
-- Up-to-date: /workspaces/mavlab/ros2_ws/install/sbg_driver/local/lib/python3.10/dist-packages/sbg_driver/msg/_sbg_ship_motion_status_s.c
-- Up-to-date: /workspaces/mavlab/ros2_ws/install/sbg_driver/local/lib/python3.10/dist-packages/sbg_driver/msg/_sbg_gps_raw.py
-- Up-to-date: /workspaces/mavlab/ros2_ws/install/sbg_driver/local/lib/python3.10/dist-packages/sbg_driver/msg/_sbg_status_s.c
-- Up-to-date: /workspaces/mavlab/ros2_ws/install/sbg_driver/local/lib/python3.10/dist-packages/sbg_driver/msg/_sbg_ekf_euler.py
-- Up-to-date: /workspaces/mavlab/ros2_ws/install/sbg_driver/local/lib/python3.10/dist-packages/sbg_driver/msg/_sbg_gps_raw_s.c
-- Up-to-date: /workspaces/mavlab/ros2_ws/install/sbg_driver/local/lib/python3.10/dist-packages/sbg_driver/msg/_sbg_utc_time_s.c
-- Up-to-date: /workspaces/mavlab/ros2_ws/install/sbg_driver/local/lib/python3.10/dist-packages/sbg_driver/msg/_sbg_imu_status_s.c
-- Up-to-date: /workspaces/mavlab/ros2_ws/install/sbg_driver/local/lib/python3.10/dist-packages/sbg_driver/msg/_sbg_imu_data.py
-- Up-to-date: /workspaces/mavlab/ros2_ws/install/sbg_driver/local/lib/python3.10/dist-packages/sbg_driver/msg/_sbg_status_com.py
-- Up-to-date: /workspaces/mavlab/ros2_ws/install/sbg_driver/local/lib/python3.10/dist-packages/sbg_driver/msg/_sbg_odo_vel_s.c
-- Up-to-date: /workspaces/mavlab/ros2_ws/install/sbg_driver/local/lib/python3.10/dist-packages/sbg_driver/msg/_sbg_gps_pos.py
-- Up-to-date: /workspaces/mavlab/ros2_ws/install/sbg_driver/local/lib/python3.10/dist-packages/sbg_driver/msg/_sbg_mag_s.c
-- Up-to-date: /workspaces/mavlab/ros2_ws/install/sbg_driver/local/lib/python3.10/dist-packages/sbg_driver/msg/_sbg_gps_vel.py
-- Up-to-date: /workspaces/mavlab/ros2_ws/install/sbg_driver/local/lib/python3.10/dist-packages/sbg_driver/msg/_sbg_status_com_s.c
-- Up-to-date: /workspaces/mavlab/ros2_ws/install/sbg_driver/local/lib/python3.10/dist-packages/sbg_driver/msg/_sbg_status_general_s.c
-- Up-to-date: /workspaces/mavlab/ros2_ws/install/sbg_driver/local/lib/python3.10/dist-packages/sbg_driver/libsbg_driver__rosidl_generator_py.so
-- Up-to-date: /workspaces/mavlab/ros2_ws/install/sbg_driver/local/lib/python3.10/dist-packages/sbg_driver/_sbg_driver_s.ep.rosidl_typesupport_c.c
-- Up-to-date: /workspaces/mavlab/ros2_ws/install/sbg_driver/local/lib/python3.10/dist-packages/sbg_driver/sbg_driver_s__rosidl_typesupport_introspection_c.cpython-310-aarch64-linux-gnu.so
-- Up-to-date: /workspaces/mavlab/ros2_ws/install/sbg_driver/local/lib/python3.10/dist-packages/sbg_driver/_sbg_driver_s.ep.rosidl_typesupport_fastrtps_c.c
-- Up-to-date: /workspaces/mavlab/ros2_ws/install/sbg_driver/local/lib/python3.10/dist-packages/sbg_driver/_sbg_driver_s.ep.rosidl_typesupport_introspection_c.c
Listing '/workspaces/mavlab/ros2_ws/install/sbg_driver/local/lib/python3.10/dist-packages/sbg_driver'...
Listing '/workspaces/mavlab/ros2_ws/install/sbg_driver/local/lib/python3.10/dist-packages/sbg_driver/msg'...
-- Up-to-date: /workspaces/mavlab/ros2_ws/install/sbg_driver/local/lib/python3.10/dist-packages/sbg_driver/sbg_driver_s__rosidl_typesupport_fastrtps_c.cpython-310-aarch64-linux-gnu.so
-- Up-to-date: /workspaces/mavlab/ros2_ws/install/sbg_driver/local/lib/python3.10/dist-packages/sbg_driver/sbg_driver_s__rosidl_typesupport_introspection_c.cpython-310-aarch64-linux-gnu.so
-- Up-to-date: /workspaces/mavlab/ros2_ws/install/sbg_driver/local/lib/python3.10/dist-packages/sbg_driver/sbg_driver_s__rosidl_typesupport_c.cpython-310-aarch64-linux-gnu.so
-- Up-to-date: /workspaces/mavlab/ros2_ws/install/sbg_driver/lib/libsbg_driver__rosidl_generator_py.so
-- Up-to-date: /workspaces/mavlab/ros2_ws/install/sbg_driver/share/sbg_driver/msg/SbgGpsVelStatus.idl
-- Up-to-date: /workspaces/mavlab/ros2_ws/install/sbg_driver/share/sbg_driver/msg/SbgGpsPosStatus.idl
-- Up-to-date: /workspaces/mavlab/ros2_ws/install/sbg_driver/share/sbg_driver/msg/SbgMagStatus.idl
-- Up-to-date: /workspaces/mavlab/ros2_ws/install/sbg_driver/share/sbg_driver/msg/SbgShipMotionStatus.idl
-- Up-to-date: /workspaces/mavlab/ros2_ws/install/sbg_driver/share/sbg_driver/msg/SbgUtcTimeStatus.idl
-- Up-to-date: /workspaces/mavlab/ros2_ws/install/sbg_driver/share/sbg_driver/msg/SbgAirData.idl
-- Up-to-date: /workspaces/mavlab/ros2_ws/install/sbg_driver/share/sbg_driver/msg/SbgAirDataStatus.idl
-- Up-to-date: /workspaces/mavlab/ros2_ws/install/sbg_driver/share/sbg_driver/msg/SbgEkfEuler.idl
-- Up-to-date: /workspaces/mavlab/ros2_ws/install/sbg_driver/share/sbg_driver/msg/SbgGpsPos.idl
-- Up-to-date: /workspaces/mavlab/ros2_ws/install/sbg_driver/share/sbg_driver/msg/SbgMag.idl
-- Up-to-date: /workspaces/mavlab/ros2_ws/install/sbg_driver/share/sbg_driver/msg/SbgStatusCom.idl
-- Up-to-date: /workspaces/mavlab/ros2_ws/install/sbg_driver/share/sbg_driver/msg/SbgEkfNav.idl
-- Up-to-date: /workspaces/mavlab/ros2_ws/install/sbg_driver/share/sbg_driver/msg/SbgGpsRaw.idl
-- Up-to-date: /workspaces/mavlab/ros2_ws/install/sbg_driver/share/sbg_driver/msg/SbgOdoVel.idl
-- Up-to-date: /workspaces/mavlab/ros2_ws/install/sbg_driver/share/sbg_driver/msg/SbgStatusGeneral.idl
-- Up-to-date: /workspaces/mavlab/ros2_ws/install/sbg_driver/share/sbg_driver/msg/SbgEkfQuat.idl
-- Up-to-date: /workspaces/mavlab/ros2_ws/install/sbg_driver/share/sbg_driver/msg/SbgGpsVel.idl
-- Up-to-date: /workspaces/mavlab/ros2_ws/install/sbg_driver/share/sbg_driver/msg/SbgStatus.idl
-- Up-to-date: /workspaces/mavlab/ros2_ws/install/sbg_driver/share/sbg_driver/msg/SbgEvent.idl
-- Up-to-date: /workspaces/mavlab/ros2_ws/install/sbg_driver/share/sbg_driver/msg/SbgImuStatus.idl
-- Up-to-date: /workspaces/mavlab/ros2_ws/install/sbg_driver/share/sbg_driver/msg/SbgImuData.idl
-- Up-to-date: /workspaces/mavlab/ros2_ws/install/sbg_driver/share/sbg_driver/msg/SbgImuShort.idl
-- Up-to-date: /workspaces/mavlab/ros2_ws/install/sbg_driver/share/sbg_driver/msg/SbgShipMotion.idl
-- Up-to-date: /workspaces/mavlab/ros2_ws/install/sbg_driver/share/sbg_driver/msg/SbgUtcTime.idl
-- Up-to-date: /workspaces/mavlab/ros2_ws/install/sbg_driver/share/sbg_driver/msg/SbgGpsHdt.idl
-- Up-to-date: /workspaces/mavlab/ros2_ws/install/sbg_driver/share/sbg_driver/msg/SbgMagCalib.idl
-- Up-to-date: /workspaces/mavlab/ros2_ws/install/sbg_driver/share/sbg_driver/msg/SbgStatusAiding.idl
-- Up-to-date: /workspaces/mavlab/ros2_ws/install/sbg_driver/share/sbg_driver/msg/SbgEkfStatus.idl
-- Up-to-date: /workspaces/mavlab/ros2_ws/install/sbg_driver/share/sbg_driver/msg/SbgEkfVelBody.idl
-- Up-to-date: /workspaces/mavlab/ros2_ws/install/sbg_driver/share/sbg_driver/msg/SbgEkfRotAccel.idl
-- Up-to-date: /workspaces/mavlab/ros2_ws/install/sbg_driver/share/sbg_driver/msg/SbgGpsVelStatus.msg
-- Up-to-date: /workspaces/mavlab/ros2_ws/install/sbg_driver/share/sbg_driver/msg/SbgGpsPosStatus.msg
-- Up-to-date: /workspaces/mavlab/ros2_ws/install/sbg_driver/share/sbg_driver/msg/SbgMagStatus.msg
-- Up-to-date: /workspaces/mavlab/ros2_ws/install/sbg_driver/share/sbg_driver/msg/SbgShipMotionStatus.msg
-- Up-to-date: /workspaces/mavlab/ros2_ws/install/sbg_driver/share/sbg_driver/msg/SbgUtcTimeStatus.msg
-- Up-to-date: /workspaces/mavlab/ros2_ws/install/sbg_driver/share/sbg_driver/msg/SbgAirData.msg
-- Up-to-date: /workspaces/mavlab/ros2_ws/install/sbg_driver/share/sbg_driver/msg/SbgAirDataStatus.msg
-- Up-to-date: /workspaces/mavlab/ros2_ws/install/sbg_driver/share/sbg_driver/msg/SbgEkfEuler.msg
-- Up-to-date: /workspaces/mavlab/ros2_ws/install/sbg_driver/share/sbg_driver/msg/SbgGpsPos.msg
-- Up-to-date: /workspaces/mavlab/ros2_ws/install/sbg_driver/share/sbg_driver/msg/SbgMag.msg
-- Up-to-date: /workspaces/mavlab/ros2_ws/install/sbg_driver/share/sbg_driver/msg/SbgStatusCom.msg
-- Up-to-date: /workspaces/mavlab/ros2_ws/install/sbg_driver/share/sbg_driver/msg/SbgEkfNav.msg
-- Up-to-date: /workspaces/mavlab/ros2_ws/install/sbg_driver/share/sbg_driver/msg/SbgGpsRaw.msg
-- Up-to-date: /workspaces/mavlab/ros2_ws/install/sbg_driver/share/sbg_driver/msg/SbgOdoVel.msg
-- Up-to-date: /workspaces/mavlab/ros2_ws/install/sbg_driver/share/sbg_driver/msg/SbgStatusGeneral.msg
-- Up-to-date: /workspaces/mavlab/ros2_ws/install/sbg_driver/share/sbg_driver/msg/SbgEkfQuat.msg
-- Up-to-date: /workspaces/mavlab/ros2_ws/install/sbg_driver/share/sbg_driver/msg/SbgGpsVel.msg
-- Up-to-date: /workspaces/mavlab/ros2_ws/install/sbg_driver/share/sbg_driver/msg/SbgStatus.msg
-- Up-to-date: /workspaces/mavlab/ros2_ws/install/sbg_driver/share/sbg_driver/msg/SbgEvent.msg
-- Up-to-date: /workspaces/mavlab/ros2_ws/install/sbg_driver/share/sbg_driver/msg/SbgImuStatus.msg
-- Up-to-date: /workspaces/mavlab/ros2_ws/install/sbg_driver/share/sbg_driver/msg/SbgImuData.msg
-- Up-to-date: /workspaces/mavlab/ros2_ws/install/sbg_driver/share/sbg_driver/msg/SbgImuShort.msg
-- Up-to-date: /workspaces/mavlab/ros2_ws/install/sbg_driver/share/sbg_driver/msg/SbgShipMotion.msg
-- Up-to-date: /workspaces/mavlab/ros2_ws/install/sbg_driver/share/sbg_driver/msg/SbgUtcTime.msg
-- Up-to-date: /workspaces/mavlab/ros2_ws/install/sbg_driver/share/sbg_driver/msg/SbgGpsHdt.msg
-- Up-to-date: /workspaces/mavlab/ros2_ws/install/sbg_driver/share/sbg_driver/msg/SbgMagCalib.msg
-- Up-to-date: /workspaces/mavlab/ros2_ws/install/sbg_driver/share/sbg_driver/msg/SbgStatusAiding.msg
-- Up-to-date: /workspaces/mavlab/ros2_ws/install/sbg_driver/share/sbg_driver/msg/SbgEkfStatus.msg
-- Up-to-date: /workspaces/mavlab/ros2_ws/install/sbg_driver/share/sbg_driver/msg/SbgEkfVelBody.msg
-- Up-to-date: /workspaces/mavlab/ros2_ws/install/sbg_driver/share/sbg_driver/msg/SbgEkfRotAccel.msg
-- Up-to-date: /workspaces/mavlab/ros2_ws/install/sbg_driver/lib/sbg_driver/sbg_device
-- Up-to-date: /workspaces/mavlab/ros2_ws/install/sbg_driver/lib/sbg_driver/sbg_device_mag
-- Up-to-date: /workspaces/mavlab/ros2_ws/install/sbg_driver/include/sbg_driver
-- Up-to-date: /workspaces/mavlab/ros2_ws/install/sbg_driver/include/sbg_driver/sbg_vector3.h
-- Up-to-date: /workspaces/mavlab/ros2_ws/install/sbg_driver/include/sbg_driver/sbg_matrix3.h
-- Up-to-date: /workspaces/mavlab/ros2_ws/install/sbg_driver/include/sbg_driver/message_wrapper.h
-- Up-to-date: /workspaces/mavlab/ros2_ws/install/sbg_driver/include/sbg_driver/sbg_ros_helpers.h
-- Up-to-date: /workspaces/mavlab/ros2_ws/install/sbg_driver/include/sbg_driver/config_applier.h
-- Up-to-date: /workspaces/mavlab/ros2_ws/install/sbg_driver/include/sbg_driver/message_publisher.h
-- Up-to-date: /workspaces/mavlab/ros2_ws/install/sbg_driver/include/sbg_driver/sbg_utm.h
-- Up-to-date: /workspaces/mavlab/ros2_ws/install/sbg_driver/include/sbg_driver/sbg_device.h
-- Up-to-date: /workspaces/mavlab/ros2_ws/install/sbg_driver/include/sbg_driver/config_store.h
-- Up-to-date: /workspaces/mavlab/ros2_ws/install/sbg_driver/share/sbg_driver/launch
-- Up-to-date: /workspaces/mavlab/ros2_ws/install/sbg_driver/share/sbg_driver/launch/sbg_device.launch
-- Up-to-date: /workspaces/mavlab/ros2_ws/install/sbg_driver/share/sbg_driver/launch/examples
-- Up-to-date: /workspaces/mavlab/ros2_ws/install/sbg_driver/share/sbg_driver/launch/examples/sbg_ellipseA.launch
-- Up-to-date: /workspaces/mavlab/ros2_ws/install/sbg_driver/share/sbg_driver/launch/examples/sbg_ellipseE.launch
-- Up-to-date: /workspaces/mavlab/ros2_ws/install/sbg_driver/share/sbg_driver/launch/examples/sbg_ellipseN.launch
-- Up-to-date: /workspaces/mavlab/ros2_ws/install/sbg_driver/share/sbg_driver/launch/sbg_device_mag_calibration_launch.py
-- Up-to-date: /workspaces/mavlab/ros2_ws/install/sbg_driver/share/sbg_driver/launch/sbg_device_launch.py
-- Up-to-date: /workspaces/mavlab/ros2_ws/install/sbg_driver/share/sbg_driver/launch/sbg_device_mag_calibration.launch
-- Up-to-date: /workspaces/mavlab/ros2_ws/install/sbg_driver/share/sbg_driver/config
-- Up-to-date: /workspaces/mavlab/ros2_ws/install/sbg_driver/share/sbg_driver/config/sbg_device_udp_default.yaml
-- Up-to-date: /workspaces/mavlab/ros2_ws/install/sbg_driver/share/sbg_driver/config/sbg_device_uart_default.yaml
-- Up-to-date: /workspaces/mavlab/ros2_ws/install/sbg_driver/share/sbg_driver/config/example
-- Up-to-date: /workspaces/mavlab/ros2_ws/install/sbg_driver/share/sbg_driver/config/example/ellipse_D_default.yaml
-- Up-to-date: /workspaces/mavlab/ros2_ws/install/sbg_driver/share/sbg_driver/config/example/ellipse_A_default.yaml
-- Up-to-date: /workspaces/mavlab/ros2_ws/install/sbg_driver/share/sbg_driver/config/example/ellipse_E_default.yaml
-- Up-to-date: /workspaces/mavlab/ros2_ws/install/sbg_driver/share/sbg_driver/config/example/ellipse_N_default.yaml
-- Up-to-date: /workspaces/mavlab/ros2_ws/install/sbg_driver/share/ament_index/resource_index/package_run_dependencies/sbg_driver
-- Up-to-date: /workspaces/mavlab/ros2_ws/install/sbg_driver/share/ament_index/resource_index/parent_prefix_path/sbg_driver
-- Up-to-date: /workspaces/mavlab/ros2_ws/install/sbg_driver/share/sbg_driver/environment/ament_prefix_path.sh
-- Up-to-date: /workspaces/mavlab/ros2_ws/install/sbg_driver/share/sbg_driver/environment/ament_prefix_path.dsv
-- Up-to-date: /workspaces/mavlab/ros2_ws/install/sbg_driver/share/sbg_driver/environment/path.sh
-- Up-to-date: /workspaces/mavlab/ros2_ws/install/sbg_driver/share/sbg_driver/environment/path.dsv
-- Up-to-date: /workspaces/mavlab/ros2_ws/install/sbg_driver/share/sbg_driver/local_setup.bash
-- Up-to-date: /workspaces/mavlab/ros2_ws/install/sbg_driver/share/sbg_driver/local_setup.sh
-- Up-to-date: /workspaces/mavlab/ros2_ws/install/sbg_driver/share/sbg_driver/local_setup.zsh
-- Up-to-date: /workspaces/mavlab/ros2_ws/install/sbg_driver/share/sbg_driver/local_setup.dsv
-- Installing: /workspaces/mavlab/ros2_ws/install/sbg_driver/share/sbg_driver/package.dsv
-- Up-to-date: /workspaces/mavlab/ros2_ws/install/sbg_driver/share/ament_index/resource_index/packages/sbg_driver
-- Up-to-date: /workspaces/mavlab/ros2_ws/install/sbg_driver/share/sbg_driver/cmake/export_sbg_driver__rosidl_generator_cExport.cmake
-- Up-to-date: /workspaces/mavlab/ros2_ws/install/sbg_driver/share/sbg_driver/cmake/export_sbg_driver__rosidl_generator_cExport-noconfig.cmake
-- Up-to-date: /workspaces/mavlab/ros2_ws/install/sbg_driver/share/sbg_driver/cmake/export_sbg_driver__rosidl_typesupport_fastrtps_cExport.cmake
-- Up-to-date: /workspaces/mavlab/ros2_ws/install/sbg_driver/share/sbg_driver/cmake/export_sbg_driver__rosidl_typesupport_fastrtps_cExport-noconfig.cmake
-- Up-to-date: /workspaces/mavlab/ros2_ws/install/sbg_driver/share/sbg_driver/cmake/export_sbg_driver__rosidl_generator_cppExport.cmake
-- Up-to-date: /workspaces/mavlab/ros2_ws/install/sbg_driver/share/sbg_driver/cmake/export_sbg_driver__rosidl_typesupport_fastrtps_cppExport.cmake
-- Up-to-date: /workspaces/mavlab/ros2_ws/install/sbg_driver/share/sbg_driver/cmake/export_sbg_driver__rosidl_typesupport_fastrtps_cppExport-noconfig.cmake
-- Up-to-date: /workspaces/mavlab/ros2_ws/install/sbg_driver/share/sbg_driver/cmake/sbg_driver__rosidl_typesupport_introspection_cExport.cmake
-- Up-to-date: /workspaces/mavlab/ros2_ws/install/sbg_driver/share/sbg_driver/cmake/sbg_driver__rosidl_typesupport_introspection_cExport-noconfig.cmake
-- Up-to-date: /workspaces/mavlab/ros2_ws/install/sbg_driver/share/sbg_driver/cmake/sbg_driver__rosidl_typesupport_cExport.cmake
-- Up-to-date: /workspaces/mavlab/ros2_ws/install/sbg_driver/share/sbg_driver/cmake/sbg_driver__rosidl_typesupport_cExport-noconfig.cmake
-- Up-to-date: /workspaces/mavlab/ros2_ws/install/sbg_driver/share/sbg_driver/cmake/sbg_driver__rosidl_typesupport_introspection_cppExport.cmake
-- Up-to-date: /workspaces/mavlab/ros2_ws/install/sbg_driver/share/sbg_driver/cmake/sbg_driver__rosidl_typesupport_introspection_cppExport-noconfig.cmake
-- Up-to-date: /workspaces/mavlab/ros2_ws/install/sbg_driver/share/sbg_driver/cmake/sbg_driver__rosidl_typesupport_cppExport.cmake
-- Up-to-date: /workspaces/mavlab/ros2_ws/install/sbg_driver/share/sbg_driver/cmake/sbg_driver__rosidl_typesupport_cppExport-noconfig.cmake
-- Up-to-date: /workspaces/mavlab/ros2_ws/install/sbg_driver/share/sbg_driver/cmake/export_sbg_driver__rosidl_generator_pyExport.cmake
-- Up-to-date: /workspaces/mavlab/ros2_ws/install/sbg_driver/share/sbg_driver/cmake/export_sbg_driver__rosidl_generator_pyExport-noconfig.cmake
-- Up-to-date: /workspaces/mavlab/ros2_ws/install/sbg_driver/share/sbg_driver/cmake/rosidl_cmake-extras.cmake
-- Up-to-date: /workspaces/mavlab/ros2_ws/install/sbg_driver/share/sbg_driver/cmake/ament_cmake_export_dependencies-extras.cmake
-- Up-to-date: /workspaces/mavlab/ros2_ws/install/sbg_driver/share/sbg_driver/cmake/ament_cmake_export_include_directories-extras.cmake
-- Up-to-date: /workspaces/mavlab/ros2_ws/install/sbg_driver/share/sbg_driver/cmake/ament_cmake_export_libraries-extras.cmake
-- Up-to-date: /workspaces/mavlab/ros2_ws/install/sbg_driver/share/sbg_driver/cmake/ament_cmake_export_targets-extras.cmake
-- Up-to-date: /workspaces/mavlab/ros2_ws/install/sbg_driver/share/sbg_driver/cmake/rosidl_cmake_export_typesupport_targets-extras.cmake
-- Up-to-date: /workspaces/mavlab/ros2_ws/install/sbg_driver/share/sbg_driver/cmake/rosidl_cmake_export_typesupport_libraries-extras.cmake
-- Up-to-date: /workspaces/mavlab/ros2_ws/install/sbg_driver/share/sbg_driver/cmake/sbg_driverConfig.cmake
-- Up-to-date: /workspaces/mavlab/ros2_ws/install/sbg_driver/share/sbg_driver/cmake/sbg_driverConfig-version.cmake
-- Up-to-date: /workspaces/mavlab/ros2_ws/install/sbg_driver/share/sbg_driver/package.xml
-- Up-to-date: /workspaces/mavlab/ros2_ws/install/sbg_driver/lib/libsbgECom.a
-- Up-to-date: /workspaces/mavlab/ros2_ws/install/sbg_driver/lib/cmake/sbg/sbgEComTargets.cmake
-- Up-to-date: /workspaces/mavlab/ros2_ws/install/sbg_driver/lib/cmake/sbg/sbgEComTargets-noconfig.cmake
-- Up-to-date: /workspaces/mavlab/ros2_ws/install/sbg_driver/include
-- Up-to-date: /workspaces/mavlab/ros2_ws/install/sbg_driver/include/string
-- Up-to-date: /workspaces/mavlab/ros2_ws/install/sbg_driver/include/string/sbgString.h
-- Up-to-date: /workspaces/mavlab/ros2_ws/install/sbg_driver/include/splitBuffer
-- Up-to-date: /workspaces/mavlab/ros2_ws/install/sbg_driver/include/splitBuffer/sbgSplitBuffer.h
-- Up-to-date: /workspaces/mavlab/ros2_ws/install/sbg_driver/include/streamBuffer
-- Up-to-date: /workspaces/mavlab/ros2_ws/install/sbg_driver/include/streamBuffer/sbgStreamBufferBE.h
-- Up-to-date: /workspaces/mavlab/ros2_ws/install/sbg_driver/include/streamBuffer/sbgStreamBuffer.h
-- Up-to-date: /workspaces/mavlab/ros2_ws/install/sbg_driver/include/streamBuffer/sbgStreamBufferLE.h
-- Up-to-date: /workspaces/mavlab/ros2_ws/install/sbg_driver/include/streamBuffer/sbgStreamBufferCommon.h
-- Up-to-date: /workspaces/mavlab/ros2_ws/install/sbg_driver/include/platform
-- Up-to-date: /workspaces/mavlab/ros2_ws/install/sbg_driver/include/platform/sbgPlatform.h
-- Up-to-date: /workspaces/mavlab/ros2_ws/install/sbg_driver/include/sbgErrorCodes.h
-- Up-to-date: /workspaces/mavlab/ros2_ws/install/sbg_driver/include/sbgDefines.h
-- Up-to-date: /workspaces/mavlab/ros2_ws/install/sbg_driver/include/sbgConfig.h
-- Up-to-date: /workspaces/mavlab/ros2_ws/install/sbg_driver/include/interfaces
-- Up-to-date: /workspaces/mavlab/ros2_ws/install/sbg_driver/include/interfaces/sbgInterface.h
-- Up-to-date: /workspaces/mavlab/ros2_ws/install/sbg_driver/include/interfaces/sbgInterfaceUdp.h
-- Up-to-date: /workspaces/mavlab/ros2_ws/install/sbg_driver/include/interfaces/sbgInterfaceFile.h
-- Up-to-date: /workspaces/mavlab/ros2_ws/install/sbg_driver/include/interfaces/sbgInterfaceSerial.h
-- Up-to-date: /workspaces/mavlab/ros2_ws/install/sbg_driver/include/sbgCommon.h
-- Up-to-date: /workspaces/mavlab/ros2_ws/install/sbg_driver/include/version
-- Up-to-date: /workspaces/mavlab/ros2_ws/install/sbg_driver/include/version/sbgVersion.h
-- Up-to-date: /workspaces/mavlab/ros2_ws/install/sbg_driver/include/network
-- Up-to-date: /workspaces/mavlab/ros2_ws/install/sbg_driver/include/network/sbgNetwork.h
-- Up-to-date: /workspaces/mavlab/ros2_ws/install/sbg_driver/include/sbgTypes.h
-- Up-to-date: /workspaces/mavlab/ros2_ws/install/sbg_driver/include/crc
-- Up-to-date: /workspaces/mavlab/ros2_ws/install/sbg_driver/include/crc/sbgCrc.h
-- Up-to-date: /workspaces/mavlab/ros2_ws/install/sbg_driver/include/swap
-- Up-to-date: /workspaces/mavlab/ros2_ws/install/sbg_driver/include/swap/sbgSwap.h
-- Up-to-date: /workspaces/mavlab/ros2_ws/install/sbg_driver/include/debug
-- Up-to-date: /workspaces/mavlab/ros2_ws/install/sbg_driver/include/debug/sbgDebug.h
-- Up-to-date: /workspaces/mavlab/ros2_ws/install/sbg_driver/include
-- Up-to-date: /workspaces/mavlab/ros2_ws/install/sbg_driver/include/logs
-- Up-to-date: /workspaces/mavlab/ros2_ws/install/sbg_driver/include/logs/sbgEComLogGnssPos.h
-- Up-to-date: /workspaces/mavlab/ros2_ws/install/sbg_driver/include/logs/sbgEComLogEkf.h
-- Up-to-date: /workspaces/mavlab/ros2_ws/install/sbg_driver/include/logs/sbgEComLogMag.h
-- Up-to-date: /workspaces/mavlab/ros2_ws/install/sbg_driver/include/logs/sbgEComLogUtc.h
-- Up-to-date: /workspaces/mavlab/ros2_ws/install/sbg_driver/include/logs/sbgEComLogEvent.h
-- Up-to-date: /workspaces/mavlab/ros2_ws/install/sbg_driver/include/logs/sbgEComLogUsbl.h
-- Up-to-date: /workspaces/mavlab/ros2_ws/install/sbg_driver/include/logs/sbgEComLogOdometer.h
-- Up-to-date: /workspaces/mavlab/ros2_ws/install/sbg_driver/include/logs/sbgEComLogDepth.h
-- Up-to-date: /workspaces/mavlab/ros2_ws/install/sbg_driver/include/logs/sbgEComLogRawData.h
-- Up-to-date: /workspaces/mavlab/ros2_ws/install/sbg_driver/include/logs/sbgEComLog.h
-- Up-to-date: /workspaces/mavlab/ros2_ws/install/sbg_driver/include/logs/sbgEComLogSat.h
-- Up-to-date: /workspaces/mavlab/ros2_ws/install/sbg_driver/include/logs/sbgEComLogStatus.h
-- Up-to-date: /workspaces/mavlab/ros2_ws/install/sbg_driver/include/logs/sbgEComLogDvl.h
-- Up-to-date: /workspaces/mavlab/ros2_ws/install/sbg_driver/include/logs/sbgEComLogGnssHdt.h
-- Up-to-date: /workspaces/mavlab/ros2_ws/install/sbg_driver/include/logs/sbgEComLogDiag.h
-- Up-to-date: /workspaces/mavlab/ros2_ws/install/sbg_driver/include/logs/sbgEComLogGnssVel.h
-- Up-to-date: /workspaces/mavlab/ros2_ws/install/sbg_driver/include/logs/sbgEComLogImu.h
-- Up-to-date: /workspaces/mavlab/ros2_ws/install/sbg_driver/include/logs/sbgEComLogAutomotive.h
-- Up-to-date: /workspaces/mavlab/ros2_ws/install/sbg_driver/include/logs/sbgEComLogShipMotion.h
-- Up-to-date: /workspaces/mavlab/ros2_ws/install/sbg_driver/include/logs/sbgEComLogAirData.h
-- Up-to-date: /workspaces/mavlab/ros2_ws/install/sbg_driver/include/logs/sbgEComLogEkfRotAccel.h
-- Up-to-date: /workspaces/mavlab/ros2_ws/install/sbg_driver/include/commands
-- Up-to-date: /workspaces/mavlab/ros2_ws/install/sbg_driver/include/commands/sbgEComCmdCommon.h
-- Up-to-date: /workspaces/mavlab/ros2_ws/install/sbg_driver/include/commands/sbgEComCmdEvent.h
-- Up-to-date: /workspaces/mavlab/ros2_ws/install/sbg_driver/include/commands/sbgEComCmdAirData.h
-- Up-to-date: /workspaces/mavlab/ros2_ws/install/sbg_driver/include/commands/sbgEComCmdInfo.h
-- Up-to-date: /workspaces/mavlab/ros2_ws/install/sbg_driver/include/commands/sbgEComCmdSensor.h
-- Up-to-date: /workspaces/mavlab/ros2_ws/install/sbg_driver/include/commands/sbgEComCmdOdo.h
-- Up-to-date: /workspaces/mavlab/ros2_ws/install/sbg_driver/include/commands/sbgEComCmdInterface.h
-- Up-to-date: /workspaces/mavlab/ros2_ws/install/sbg_driver/include/commands/sbgEComCmdSettings.h
-- Up-to-date: /workspaces/mavlab/ros2_ws/install/sbg_driver/include/commands/sbgEComCmdOutput.h
-- Up-to-date: /workspaces/mavlab/ros2_ws/install/sbg_driver/include/commands/sbgEComCmdAdvanced.h
-- Up-to-date: /workspaces/mavlab/ros2_ws/install/sbg_driver/include/commands/sbgEComCmdMag.h
-- Up-to-date: /workspaces/mavlab/ros2_ws/install/sbg_driver/include/commands/sbgEComCmdEthernet.h
-- Up-to-date: /workspaces/mavlab/ros2_ws/install/sbg_driver/include/commands/sbgEComCmd.h
-- Up-to-date: /workspaces/mavlab/ros2_ws/install/sbg_driver/include/commands/sbgEComCmdLicense.h
-- Up-to-date: /workspaces/mavlab/ros2_ws/install/sbg_driver/include/commands/sbgEComCmdDvl.h
-- Up-to-date: /workspaces/mavlab/ros2_ws/install/sbg_driver/include/commands/sbgEComCmdFeatures.h
-- Up-to-date: /workspaces/mavlab/ros2_ws/install/sbg_driver/include/commands/sbgEComCmdGnss.h
-- Up-to-date: /workspaces/mavlab/ros2_ws/install/sbg_driver/include/commands/sbgEComCmdApi.h
-- Up-to-date: /workspaces/mavlab/ros2_ws/install/sbg_driver/include/sbgECom.h
-- Up-to-date: /workspaces/mavlab/ros2_ws/install/sbg_driver/include/sbgEComGetVersion.h
-- Up-to-date: /workspaces/mavlab/ros2_ws/install/sbg_driver/include/protocol
-- Up-to-date: /workspaces/mavlab/ros2_ws/install/sbg_driver/include/protocol/sbgEComProtocol.h
-- Up-to-date: /workspaces/mavlab/ros2_ws/install/sbg_driver/include/sbgEComVersion.h
-- Up-to-date: /workspaces/mavlab/ros2_ws/install/sbg_driver/include/sbgEComLib.h
-- Up-to-date: /workspaces/mavlab/ros2_ws/install/sbg_driver/include/transfer
-- Up-to-date: /workspaces/mavlab/ros2_ws/install/sbg_driver/include/transfer/sbgEComTransfer.h
-- Up-to-date: /workspaces/mavlab/ros2_ws/install/sbg_driver/include/sbgECanId.h
-- Up-to-date: /workspaces/mavlab/ros2_ws/install/sbg_driver/include/defs
-- Up-to-date: /workspaces/mavlab/ros2_ws/install/sbg_driver/include/defs/sbgEComDefsGnss.h
-- Up-to-date: /workspaces/mavlab/ros2_ws/install/sbg_driver/include/sbgEComIds.h
