[0.454s] DEBUG:colcon:Command line arguments: ['/usr/bin/colcon', 'build']
[0.455s] DEBUG:colcon:Parsed command line arguments: Namespace(log_base=None, log_level=None, verb_name='build', build_base='build', install_base='install', merge_install=False, symlink_install=False, test_result_base=None, continue_on_error=False, executor='parallel', parallel_workers=4, event_handlers=None, ignore_user_meta=False, metas=['./colcon.meta'], base_paths=['.'], packages_ignore=None, packages_ignore_regex=None, paths=None, packages_up_to=None, packages_up_to_regex=None, packages_above=None, packages_above_and_dependencies=None, packages_above_depth=None, packages_select_by_dep=None, packages_skip_by_dep=None, packages_skip_up_to=None, packages_select_build_failed=False, packages_skip_build_finished=False, packages_select_test_failures=False, packages_skip_test_passed=False, packages_select=None, packages_skip=None, packages_select_regex=None, packages_skip_regex=None, packages_start=None, packages_end=None, cmake_args=None, cmake_target=None, cmake_target_skip_unavailable=False, cmake_clean_cache=False, cmake_clean_first=False, cmake_force_configure=False, ament_cmake_args=None, catkin_cmake_args=None, catkin_skip_building_tests=False, mixin_files=None, mixin=None, verb_parser=<colcon_mixin.mixin.mixin_argument.MixinArgumentDecorator object at 0x7fb0b18160>, verb_extension=<colcon_core.verb.build.BuildVerb object at 0x7fb0c548b0>, main=<bound method BuildVerb.main of <colcon_core.verb.build.BuildVerb object at 0x7fb0c548b0>>, mixin_verb=('build',))
[1.029s] Level 1:colcon.colcon_core.package_discovery:discover_packages(colcon_meta) check parameters
[1.030s] Level 1:colcon.colcon_core.package_discovery:discover_packages(recursive) check parameters
[1.030s] Level 1:colcon.colcon_core.package_discovery:discover_packages(ignore) check parameters
[1.030s] Level 1:colcon.colcon_core.package_discovery:discover_packages(path) check parameters
[1.030s] Level 1:colcon.colcon_core.package_discovery:discover_packages(colcon_meta) discover
[1.031s] Level 1:colcon.colcon_core.package_discovery:discover_packages(recursive) discover
[1.031s] INFO:colcon.colcon_core.package_discovery:Crawling recursively for packages in '/workspaces/mavlab/ros2_ws'
[1.031s] Level 1:colcon.colcon_core.package_identification:_identify(.) by extensions ['ignore', 'ignore_ament_install']
[1.031s] Level 1:colcon.colcon_core.package_identification:_identify(.) by extension 'ignore'
[1.032s] Level 1:colcon.colcon_core.package_identification:_identify(.) by extension 'ignore_ament_install'
[1.032s] Level 1:colcon.colcon_core.package_identification:_identify(.) by extensions ['colcon_pkg']
[1.032s] Level 1:colcon.colcon_core.package_identification:_identify(.) by extension 'colcon_pkg'
[1.032s] Level 1:colcon.colcon_core.package_identification:_identify(.) by extensions ['colcon_meta']
[1.032s] Level 1:colcon.colcon_core.package_identification:_identify(.) by extension 'colcon_meta'
[1.033s] Level 1:colcon.colcon_core.package_identification:_identify(.) by extensions ['ros']
[1.033s] Level 1:colcon.colcon_core.package_identification:_identify(.) by extension 'ros'
[1.082s] Level 1:colcon.colcon_core.package_identification:_identify(.) by extensions ['cmake', 'python']
[1.083s] Level 1:colcon.colcon_core.package_identification:_identify(.) by extension 'cmake'
[1.083s] Level 1:colcon.colcon_core.package_identification:_identify(.) by extension 'python'
[1.083s] Level 1:colcon.colcon_core.package_identification:_identify(.) by extensions ['python_setup_py']
[1.083s] Level 1:colcon.colcon_core.package_identification:_identify(.) by extension 'python_setup_py'
[1.084s] Level 1:colcon.colcon_core.package_identification:_identify(build) by extensions ['ignore', 'ignore_ament_install']
[1.084s] Level 1:colcon.colcon_core.package_identification:_identify(build) by extension 'ignore'
[1.084s] Level 1:colcon.colcon_core.package_identification:_identify(build) ignored
[1.085s] Level 1:colcon.colcon_core.package_identification:_identify(install) by extensions ['ignore', 'ignore_ament_install']
[1.085s] Level 1:colcon.colcon_core.package_identification:_identify(install) by extension 'ignore'
[1.085s] Level 1:colcon.colcon_core.package_identification:_identify(install) ignored
[1.085s] Level 1:colcon.colcon_core.package_identification:_identify(log) by extensions ['ignore', 'ignore_ament_install']
[1.086s] Level 1:colcon.colcon_core.package_identification:_identify(log) by extension 'ignore'
[1.086s] Level 1:colcon.colcon_core.package_identification:_identify(log) ignored
[1.086s] Level 1:colcon.colcon_core.package_identification:_identify(src) by extensions ['ignore', 'ignore_ament_install']
[1.087s] Level 1:colcon.colcon_core.package_identification:_identify(src) by extension 'ignore'
[1.087s] Level 1:colcon.colcon_core.package_identification:_identify(src) by extension 'ignore_ament_install'
[1.087s] Level 1:colcon.colcon_core.package_identification:_identify(src) by extensions ['colcon_pkg']
[1.087s] Level 1:colcon.colcon_core.package_identification:_identify(src) by extension 'colcon_pkg'
[1.087s] Level 1:colcon.colcon_core.package_identification:_identify(src) by extensions ['colcon_meta']
[1.087s] Level 1:colcon.colcon_core.package_identification:_identify(src) by extension 'colcon_meta'
[1.088s] Level 1:colcon.colcon_core.package_identification:_identify(src) by extensions ['ros']
[1.088s] Level 1:colcon.colcon_core.package_identification:_identify(src) by extension 'ros'
[1.088s] Level 1:colcon.colcon_core.package_identification:_identify(src) by extensions ['cmake', 'python']
[1.088s] Level 1:colcon.colcon_core.package_identification:_identify(src) by extension 'cmake'
[1.088s] Level 1:colcon.colcon_core.package_identification:_identify(src) by extension 'python'
[1.089s] Level 1:colcon.colcon_core.package_identification:_identify(src) by extensions ['python_setup_py']
[1.089s] Level 1:colcon.colcon_core.package_identification:_identify(src) by extension 'python_setup_py'
[1.089s] Level 1:colcon.colcon_core.package_identification:_identify(src/custom_interfaces) by extensions ['ignore', 'ignore_ament_install']
[1.089s] Level 1:colcon.colcon_core.package_identification:_identify(src/custom_interfaces) by extension 'ignore'
[1.090s] Level 1:colcon.colcon_core.package_identification:_identify(src/custom_interfaces) by extension 'ignore_ament_install'
[1.090s] Level 1:colcon.colcon_core.package_identification:_identify(src/custom_interfaces) by extensions ['colcon_pkg']
[1.090s] Level 1:colcon.colcon_core.package_identification:_identify(src/custom_interfaces) by extension 'colcon_pkg'
[1.090s] Level 1:colcon.colcon_core.package_identification:_identify(src/custom_interfaces) by extensions ['colcon_meta']
[1.090s] Level 1:colcon.colcon_core.package_identification:_identify(src/custom_interfaces) by extension 'colcon_meta'
[1.090s] Level 1:colcon.colcon_core.package_identification:_identify(src/custom_interfaces) by extensions ['ros']
[1.091s] Level 1:colcon.colcon_core.package_identification:_identify(src/custom_interfaces) by extension 'ros'
[1.100s] DEBUG:colcon.colcon_core.package_identification:Package 'src/custom_interfaces' with type 'ros.ament_cmake' and name 'custom_interfaces'
[1.101s] Level 1:colcon.colcon_core.package_identification:_identify(src/hastar) by extensions ['ignore', 'ignore_ament_install']
[1.101s] Level 1:colcon.colcon_core.package_identification:_identify(src/hastar) by extension 'ignore'
[1.101s] Level 1:colcon.colcon_core.package_identification:_identify(src/hastar) by extension 'ignore_ament_install'
[1.101s] Level 1:colcon.colcon_core.package_identification:_identify(src/hastar) by extensions ['colcon_pkg']
[1.102s] Level 1:colcon.colcon_core.package_identification:_identify(src/hastar) by extension 'colcon_pkg'
[1.102s] Level 1:colcon.colcon_core.package_identification:_identify(src/hastar) by extensions ['colcon_meta']
[1.102s] Level 1:colcon.colcon_core.package_identification:_identify(src/hastar) by extension 'colcon_meta'
[1.102s] Level 1:colcon.colcon_core.package_identification:_identify(src/hastar) by extensions ['ros']
[1.102s] Level 1:colcon.colcon_core.package_identification:_identify(src/hastar) by extension 'ros'
[1.105s] DEBUG:colcon.colcon_core.package_identification:Package 'src/hastar' with type 'ros.ament_cmake' and name 'hastar'
[1.105s] Level 1:colcon.colcon_core.package_identification:_identify(src/kf) by extensions ['ignore', 'ignore_ament_install']
[1.106s] Level 1:colcon.colcon_core.package_identification:_identify(src/kf) by extension 'ignore'
[1.106s] Level 1:colcon.colcon_core.package_identification:_identify(src/kf) by extension 'ignore_ament_install'
[1.106s] Level 1:colcon.colcon_core.package_identification:_identify(src/kf) by extensions ['colcon_pkg']
[1.106s] Level 1:colcon.colcon_core.package_identification:_identify(src/kf) by extension 'colcon_pkg'
[1.106s] Level 1:colcon.colcon_core.package_identification:_identify(src/kf) by extensions ['colcon_meta']
[1.107s] Level 1:colcon.colcon_core.package_identification:_identify(src/kf) by extension 'colcon_meta'
[1.107s] Level 1:colcon.colcon_core.package_identification:_identify(src/kf) by extensions ['ros']
[1.107s] Level 1:colcon.colcon_core.package_identification:_identify(src/kf) by extension 'ros'
[1.109s] DEBUG:colcon.colcon_core.package_identification:Package 'src/kf' with type 'ros.ament_cmake' and name 'kf'
[1.110s] Level 1:colcon.colcon_core.package_identification:_identify(src/sbg_ros2_driver) by extensions ['ignore', 'ignore_ament_install']
[1.110s] Level 1:colcon.colcon_core.package_identification:_identify(src/sbg_ros2_driver) by extension 'ignore'
[1.110s] Level 1:colcon.colcon_core.package_identification:_identify(src/sbg_ros2_driver) by extension 'ignore_ament_install'
[1.111s] Level 1:colcon.colcon_core.package_identification:_identify(src/sbg_ros2_driver) by extensions ['colcon_pkg']
[1.111s] Level 1:colcon.colcon_core.package_identification:_identify(src/sbg_ros2_driver) by extension 'colcon_pkg'
[1.111s] Level 1:colcon.colcon_core.package_identification:_identify(src/sbg_ros2_driver) by extensions ['colcon_meta']
[1.111s] Level 1:colcon.colcon_core.package_identification:_identify(src/sbg_ros2_driver) by extension 'colcon_meta'
[1.111s] Level 1:colcon.colcon_core.package_identification:_identify(src/sbg_ros2_driver) by extensions ['ros']
[1.111s] Level 1:colcon.colcon_core.package_identification:_identify(src/sbg_ros2_driver) by extension 'ros'
[1.118s] DEBUG:colcon.colcon_core.package_identification:Package 'src/sbg_ros2_driver' with type 'ros.ament_cmake' and name 'sbg_driver'
[1.118s] Level 1:colcon.colcon_core.package_identification:_identify(src/uwb) by extensions ['ignore', 'ignore_ament_install']
[1.119s] Level 1:colcon.colcon_core.package_identification:_identify(src/uwb) by extension 'ignore'
[1.119s] Level 1:colcon.colcon_core.package_identification:_identify(src/uwb) by extension 'ignore_ament_install'
[1.119s] Level 1:colcon.colcon_core.package_identification:_identify(src/uwb) by extensions ['colcon_pkg']
[1.119s] Level 1:colcon.colcon_core.package_identification:_identify(src/uwb) by extension 'colcon_pkg'
[1.119s] Level 1:colcon.colcon_core.package_identification:_identify(src/uwb) by extensions ['colcon_meta']
[1.120s] Level 1:colcon.colcon_core.package_identification:_identify(src/uwb) by extension 'colcon_meta'
[1.120s] Level 1:colcon.colcon_core.package_identification:_identify(src/uwb) by extensions ['ros']
[1.120s] Level 1:colcon.colcon_core.package_identification:_identify(src/uwb) by extension 'ros'
[1.122s] DEBUG:colcon.colcon_core.package_identification:Package 'src/uwb' with type 'ros.ament_cmake' and name 'uwb'
[1.123s] Level 1:colcon.colcon_core.package_discovery:discover_packages(recursive) using defaults
[1.123s] Level 1:colcon.colcon_core.package_discovery:discover_packages(ignore) discover
[1.123s] Level 1:colcon.colcon_core.package_discovery:discover_packages(ignore) using defaults
[1.123s] Level 1:colcon.colcon_core.package_discovery:discover_packages(path) discover
[1.123s] Level 1:colcon.colcon_core.package_discovery:discover_packages(path) using defaults
[1.206s] Level 5:colcon.colcon_core.verb:set package 'custom_interfaces' build argument 'cmake_args' from command line to 'None'
[1.206s] Level 5:colcon.colcon_core.verb:set package 'custom_interfaces' build argument 'cmake_target' from command line to 'None'
[1.206s] Level 5:colcon.colcon_core.verb:set package 'custom_interfaces' build argument 'cmake_target_skip_unavailable' from command line to 'False'
[1.206s] Level 5:colcon.colcon_core.verb:set package 'custom_interfaces' build argument 'cmake_clean_cache' from command line to 'False'
[1.207s] Level 5:colcon.colcon_core.verb:set package 'custom_interfaces' build argument 'cmake_clean_first' from command line to 'False'
[1.207s] Level 5:colcon.colcon_core.verb:set package 'custom_interfaces' build argument 'cmake_force_configure' from command line to 'False'
[1.207s] Level 5:colcon.colcon_core.verb:set package 'custom_interfaces' build argument 'ament_cmake_args' from command line to 'None'
[1.207s] Level 5:colcon.colcon_core.verb:set package 'custom_interfaces' build argument 'catkin_cmake_args' from command line to 'None'
[1.207s] Level 5:colcon.colcon_core.verb:set package 'custom_interfaces' build argument 'catkin_skip_building_tests' from command line to 'False'
[1.207s] DEBUG:colcon.colcon_core.verb:Building package 'custom_interfaces' with the following arguments: {'ament_cmake_args': None, 'build_base': '/workspaces/mavlab/ros2_ws/build/custom_interfaces', 'catkin_cmake_args': None, 'catkin_skip_building_tests': False, 'cmake_args': None, 'cmake_clean_cache': False, 'cmake_clean_first': False, 'cmake_force_configure': False, 'cmake_target': None, 'cmake_target_skip_unavailable': False, 'install_base': '/workspaces/mavlab/ros2_ws/install/custom_interfaces', 'merge_install': False, 'path': '/workspaces/mavlab/ros2_ws/src/custom_interfaces', 'symlink_install': False, 'test_result_base': None}
[1.209s] Level 5:colcon.colcon_core.verb:set package 'hastar' build argument 'cmake_args' from command line to 'None'
[1.209s] Level 5:colcon.colcon_core.verb:set package 'hastar' build argument 'cmake_target' from command line to 'None'
[1.209s] Level 5:colcon.colcon_core.verb:set package 'hastar' build argument 'cmake_target_skip_unavailable' from command line to 'False'
[1.210s] Level 5:colcon.colcon_core.verb:set package 'hastar' build argument 'cmake_clean_cache' from command line to 'False'
[1.210s] Level 5:colcon.colcon_core.verb:set package 'hastar' build argument 'cmake_clean_first' from command line to 'False'
[1.210s] Level 5:colcon.colcon_core.verb:set package 'hastar' build argument 'cmake_force_configure' from command line to 'False'
[1.210s] Level 5:colcon.colcon_core.verb:set package 'hastar' build argument 'ament_cmake_args' from command line to 'None'
[1.210s] Level 5:colcon.colcon_core.verb:set package 'hastar' build argument 'catkin_cmake_args' from command line to 'None'
[1.210s] Level 5:colcon.colcon_core.verb:set package 'hastar' build argument 'catkin_skip_building_tests' from command line to 'False'
[1.210s] DEBUG:colcon.colcon_core.verb:Building package 'hastar' with the following arguments: {'ament_cmake_args': None, 'build_base': '/workspaces/mavlab/ros2_ws/build/hastar', 'catkin_cmake_args': None, 'catkin_skip_building_tests': False, 'cmake_args': None, 'cmake_clean_cache': False, 'cmake_clean_first': False, 'cmake_force_configure': False, 'cmake_target': None, 'cmake_target_skip_unavailable': False, 'install_base': '/workspaces/mavlab/ros2_ws/install/hastar', 'merge_install': False, 'path': '/workspaces/mavlab/ros2_ws/src/hastar', 'symlink_install': False, 'test_result_base': None}
[1.212s] Level 5:colcon.colcon_core.verb:set package 'kf' build argument 'cmake_args' from command line to 'None'
[1.212s] Level 5:colcon.colcon_core.verb:set package 'kf' build argument 'cmake_target' from command line to 'None'
[1.212s] Level 5:colcon.colcon_core.verb:set package 'kf' build argument 'cmake_target_skip_unavailable' from command line to 'False'
[1.212s] Level 5:colcon.colcon_core.verb:set package 'kf' build argument 'cmake_clean_cache' from command line to 'False'
[1.212s] Level 5:colcon.colcon_core.verb:set package 'kf' build argument 'cmake_clean_first' from command line to 'False'
[1.213s] Level 5:colcon.colcon_core.verb:set package 'kf' build argument 'cmake_force_configure' from command line to 'False'
[1.213s] Level 5:colcon.colcon_core.verb:set package 'kf' build argument 'ament_cmake_args' from command line to 'None'
[1.213s] Level 5:colcon.colcon_core.verb:set package 'kf' build argument 'catkin_cmake_args' from command line to 'None'
[1.213s] Level 5:colcon.colcon_core.verb:set package 'kf' build argument 'catkin_skip_building_tests' from command line to 'False'
[1.213s] DEBUG:colcon.colcon_core.verb:Building package 'kf' with the following arguments: {'ament_cmake_args': None, 'build_base': '/workspaces/mavlab/ros2_ws/build/kf', 'catkin_cmake_args': None, 'catkin_skip_building_tests': False, 'cmake_args': None, 'cmake_clean_cache': False, 'cmake_clean_first': False, 'cmake_force_configure': False, 'cmake_target': None, 'cmake_target_skip_unavailable': False, 'install_base': '/workspaces/mavlab/ros2_ws/install/kf', 'merge_install': False, 'path': '/workspaces/mavlab/ros2_ws/src/kf', 'symlink_install': False, 'test_result_base': None}
[1.215s] Level 5:colcon.colcon_core.verb:set package 'sbg_driver' build argument 'cmake_args' from command line to 'None'
[1.215s] Level 5:colcon.colcon_core.verb:set package 'sbg_driver' build argument 'cmake_target' from command line to 'None'
[1.215s] Level 5:colcon.colcon_core.verb:set package 'sbg_driver' build argument 'cmake_target_skip_unavailable' from command line to 'False'
[1.215s] Level 5:colcon.colcon_core.verb:set package 'sbg_driver' build argument 'cmake_clean_cache' from command line to 'False'
[1.215s] Level 5:colcon.colcon_core.verb:set package 'sbg_driver' build argument 'cmake_clean_first' from command line to 'False'
[1.215s] Level 5:colcon.colcon_core.verb:set package 'sbg_driver' build argument 'cmake_force_configure' from command line to 'False'
[1.215s] Level 5:colcon.colcon_core.verb:set package 'sbg_driver' build argument 'ament_cmake_args' from command line to 'None'
[1.216s] Level 5:colcon.colcon_core.verb:set package 'sbg_driver' build argument 'catkin_cmake_args' from command line to 'None'
[1.216s] Level 5:colcon.colcon_core.verb:set package 'sbg_driver' build argument 'catkin_skip_building_tests' from command line to 'False'
[1.216s] DEBUG:colcon.colcon_core.verb:Building package 'sbg_driver' with the following arguments: {'ament_cmake_args': None, 'build_base': '/workspaces/mavlab/ros2_ws/build/sbg_driver', 'catkin_cmake_args': None, 'catkin_skip_building_tests': False, 'cmake_args': None, 'cmake_clean_cache': False, 'cmake_clean_first': False, 'cmake_force_configure': False, 'cmake_target': None, 'cmake_target_skip_unavailable': False, 'install_base': '/workspaces/mavlab/ros2_ws/install/sbg_driver', 'merge_install': False, 'path': '/workspaces/mavlab/ros2_ws/src/sbg_ros2_driver', 'symlink_install': False, 'test_result_base': None}
[1.218s] Level 5:colcon.colcon_core.verb:set package 'uwb' build argument 'cmake_args' from command line to 'None'
[1.218s] Level 5:colcon.colcon_core.verb:set package 'uwb' build argument 'cmake_target' from command line to 'None'
[1.218s] Level 5:colcon.colcon_core.verb:set package 'uwb' build argument 'cmake_target_skip_unavailable' from command line to 'False'
[1.218s] Level 5:colcon.colcon_core.verb:set package 'uwb' build argument 'cmake_clean_cache' from command line to 'False'
[1.218s] Level 5:colcon.colcon_core.verb:set package 'uwb' build argument 'cmake_clean_first' from command line to 'False'
[1.218s] Level 5:colcon.colcon_core.verb:set package 'uwb' build argument 'cmake_force_configure' from command line to 'False'
[1.218s] Level 5:colcon.colcon_core.verb:set package 'uwb' build argument 'ament_cmake_args' from command line to 'None'
[1.218s] Level 5:colcon.colcon_core.verb:set package 'uwb' build argument 'catkin_cmake_args' from command line to 'None'
[1.218s] Level 5:colcon.colcon_core.verb:set package 'uwb' build argument 'catkin_skip_building_tests' from command line to 'False'
[1.219s] DEBUG:colcon.colcon_core.verb:Building package 'uwb' with the following arguments: {'ament_cmake_args': None, 'build_base': '/workspaces/mavlab/ros2_ws/build/uwb', 'catkin_cmake_args': None, 'catkin_skip_building_tests': False, 'cmake_args': None, 'cmake_clean_cache': False, 'cmake_clean_first': False, 'cmake_force_configure': False, 'cmake_target': None, 'cmake_target_skip_unavailable': False, 'install_base': '/workspaces/mavlab/ros2_ws/install/uwb', 'merge_install': False, 'path': '/workspaces/mavlab/ros2_ws/src/uwb', 'symlink_install': False, 'test_result_base': None}
[1.219s] INFO:colcon.colcon_core.executor:Executing jobs using 'parallel' executor
[1.223s] DEBUG:colcon.colcon_parallel_executor.executor.parallel:run_until_complete
[1.227s] INFO:colcon.colcon_ros.task.ament_cmake.build:Building ROS package in '/workspaces/mavlab/ros2_ws/src/custom_interfaces' with build type 'ament_cmake'
[1.228s] INFO:colcon.colcon_cmake.task.cmake.build:Building CMake package in '/workspaces/mavlab/ros2_ws/src/custom_interfaces'
[1.237s] INFO:colcon.colcon_core.plugin_system:Skipping extension 'colcon_core.shell.bat': Not used on non-Windows systems
[1.238s] INFO:colcon.colcon_core.shell:Skip shell extension 'powershell' for command environment: Not usable outside of PowerShell
[1.238s] DEBUG:colcon.colcon_core.shell:Skip shell extension 'dsv' for command environment
[1.242s] WARNING:colcon.colcon_ros.prefix_path.ament:The path '/workspaces/mavlab/ros2_ws/install/uwb' in the environment variable AMENT_PREFIX_PATH doesn't exist
[1.242s] WARNING:colcon.colcon_ros.prefix_path.ament:The path '/workspaces/mavlab/ros2_ws/install/sbg_driver' in the environment variable AMENT_PREFIX_PATH doesn't exist
[1.243s] WARNING:colcon.colcon_ros.prefix_path.ament:The path '/workspaces/mavlab/ros2_ws/install/kf' in the environment variable AMENT_PREFIX_PATH doesn't exist
[1.243s] WARNING:colcon.colcon_ros.prefix_path.ament:The path '/workspaces/mavlab/ros2_ws/install/hastar' in the environment variable AMENT_PREFIX_PATH doesn't exist
[1.243s] WARNING:colcon.colcon_ros.prefix_path.ament:The path '/workspaces/mavlab/ros2_ws/install/custom_interfaces' in the environment variable AMENT_PREFIX_PATH doesn't exist
[1.244s] WARNING:colcon.colcon_ros.prefix_path.catkin:The path '/workspaces/mavlab/ros2_ws/install/uwb' in the environment variable CMAKE_PREFIX_PATH doesn't exist
[1.244s] WARNING:colcon.colcon_ros.prefix_path.catkin:The path '/workspaces/mavlab/ros2_ws/install/sbg_driver' in the environment variable CMAKE_PREFIX_PATH doesn't exist
[1.244s] WARNING:colcon.colcon_ros.prefix_path.catkin:The path '/workspaces/mavlab/ros2_ws/install/kf' in the environment variable CMAKE_PREFIX_PATH doesn't exist
[1.244s] WARNING:colcon.colcon_ros.prefix_path.catkin:The path '/workspaces/mavlab/ros2_ws/install/hastar' in the environment variable CMAKE_PREFIX_PATH doesn't exist
[1.245s] WARNING:colcon.colcon_ros.prefix_path.catkin:The path '/workspaces/mavlab/ros2_ws/install/custom_interfaces' in the environment variable CMAKE_PREFIX_PATH doesn't exist
[1.258s] INFO:colcon.colcon_ros.task.ament_cmake.build:Building ROS package in '/workspaces/mavlab/ros2_ws/src/hastar' with build type 'ament_cmake'
[1.258s] INFO:colcon.colcon_cmake.task.cmake.build:Building CMake package in '/workspaces/mavlab/ros2_ws/src/hastar'
[1.259s] INFO:colcon.colcon_core.shell:Skip shell extension 'powershell' for command environment: Not usable outside of PowerShell
[1.260s] DEBUG:colcon.colcon_core.shell:Skip shell extension 'dsv' for command environment
[1.271s] INFO:colcon.colcon_ros.task.ament_cmake.build:Building ROS package in '/workspaces/mavlab/ros2_ws/src/kf' with build type 'ament_cmake'
[1.271s] INFO:colcon.colcon_cmake.task.cmake.build:Building CMake package in '/workspaces/mavlab/ros2_ws/src/kf'
[1.273s] INFO:colcon.colcon_core.shell:Skip shell extension 'powershell' for command environment: Not usable outside of PowerShell
[1.273s] DEBUG:colcon.colcon_core.shell:Skip shell extension 'dsv' for command environment
[1.284s] INFO:colcon.colcon_ros.task.ament_cmake.build:Building ROS package in '/workspaces/mavlab/ros2_ws/src/sbg_ros2_driver' with build type 'ament_cmake'
[1.284s] INFO:colcon.colcon_cmake.task.cmake.build:Building CMake package in '/workspaces/mavlab/ros2_ws/src/sbg_ros2_driver'
[1.286s] INFO:colcon.colcon_core.shell:Skip shell extension 'powershell' for command environment: Not usable outside of PowerShell
[1.286s] DEBUG:colcon.colcon_core.shell:Skip shell extension 'dsv' for command environment
[1.309s] DEBUG:colcon.colcon_core.event_handler.log_command:Invoking command in '/workspaces/mavlab/ros2_ws/build/custom_interfaces': CMAKE_PREFIX_PATH=${CMAKE_PREFIX_PATH}:/opt/ros/humble /usr/bin/cmake /workspaces/mavlab/ros2_ws/src/custom_interfaces -DCMAKE_INSTALL_PREFIX=/workspaces/mavlab/ros2_ws/install/custom_interfaces
[1.321s] DEBUG:colcon.colcon_core.event_handler.log_command:Invoking command in '/workspaces/mavlab/ros2_ws/build/hastar': CMAKE_PREFIX_PATH=${CMAKE_PREFIX_PATH}:/opt/ros/humble /usr/bin/cmake /workspaces/mavlab/ros2_ws/src/hastar -DCMAKE_INSTALL_PREFIX=/workspaces/mavlab/ros2_ws/install/hastar
[1.329s] DEBUG:colcon.colcon_core.event_handler.log_command:Invoking command in '/workspaces/mavlab/ros2_ws/build/kf': CMAKE_PREFIX_PATH=${CMAKE_PREFIX_PATH}:/opt/ros/humble /usr/bin/cmake /workspaces/mavlab/ros2_ws/src/kf -DCMAKE_INSTALL_PREFIX=/workspaces/mavlab/ros2_ws/install/kf
[1.354s] DEBUG:colcon.colcon_core.event_handler.log_command:Invoking command in '/workspaces/mavlab/ros2_ws/build/sbg_driver': CMAKE_PREFIX_PATH=${CMAKE_PREFIX_PATH}:/opt/ros/humble /usr/bin/cmake /workspaces/mavlab/ros2_ws/src/sbg_ros2_driver -DCMAKE_INSTALL_PREFIX=/workspaces/mavlab/ros2_ws/install/sbg_driver
[7.734s] DEBUG:colcon.colcon_core.event_handler.log_command:Invoked command in '/workspaces/mavlab/ros2_ws/build/kf' returned '0': CMAKE_PREFIX_PATH=${CMAKE_PREFIX_PATH}:/opt/ros/humble /usr/bin/cmake /workspaces/mavlab/ros2_ws/src/kf -DCMAKE_INSTALL_PREFIX=/workspaces/mavlab/ros2_ws/install/kf
[7.735s] DEBUG:colcon.colcon_core.event_handler.log_command:Invoking command in '/workspaces/mavlab/ros2_ws/build/kf': CMAKE_PREFIX_PATH=${CMAKE_PREFIX_PATH}:/opt/ros/humble /usr/bin/cmake --build /workspaces/mavlab/ros2_ws/build/kf -- -j4 -l4
[7.749s] DEBUG:colcon.colcon_core.event_handler.log_command:Invoked command in '/workspaces/mavlab/ros2_ws/build/hastar' returned '0': CMAKE_PREFIX_PATH=${CMAKE_PREFIX_PATH}:/opt/ros/humble /usr/bin/cmake /workspaces/mavlab/ros2_ws/src/hastar -DCMAKE_INSTALL_PREFIX=/workspaces/mavlab/ros2_ws/install/hastar
[7.750s] DEBUG:colcon.colcon_core.event_handler.log_command:Invoking command in '/workspaces/mavlab/ros2_ws/build/hastar': CMAKE_PREFIX_PATH=${CMAKE_PREFIX_PATH}:/opt/ros/humble /usr/bin/cmake --build /workspaces/mavlab/ros2_ws/build/hastar -- -j4 -l4
[7.930s] DEBUG:colcon.colcon_core.event_handler.log_command:Invoked command in '/workspaces/mavlab/ros2_ws/build/kf' returned '0': CMAKE_PREFIX_PATH=${CMAKE_PREFIX_PATH}:/opt/ros/humble /usr/bin/cmake --build /workspaces/mavlab/ros2_ws/build/kf -- -j4 -l4
[7.983s] DEBUG:colcon.colcon_core.event_handler.log_command:Invoked command in '/workspaces/mavlab/ros2_ws/build/hastar' returned '0': CMAKE_PREFIX_PATH=${CMAKE_PREFIX_PATH}:/opt/ros/humble /usr/bin/cmake --build /workspaces/mavlab/ros2_ws/build/hastar -- -j4 -l4
[8.138s] DEBUG:colcon.colcon_core.event_handler.log_command:Invoking command in '/workspaces/mavlab/ros2_ws/build/kf': CMAKE_PREFIX_PATH=${CMAKE_PREFIX_PATH}:/opt/ros/humble /usr/bin/cmake --install /workspaces/mavlab/ros2_ws/build/kf
[8.150s] DEBUG:colcon.colcon_core.event_handler.log_command:Invoking command in '/workspaces/mavlab/ros2_ws/build/hastar': CMAKE_PREFIX_PATH=${CMAKE_PREFIX_PATH}:/opt/ros/humble /usr/bin/cmake --install /workspaces/mavlab/ros2_ws/build/hastar
[8.225s] Level 1:colcon.colcon_core.environment:create_environment_scripts_only(kf)
[8.230s] DEBUG:colcon.colcon_core.event_handler.log_command:Invoked command in '/workspaces/mavlab/ros2_ws/build/kf' returned '0': CMAKE_PREFIX_PATH=${CMAKE_PREFIX_PATH}:/opt/ros/humble /usr/bin/cmake --install /workspaces/mavlab/ros2_ws/build/kf
[8.250s] Level 1:colcon.colcon_core.environment:checking '/workspaces/mavlab/ros2_ws/install/kf' for CMake module files
[8.253s] Level 1:colcon.colcon_core.environment:checking '/workspaces/mavlab/ros2_ws/install/kf' for CMake config files
[8.255s] Level 1:colcon.colcon_core.shell:create_environment_hook('kf', 'cmake_prefix_path')
[8.256s] INFO:colcon.colcon_core.shell:Creating environment hook '/workspaces/mavlab/ros2_ws/install/kf/share/kf/hook/cmake_prefix_path.ps1'
[8.258s] INFO:colcon.colcon_core.shell:Creating environment descriptor '/workspaces/mavlab/ros2_ws/install/kf/share/kf/hook/cmake_prefix_path.dsv'
[8.260s] INFO:colcon.colcon_core.shell:Creating environment hook '/workspaces/mavlab/ros2_ws/install/kf/share/kf/hook/cmake_prefix_path.sh'
[8.264s] Level 1:colcon.colcon_core.environment:checking '/workspaces/mavlab/ros2_ws/install/kf/lib'
[8.265s] Level 1:colcon.colcon_core.environment:checking '/workspaces/mavlab/ros2_ws/install/kf/bin'
[8.265s] Level 1:colcon.colcon_core.environment:checking '/workspaces/mavlab/ros2_ws/install/kf/lib/pkgconfig/kf.pc'
[8.285s] Level 1:colcon.colcon_core.environment:checking '/workspaces/mavlab/ros2_ws/install/kf/lib/python3.10/site-packages'
[8.286s] Level 1:colcon.colcon_core.environment:checking '/workspaces/mavlab/ros2_ws/install/kf/bin'
[8.287s] INFO:colcon.colcon_core.shell:Creating package script '/workspaces/mavlab/ros2_ws/install/kf/share/kf/package.ps1'
[8.291s] INFO:colcon.colcon_core.shell:Creating package descriptor '/workspaces/mavlab/ros2_ws/install/kf/share/kf/package.dsv'
[8.294s] INFO:colcon.colcon_core.shell:Creating package script '/workspaces/mavlab/ros2_ws/install/kf/share/kf/package.sh'
[8.299s] INFO:colcon.colcon_core.shell:Creating package script '/workspaces/mavlab/ros2_ws/install/kf/share/kf/package.bash'
[8.305s] INFO:colcon.colcon_core.shell:Creating package script '/workspaces/mavlab/ros2_ws/install/kf/share/kf/package.zsh'
[8.308s] Level 1:colcon.colcon_core.environment:create_file_with_runtime_dependencies(/workspaces/mavlab/ros2_ws/install/kf/share/colcon-core/packages/kf)
[8.323s] Level 1:colcon.colcon_core.environment:create_environment_scripts_only(hastar)
[8.325s] Level 1:colcon.colcon_core.environment:checking '/workspaces/mavlab/ros2_ws/install/hastar' for CMake module files
[8.327s] Level 1:colcon.colcon_core.environment:checking '/workspaces/mavlab/ros2_ws/install/hastar' for CMake config files
[8.331s] DEBUG:colcon.colcon_core.event_handler.log_command:Invoked command in '/workspaces/mavlab/ros2_ws/build/hastar' returned '0': CMAKE_PREFIX_PATH=${CMAKE_PREFIX_PATH}:/opt/ros/humble /usr/bin/cmake --install /workspaces/mavlab/ros2_ws/build/hastar
[8.334s] Level 1:colcon.colcon_core.shell:create_environment_hook('hastar', 'cmake_prefix_path')
[8.335s] INFO:colcon.colcon_core.shell:Creating environment hook '/workspaces/mavlab/ros2_ws/install/hastar/share/hastar/hook/cmake_prefix_path.ps1'
[8.338s] INFO:colcon.colcon_core.shell:Creating environment descriptor '/workspaces/mavlab/ros2_ws/install/hastar/share/hastar/hook/cmake_prefix_path.dsv'
[8.339s] INFO:colcon.colcon_core.shell:Creating environment hook '/workspaces/mavlab/ros2_ws/install/hastar/share/hastar/hook/cmake_prefix_path.sh'
[8.344s] Level 1:colcon.colcon_core.environment:checking '/workspaces/mavlab/ros2_ws/install/hastar/lib'
[8.345s] Level 1:colcon.colcon_core.environment:checking '/workspaces/mavlab/ros2_ws/install/hastar/bin'
[8.345s] Level 1:colcon.colcon_core.environment:checking '/workspaces/mavlab/ros2_ws/install/hastar/lib/pkgconfig/hastar.pc'
[8.346s] Level 1:colcon.colcon_core.environment:checking '/workspaces/mavlab/ros2_ws/install/hastar/lib/python3.10/site-packages'
[8.347s] Level 1:colcon.colcon_core.environment:checking '/workspaces/mavlab/ros2_ws/install/hastar/bin'
[8.351s] INFO:colcon.colcon_core.shell:Creating package script '/workspaces/mavlab/ros2_ws/install/hastar/share/hastar/package.ps1'
[8.354s] INFO:colcon.colcon_core.shell:Creating package descriptor '/workspaces/mavlab/ros2_ws/install/hastar/share/hastar/package.dsv'
[8.356s] INFO:colcon.colcon_core.shell:Creating package script '/workspaces/mavlab/ros2_ws/install/hastar/share/hastar/package.sh'
[8.358s] INFO:colcon.colcon_core.shell:Creating package script '/workspaces/mavlab/ros2_ws/install/hastar/share/hastar/package.bash'
[8.359s] INFO:colcon.colcon_core.shell:Creating package script '/workspaces/mavlab/ros2_ws/install/hastar/share/hastar/package.zsh'
[8.361s] Level 1:colcon.colcon_core.environment:create_file_with_runtime_dependencies(/workspaces/mavlab/ros2_ws/install/hastar/share/colcon-core/packages/hastar)
[8.460s] Level 1:colcon.colcon_core.environment:create_environment_scripts_only(kf)
[8.462s] Level 1:colcon.colcon_core.environment:checking '/workspaces/mavlab/ros2_ws/install/kf' for CMake module files
[8.464s] Level 1:colcon.colcon_core.environment:checking '/workspaces/mavlab/ros2_ws/install/kf' for CMake config files
[8.466s] Level 1:colcon.colcon_core.shell:create_environment_hook('kf', 'cmake_prefix_path')
[8.468s] INFO:colcon.colcon_core.shell:Creating environment hook '/workspaces/mavlab/ros2_ws/install/kf/share/kf/hook/cmake_prefix_path.ps1'
[8.470s] INFO:colcon.colcon_core.shell:Creating environment descriptor '/workspaces/mavlab/ros2_ws/install/kf/share/kf/hook/cmake_prefix_path.dsv'
[8.472s] INFO:colcon.colcon_core.shell:Creating environment hook '/workspaces/mavlab/ros2_ws/install/kf/share/kf/hook/cmake_prefix_path.sh'
[8.474s] Level 1:colcon.colcon_core.environment:checking '/workspaces/mavlab/ros2_ws/install/kf/lib'
[8.474s] Level 1:colcon.colcon_core.environment:checking '/workspaces/mavlab/ros2_ws/install/kf/bin'
[8.475s] Level 1:colcon.colcon_core.environment:checking '/workspaces/mavlab/ros2_ws/install/kf/lib/pkgconfig/kf.pc'
[8.476s] Level 1:colcon.colcon_core.environment:checking '/workspaces/mavlab/ros2_ws/install/kf/lib/python3.10/site-packages'
[8.477s] Level 1:colcon.colcon_core.environment:checking '/workspaces/mavlab/ros2_ws/install/kf/bin'
[8.479s] INFO:colcon.colcon_core.shell:Creating package script '/workspaces/mavlab/ros2_ws/install/kf/share/kf/package.ps1'
[8.483s] INFO:colcon.colcon_core.shell:Creating package descriptor '/workspaces/mavlab/ros2_ws/install/kf/share/kf/package.dsv'
[8.486s] INFO:colcon.colcon_core.shell:Creating package script '/workspaces/mavlab/ros2_ws/install/kf/share/kf/package.sh'
[8.488s] INFO:colcon.colcon_core.shell:Creating package script '/workspaces/mavlab/ros2_ws/install/kf/share/kf/package.bash'
[8.491s] INFO:colcon.colcon_core.shell:Creating package script '/workspaces/mavlab/ros2_ws/install/kf/share/kf/package.zsh'
[8.493s] Level 1:colcon.colcon_core.environment:create_file_with_runtime_dependencies(/workspaces/mavlab/ros2_ws/install/kf/share/colcon-core/packages/kf)
[8.495s] INFO:colcon.colcon_ros.task.ament_cmake.build:Building ROS package in '/workspaces/mavlab/ros2_ws/src/uwb' with build type 'ament_cmake'
[8.502s] INFO:colcon.colcon_cmake.task.cmake.build:Building CMake package in '/workspaces/mavlab/ros2_ws/src/uwb'
[8.504s] INFO:colcon.colcon_core.shell:Skip shell extension 'powershell' for command environment: Not usable outside of PowerShell
[8.504s] DEBUG:colcon.colcon_core.shell:Skip shell extension 'dsv' for command environment
[8.535s] Level 1:colcon.colcon_core.environment:create_environment_scripts_only(hastar)
[8.537s] Level 1:colcon.colcon_core.environment:checking '/workspaces/mavlab/ros2_ws/install/hastar' for CMake module files
[8.539s] Level 1:colcon.colcon_core.environment:checking '/workspaces/mavlab/ros2_ws/install/hastar' for CMake config files
[8.541s] Level 1:colcon.colcon_core.shell:create_environment_hook('hastar', 'cmake_prefix_path')
[8.542s] INFO:colcon.colcon_core.shell:Creating environment hook '/workspaces/mavlab/ros2_ws/install/hastar/share/hastar/hook/cmake_prefix_path.ps1'
[8.545s] INFO:colcon.colcon_core.shell:Creating environment descriptor '/workspaces/mavlab/ros2_ws/install/hastar/share/hastar/hook/cmake_prefix_path.dsv'
[8.546s] INFO:colcon.colcon_core.shell:Creating environment hook '/workspaces/mavlab/ros2_ws/install/hastar/share/hastar/hook/cmake_prefix_path.sh'
[8.549s] Level 1:colcon.colcon_core.environment:checking '/workspaces/mavlab/ros2_ws/install/hastar/lib'
[8.549s] Level 1:colcon.colcon_core.environment:checking '/workspaces/mavlab/ros2_ws/install/hastar/bin'
[8.550s] Level 1:colcon.colcon_core.environment:checking '/workspaces/mavlab/ros2_ws/install/hastar/lib/pkgconfig/hastar.pc'
[8.551s] Level 1:colcon.colcon_core.environment:checking '/workspaces/mavlab/ros2_ws/install/hastar/lib/python3.10/site-packages'
[8.552s] Level 1:colcon.colcon_core.environment:checking '/workspaces/mavlab/ros2_ws/install/hastar/bin'
[8.553s] INFO:colcon.colcon_core.shell:Creating package script '/workspaces/mavlab/ros2_ws/install/hastar/share/hastar/package.ps1'
[8.555s] INFO:colcon.colcon_core.shell:Creating package descriptor '/workspaces/mavlab/ros2_ws/install/hastar/share/hastar/package.dsv'
[8.558s] INFO:colcon.colcon_core.shell:Creating package script '/workspaces/mavlab/ros2_ws/install/hastar/share/hastar/package.sh'
[8.560s] INFO:colcon.colcon_core.shell:Creating package script '/workspaces/mavlab/ros2_ws/install/hastar/share/hastar/package.bash'
[8.562s] INFO:colcon.colcon_core.shell:Creating package script '/workspaces/mavlab/ros2_ws/install/hastar/share/hastar/package.zsh'
[8.564s] Level 1:colcon.colcon_core.environment:create_file_with_runtime_dependencies(/workspaces/mavlab/ros2_ws/install/hastar/share/colcon-core/packages/hastar)
[8.574s] DEBUG:colcon.colcon_core.event_handler.log_command:Invoking command in '/workspaces/mavlab/ros2_ws/build/uwb': CMAKE_PREFIX_PATH=${CMAKE_PREFIX_PATH}:/opt/ros/humble /usr/bin/cmake /workspaces/mavlab/ros2_ws/src/uwb -DCMAKE_INSTALL_PREFIX=/workspaces/mavlab/ros2_ws/install/uwb
[10.008s] DEBUG:colcon.colcon_core.event_handler.log_command:Invoked command in '/workspaces/mavlab/ros2_ws/build/custom_interfaces' returned '0': CMAKE_PREFIX_PATH=${CMAKE_PREFIX_PATH}:/opt/ros/humble /usr/bin/cmake /workspaces/mavlab/ros2_ws/src/custom_interfaces -DCMAKE_INSTALL_PREFIX=/workspaces/mavlab/ros2_ws/install/custom_interfaces
[10.010s] DEBUG:colcon.colcon_core.event_handler.log_command:Invoking command in '/workspaces/mavlab/ros2_ws/build/custom_interfaces': CMAKE_PREFIX_PATH=${CMAKE_PREFIX_PATH}:/opt/ros/humble /usr/bin/cmake --build /workspaces/mavlab/ros2_ws/build/custom_interfaces -- -j4 -l4
[17.038s] DEBUG:colcon.colcon_core.event_handler.log_command:Invoked command in '/workspaces/mavlab/ros2_ws/build/uwb' returned '0': CMAKE_PREFIX_PATH=${CMAKE_PREFIX_PATH}:/opt/ros/humble /usr/bin/cmake /workspaces/mavlab/ros2_ws/src/uwb -DCMAKE_INSTALL_PREFIX=/workspaces/mavlab/ros2_ws/install/uwb
[17.040s] DEBUG:colcon.colcon_core.event_handler.log_command:Invoking command in '/workspaces/mavlab/ros2_ws/build/uwb': CMAKE_PREFIX_PATH=${CMAKE_PREFIX_PATH}:/opt/ros/humble /usr/bin/cmake --build /workspaces/mavlab/ros2_ws/build/uwb -- -j4 -l4
[17.391s] DEBUG:colcon.colcon_core.event_handler.log_command:Invoked command in '/workspaces/mavlab/ros2_ws/build/uwb' returned '0': CMAKE_PREFIX_PATH=${CMAKE_PREFIX_PATH}:/opt/ros/humble /usr/bin/cmake --build /workspaces/mavlab/ros2_ws/build/uwb -- -j4 -l4
[17.714s] DEBUG:colcon.colcon_core.event_handler.log_command:Invoking command in '/workspaces/mavlab/ros2_ws/build/uwb': CMAKE_PREFIX_PATH=${CMAKE_PREFIX_PATH}:/opt/ros/humble /usr/bin/cmake --install /workspaces/mavlab/ros2_ws/build/uwb
[17.817s] Level 1:colcon.colcon_core.environment:create_environment_scripts_only(uwb)
[17.818s] Level 1:colcon.colcon_core.environment:checking '/workspaces/mavlab/ros2_ws/install/uwb' for CMake module files
[17.821s] Level 1:colcon.colcon_core.environment:checking '/workspaces/mavlab/ros2_ws/install/uwb' for CMake config files
[17.822s] Level 1:colcon.colcon_core.shell:create_environment_hook('uwb', 'cmake_prefix_path')
[17.824s] INFO:colcon.colcon_core.shell:Creating environment hook '/workspaces/mavlab/ros2_ws/install/uwb/share/uwb/hook/cmake_prefix_path.ps1'
[17.825s] DEBUG:colcon.colcon_core.event_handler.log_command:Invoked command in '/workspaces/mavlab/ros2_ws/build/uwb' returned '0': CMAKE_PREFIX_PATH=${CMAKE_PREFIX_PATH}:/opt/ros/humble /usr/bin/cmake --install /workspaces/mavlab/ros2_ws/build/uwb
[17.834s] INFO:colcon.colcon_core.shell:Creating environment descriptor '/workspaces/mavlab/ros2_ws/install/uwb/share/uwb/hook/cmake_prefix_path.dsv'
[17.836s] INFO:colcon.colcon_core.shell:Creating environment hook '/workspaces/mavlab/ros2_ws/install/uwb/share/uwb/hook/cmake_prefix_path.sh'
[17.839s] Level 1:colcon.colcon_core.environment:checking '/workspaces/mavlab/ros2_ws/install/uwb/lib'
[17.840s] Level 1:colcon.colcon_core.environment:checking '/workspaces/mavlab/ros2_ws/install/uwb/bin'
[17.840s] Level 1:colcon.colcon_core.environment:checking '/workspaces/mavlab/ros2_ws/install/uwb/lib/pkgconfig/uwb.pc'
[17.850s] Level 1:colcon.colcon_core.environment:checking '/workspaces/mavlab/ros2_ws/install/uwb/lib/python3.10/site-packages'
[17.853s] Level 1:colcon.colcon_core.environment:checking '/workspaces/mavlab/ros2_ws/install/uwb/bin'
[17.855s] INFO:colcon.colcon_core.shell:Creating package script '/workspaces/mavlab/ros2_ws/install/uwb/share/uwb/package.ps1'
[17.861s] INFO:colcon.colcon_core.shell:Creating package descriptor '/workspaces/mavlab/ros2_ws/install/uwb/share/uwb/package.dsv'
[17.863s] INFO:colcon.colcon_core.shell:Creating package script '/workspaces/mavlab/ros2_ws/install/uwb/share/uwb/package.sh'
[17.872s] INFO:colcon.colcon_core.shell:Creating package script '/workspaces/mavlab/ros2_ws/install/uwb/share/uwb/package.bash'
[17.875s] INFO:colcon.colcon_core.shell:Creating package script '/workspaces/mavlab/ros2_ws/install/uwb/share/uwb/package.zsh'
[17.877s] Level 1:colcon.colcon_core.environment:create_file_with_runtime_dependencies(/workspaces/mavlab/ros2_ws/install/uwb/share/colcon-core/packages/uwb)
[18.175s] Level 1:colcon.colcon_core.environment:create_environment_scripts_only(uwb)
[18.176s] Level 1:colcon.colcon_core.environment:checking '/workspaces/mavlab/ros2_ws/install/uwb' for CMake module files
[18.179s] Level 1:colcon.colcon_core.environment:checking '/workspaces/mavlab/ros2_ws/install/uwb' for CMake config files
[18.180s] Level 1:colcon.colcon_core.shell:create_environment_hook('uwb', 'cmake_prefix_path')
[18.182s] INFO:colcon.colcon_core.shell:Creating environment hook '/workspaces/mavlab/ros2_ws/install/uwb/share/uwb/hook/cmake_prefix_path.ps1'
[18.189s] INFO:colcon.colcon_core.shell:Creating environment descriptor '/workspaces/mavlab/ros2_ws/install/uwb/share/uwb/hook/cmake_prefix_path.dsv'
[18.192s] INFO:colcon.colcon_core.shell:Creating environment hook '/workspaces/mavlab/ros2_ws/install/uwb/share/uwb/hook/cmake_prefix_path.sh'
[18.198s] Level 1:colcon.colcon_core.environment:checking '/workspaces/mavlab/ros2_ws/install/uwb/lib'
[18.199s] Level 1:colcon.colcon_core.environment:checking '/workspaces/mavlab/ros2_ws/install/uwb/bin'
[18.199s] Level 1:colcon.colcon_core.environment:checking '/workspaces/mavlab/ros2_ws/install/uwb/lib/pkgconfig/uwb.pc'
[18.200s] Level 1:colcon.colcon_core.environment:checking '/workspaces/mavlab/ros2_ws/install/uwb/lib/python3.10/site-packages'
[18.201s] Level 1:colcon.colcon_core.environment:checking '/workspaces/mavlab/ros2_ws/install/uwb/bin'
[18.203s] INFO:colcon.colcon_core.shell:Creating package script '/workspaces/mavlab/ros2_ws/install/uwb/share/uwb/package.ps1'
[18.217s] INFO:colcon.colcon_core.shell:Creating package descriptor '/workspaces/mavlab/ros2_ws/install/uwb/share/uwb/package.dsv'
[18.220s] INFO:colcon.colcon_core.shell:Creating package script '/workspaces/mavlab/ros2_ws/install/uwb/share/uwb/package.sh'
[18.233s] INFO:colcon.colcon_core.shell:Creating package script '/workspaces/mavlab/ros2_ws/install/uwb/share/uwb/package.bash'
[18.236s] INFO:colcon.colcon_core.shell:Creating package script '/workspaces/mavlab/ros2_ws/install/uwb/share/uwb/package.zsh'
[18.239s] Level 1:colcon.colcon_core.environment:create_file_with_runtime_dependencies(/workspaces/mavlab/ros2_ws/install/uwb/share/colcon-core/packages/uwb)
[20.382s] DEBUG:colcon.colcon_core.event_handler.log_command:Invoked command in '/workspaces/mavlab/ros2_ws/build/sbg_driver' returned '0': CMAKE_PREFIX_PATH=${CMAKE_PREFIX_PATH}:/opt/ros/humble /usr/bin/cmake /workspaces/mavlab/ros2_ws/src/sbg_ros2_driver -DCMAKE_INSTALL_PREFIX=/workspaces/mavlab/ros2_ws/install/sbg_driver
[20.383s] DEBUG:colcon.colcon_core.event_handler.log_command:Invoking command in '/workspaces/mavlab/ros2_ws/build/sbg_driver': CMAKE_PREFIX_PATH=${CMAKE_PREFIX_PATH}:/opt/ros/humble /usr/bin/cmake --build /workspaces/mavlab/ros2_ws/build/sbg_driver -- -j4 -l4
[35.365s] DEBUG:colcon.colcon_core.event_handler.log_command:Invoked command in '/workspaces/mavlab/ros2_ws/build/custom_interfaces' returned '0': CMAKE_PREFIX_PATH=${CMAKE_PREFIX_PATH}:/opt/ros/humble /usr/bin/cmake --build /workspaces/mavlab/ros2_ws/build/custom_interfaces -- -j4 -l4
[36.793s] DEBUG:colcon.colcon_core.event_handler.log_command:Invoking command in '/workspaces/mavlab/ros2_ws/build/custom_interfaces': CMAKE_PREFIX_PATH=${CMAKE_PREFIX_PATH}:/opt/ros/humble /usr/bin/cmake --install /workspaces/mavlab/ros2_ws/build/custom_interfaces
[37.441s] Level 1:colcon.colcon_core.environment:create_environment_scripts_only(custom_interfaces)
[37.443s] Level 1:colcon.colcon_core.environment:checking '/workspaces/mavlab/ros2_ws/install/custom_interfaces' for CMake module files
[37.442s] DEBUG:colcon.colcon_core.event_handler.log_command:Invoked command in '/workspaces/mavlab/ros2_ws/build/custom_interfaces' returned '0': CMAKE_PREFIX_PATH=${CMAKE_PREFIX_PATH}:/opt/ros/humble /usr/bin/cmake --install /workspaces/mavlab/ros2_ws/build/custom_interfaces
[37.447s] Level 1:colcon.colcon_core.environment:checking '/workspaces/mavlab/ros2_ws/install/custom_interfaces' for CMake config files
[37.451s] Level 1:colcon.colcon_core.shell:create_environment_hook('custom_interfaces', 'cmake_prefix_path')
[37.452s] INFO:colcon.colcon_core.shell:Creating environment hook '/workspaces/mavlab/ros2_ws/install/custom_interfaces/share/custom_interfaces/hook/cmake_prefix_path.ps1'
[37.463s] INFO:colcon.colcon_core.shell:Creating environment descriptor '/workspaces/mavlab/ros2_ws/install/custom_interfaces/share/custom_interfaces/hook/cmake_prefix_path.dsv'
[37.472s] INFO:colcon.colcon_core.shell:Creating environment hook '/workspaces/mavlab/ros2_ws/install/custom_interfaces/share/custom_interfaces/hook/cmake_prefix_path.sh'
[37.474s] Level 1:colcon.colcon_core.environment:checking '/workspaces/mavlab/ros2_ws/install/custom_interfaces/lib'
[37.475s] Level 1:colcon.colcon_core.shell:create_environment_hook('custom_interfaces', 'ld_library_path_lib')
[37.476s] INFO:colcon.colcon_core.shell:Creating environment hook '/workspaces/mavlab/ros2_ws/install/custom_interfaces/share/custom_interfaces/hook/ld_library_path_lib.ps1'
[37.487s] INFO:colcon.colcon_core.shell:Creating environment descriptor '/workspaces/mavlab/ros2_ws/install/custom_interfaces/share/custom_interfaces/hook/ld_library_path_lib.dsv'
[37.489s] INFO:colcon.colcon_core.shell:Creating environment hook '/workspaces/mavlab/ros2_ws/install/custom_interfaces/share/custom_interfaces/hook/ld_library_path_lib.sh'
[37.490s] Level 1:colcon.colcon_core.environment:checking '/workspaces/mavlab/ros2_ws/install/custom_interfaces/bin'
[37.490s] Level 1:colcon.colcon_core.environment:checking '/workspaces/mavlab/ros2_ws/install/custom_interfaces/lib/pkgconfig/custom_interfaces.pc'
[37.492s] Level 1:colcon.colcon_core.environment:checking '/workspaces/mavlab/ros2_ws/install/custom_interfaces/lib/python3.10/site-packages'
[37.493s] Level 1:colcon.colcon_core.environment:checking '/workspaces/mavlab/ros2_ws/install/custom_interfaces/bin'
[37.498s] INFO:colcon.colcon_core.shell:Creating package script '/workspaces/mavlab/ros2_ws/install/custom_interfaces/share/custom_interfaces/package.ps1'
[37.502s] INFO:colcon.colcon_core.shell:Creating package descriptor '/workspaces/mavlab/ros2_ws/install/custom_interfaces/share/custom_interfaces/package.dsv'
[37.505s] INFO:colcon.colcon_core.shell:Creating package script '/workspaces/mavlab/ros2_ws/install/custom_interfaces/share/custom_interfaces/package.sh'
[37.507s] INFO:colcon.colcon_core.shell:Creating package script '/workspaces/mavlab/ros2_ws/install/custom_interfaces/share/custom_interfaces/package.bash'
[37.508s] INFO:colcon.colcon_core.shell:Creating package script '/workspaces/mavlab/ros2_ws/install/custom_interfaces/share/custom_interfaces/package.zsh'
[37.510s] Level 1:colcon.colcon_core.environment:create_file_with_runtime_dependencies(/workspaces/mavlab/ros2_ws/install/custom_interfaces/share/colcon-core/packages/custom_interfaces)
[38.218s] Level 1:colcon.colcon_core.environment:create_environment_scripts_only(custom_interfaces)
[38.219s] Level 1:colcon.colcon_core.environment:checking '/workspaces/mavlab/ros2_ws/install/custom_interfaces' for CMake module files
[38.223s] Level 1:colcon.colcon_core.environment:checking '/workspaces/mavlab/ros2_ws/install/custom_interfaces' for CMake config files
[38.227s] Level 1:colcon.colcon_core.shell:create_environment_hook('custom_interfaces', 'cmake_prefix_path')
[38.228s] INFO:colcon.colcon_core.shell:Creating environment hook '/workspaces/mavlab/ros2_ws/install/custom_interfaces/share/custom_interfaces/hook/cmake_prefix_path.ps1'
[38.230s] INFO:colcon.colcon_core.shell:Creating environment descriptor '/workspaces/mavlab/ros2_ws/install/custom_interfaces/share/custom_interfaces/hook/cmake_prefix_path.dsv'
[38.231s] INFO:colcon.colcon_core.shell:Creating environment hook '/workspaces/mavlab/ros2_ws/install/custom_interfaces/share/custom_interfaces/hook/cmake_prefix_path.sh'
[38.239s] Level 1:colcon.colcon_core.environment:checking '/workspaces/mavlab/ros2_ws/install/custom_interfaces/lib'
[38.240s] Level 1:colcon.colcon_core.shell:create_environment_hook('custom_interfaces', 'ld_library_path_lib')
[38.241s] INFO:colcon.colcon_core.shell:Creating environment hook '/workspaces/mavlab/ros2_ws/install/custom_interfaces/share/custom_interfaces/hook/ld_library_path_lib.ps1'
[38.243s] INFO:colcon.colcon_core.shell:Creating environment descriptor '/workspaces/mavlab/ros2_ws/install/custom_interfaces/share/custom_interfaces/hook/ld_library_path_lib.dsv'
[38.244s] INFO:colcon.colcon_core.shell:Creating environment hook '/workspaces/mavlab/ros2_ws/install/custom_interfaces/share/custom_interfaces/hook/ld_library_path_lib.sh'
[38.247s] Level 1:colcon.colcon_core.environment:checking '/workspaces/mavlab/ros2_ws/install/custom_interfaces/bin'
[38.247s] Level 1:colcon.colcon_core.environment:checking '/workspaces/mavlab/ros2_ws/install/custom_interfaces/lib/pkgconfig/custom_interfaces.pc'
[38.248s] Level 1:colcon.colcon_core.environment:checking '/workspaces/mavlab/ros2_ws/install/custom_interfaces/lib/python3.10/site-packages'
[38.249s] Level 1:colcon.colcon_core.environment:checking '/workspaces/mavlab/ros2_ws/install/custom_interfaces/bin'
[38.251s] INFO:colcon.colcon_core.shell:Creating package script '/workspaces/mavlab/ros2_ws/install/custom_interfaces/share/custom_interfaces/package.ps1'
[38.254s] INFO:colcon.colcon_core.shell:Creating package descriptor '/workspaces/mavlab/ros2_ws/install/custom_interfaces/share/custom_interfaces/package.dsv'
[38.258s] INFO:colcon.colcon_core.shell:Creating package script '/workspaces/mavlab/ros2_ws/install/custom_interfaces/share/custom_interfaces/package.sh'
[38.261s] INFO:colcon.colcon_core.shell:Creating package script '/workspaces/mavlab/ros2_ws/install/custom_interfaces/share/custom_interfaces/package.bash'
[38.264s] INFO:colcon.colcon_core.shell:Creating package script '/workspaces/mavlab/ros2_ws/install/custom_interfaces/share/custom_interfaces/package.zsh'
[38.267s] Level 1:colcon.colcon_core.environment:create_file_with_runtime_dependencies(/workspaces/mavlab/ros2_ws/install/custom_interfaces/share/colcon-core/packages/custom_interfaces)
[303.579s] DEBUG:colcon.colcon_core.event_handler.log_command:Invoked command in '/workspaces/mavlab/ros2_ws/build/sbg_driver' returned '0': CMAKE_PREFIX_PATH=${CMAKE_PREFIX_PATH}:/opt/ros/humble /usr/bin/cmake --build /workspaces/mavlab/ros2_ws/build/sbg_driver -- -j4 -l4
[305.763s] DEBUG:colcon.colcon_core.event_handler.log_command:Invoking command in '/workspaces/mavlab/ros2_ws/build/sbg_driver': CMAKE_PREFIX_PATH=${CMAKE_PREFIX_PATH}:/opt/ros/humble /usr/bin/cmake --install /workspaces/mavlab/ros2_ws/build/sbg_driver
[307.024s] Level 1:colcon.colcon_core.environment:create_environment_scripts_only(sbg_driver)
[307.025s] Level 1:colcon.colcon_core.environment:checking '/workspaces/mavlab/ros2_ws/install/sbg_driver' for CMake module files
[307.027s] DEBUG:colcon.colcon_core.event_handler.log_command:Invoked command in '/workspaces/mavlab/ros2_ws/build/sbg_driver' returned '0': CMAKE_PREFIX_PATH=${CMAKE_PREFIX_PATH}:/opt/ros/humble /usr/bin/cmake --install /workspaces/mavlab/ros2_ws/build/sbg_driver
[307.030s] Level 1:colcon.colcon_core.environment:checking '/workspaces/mavlab/ros2_ws/install/sbg_driver' for CMake config files
[307.040s] Level 1:colcon.colcon_core.shell:create_environment_hook('sbg_driver', 'cmake_prefix_path')
[307.041s] INFO:colcon.colcon_core.shell:Creating environment hook '/workspaces/mavlab/ros2_ws/install/sbg_driver/share/sbg_driver/hook/cmake_prefix_path.ps1'
[307.045s] INFO:colcon.colcon_core.shell:Creating environment descriptor '/workspaces/mavlab/ros2_ws/install/sbg_driver/share/sbg_driver/hook/cmake_prefix_path.dsv'
[307.047s] INFO:colcon.colcon_core.shell:Creating environment hook '/workspaces/mavlab/ros2_ws/install/sbg_driver/share/sbg_driver/hook/cmake_prefix_path.sh'
[307.050s] Level 1:colcon.colcon_core.environment:checking '/workspaces/mavlab/ros2_ws/install/sbg_driver/lib'
[307.051s] Level 1:colcon.colcon_core.shell:create_environment_hook('sbg_driver', 'ld_library_path_lib')
[307.052s] INFO:colcon.colcon_core.shell:Creating environment hook '/workspaces/mavlab/ros2_ws/install/sbg_driver/share/sbg_driver/hook/ld_library_path_lib.ps1'
[307.053s] INFO:colcon.colcon_core.shell:Creating environment descriptor '/workspaces/mavlab/ros2_ws/install/sbg_driver/share/sbg_driver/hook/ld_library_path_lib.dsv'
[307.054s] INFO:colcon.colcon_core.shell:Creating environment hook '/workspaces/mavlab/ros2_ws/install/sbg_driver/share/sbg_driver/hook/ld_library_path_lib.sh'
[307.055s] Level 1:colcon.colcon_core.environment:checking '/workspaces/mavlab/ros2_ws/install/sbg_driver/bin'
[307.056s] Level 1:colcon.colcon_core.environment:checking '/workspaces/mavlab/ros2_ws/install/sbg_driver/lib/pkgconfig/sbg_driver.pc'
[307.057s] Level 1:colcon.colcon_core.environment:checking '/workspaces/mavlab/ros2_ws/install/sbg_driver/lib/python3.10/site-packages'
[307.058s] Level 1:colcon.colcon_core.environment:checking '/workspaces/mavlab/ros2_ws/install/sbg_driver/bin'
[307.060s] INFO:colcon.colcon_core.shell:Creating package script '/workspaces/mavlab/ros2_ws/install/sbg_driver/share/sbg_driver/package.ps1'
[307.062s] INFO:colcon.colcon_core.shell:Creating package descriptor '/workspaces/mavlab/ros2_ws/install/sbg_driver/share/sbg_driver/package.dsv'
[307.064s] INFO:colcon.colcon_core.shell:Creating package script '/workspaces/mavlab/ros2_ws/install/sbg_driver/share/sbg_driver/package.sh'
[307.066s] INFO:colcon.colcon_core.shell:Creating package script '/workspaces/mavlab/ros2_ws/install/sbg_driver/share/sbg_driver/package.bash'
[307.068s] INFO:colcon.colcon_core.shell:Creating package script '/workspaces/mavlab/ros2_ws/install/sbg_driver/share/sbg_driver/package.zsh'
[307.071s] Level 1:colcon.colcon_core.environment:create_file_with_runtime_dependencies(/workspaces/mavlab/ros2_ws/install/sbg_driver/share/colcon-core/packages/sbg_driver)
[309.238s] Level 1:colcon.colcon_core.environment:create_environment_scripts_only(sbg_driver)
[309.240s] Level 1:colcon.colcon_core.environment:checking '/workspaces/mavlab/ros2_ws/install/sbg_driver' for CMake module files
[309.243s] Level 1:colcon.colcon_core.environment:checking '/workspaces/mavlab/ros2_ws/install/sbg_driver' for CMake config files
[309.253s] Level 1:colcon.colcon_core.shell:create_environment_hook('sbg_driver', 'cmake_prefix_path')
[309.254s] INFO:colcon.colcon_core.shell:Creating environment hook '/workspaces/mavlab/ros2_ws/install/sbg_driver/share/sbg_driver/hook/cmake_prefix_path.ps1'
[309.256s] INFO:colcon.colcon_core.shell:Creating environment descriptor '/workspaces/mavlab/ros2_ws/install/sbg_driver/share/sbg_driver/hook/cmake_prefix_path.dsv'
[309.258s] INFO:colcon.colcon_core.shell:Creating environment hook '/workspaces/mavlab/ros2_ws/install/sbg_driver/share/sbg_driver/hook/cmake_prefix_path.sh'
[309.260s] Level 1:colcon.colcon_core.environment:checking '/workspaces/mavlab/ros2_ws/install/sbg_driver/lib'
[309.260s] Level 1:colcon.colcon_core.shell:create_environment_hook('sbg_driver', 'ld_library_path_lib')
[309.261s] INFO:colcon.colcon_core.shell:Creating environment hook '/workspaces/mavlab/ros2_ws/install/sbg_driver/share/sbg_driver/hook/ld_library_path_lib.ps1'
[309.264s] INFO:colcon.colcon_core.shell:Creating environment descriptor '/workspaces/mavlab/ros2_ws/install/sbg_driver/share/sbg_driver/hook/ld_library_path_lib.dsv'
[309.265s] INFO:colcon.colcon_core.shell:Creating environment hook '/workspaces/mavlab/ros2_ws/install/sbg_driver/share/sbg_driver/hook/ld_library_path_lib.sh'
[309.267s] Level 1:colcon.colcon_core.environment:checking '/workspaces/mavlab/ros2_ws/install/sbg_driver/bin'
[309.267s] Level 1:colcon.colcon_core.environment:checking '/workspaces/mavlab/ros2_ws/install/sbg_driver/lib/pkgconfig/sbg_driver.pc'
[309.268s] Level 1:colcon.colcon_core.environment:checking '/workspaces/mavlab/ros2_ws/install/sbg_driver/lib/python3.10/site-packages'
[309.269s] Level 1:colcon.colcon_core.environment:checking '/workspaces/mavlab/ros2_ws/install/sbg_driver/bin'
[309.271s] INFO:colcon.colcon_core.shell:Creating package script '/workspaces/mavlab/ros2_ws/install/sbg_driver/share/sbg_driver/package.ps1'
[309.273s] INFO:colcon.colcon_core.shell:Creating package descriptor '/workspaces/mavlab/ros2_ws/install/sbg_driver/share/sbg_driver/package.dsv'
[309.275s] INFO:colcon.colcon_core.shell:Creating package script '/workspaces/mavlab/ros2_ws/install/sbg_driver/share/sbg_driver/package.sh'
[309.277s] INFO:colcon.colcon_core.shell:Creating package script '/workspaces/mavlab/ros2_ws/install/sbg_driver/share/sbg_driver/package.bash'
[309.278s] INFO:colcon.colcon_core.shell:Creating package script '/workspaces/mavlab/ros2_ws/install/sbg_driver/share/sbg_driver/package.zsh'
[309.279s] Level 1:colcon.colcon_core.environment:create_file_with_runtime_dependencies(/workspaces/mavlab/ros2_ws/install/sbg_driver/share/colcon-core/packages/sbg_driver)
[309.280s] DEBUG:colcon.colcon_parallel_executor.executor.parallel:closing loop
[309.281s] DEBUG:colcon.colcon_parallel_executor.executor.parallel:loop closed
[309.281s] DEBUG:colcon.colcon_parallel_executor.executor.parallel:run_until_complete finished with '0'
[309.282s] DEBUG:colcon.colcon_core.event_reactor:joining thread
[309.372s] INFO:colcon.colcon_core.plugin_system:Skipping extension 'colcon_notification.desktop_notification.notify_send': Could not find 'notify-send'
[309.373s] INFO:colcon.colcon_core.plugin_system:Skipping extension 'colcon_notification.desktop_notification.terminal_notifier': Not used on non-Darwin systems
[309.373s] INFO:colcon.colcon_core.plugin_system:Skipping extension 'colcon_notification.desktop_notification.win32': Not used on non-Windows systems
[309.373s] INFO:colcon.colcon_notification.desktop_notification:Sending desktop notification using 'notify2'
[309.374s] DEBUG:colcon.colcon_notification.desktop_notification.notify2:Failed to initialize notify2: org.freedesktop.DBus.Error.NotSupported: Unable to autolaunch a dbus-daemon without a $DISPLAY for X11
[309.374s] DEBUG:colcon.colcon_core.event_reactor:joined thread
[309.375s] INFO:colcon.colcon_core.shell:Creating prefix script '/workspaces/mavlab/ros2_ws/install/local_setup.ps1'
[309.380s] INFO:colcon.colcon_core.shell:Creating prefix util module '/workspaces/mavlab/ros2_ws/install/_local_setup_util_ps1.py'
[309.387s] INFO:colcon.colcon_core.shell:Creating prefix chain script '/workspaces/mavlab/ros2_ws/install/setup.ps1'
[309.397s] INFO:colcon.colcon_core.shell:Creating prefix script '/workspaces/mavlab/ros2_ws/install/local_setup.sh'
[309.400s] INFO:colcon.colcon_core.shell:Creating prefix util module '/workspaces/mavlab/ros2_ws/install/_local_setup_util_sh.py'
[309.401s] INFO:colcon.colcon_core.shell:Creating prefix chain script '/workspaces/mavlab/ros2_ws/install/setup.sh'
[309.407s] INFO:colcon.colcon_core.shell:Creating prefix script '/workspaces/mavlab/ros2_ws/install/local_setup.bash'
[309.410s] INFO:colcon.colcon_core.shell:Creating prefix chain script '/workspaces/mavlab/ros2_ws/install/setup.bash'
[309.415s] INFO:colcon.colcon_core.shell:Creating prefix script '/workspaces/mavlab/ros2_ws/install/local_setup.zsh'
[309.417s] INFO:colcon.colcon_core.shell:Creating prefix chain script '/workspaces/mavlab/ros2_ws/install/setup.zsh'
