[0.447s] DEBUG:colcon:Command line arguments: ['/usr/bin/colcon', 'build']
[0.448s] DEBUG:colcon:Parsed command line arguments: Namespace(log_base=None, log_level=None, verb_name='build', build_base='build', install_base='install', merge_install=False, symlink_install=False, test_result_base=None, continue_on_error=False, executor='parallel', parallel_workers=4, event_handlers=None, ignore_user_meta=False, metas=['./colcon.meta'], base_paths=['.'], packages_ignore=None, packages_ignore_regex=None, paths=None, packages_up_to=None, packages_up_to_regex=None, packages_above=None, packages_above_and_dependencies=None, packages_above_depth=None, packages_select_by_dep=None, packages_skip_by_dep=None, packages_skip_up_to=None, packages_select_build_failed=False, packages_skip_build_finished=False, packages_select_test_failures=False, packages_skip_test_passed=False, packages_select=None, packages_skip=None, packages_select_regex=None, packages_skip_regex=None, packages_start=None, packages_end=None, cmake_args=None, cmake_target=None, cmake_target_skip_unavailable=False, cmake_clean_cache=False, cmake_clean_first=False, cmake_force_configure=False, ament_cmake_args=None, catkin_cmake_args=None, catkin_skip_building_tests=False, mixin_files=None, mixin=None, verb_parser=<colcon_mixin.mixin.mixin_argument.MixinArgumentDecorator object at 0x7fa0523e20>, verb_extension=<colcon_core.verb.build.BuildVerb object at 0x7fa06a8520>, main=<bound method BuildVerb.main of <colcon_core.verb.build.BuildVerb object at 0x7fa06a8520>>, mixin_verb=('build',))
[1.022s] Level 1:colcon.colcon_core.package_discovery:discover_packages(colcon_meta) check parameters
[1.023s] Level 1:colcon.colcon_core.package_discovery:discover_packages(recursive) check parameters
[1.023s] Level 1:colcon.colcon_core.package_discovery:discover_packages(ignore) check parameters
[1.023s] Level 1:colcon.colcon_core.package_discovery:discover_packages(path) check parameters
[1.023s] Level 1:colcon.colcon_core.package_discovery:discover_packages(colcon_meta) discover
[1.023s] Level 1:colcon.colcon_core.package_discovery:discover_packages(recursive) discover
[1.024s] INFO:colcon.colcon_core.package_discovery:Crawling recursively for packages in '/workspaces/mavlab/ros2_ws'
[1.024s] Level 1:colcon.colcon_core.package_identification:_identify(.) by extensions ['ignore', 'ignore_ament_install']
[1.024s] Level 1:colcon.colcon_core.package_identification:_identify(.) by extension 'ignore'
[1.025s] Level 1:colcon.colcon_core.package_identification:_identify(.) by extension 'ignore_ament_install'
[1.025s] Level 1:colcon.colcon_core.package_identification:_identify(.) by extensions ['colcon_pkg']
[1.025s] Level 1:colcon.colcon_core.package_identification:_identify(.) by extension 'colcon_pkg'
[1.025s] Level 1:colcon.colcon_core.package_identification:_identify(.) by extensions ['colcon_meta']
[1.025s] Level 1:colcon.colcon_core.package_identification:_identify(.) by extension 'colcon_meta'
[1.026s] Level 1:colcon.colcon_core.package_identification:_identify(.) by extensions ['ros']
[1.026s] Level 1:colcon.colcon_core.package_identification:_identify(.) by extension 'ros'
[1.075s] Level 1:colcon.colcon_core.package_identification:_identify(.) by extensions ['cmake', 'python']
[1.076s] Level 1:colcon.colcon_core.package_identification:_identify(.) by extension 'cmake'
[1.076s] Level 1:colcon.colcon_core.package_identification:_identify(.) by extension 'python'
[1.076s] Level 1:colcon.colcon_core.package_identification:_identify(.) by extensions ['python_setup_py']
[1.076s] Level 1:colcon.colcon_core.package_identification:_identify(.) by extension 'python_setup_py'
[1.077s] Level 1:colcon.colcon_core.package_identification:_identify(build) by extensions ['ignore', 'ignore_ament_install']
[1.077s] Level 1:colcon.colcon_core.package_identification:_identify(build) by extension 'ignore'
[1.077s] Level 1:colcon.colcon_core.package_identification:_identify(build) ignored
[1.078s] Level 1:colcon.colcon_core.package_identification:_identify(install) by extensions ['ignore', 'ignore_ament_install']
[1.078s] Level 1:colcon.colcon_core.package_identification:_identify(install) by extension 'ignore'
[1.078s] Level 1:colcon.colcon_core.package_identification:_identify(install) ignored
[1.079s] Level 1:colcon.colcon_core.package_identification:_identify(log) by extensions ['ignore', 'ignore_ament_install']
[1.079s] Level 1:colcon.colcon_core.package_identification:_identify(log) by extension 'ignore'
[1.080s] Level 1:colcon.colcon_core.package_identification:_identify(log) ignored
[1.080s] Level 1:colcon.colcon_core.package_identification:_identify(src) by extensions ['ignore', 'ignore_ament_install']
[1.080s] Level 1:colcon.colcon_core.package_identification:_identify(src) by extension 'ignore'
[1.080s] Level 1:colcon.colcon_core.package_identification:_identify(src) by extension 'ignore_ament_install'
[1.081s] Level 1:colcon.colcon_core.package_identification:_identify(src) by extensions ['colcon_pkg']
[1.081s] Level 1:colcon.colcon_core.package_identification:_identify(src) by extension 'colcon_pkg'
[1.081s] Level 1:colcon.colcon_core.package_identification:_identify(src) by extensions ['colcon_meta']
[1.081s] Level 1:colcon.colcon_core.package_identification:_identify(src) by extension 'colcon_meta'
[1.081s] Level 1:colcon.colcon_core.package_identification:_identify(src) by extensions ['ros']
[1.081s] Level 1:colcon.colcon_core.package_identification:_identify(src) by extension 'ros'
[1.082s] Level 1:colcon.colcon_core.package_identification:_identify(src) by extensions ['cmake', 'python']
[1.082s] Level 1:colcon.colcon_core.package_identification:_identify(src) by extension 'cmake'
[1.082s] Level 1:colcon.colcon_core.package_identification:_identify(src) by extension 'python'
[1.082s] Level 1:colcon.colcon_core.package_identification:_identify(src) by extensions ['python_setup_py']
[1.083s] Level 1:colcon.colcon_core.package_identification:_identify(src) by extension 'python_setup_py'
[1.083s] Level 1:colcon.colcon_core.package_identification:_identify(src/custom_interfaces) by extensions ['ignore', 'ignore_ament_install']
[1.083s] Level 1:colcon.colcon_core.package_identification:_identify(src/custom_interfaces) by extension 'ignore'
[1.083s] Level 1:colcon.colcon_core.package_identification:_identify(src/custom_interfaces) by extension 'ignore_ament_install'
[1.084s] Level 1:colcon.colcon_core.package_identification:_identify(src/custom_interfaces) by extensions ['colcon_pkg']
[1.084s] Level 1:colcon.colcon_core.package_identification:_identify(src/custom_interfaces) by extension 'colcon_pkg'
[1.084s] Level 1:colcon.colcon_core.package_identification:_identify(src/custom_interfaces) by extensions ['colcon_meta']
[1.084s] Level 1:colcon.colcon_core.package_identification:_identify(src/custom_interfaces) by extension 'colcon_meta'
[1.084s] Level 1:colcon.colcon_core.package_identification:_identify(src/custom_interfaces) by extensions ['ros']
[1.084s] Level 1:colcon.colcon_core.package_identification:_identify(src/custom_interfaces) by extension 'ros'
[1.094s] DEBUG:colcon.colcon_core.package_identification:Package 'src/custom_interfaces' with type 'ros.ament_cmake' and name 'custom_interfaces'
[1.094s] Level 1:colcon.colcon_core.package_identification:_identify(src/kf) by extensions ['ignore', 'ignore_ament_install']
[1.095s] Level 1:colcon.colcon_core.package_identification:_identify(src/kf) by extension 'ignore'
[1.095s] Level 1:colcon.colcon_core.package_identification:_identify(src/kf) by extension 'ignore_ament_install'
[1.095s] Level 1:colcon.colcon_core.package_identification:_identify(src/kf) by extensions ['colcon_pkg']
[1.095s] Level 1:colcon.colcon_core.package_identification:_identify(src/kf) by extension 'colcon_pkg'
[1.096s] Level 1:colcon.colcon_core.package_identification:_identify(src/kf) by extensions ['colcon_meta']
[1.096s] Level 1:colcon.colcon_core.package_identification:_identify(src/kf) by extension 'colcon_meta'
[1.096s] Level 1:colcon.colcon_core.package_identification:_identify(src/kf) by extensions ['ros']
[1.096s] Level 1:colcon.colcon_core.package_identification:_identify(src/kf) by extension 'ros'
[1.099s] DEBUG:colcon.colcon_core.package_identification:Package 'src/kf' with type 'ros.ament_cmake' and name 'kf'
[1.100s] Level 1:colcon.colcon_core.package_identification:_identify(src/uwb) by extensions ['ignore', 'ignore_ament_install']
[1.100s] Level 1:colcon.colcon_core.package_identification:_identify(src/uwb) by extension 'ignore'
[1.100s] Level 1:colcon.colcon_core.package_identification:_identify(src/uwb) by extension 'ignore_ament_install'
[1.101s] Level 1:colcon.colcon_core.package_identification:_identify(src/uwb) by extensions ['colcon_pkg']
[1.101s] Level 1:colcon.colcon_core.package_identification:_identify(src/uwb) by extension 'colcon_pkg'
[1.101s] Level 1:colcon.colcon_core.package_identification:_identify(src/uwb) by extensions ['colcon_meta']
[1.101s] Level 1:colcon.colcon_core.package_identification:_identify(src/uwb) by extension 'colcon_meta'
[1.102s] Level 1:colcon.colcon_core.package_identification:_identify(src/uwb) by extensions ['ros']
[1.102s] Level 1:colcon.colcon_core.package_identification:_identify(src/uwb) by extension 'ros'
[1.105s] DEBUG:colcon.colcon_core.package_identification:Package 'src/uwb' with type 'ros.ament_cmake' and name 'uwb'
[1.105s] Level 1:colcon.colcon_core.package_discovery:discover_packages(recursive) using defaults
[1.106s] Level 1:colcon.colcon_core.package_discovery:discover_packages(ignore) discover
[1.106s] Level 1:colcon.colcon_core.package_discovery:discover_packages(ignore) using defaults
[1.106s] Level 1:colcon.colcon_core.package_discovery:discover_packages(path) discover
[1.106s] Level 1:colcon.colcon_core.package_discovery:discover_packages(path) using defaults
[1.193s] Level 5:colcon.colcon_core.verb:set package 'custom_interfaces' build argument 'cmake_args' from command line to 'None'
[1.193s] Level 5:colcon.colcon_core.verb:set package 'custom_interfaces' build argument 'cmake_target' from command line to 'None'
[1.194s] Level 5:colcon.colcon_core.verb:set package 'custom_interfaces' build argument 'cmake_target_skip_unavailable' from command line to 'False'
[1.194s] Level 5:colcon.colcon_core.verb:set package 'custom_interfaces' build argument 'cmake_clean_cache' from command line to 'False'
[1.194s] Level 5:colcon.colcon_core.verb:set package 'custom_interfaces' build argument 'cmake_clean_first' from command line to 'False'
[1.194s] Level 5:colcon.colcon_core.verb:set package 'custom_interfaces' build argument 'cmake_force_configure' from command line to 'False'
[1.194s] Level 5:colcon.colcon_core.verb:set package 'custom_interfaces' build argument 'ament_cmake_args' from command line to 'None'
[1.194s] Level 5:colcon.colcon_core.verb:set package 'custom_interfaces' build argument 'catkin_cmake_args' from command line to 'None'
[1.194s] Level 5:colcon.colcon_core.verb:set package 'custom_interfaces' build argument 'catkin_skip_building_tests' from command line to 'False'
[1.195s] DEBUG:colcon.colcon_core.verb:Building package 'custom_interfaces' with the following arguments: {'ament_cmake_args': None, 'build_base': '/workspaces/mavlab/ros2_ws/build/custom_interfaces', 'catkin_cmake_args': None, 'catkin_skip_building_tests': False, 'cmake_args': None, 'cmake_clean_cache': False, 'cmake_clean_first': False, 'cmake_force_configure': False, 'cmake_target': None, 'cmake_target_skip_unavailable': False, 'install_base': '/workspaces/mavlab/ros2_ws/install/custom_interfaces', 'merge_install': False, 'path': '/workspaces/mavlab/ros2_ws/src/custom_interfaces', 'symlink_install': False, 'test_result_base': None}
[1.196s] Level 5:colcon.colcon_core.verb:set package 'kf' build argument 'cmake_args' from command line to 'None'
[1.197s] Level 5:colcon.colcon_core.verb:set package 'kf' build argument 'cmake_target' from command line to 'None'
[1.197s] Level 5:colcon.colcon_core.verb:set package 'kf' build argument 'cmake_target_skip_unavailable' from command line to 'False'
[1.197s] Level 5:colcon.colcon_core.verb:set package 'kf' build argument 'cmake_clean_cache' from command line to 'False'
[1.197s] Level 5:colcon.colcon_core.verb:set package 'kf' build argument 'cmake_clean_first' from command line to 'False'
[1.197s] Level 5:colcon.colcon_core.verb:set package 'kf' build argument 'cmake_force_configure' from command line to 'False'
[1.197s] Level 5:colcon.colcon_core.verb:set package 'kf' build argument 'ament_cmake_args' from command line to 'None'
[1.197s] Level 5:colcon.colcon_core.verb:set package 'kf' build argument 'catkin_cmake_args' from command line to 'None'
[1.197s] Level 5:colcon.colcon_core.verb:set package 'kf' build argument 'catkin_skip_building_tests' from command line to 'False'
[1.198s] DEBUG:colcon.colcon_core.verb:Building package 'kf' with the following arguments: {'ament_cmake_args': None, 'build_base': '/workspaces/mavlab/ros2_ws/build/kf', 'catkin_cmake_args': None, 'catkin_skip_building_tests': False, 'cmake_args': None, 'cmake_clean_cache': False, 'cmake_clean_first': False, 'cmake_force_configure': False, 'cmake_target': None, 'cmake_target_skip_unavailable': False, 'install_base': '/workspaces/mavlab/ros2_ws/install/kf', 'merge_install': False, 'path': '/workspaces/mavlab/ros2_ws/src/kf', 'symlink_install': False, 'test_result_base': None}
[1.199s] Level 5:colcon.colcon_core.verb:set package 'uwb' build argument 'cmake_args' from command line to 'None'
[1.200s] Level 5:colcon.colcon_core.verb:set package 'uwb' build argument 'cmake_target' from command line to 'None'
[1.200s] Level 5:colcon.colcon_core.verb:set package 'uwb' build argument 'cmake_target_skip_unavailable' from command line to 'False'
[1.200s] Level 5:colcon.colcon_core.verb:set package 'uwb' build argument 'cmake_clean_cache' from command line to 'False'
[1.200s] Level 5:colcon.colcon_core.verb:set package 'uwb' build argument 'cmake_clean_first' from command line to 'False'
[1.200s] Level 5:colcon.colcon_core.verb:set package 'uwb' build argument 'cmake_force_configure' from command line to 'False'
[1.200s] Level 5:colcon.colcon_core.verb:set package 'uwb' build argument 'ament_cmake_args' from command line to 'None'
[1.200s] Level 5:colcon.colcon_core.verb:set package 'uwb' build argument 'catkin_cmake_args' from command line to 'None'
[1.200s] Level 5:colcon.colcon_core.verb:set package 'uwb' build argument 'catkin_skip_building_tests' from command line to 'False'
[1.201s] DEBUG:colcon.colcon_core.verb:Building package 'uwb' with the following arguments: {'ament_cmake_args': None, 'build_base': '/workspaces/mavlab/ros2_ws/build/uwb', 'catkin_cmake_args': None, 'catkin_skip_building_tests': False, 'cmake_args': None, 'cmake_clean_cache': False, 'cmake_clean_first': False, 'cmake_force_configure': False, 'cmake_target': None, 'cmake_target_skip_unavailable': False, 'install_base': '/workspaces/mavlab/ros2_ws/install/uwb', 'merge_install': False, 'path': '/workspaces/mavlab/ros2_ws/src/uwb', 'symlink_install': False, 'test_result_base': None}
[1.201s] INFO:colcon.colcon_core.executor:Executing jobs using 'parallel' executor
[1.207s] DEBUG:colcon.colcon_parallel_executor.executor.parallel:run_until_complete
[1.209s] INFO:colcon.colcon_ros.task.ament_cmake.build:Building ROS package in '/workspaces/mavlab/ros2_ws/src/custom_interfaces' with build type 'ament_cmake'
[1.210s] INFO:colcon.colcon_cmake.task.cmake.build:Building CMake package in '/workspaces/mavlab/ros2_ws/src/custom_interfaces'
[1.219s] INFO:colcon.colcon_core.plugin_system:Skipping extension 'colcon_core.shell.bat': Not used on non-Windows systems
[1.220s] INFO:colcon.colcon_core.shell:Skip shell extension 'powershell' for command environment: Not usable outside of PowerShell
[1.220s] DEBUG:colcon.colcon_core.shell:Skip shell extension 'dsv' for command environment
[1.242s] INFO:colcon.colcon_ros.task.ament_cmake.build:Building ROS package in '/workspaces/mavlab/ros2_ws/src/kf' with build type 'ament_cmake'
[1.243s] INFO:colcon.colcon_cmake.task.cmake.build:Building CMake package in '/workspaces/mavlab/ros2_ws/src/kf'
[1.244s] INFO:colcon.colcon_core.shell:Skip shell extension 'powershell' for command environment: Not usable outside of PowerShell
[1.245s] DEBUG:colcon.colcon_core.shell:Skip shell extension 'dsv' for command environment
[1.258s] INFO:colcon.colcon_ros.task.ament_cmake.build:Building ROS package in '/workspaces/mavlab/ros2_ws/src/uwb' with build type 'ament_cmake'
[1.259s] INFO:colcon.colcon_cmake.task.cmake.build:Building CMake package in '/workspaces/mavlab/ros2_ws/src/uwb'
[1.260s] INFO:colcon.colcon_core.shell:Skip shell extension 'powershell' for command environment: Not usable outside of PowerShell
[1.260s] DEBUG:colcon.colcon_core.shell:Skip shell extension 'dsv' for command environment
[1.289s] DEBUG:colcon.colcon_core.event_handler.log_command:Invoking command in '/workspaces/mavlab/ros2_ws/build/custom_interfaces': CMAKE_PREFIX_PATH=${CMAKE_PREFIX_PATH}:/opt/ros/humble /usr/bin/cmake --build /workspaces/mavlab/ros2_ws/build/custom_interfaces -- -j4 -l4
[1.308s] DEBUG:colcon.colcon_core.event_handler.log_command:Invoking command in '/workspaces/mavlab/ros2_ws/build/kf': CMAKE_PREFIX_PATH=${CMAKE_PREFIX_PATH}:/opt/ros/humble /usr/bin/cmake --build /workspaces/mavlab/ros2_ws/build/kf -- -j4 -l4
[1.321s] DEBUG:colcon.colcon_core.event_handler.log_command:Invoking command in '/workspaces/mavlab/ros2_ws/build/uwb': CMAKE_PREFIX_PATH=${CMAKE_PREFIX_PATH}:/opt/ros/humble /usr/bin/cmake --build /workspaces/mavlab/ros2_ws/build/uwb -- -j4 -l4
[1.457s] DEBUG:colcon.colcon_core.event_handler.log_command:Invoked command in '/workspaces/mavlab/ros2_ws/build/uwb' returned '0': CMAKE_PREFIX_PATH=${CMAKE_PREFIX_PATH}:/opt/ros/humble /usr/bin/cmake --build /workspaces/mavlab/ros2_ws/build/uwb -- -j4 -l4
[1.649s] DEBUG:colcon.colcon_core.event_handler.log_command:Invoking command in '/workspaces/mavlab/ros2_ws/build/uwb': CMAKE_PREFIX_PATH=${CMAKE_PREFIX_PATH}:/opt/ros/humble /usr/bin/cmake --install /workspaces/mavlab/ros2_ws/build/uwb
[1.703s] Level 1:colcon.colcon_core.environment:create_environment_scripts_only(uwb)
[1.738s] Level 1:colcon.colcon_core.environment:checking '/workspaces/mavlab/ros2_ws/install/uwb' for CMake module files
[1.746s] DEBUG:colcon.colcon_core.event_handler.log_command:Invoked command in '/workspaces/mavlab/ros2_ws/build/uwb' returned '0': CMAKE_PREFIX_PATH=${CMAKE_PREFIX_PATH}:/opt/ros/humble /usr/bin/cmake --install /workspaces/mavlab/ros2_ws/build/uwb
[1.750s] Level 1:colcon.colcon_core.environment:checking '/workspaces/mavlab/ros2_ws/install/uwb' for CMake config files
[1.751s] Level 1:colcon.colcon_core.shell:create_environment_hook('uwb', 'cmake_prefix_path')
[1.753s] INFO:colcon.colcon_core.shell:Creating environment hook '/workspaces/mavlab/ros2_ws/install/uwb/share/uwb/hook/cmake_prefix_path.ps1'
[1.756s] INFO:colcon.colcon_core.shell:Creating environment descriptor '/workspaces/mavlab/ros2_ws/install/uwb/share/uwb/hook/cmake_prefix_path.dsv'
[1.759s] INFO:colcon.colcon_core.shell:Creating environment hook '/workspaces/mavlab/ros2_ws/install/uwb/share/uwb/hook/cmake_prefix_path.sh'
[1.763s] Level 1:colcon.colcon_core.environment:checking '/workspaces/mavlab/ros2_ws/install/uwb/lib'
[1.764s] Level 1:colcon.colcon_core.environment:checking '/workspaces/mavlab/ros2_ws/install/uwb/bin'
[1.765s] Level 1:colcon.colcon_core.environment:checking '/workspaces/mavlab/ros2_ws/install/uwb/lib/pkgconfig/uwb.pc'
[1.773s] Level 1:colcon.colcon_core.environment:checking '/workspaces/mavlab/ros2_ws/install/uwb/lib/python3.10/site-packages'
[1.774s] Level 1:colcon.colcon_core.environment:checking '/workspaces/mavlab/ros2_ws/install/uwb/bin'
[1.776s] INFO:colcon.colcon_core.shell:Creating package script '/workspaces/mavlab/ros2_ws/install/uwb/share/uwb/package.ps1'
[1.780s] INFO:colcon.colcon_core.shell:Creating package descriptor '/workspaces/mavlab/ros2_ws/install/uwb/share/uwb/package.dsv'
[1.783s] INFO:colcon.colcon_core.shell:Creating package script '/workspaces/mavlab/ros2_ws/install/uwb/share/uwb/package.sh'
[1.787s] INFO:colcon.colcon_core.shell:Creating package script '/workspaces/mavlab/ros2_ws/install/uwb/share/uwb/package.bash'
[1.791s] INFO:colcon.colcon_core.shell:Creating package script '/workspaces/mavlab/ros2_ws/install/uwb/share/uwb/package.zsh'
[1.794s] Level 1:colcon.colcon_core.environment:create_file_with_runtime_dependencies(/workspaces/mavlab/ros2_ws/install/uwb/share/colcon-core/packages/uwb)
[1.888s] Level 1:colcon.colcon_core.environment:create_environment_scripts_only(uwb)
[1.889s] Level 1:colcon.colcon_core.environment:checking '/workspaces/mavlab/ros2_ws/install/uwb' for CMake module files
[1.892s] Level 1:colcon.colcon_core.environment:checking '/workspaces/mavlab/ros2_ws/install/uwb' for CMake config files
[1.894s] Level 1:colcon.colcon_core.shell:create_environment_hook('uwb', 'cmake_prefix_path')
[1.895s] INFO:colcon.colcon_core.shell:Creating environment hook '/workspaces/mavlab/ros2_ws/install/uwb/share/uwb/hook/cmake_prefix_path.ps1'
[1.898s] INFO:colcon.colcon_core.shell:Creating environment descriptor '/workspaces/mavlab/ros2_ws/install/uwb/share/uwb/hook/cmake_prefix_path.dsv'
[1.902s] INFO:colcon.colcon_core.shell:Creating environment hook '/workspaces/mavlab/ros2_ws/install/uwb/share/uwb/hook/cmake_prefix_path.sh'
[1.906s] Level 1:colcon.colcon_core.environment:checking '/workspaces/mavlab/ros2_ws/install/uwb/lib'
[1.907s] Level 1:colcon.colcon_core.environment:checking '/workspaces/mavlab/ros2_ws/install/uwb/bin'
[1.907s] Level 1:colcon.colcon_core.environment:checking '/workspaces/mavlab/ros2_ws/install/uwb/lib/pkgconfig/uwb.pc'
[1.908s] Level 1:colcon.colcon_core.environment:checking '/workspaces/mavlab/ros2_ws/install/uwb/lib/python3.10/site-packages'
[1.909s] Level 1:colcon.colcon_core.environment:checking '/workspaces/mavlab/ros2_ws/install/uwb/bin'
[1.911s] INFO:colcon.colcon_core.shell:Creating package script '/workspaces/mavlab/ros2_ws/install/uwb/share/uwb/package.ps1'
[1.914s] INFO:colcon.colcon_core.shell:Creating package descriptor '/workspaces/mavlab/ros2_ws/install/uwb/share/uwb/package.dsv'
[1.918s] INFO:colcon.colcon_core.shell:Creating package script '/workspaces/mavlab/ros2_ws/install/uwb/share/uwb/package.sh'
[1.921s] INFO:colcon.colcon_core.shell:Creating package script '/workspaces/mavlab/ros2_ws/install/uwb/share/uwb/package.bash'
[1.924s] INFO:colcon.colcon_core.shell:Creating package script '/workspaces/mavlab/ros2_ws/install/uwb/share/uwb/package.zsh'
[1.927s] Level 1:colcon.colcon_core.environment:create_file_with_runtime_dependencies(/workspaces/mavlab/ros2_ws/install/uwb/share/colcon-core/packages/uwb)
[2.917s] DEBUG:colcon.colcon_core.event_handler.log_command:Invoked command in '/workspaces/mavlab/ros2_ws/build/custom_interfaces' returned '0': CMAKE_PREFIX_PATH=${CMAKE_PREFIX_PATH}:/opt/ros/humble /usr/bin/cmake --build /workspaces/mavlab/ros2_ws/build/custom_interfaces -- -j4 -l4
[3.081s] DEBUG:colcon.colcon_core.event_handler.log_command:Invoking command in '/workspaces/mavlab/ros2_ws/build/custom_interfaces': CMAKE_PREFIX_PATH=${CMAKE_PREFIX_PATH}:/opt/ros/humble /usr/bin/cmake --install /workspaces/mavlab/ros2_ws/build/custom_interfaces
[3.328s] Level 1:colcon.colcon_core.environment:create_environment_scripts_only(custom_interfaces)
[3.330s] Level 1:colcon.colcon_core.environment:checking '/workspaces/mavlab/ros2_ws/install/custom_interfaces' for CMake module files
[3.335s] DEBUG:colcon.colcon_core.event_handler.log_command:Invoked command in '/workspaces/mavlab/ros2_ws/build/custom_interfaces' returned '0': CMAKE_PREFIX_PATH=${CMAKE_PREFIX_PATH}:/opt/ros/humble /usr/bin/cmake --install /workspaces/mavlab/ros2_ws/build/custom_interfaces
[3.337s] Level 1:colcon.colcon_core.environment:checking '/workspaces/mavlab/ros2_ws/install/custom_interfaces' for CMake config files
[3.341s] Level 1:colcon.colcon_core.shell:create_environment_hook('custom_interfaces', 'cmake_prefix_path')
[3.342s] INFO:colcon.colcon_core.shell:Creating environment hook '/workspaces/mavlab/ros2_ws/install/custom_interfaces/share/custom_interfaces/hook/cmake_prefix_path.ps1'
[3.344s] INFO:colcon.colcon_core.shell:Creating environment descriptor '/workspaces/mavlab/ros2_ws/install/custom_interfaces/share/custom_interfaces/hook/cmake_prefix_path.dsv'
[3.345s] INFO:colcon.colcon_core.shell:Creating environment hook '/workspaces/mavlab/ros2_ws/install/custom_interfaces/share/custom_interfaces/hook/cmake_prefix_path.sh'
[3.347s] Level 1:colcon.colcon_core.environment:checking '/workspaces/mavlab/ros2_ws/install/custom_interfaces/lib'
[3.348s] Level 1:colcon.colcon_core.shell:create_environment_hook('custom_interfaces', 'ld_library_path_lib')
[3.349s] INFO:colcon.colcon_core.shell:Creating environment hook '/workspaces/mavlab/ros2_ws/install/custom_interfaces/share/custom_interfaces/hook/ld_library_path_lib.ps1'
[3.352s] INFO:colcon.colcon_core.shell:Creating environment descriptor '/workspaces/mavlab/ros2_ws/install/custom_interfaces/share/custom_interfaces/hook/ld_library_path_lib.dsv'
[3.353s] INFO:colcon.colcon_core.shell:Creating environment hook '/workspaces/mavlab/ros2_ws/install/custom_interfaces/share/custom_interfaces/hook/ld_library_path_lib.sh'
[3.355s] Level 1:colcon.colcon_core.environment:checking '/workspaces/mavlab/ros2_ws/install/custom_interfaces/bin'
[3.355s] Level 1:colcon.colcon_core.environment:checking '/workspaces/mavlab/ros2_ws/install/custom_interfaces/lib/pkgconfig/custom_interfaces.pc'
[3.356s] Level 1:colcon.colcon_core.environment:checking '/workspaces/mavlab/ros2_ws/install/custom_interfaces/lib/python3.10/site-packages'
[3.358s] Level 1:colcon.colcon_core.environment:checking '/workspaces/mavlab/ros2_ws/install/custom_interfaces/bin'
[3.359s] INFO:colcon.colcon_core.shell:Creating package script '/workspaces/mavlab/ros2_ws/install/custom_interfaces/share/custom_interfaces/package.ps1'
[3.361s] INFO:colcon.colcon_core.shell:Creating package descriptor '/workspaces/mavlab/ros2_ws/install/custom_interfaces/share/custom_interfaces/package.dsv'
[3.364s] INFO:colcon.colcon_core.shell:Creating package script '/workspaces/mavlab/ros2_ws/install/custom_interfaces/share/custom_interfaces/package.sh'
[3.369s] INFO:colcon.colcon_core.shell:Creating package script '/workspaces/mavlab/ros2_ws/install/custom_interfaces/share/custom_interfaces/package.bash'
[3.371s] INFO:colcon.colcon_core.shell:Creating package script '/workspaces/mavlab/ros2_ws/install/custom_interfaces/share/custom_interfaces/package.zsh'
[3.373s] Level 1:colcon.colcon_core.environment:create_file_with_runtime_dependencies(/workspaces/mavlab/ros2_ws/install/custom_interfaces/share/colcon-core/packages/custom_interfaces)
[3.535s] Level 1:colcon.colcon_core.environment:create_environment_scripts_only(custom_interfaces)
[3.537s] Level 1:colcon.colcon_core.environment:checking '/workspaces/mavlab/ros2_ws/install/custom_interfaces' for CMake module files
[3.540s] Level 1:colcon.colcon_core.environment:checking '/workspaces/mavlab/ros2_ws/install/custom_interfaces' for CMake config files
[3.544s] Level 1:colcon.colcon_core.shell:create_environment_hook('custom_interfaces', 'cmake_prefix_path')
[3.545s] INFO:colcon.colcon_core.shell:Creating environment hook '/workspaces/mavlab/ros2_ws/install/custom_interfaces/share/custom_interfaces/hook/cmake_prefix_path.ps1'
[3.548s] INFO:colcon.colcon_core.shell:Creating environment descriptor '/workspaces/mavlab/ros2_ws/install/custom_interfaces/share/custom_interfaces/hook/cmake_prefix_path.dsv'
[3.550s] INFO:colcon.colcon_core.shell:Creating environment hook '/workspaces/mavlab/ros2_ws/install/custom_interfaces/share/custom_interfaces/hook/cmake_prefix_path.sh'
[3.552s] Level 1:colcon.colcon_core.environment:checking '/workspaces/mavlab/ros2_ws/install/custom_interfaces/lib'
[3.552s] Level 1:colcon.colcon_core.shell:create_environment_hook('custom_interfaces', 'ld_library_path_lib')
[3.553s] INFO:colcon.colcon_core.shell:Creating environment hook '/workspaces/mavlab/ros2_ws/install/custom_interfaces/share/custom_interfaces/hook/ld_library_path_lib.ps1'
[3.555s] INFO:colcon.colcon_core.shell:Creating environment descriptor '/workspaces/mavlab/ros2_ws/install/custom_interfaces/share/custom_interfaces/hook/ld_library_path_lib.dsv'
[3.556s] INFO:colcon.colcon_core.shell:Creating environment hook '/workspaces/mavlab/ros2_ws/install/custom_interfaces/share/custom_interfaces/hook/ld_library_path_lib.sh'
[3.558s] Level 1:colcon.colcon_core.environment:checking '/workspaces/mavlab/ros2_ws/install/custom_interfaces/bin'
[3.559s] Level 1:colcon.colcon_core.environment:checking '/workspaces/mavlab/ros2_ws/install/custom_interfaces/lib/pkgconfig/custom_interfaces.pc'
[3.560s] Level 1:colcon.colcon_core.environment:checking '/workspaces/mavlab/ros2_ws/install/custom_interfaces/lib/python3.10/site-packages'
[3.561s] Level 1:colcon.colcon_core.environment:checking '/workspaces/mavlab/ros2_ws/install/custom_interfaces/bin'
[3.563s] INFO:colcon.colcon_core.shell:Creating package script '/workspaces/mavlab/ros2_ws/install/custom_interfaces/share/custom_interfaces/package.ps1'
[3.565s] INFO:colcon.colcon_core.shell:Creating package descriptor '/workspaces/mavlab/ros2_ws/install/custom_interfaces/share/custom_interfaces/package.dsv'
[3.567s] INFO:colcon.colcon_core.shell:Creating package script '/workspaces/mavlab/ros2_ws/install/custom_interfaces/share/custom_interfaces/package.sh'
[3.570s] INFO:colcon.colcon_core.shell:Creating package script '/workspaces/mavlab/ros2_ws/install/custom_interfaces/share/custom_interfaces/package.bash'
[3.572s] INFO:colcon.colcon_core.shell:Creating package script '/workspaces/mavlab/ros2_ws/install/custom_interfaces/share/custom_interfaces/package.zsh'
[3.573s] Level 1:colcon.colcon_core.environment:create_file_with_runtime_dependencies(/workspaces/mavlab/ros2_ws/install/custom_interfaces/share/colcon-core/packages/custom_interfaces)
[3.843s] DEBUG:colcon.colcon_core.event_handler.log_command:Invoked command in '/workspaces/mavlab/ros2_ws/build/kf' returned '0': CMAKE_PREFIX_PATH=${CMAKE_PREFIX_PATH}:/opt/ros/humble /usr/bin/cmake --build /workspaces/mavlab/ros2_ws/build/kf -- -j4 -l4
[3.906s] DEBUG:colcon.colcon_core.event_handler.log_command:Invoking command in '/workspaces/mavlab/ros2_ws/build/kf': CMAKE_PREFIX_PATH=${CMAKE_PREFIX_PATH}:/opt/ros/humble /usr/bin/cmake --install /workspaces/mavlab/ros2_ws/build/kf
[3.937s] DEBUG:colcon.colcon_core.event_handler.log_command:Invoked command in '/workspaces/mavlab/ros2_ws/build/kf' returned '1': CMAKE_PREFIX_PATH=${CMAKE_PREFIX_PATH}:/opt/ros/humble /usr/bin/cmake --install /workspaces/mavlab/ros2_ws/build/kf
[3.994s] Level 1:colcon.colcon_core.environment:create_environment_scripts_only(kf)
[3.995s] Level 1:colcon.colcon_core.environment:checking '/workspaces/mavlab/ros2_ws/install/kf' for CMake module files
[3.998s] Level 1:colcon.colcon_core.environment:checking '/workspaces/mavlab/ros2_ws/install/kf' for CMake config files
[4.000s] Level 1:colcon.colcon_core.shell:create_environment_hook('kf', 'cmake_prefix_path')
[4.001s] INFO:colcon.colcon_core.shell:Creating environment hook '/workspaces/mavlab/ros2_ws/install/kf/share/kf/hook/cmake_prefix_path.ps1'
[4.002s] INFO:colcon.colcon_core.shell:Creating environment descriptor '/workspaces/mavlab/ros2_ws/install/kf/share/kf/hook/cmake_prefix_path.dsv'
[4.003s] INFO:colcon.colcon_core.shell:Creating environment hook '/workspaces/mavlab/ros2_ws/install/kf/share/kf/hook/cmake_prefix_path.sh'
[4.005s] Level 1:colcon.colcon_core.environment:checking '/workspaces/mavlab/ros2_ws/install/kf/lib'
[4.006s] Level 1:colcon.colcon_core.environment:checking '/workspaces/mavlab/ros2_ws/install/kf/bin'
[4.006s] Level 1:colcon.colcon_core.environment:checking '/workspaces/mavlab/ros2_ws/install/kf/lib/pkgconfig/kf.pc'
[4.007s] Level 1:colcon.colcon_core.environment:checking '/workspaces/mavlab/ros2_ws/install/kf/lib/python3.10/site-packages'
[4.008s] Level 1:colcon.colcon_core.environment:checking '/workspaces/mavlab/ros2_ws/install/kf/bin'
[4.009s] INFO:colcon.colcon_core.shell:Creating package script '/workspaces/mavlab/ros2_ws/install/kf/share/kf/package.ps1'
[4.011s] INFO:colcon.colcon_core.shell:Creating package descriptor '/workspaces/mavlab/ros2_ws/install/kf/share/kf/package.dsv'
[4.013s] INFO:colcon.colcon_core.shell:Creating package script '/workspaces/mavlab/ros2_ws/install/kf/share/kf/package.sh'
[4.014s] INFO:colcon.colcon_core.shell:Creating package script '/workspaces/mavlab/ros2_ws/install/kf/share/kf/package.bash'
[4.016s] INFO:colcon.colcon_core.shell:Creating package script '/workspaces/mavlab/ros2_ws/install/kf/share/kf/package.zsh'
[4.017s] Level 1:colcon.colcon_core.environment:create_file_with_runtime_dependencies(/workspaces/mavlab/ros2_ws/install/kf/share/colcon-core/packages/kf)
[4.028s] DEBUG:colcon.colcon_parallel_executor.executor.parallel:closing loop
[4.029s] DEBUG:colcon.colcon_parallel_executor.executor.parallel:loop closed
[4.029s] DEBUG:colcon.colcon_parallel_executor.executor.parallel:run_until_complete finished with '1'
[4.029s] DEBUG:colcon.colcon_core.event_reactor:joining thread
[4.048s] INFO:colcon.colcon_core.plugin_system:Skipping extension 'colcon_notification.desktop_notification.notify_send': Could not find 'notify-send'
[4.048s] INFO:colcon.colcon_core.plugin_system:Skipping extension 'colcon_notification.desktop_notification.terminal_notifier': Not used on non-Darwin systems
[4.049s] INFO:colcon.colcon_core.plugin_system:Skipping extension 'colcon_notification.desktop_notification.win32': Not used on non-Windows systems
[4.049s] INFO:colcon.colcon_notification.desktop_notification:Sending desktop notification using 'notify2'
[4.049s] DEBUG:colcon.colcon_notification.desktop_notification.notify2:Failed to initialize notify2: org.freedesktop.DBus.Error.NotSupported: Unable to autolaunch a dbus-daemon without a $DISPLAY for X11
[4.049s] DEBUG:colcon.colcon_core.event_reactor:joined thread
[4.051s] INFO:colcon.colcon_core.shell:Creating prefix script '/workspaces/mavlab/ros2_ws/install/local_setup.ps1'
[4.054s] INFO:colcon.colcon_core.shell:Creating prefix util module '/workspaces/mavlab/ros2_ws/install/_local_setup_util_ps1.py'
[4.060s] INFO:colcon.colcon_core.shell:Creating prefix chain script '/workspaces/mavlab/ros2_ws/install/setup.ps1'
[4.065s] INFO:colcon.colcon_core.shell:Creating prefix script '/workspaces/mavlab/ros2_ws/install/local_setup.sh'
[4.068s] INFO:colcon.colcon_core.shell:Creating prefix util module '/workspaces/mavlab/ros2_ws/install/_local_setup_util_sh.py'
[4.070s] INFO:colcon.colcon_core.shell:Creating prefix chain script '/workspaces/mavlab/ros2_ws/install/setup.sh'
[4.075s] INFO:colcon.colcon_core.shell:Creating prefix script '/workspaces/mavlab/ros2_ws/install/local_setup.bash'
[4.077s] INFO:colcon.colcon_core.shell:Creating prefix chain script '/workspaces/mavlab/ros2_ws/install/setup.bash'
[4.082s] INFO:colcon.colcon_core.shell:Creating prefix script '/workspaces/mavlab/ros2_ws/install/local_setup.zsh'
[4.085s] INFO:colcon.colcon_core.shell:Creating prefix chain script '/workspaces/mavlab/ros2_ws/install/setup.zsh'
