[0.074s] Invoking command in '/workspaces/mavlab/ros2_ws/build/uwb': CMAKE_PREFIX_PATH=${CMAKE_PREFIX_PATH}:/opt/ros/humble /usr/bin/cmake /workspaces/mavlab/ros2_ws/src/uwb -DCMAKE_INSTALL_PREFIX=/workspaces/mavlab/ros2_ws/install/uwb
[0.370s] -- The C compiler identification is GNU 11.4.0
[0.654s] -- The CXX compiler identification is GNU 11.4.0
[0.691s] -- Detecting C compiler ABI info
[1.018s] -- Detecting C compiler ABI info - done
[1.078s] -- Check for working C compiler: /usr/bin/cc - skipped
[1.080s] -- Detecting C compile features
[1.082s] -- Detecting C compile features - done
[1.098s] -- Detecting CXX compiler ABI info
[1.574s] -- Detecting CXX compiler ABI info - done
[1.617s] -- Check for working CXX compiler: /usr/bin/c++ - skipped
[1.619s] -- Detecting CXX compile features
[1.623s] -- Detecting CXX compile features - done
[1.639s] -- Found ament_cmake: 1.3.10 (/opt/ros/humble/share/ament_cmake/cmake)
[2.598s] -- Found Python3: /usr/bin/python3 (found version "3.10.12") found components: Interpreter 
[3.427s] -- Found rclcpp: 16.0.10 (/opt/ros/humble/share/rclcpp/cmake)
[3.708s] -- Found rosidl_generator_c: 3.1.5 (/opt/ros/humble/share/rosidl_generator_c/cmake)
[3.738s] -- Found rosidl_adapter: 3.1.5 (/opt/ros/humble/share/rosidl_adapter/cmake)
[3.784s] -- Found rosidl_generator_cpp: 3.1.5 (/opt/ros/humble/share/rosidl_generator_cpp/cmake)
[3.849s] -- Using all available rosidl_typesupport_c: rosidl_typesupport_fastrtps_c;rosidl_typesupport_introspection_c
[3.941s] -- Using all available rosidl_typesupport_cpp: rosidl_typesupport_fastrtps_cpp;rosidl_typesupport_introspection_cpp
[4.437s] -- Found rmw_implementation_cmake: 6.1.2 (/opt/ros/humble/share/rmw_implementation_cmake/cmake)
[4.466s] -- Found rmw_fastrtps_cpp: 6.2.7 (/opt/ros/humble/share/rmw_fastrtps_cpp/cmake)
[5.083s] -- Found OpenSSL: /usr/lib/aarch64-linux-gnu/libcrypto.so (found version "3.0.2")  
[5.261s] -- Found FastRTPS: /opt/ros/humble/include  
[5.518s] -- Using RMW implementation 'rmw_fastrtps_cpp' as default
[5.681s] -- Looking for pthread.h
[6.455s] -- Looking for pthread.h - found
[6.456s] -- Performing Test CMAKE_HAVE_LIBC_PTHREAD
[7.186s] -- Performing Test CMAKE_HAVE_LIBC_PTHREAD - Success
[7.192s] -- Found Threads: TRUE  
[7.722s] -- Found rclpy: 3.3.14 (/opt/ros/humble/share/rclpy/cmake)
[8.368s] -- Configuring done
[8.427s] -- Generating done
[8.458s] -- Build files have been written to: /workspaces/mavlab/ros2_ws/build/uwb
[8.538s] Invoked command in '/workspaces/mavlab/ros2_ws/build/uwb' returned '0': CMAKE_PREFIX_PATH=${CMAKE_PREFIX_PATH}:/opt/ros/humble /usr/bin/cmake /workspaces/mavlab/ros2_ws/src/uwb -DCMAKE_INSTALL_PREFIX=/workspaces/mavlab/ros2_ws/install/uwb
[8.541s] Invoking command in '/workspaces/mavlab/ros2_ws/build/uwb': CMAKE_PREFIX_PATH=${CMAKE_PREFIX_PATH}:/opt/ros/humble /usr/bin/cmake --build /workspaces/mavlab/ros2_ws/build/uwb -- -j4 -l4
[8.891s] Invoked command in '/workspaces/mavlab/ros2_ws/build/uwb' returned '0': CMAKE_PREFIX_PATH=${CMAKE_PREFIX_PATH}:/opt/ros/humble /usr/bin/cmake --build /workspaces/mavlab/ros2_ws/build/uwb -- -j4 -l4
[9.214s] Invoking command in '/workspaces/mavlab/ros2_ws/build/uwb': CMAKE_PREFIX_PATH=${CMAKE_PREFIX_PATH}:/opt/ros/humble /usr/bin/cmake --install /workspaces/mavlab/ros2_ws/build/uwb
[9.249s] -- Install configuration: ""
[9.252s] -- Installing: /workspaces/mavlab/ros2_ws/install/uwb/share/uwb/launch
[9.267s] -- Installing: /workspaces/mavlab/ros2_ws/install/uwb/share/uwb/launch/uwb_launch.py
[9.271s] -- Installing: /workspaces/mavlab/ros2_ws/install/uwb/lib/uwb/uwb.py
[9.275s] -- Installing: /workspaces/mavlab/ros2_ws/install/uwb/share/ament_index/resource_index/package_run_dependencies/uwb
[9.278s] -- Installing: /workspaces/mavlab/ros2_ws/install/uwb/share/ament_index/resource_index/parent_prefix_path/uwb
[9.278s] -- Installing: /workspaces/mavlab/ros2_ws/install/uwb/share/uwb/environment/ament_prefix_path.sh
[9.279s] -- Installing: /workspaces/mavlab/ros2_ws/install/uwb/share/uwb/environment/ament_prefix_path.dsv
[9.280s] -- Installing: /workspaces/mavlab/ros2_ws/install/uwb/share/uwb/environment/path.sh
[9.280s] -- Installing: /workspaces/mavlab/ros2_ws/install/uwb/share/uwb/environment/path.dsv
[9.281s] -- Installing: /workspaces/mavlab/ros2_ws/install/uwb/share/uwb/local_setup.bash
[9.294s] -- Installing: /workspaces/mavlab/ros2_ws/install/uwb/share/uwb/local_setup.sh
[9.297s] -- Installing: /workspaces/mavlab/ros2_ws/install/uwb/share/uwb/local_setup.zsh
[9.300s] -- Installing: /workspaces/mavlab/ros2_ws/install/uwb/share/uwb/local_setup.dsv
[9.302s] -- Installing: /workspaces/mavlab/ros2_ws/install/uwb/share/uwb/package.dsv
[9.303s] -- Installing: /workspaces/mavlab/ros2_ws/install/uwb/share/ament_index/resource_index/packages/uwb
[9.304s] -- Installing: /workspaces/mavlab/ros2_ws/install/uwb/share/uwb/cmake/uwbConfig.cmake
[9.305s] -- Installing: /workspaces/mavlab/ros2_ws/install/uwb/share/uwb/cmake/uwbConfig-version.cmake
[9.306s] -- Installing: /workspaces/mavlab/ros2_ws/install/uwb/share/uwb/package.xml
[9.326s] Invoked command in '/workspaces/mavlab/ros2_ws/build/uwb' returned '0': CMAKE_PREFIX_PATH=${CMAKE_PREFIX_PATH}:/opt/ros/humble /usr/bin/cmake --install /workspaces/mavlab/ros2_ws/build/uwb
