[0.093s] Invoking command in '/workspaces/mavlab/build/kf': CMAKE_PREFIX_PATH=${CMAKE_PREFIX_PATH}:/opt/ros/humble /usr/bin/cmake --build /workspaces/mavlab/build/kf -- -j4 -l4
[0.244s] Invoked command in '/workspaces/mavlab/build/kf' returned '0': CMAKE_PREFIX_PATH=${CMAKE_PREFIX_PATH}:/opt/ros/humble /usr/bin/cmake --build /workspaces/mavlab/build/kf -- -j4 -l4
[0.350s] Invoking command in '/workspaces/mavlab/build/kf': CMAKE_PREFIX_PATH=${CMAKE_PREFIX_PATH}:/opt/ros/humble /usr/bin/cmake --install /workspaces/mavlab/build/kf
[0.380s] -- Install configuration: ""
[0.382s] -- Up-to-date: /workspaces/mavlab/install/kf/share/kf/launch
[0.384s] -- Up-to-date: /workspaces/mavlab/install/kf/share/kf/launch/kf_launch.py
[0.386s] -- Up-to-date: /workspaces/mavlab/install/kf/share/kf/launch/kf_alone.py
[0.401s] -- Installing: /workspaces/mavlab/install/kf/lib/kf/kf_uwb.py
[0.403s] -- Up-to-date: /workspaces/mavlab/install/kf/share/ament_index/resource_index/package_run_dependencies/kf
[0.406s] -- Up-to-date: /workspaces/mavlab/install/kf/share/ament_index/resource_index/parent_prefix_path/kf
[0.408s] -- Up-to-date: /workspaces/mavlab/install/kf/share/kf/environment/ament_prefix_path.sh
[0.410s] -- Up-to-date: /workspaces/mavlab/install/kf/share/kf/environment/ament_prefix_path.dsv
[0.413s] -- Up-to-date: /workspaces/mavlab/install/kf/share/kf/environment/path.sh
[0.416s] -- Up-to-date: /workspaces/mavlab/install/kf/share/kf/environment/path.dsv
[0.419s] -- Up-to-date: /workspaces/mavlab/install/kf/share/kf/local_setup.bash
[0.421s] -- Up-to-date: /workspaces/mavlab/install/kf/share/kf/local_setup.sh
[0.423s] -- Up-to-date: /workspaces/mavlab/install/kf/share/kf/local_setup.zsh
[0.429s] -- Up-to-date: /workspaces/mavlab/install/kf/share/kf/local_setup.dsv
[0.430s] -- Installing: /workspaces/mavlab/install/kf/share/kf/package.dsv
[0.431s] -- Up-to-date: /workspaces/mavlab/install/kf/share/ament_index/resource_index/packages/kf
[0.432s] -- Up-to-date: /workspaces/mavlab/install/kf/share/kf/cmake/kfConfig.cmake
[0.433s] -- Up-to-date: /workspaces/mavlab/install/kf/share/kf/cmake/kfConfig-version.cmake
[0.433s] -- Up-to-date: /workspaces/mavlab/install/kf/share/kf/package.xml
[0.434s] Invoked command in '/workspaces/mavlab/build/kf' returned '0': CMAKE_PREFIX_PATH=${CMAKE_PREFIX_PATH}:/opt/ros/humble /usr/bin/cmake --install /workspaces/mavlab/build/kf
