-- The C compiler identification is GNU 11.4.0
-- The CXX compiler identification is GNU 11.4.0
-- Detecting C compiler ABI info
-- Detecting C compiler ABI info - done
-- Check for working C compiler: /usr/bin/cc - skipped
-- Detecting C compile features
-- Detecting C compile features - done
-- Detecting CXX compiler ABI info
-- Detecting CXX compiler ABI info - done
-- Check for working CXX compiler: /usr/bin/c++ - skipped
-- Detecting CXX compile features
-- Detecting CXX compile features - done
-- Found ament_cmake: 1.3.10 (/opt/ros/humble/share/ament_cmake/cmake)
-- Found Python3: /usr/bin/python3 (found version "3.10.12") found components: Interpreter 
-- Found rclcpp: 16.0.10 (/opt/ros/humble/share/rclcpp/cmake)
-- Found rosidl_generator_c: 3.1.5 (/opt/ros/humble/share/rosidl_generator_c/cmake)
-- Found rosidl_adapter: 3.1.5 (/opt/ros/humble/share/rosidl_adapter/cmake)
-- Found rosidl_generator_cpp: 3.1.5 (/opt/ros/humble/share/rosidl_generator_cpp/cmake)
-- Using all available rosidl_typesupport_c: rosidl_typesupport_fastrtps_c;rosidl_typesupport_introspection_c
-- Using all available rosidl_typesupport_cpp: rosidl_typesupport_fastrtps_cpp;rosidl_typesupport_introspection_cpp
-- Found rmw_implementation_cmake: 6.1.2 (/opt/ros/humble/share/rmw_implementation_cmake/cmake)
-- Found rmw_fastrtps_cpp: 6.2.7 (/opt/ros/humble/share/rmw_fastrtps_cpp/cmake)
-- Found OpenSSL: /usr/lib/aarch64-linux-gnu/libcrypto.so (found version "3.0.2")  
-- Found FastRTPS: /opt/ros/humble/include  
-- Using RMW implementation 'rmw_fastrtps_cpp' as default
-- Looking for pthread.h
-- Looking for pthread.h - found
-- Performing Test CMAKE_HAVE_LIBC_PTHREAD
-- Performing Test CMAKE_HAVE_LIBC_PTHREAD - Success
-- Found Threads: TRUE  
-- Found sensor_msgs: 4.2.4 (/opt/ros/humble/share/sensor_msgs/cmake)
-- Found std_srvs: 4.2.4 (/opt/ros/humble/share/std_srvs/cmake)
-- Found rosidl_default_generators: 1.2.0 (/opt/ros/humble/share/rosidl_default_generators/cmake)
-- Found nav_msgs: 4.2.4 (/opt/ros/humble/share/nav_msgs/cmake)
-- Found rtcm_msgs: 1.1.6 (/opt/ros/humble/share/rtcm_msgs/cmake)
-- Found tf2_ros: 0.25.7 (/opt/ros/humble/share/tf2_ros/cmake)
-- Found tf2_geometry_msgs: 0.25.7 (/opt/ros/humble/share/tf2_geometry_msgs/cmake)
-- Found eigen3_cmake_module: 0.1.1 (/opt/ros/humble/share/eigen3_cmake_module/cmake)
-- Found Eigen3: TRUE (found version "3.4.0") 
-- Ensuring Eigen3 include directory is part of orocos-kdl CMake target
-- Found nmea_msgs: 2.0.0 (/opt/ros/humble/share/nmea_msgs/cmake)
-- Found ament_cmake_ros: 0.10.0 (/opt/ros/humble/share/ament_cmake_ros/cmake)
-- Using all available rosidl_typesupport_c: rosidl_typesupport_fastrtps_c;rosidl_typesupport_introspection_c
-- Using all available rosidl_typesupport_cpp: rosidl_typesupport_fastrtps_cpp;rosidl_typesupport_introspection_cpp
-- Found PythonInterp: /usr/bin/python3 (found suitable version "3.10.12", minimum required is "3.6") 
-- Found python_cmake_module: 0.10.0 (/opt/ros/humble/share/python_cmake_module/cmake)
-- Found PythonLibs: /usr/lib/aarch64-linux-gnu/libpython3.10.so (found suitable version "3.10.12", minimum required is "3.5") 
-- Using PYTHON_EXECUTABLE: /usr/bin/python3
-- Using PYTHON_INCLUDE_DIRS: /usr/include/python3.10
-- Using PYTHON_LIBRARIES: /usr/lib/aarch64-linux-gnu/libpython3.10.so
-- Found PythonExtra: .so  
[0mdeprecated definitions, macros and enum values enabled[0m
-- Configuring done
-- Generating done
-- Build files have been written to: /workspaces/mavlab/build/sbg_driver
[  1%] [34m[1mGenerating C++ code for ROS interfaces[0m
[  1%] Built target sbg_driver__cpp
[  1%] [32mBuilding C object external/sbgECom/CMakeFiles/sbgECom.dir/common/crc/sbgCrc.c.o[0m
[  1%] [32mBuilding C object external/sbgECom/CMakeFiles/sbgECom.dir/common/debug/sbgDebug.c.o[0m
[  1%] [32mBuilding C object external/sbgECom/CMakeFiles/sbgECom.dir/common/interfaces/sbgInterface.c.o[0m
[  2%] [32mBuilding C object external/sbgECom/CMakeFiles/sbgECom.dir/common/interfaces/sbgInterfaceFile.c.o[0m
[  2%] [32mBuilding C object external/sbgECom/CMakeFiles/sbgECom.dir/common/interfaces/sbgInterfaceSerialUnix.c.o[0m
[  2%] [32mBuilding C object external/sbgECom/CMakeFiles/sbgECom.dir/common/interfaces/sbgInterfaceUdp.c.o[0m
[  3%] [32mBuilding C object external/sbgECom/CMakeFiles/sbgECom.dir/common/network/sbgNetwork.c.o[0m
[  3%] [32mBuilding C object external/sbgECom/CMakeFiles/sbgECom.dir/common/platform/sbgPlatform.c.o[0m
[  3%] [32mBuilding C object external/sbgECom/CMakeFiles/sbgECom.dir/common/splitBuffer/sbgSplitBuffer.c.o[0m
[  3%] [32mBuilding C object external/sbgECom/CMakeFiles/sbgECom.dir/common/streamBuffer/sbgStreamBuffer.c.o[0m
[  4%] [32mBuilding C object external/sbgECom/CMakeFiles/sbgECom.dir/common/string/sbgString.c.o[0m
[  4%] [32mBuilding C object external/sbgECom/CMakeFiles/sbgECom.dir/common/swap/sbgSwap.c.o[0m
[  4%] [32mBuilding C object external/sbgECom/CMakeFiles/sbgECom.dir/common/version/sbgVersion.c.o[0m
[  5%] [32mBuilding C object external/sbgECom/CMakeFiles/sbgECom.dir/src/commands/sbgEComCmdAdvanced.c.o[0m
[  5%] [32mBuilding C object external/sbgECom/CMakeFiles/sbgECom.dir/src/commands/sbgEComCmdAirData.c.o[0m
[  5%] [32mBuilding C object external/sbgECom/CMakeFiles/sbgECom.dir/src/commands/sbgEComCmdApi.c.o[0m
[  6%] [32mBuilding C object external/sbgECom/CMakeFiles/sbgECom.dir/src/commands/sbgEComCmdCommon.c.o[0m
[  6%] [32mBuilding C object external/sbgECom/CMakeFiles/sbgECom.dir/src/commands/sbgEComCmdDvl.c.o[0m
[  6%] [32mBuilding C object external/sbgECom/CMakeFiles/sbgECom.dir/src/commands/sbgEComCmdEthernet.c.o[0m
[  6%] [32mBuilding C object external/sbgECom/CMakeFiles/sbgECom.dir/src/commands/sbgEComCmdEvent.c.o[0m
[  7%] [32mBuilding C object external/sbgECom/CMakeFiles/sbgECom.dir/src/commands/sbgEComCmdFeatures.c.o[0m
[  7%] [32mBuilding C object external/sbgECom/CMakeFiles/sbgECom.dir/src/commands/sbgEComCmdGnss.c.o[0m
[  7%] [32mBuilding C object external/sbgECom/CMakeFiles/sbgECom.dir/src/commands/sbgEComCmdInfo.c.o[0m
[  8%] [32mBuilding C object external/sbgECom/CMakeFiles/sbgECom.dir/src/commands/sbgEComCmdInterface.c.o[0m
[  8%] [32mBuilding C object external/sbgECom/CMakeFiles/sbgECom.dir/src/commands/sbgEComCmdLicense.c.o[0m
[  8%] [32mBuilding C object external/sbgECom/CMakeFiles/sbgECom.dir/src/commands/sbgEComCmdMag.c.o[0m
[  9%] [32mBuilding C object external/sbgECom/CMakeFiles/sbgECom.dir/src/commands/sbgEComCmdOdo.c.o[0m
[  9%] [32mBuilding C object external/sbgECom/CMakeFiles/sbgECom.dir/src/commands/sbgEComCmdOutput.c.o[0m
[  9%] [32mBuilding C object external/sbgECom/CMakeFiles/sbgECom.dir/src/commands/sbgEComCmdSensor.c.o[0m
[  9%] [32mBuilding C object external/sbgECom/CMakeFiles/sbgECom.dir/src/commands/sbgEComCmdSettings.c.o[0m
[ 10%] [32mBuilding C object external/sbgECom/CMakeFiles/sbgECom.dir/src/defs/sbgEComDefsGnss.c.o[0m
[ 10%] [32mBuilding C object external/sbgECom/CMakeFiles/sbgECom.dir/src/logs/sbgEComLog.c.o[0m
[ 10%] [32mBuilding C object external/sbgECom/CMakeFiles/sbgECom.dir/src/logs/sbgEComLogAirData.c.o[0m
[ 11%] [32mBuilding C object external/sbgECom/CMakeFiles/sbgECom.dir/src/logs/sbgEComLogDepth.c.o[0m
[ 11%] [32mBuilding C object external/sbgECom/CMakeFiles/sbgECom.dir/src/logs/sbgEComLogDiag.c.o[0m
[ 11%] [32mBuilding C object external/sbgECom/CMakeFiles/sbgECom.dir/src/logs/sbgEComLogDvl.c.o[0m
[ 11%] [32mBuilding C object external/sbgECom/CMakeFiles/sbgECom.dir/src/logs/sbgEComLogEkf.c.o[0m
[ 12%] [32mBuilding C object external/sbgECom/CMakeFiles/sbgECom.dir/src/logs/sbgEComLogEkfRotAccel.c.o[0m
[ 12%] [32mBuilding C object external/sbgECom/CMakeFiles/sbgECom.dir/src/logs/sbgEComLogEvent.c.o[0m
[ 12%] [32mBuilding C object external/sbgECom/CMakeFiles/sbgECom.dir/src/logs/sbgEComLogGnssHdt.c.o[0m
[ 13%] [32mBuilding C object external/sbgECom/CMakeFiles/sbgECom.dir/src/logs/sbgEComLogGnssPos.c.o[0m
[ 13%] [32mBuilding C object external/sbgECom/CMakeFiles/sbgECom.dir/src/logs/sbgEComLogGnssVel.c.o[0m
[ 13%] [32mBuilding C object external/sbgECom/CMakeFiles/sbgECom.dir/src/logs/sbgEComLogImu.c.o[0m
[ 14%] [32mBuilding C object external/sbgECom/CMakeFiles/sbgECom.dir/src/logs/sbgEComLogMag.c.o[0m
[ 14%] [32mBuilding C object external/sbgECom/CMakeFiles/sbgECom.dir/src/logs/sbgEComLogOdometer.c.o[0m
[ 14%] [32mBuilding C object external/sbgECom/CMakeFiles/sbgECom.dir/src/logs/sbgEComLogRawData.c.o[0m
[ 14%] [32mBuilding C object external/sbgECom/CMakeFiles/sbgECom.dir/src/logs/sbgEComLogSat.c.o[0m
[ 15%] [32mBuilding C object external/sbgECom/CMakeFiles/sbgECom.dir/src/logs/sbgEComLogShipMotion.c.o[0m
[ 15%] [32mBuilding C object external/sbgECom/CMakeFiles/sbgECom.dir/src/logs/sbgEComLogStatus.c.o[0m
[ 15%] [32mBuilding C object external/sbgECom/CMakeFiles/sbgECom.dir/src/logs/sbgEComLogUsbl.c.o[0m
[ 16%] [32mBuilding C object external/sbgECom/CMakeFiles/sbgECom.dir/src/logs/sbgEComLogUtc.c.o[0m
[ 16%] [32mBuilding C object external/sbgECom/CMakeFiles/sbgECom.dir/src/protocol/sbgEComProtocol.c.o[0m
[ 16%] [32mBuilding C object external/sbgECom/CMakeFiles/sbgECom.dir/src/sbgECom.c.o[0m
[ 17%] [32mBuilding C object external/sbgECom/CMakeFiles/sbgECom.dir/src/sbgEComGetVersion.c.o[0m
[ 17%] [32mBuilding C object external/sbgECom/CMakeFiles/sbgECom.dir/src/transfer/sbgEComTransfer.c.o[0m
[ 17%] [32m[1mLinking C static library libsbgECom.a[0m
[ 17%] Built target sbgECom
[ 17%] [34m[1mGenerating C++ type support dispatch for ROS interfaces[0m
[ 17%] [32mBuilding CXX object CMakeFiles/sbg_driver__rosidl_typesupport_cpp.dir/rosidl_typesupport_cpp/sbg_driver/msg/sbg_gps_vel_status__type_support.cpp.o[0m
[ 18%] [32mBuilding CXX object CMakeFiles/sbg_driver__rosidl_typesupport_cpp.dir/rosidl_typesupport_cpp/sbg_driver/msg/sbg_gps_pos_status__type_support.cpp.o[0m
[ 18%] [32mBuilding CXX object CMakeFiles/sbg_driver__rosidl_typesupport_cpp.dir/rosidl_typesupport_cpp/sbg_driver/msg/sbg_mag_status__type_support.cpp.o[0m
[ 18%] [32mBuilding CXX object CMakeFiles/sbg_driver__rosidl_typesupport_cpp.dir/rosidl_typesupport_cpp/sbg_driver/msg/sbg_ship_motion_status__type_support.cpp.o[0m
[ 19%] [32mBuilding CXX object CMakeFiles/sbg_driver__rosidl_typesupport_cpp.dir/rosidl_typesupport_cpp/sbg_driver/msg/sbg_utc_time_status__type_support.cpp.o[0m
[ 19%] [32mBuilding CXX object CMakeFiles/sbg_driver__rosidl_typesupport_cpp.dir/rosidl_typesupport_cpp/sbg_driver/msg/sbg_air_data__type_support.cpp.o[0m
[ 19%] [32mBuilding CXX object CMakeFiles/sbg_driver__rosidl_typesupport_cpp.dir/rosidl_typesupport_cpp/sbg_driver/msg/sbg_air_data_status__type_support.cpp.o[0m
[ 20%] [32mBuilding CXX object CMakeFiles/sbg_driver__rosidl_typesupport_cpp.dir/rosidl_typesupport_cpp/sbg_driver/msg/sbg_ekf_euler__type_support.cpp.o[0m
[ 20%] [32mBuilding CXX object CMakeFiles/sbg_driver__rosidl_typesupport_cpp.dir/rosidl_typesupport_cpp/sbg_driver/msg/sbg_gps_pos__type_support.cpp.o[0m
[ 20%] [32mBuilding CXX object CMakeFiles/sbg_driver__rosidl_typesupport_cpp.dir/rosidl_typesupport_cpp/sbg_driver/msg/sbg_mag__type_support.cpp.o[0m
[ 20%] [32mBuilding CXX object CMakeFiles/sbg_driver__rosidl_typesupport_cpp.dir/rosidl_typesupport_cpp/sbg_driver/msg/sbg_status_com__type_support.cpp.o[0m
[ 21%] [32mBuilding CXX object CMakeFiles/sbg_driver__rosidl_typesupport_cpp.dir/rosidl_typesupport_cpp/sbg_driver/msg/sbg_ekf_nav__type_support.cpp.o[0m
[ 21%] [32mBuilding CXX object CMakeFiles/sbg_driver__rosidl_typesupport_cpp.dir/rosidl_typesupport_cpp/sbg_driver/msg/sbg_gps_raw__type_support.cpp.o[0m
[ 21%] [32mBuilding CXX object CMakeFiles/sbg_driver__rosidl_typesupport_cpp.dir/rosidl_typesupport_cpp/sbg_driver/msg/sbg_odo_vel__type_support.cpp.o[0m
[ 22%] [32mBuilding CXX object CMakeFiles/sbg_driver__rosidl_typesupport_cpp.dir/rosidl_typesupport_cpp/sbg_driver/msg/sbg_status_general__type_support.cpp.o[0m
[ 22%] [32mBuilding CXX object CMakeFiles/sbg_driver__rosidl_typesupport_cpp.dir/rosidl_typesupport_cpp/sbg_driver/msg/sbg_ekf_quat__type_support.cpp.o[0m
[ 22%] [32mBuilding CXX object CMakeFiles/sbg_driver__rosidl_typesupport_cpp.dir/rosidl_typesupport_cpp/sbg_driver/msg/sbg_gps_vel__type_support.cpp.o[0m
[ 22%] [32mBuilding CXX object CMakeFiles/sbg_driver__rosidl_typesupport_cpp.dir/rosidl_typesupport_cpp/sbg_driver/msg/sbg_status__type_support.cpp.o[0m
[ 23%] [32mBuilding CXX object CMakeFiles/sbg_driver__rosidl_typesupport_cpp.dir/rosidl_typesupport_cpp/sbg_driver/msg/sbg_event__type_support.cpp.o[0m
[ 23%] [32mBuilding CXX object CMakeFiles/sbg_driver__rosidl_typesupport_cpp.dir/rosidl_typesupport_cpp/sbg_driver/msg/sbg_imu_status__type_support.cpp.o[0m
[ 23%] [32mBuilding CXX object CMakeFiles/sbg_driver__rosidl_typesupport_cpp.dir/rosidl_typesupport_cpp/sbg_driver/msg/sbg_imu_data__type_support.cpp.o[0m
[ 24%] [32mBuilding CXX object CMakeFiles/sbg_driver__rosidl_typesupport_cpp.dir/rosidl_typesupport_cpp/sbg_driver/msg/sbg_imu_short__type_support.cpp.o[0m
[ 24%] [32mBuilding CXX object CMakeFiles/sbg_driver__rosidl_typesupport_cpp.dir/rosidl_typesupport_cpp/sbg_driver/msg/sbg_ship_motion__type_support.cpp.o[0m
[ 24%] [32mBuilding CXX object CMakeFiles/sbg_driver__rosidl_typesupport_cpp.dir/rosidl_typesupport_cpp/sbg_driver/msg/sbg_utc_time__type_support.cpp.o[0m
[ 25%] [32mBuilding CXX object CMakeFiles/sbg_driver__rosidl_typesupport_cpp.dir/rosidl_typesupport_cpp/sbg_driver/msg/sbg_gps_hdt__type_support.cpp.o[0m
[ 25%] [32mBuilding CXX object CMakeFiles/sbg_driver__rosidl_typesupport_cpp.dir/rosidl_typesupport_cpp/sbg_driver/msg/sbg_mag_calib__type_support.cpp.o[0m
[ 25%] [32mBuilding CXX object CMakeFiles/sbg_driver__rosidl_typesupport_cpp.dir/rosidl_typesupport_cpp/sbg_driver/msg/sbg_status_aiding__type_support.cpp.o[0m
[ 25%] [32mBuilding CXX object CMakeFiles/sbg_driver__rosidl_typesupport_cpp.dir/rosidl_typesupport_cpp/sbg_driver/msg/sbg_ekf_status__type_support.cpp.o[0m
[ 26%] [32mBuilding CXX object CMakeFiles/sbg_driver__rosidl_typesupport_cpp.dir/rosidl_typesupport_cpp/sbg_driver/msg/sbg_ekf_vel_body__type_support.cpp.o[0m
[ 26%] [32mBuilding CXX object CMakeFiles/sbg_driver__rosidl_typesupport_cpp.dir/rosidl_typesupport_cpp/sbg_driver/msg/sbg_ekf_rot_accel__type_support.cpp.o[0m
[ 27%] [34m[1mGenerating C++ type support for eProsima Fast-RTPS[0m
[ 27%] [32m[1mLinking CXX shared library libsbg_driver__rosidl_typesupport_cpp.so[0m
[ 27%] Built target sbg_driver__rosidl_typesupport_cpp
[ 27%] [32mBuilding CXX object CMakeFiles/sbg_driver__rosidl_typesupport_fastrtps_cpp.dir/rosidl_typesupport_fastrtps_cpp/sbg_driver/msg/detail/dds_fastrtps/sbg_gps_vel_status__type_support.cpp.o[0m
[ 27%] [32mBuilding CXX object CMakeFiles/sbg_driver__rosidl_typesupport_fastrtps_cpp.dir/rosidl_typesupport_fastrtps_cpp/sbg_driver/msg/detail/dds_fastrtps/sbg_gps_pos_status__type_support.cpp.o[0m
[ 28%] [32mBuilding CXX object CMakeFiles/sbg_driver__rosidl_typesupport_fastrtps_cpp.dir/rosidl_typesupport_fastrtps_cpp/sbg_driver/msg/detail/dds_fastrtps/sbg_mag_status__type_support.cpp.o[0m
[ 28%] [32mBuilding CXX object CMakeFiles/sbg_driver__rosidl_typesupport_fastrtps_cpp.dir/rosidl_typesupport_fastrtps_cpp/sbg_driver/msg/detail/dds_fastrtps/sbg_ship_motion_status__type_support.cpp.o[0m
[ 28%] [32mBuilding CXX object CMakeFiles/sbg_driver__rosidl_typesupport_fastrtps_cpp.dir/rosidl_typesupport_fastrtps_cpp/sbg_driver/msg/detail/dds_fastrtps/sbg_utc_time_status__type_support.cpp.o[0m
[ 28%] [32mBuilding CXX object CMakeFiles/sbg_driver__rosidl_typesupport_fastrtps_cpp.dir/rosidl_typesupport_fastrtps_cpp/sbg_driver/msg/detail/dds_fastrtps/sbg_air_data__type_support.cpp.o[0m
[ 29%] [32mBuilding CXX object CMakeFiles/sbg_driver__rosidl_typesupport_fastrtps_cpp.dir/rosidl_typesupport_fastrtps_cpp/sbg_driver/msg/detail/dds_fastrtps/sbg_air_data_status__type_support.cpp.o[0m
[ 29%] [32mBuilding CXX object CMakeFiles/sbg_driver__rosidl_typesupport_fastrtps_cpp.dir/rosidl_typesupport_fastrtps_cpp/sbg_driver/msg/detail/dds_fastrtps/sbg_ekf_euler__type_support.cpp.o[0m
[ 29%] [32mBuilding CXX object CMakeFiles/sbg_driver__rosidl_typesupport_fastrtps_cpp.dir/rosidl_typesupport_fastrtps_cpp/sbg_driver/msg/detail/dds_fastrtps/sbg_gps_pos__type_support.cpp.o[0m
[ 30%] [32mBuilding CXX object CMakeFiles/sbg_driver__rosidl_typesupport_fastrtps_cpp.dir/rosidl_typesupport_fastrtps_cpp/sbg_driver/msg/detail/dds_fastrtps/sbg_mag__type_support.cpp.o[0m
[ 30%] [32mBuilding CXX object CMakeFiles/sbg_driver__rosidl_typesupport_fastrtps_cpp.dir/rosidl_typesupport_fastrtps_cpp/sbg_driver/msg/detail/dds_fastrtps/sbg_status_com__type_support.cpp.o[0m
[ 30%] [32mBuilding CXX object CMakeFiles/sbg_driver__rosidl_typesupport_fastrtps_cpp.dir/rosidl_typesupport_fastrtps_cpp/sbg_driver/msg/detail/dds_fastrtps/sbg_ekf_nav__type_support.cpp.o[0m
[ 31%] [32mBuilding CXX object CMakeFiles/sbg_driver__rosidl_typesupport_fastrtps_cpp.dir/rosidl_typesupport_fastrtps_cpp/sbg_driver/msg/detail/dds_fastrtps/sbg_gps_raw__type_support.cpp.o[0m
[ 31%] [32mBuilding CXX object CMakeFiles/sbg_driver__rosidl_typesupport_fastrtps_cpp.dir/rosidl_typesupport_fastrtps_cpp/sbg_driver/msg/detail/dds_fastrtps/sbg_odo_vel__type_support.cpp.o[0m
[ 31%] [32mBuilding CXX object CMakeFiles/sbg_driver__rosidl_typesupport_fastrtps_cpp.dir/rosidl_typesupport_fastrtps_cpp/sbg_driver/msg/detail/dds_fastrtps/sbg_status_general__type_support.cpp.o[0m
[ 31%] [32mBuilding CXX object CMakeFiles/sbg_driver__rosidl_typesupport_fastrtps_cpp.dir/rosidl_typesupport_fastrtps_cpp/sbg_driver/msg/detail/dds_fastrtps/sbg_ekf_quat__type_support.cpp.o[0m
[ 32%] [32mBuilding CXX object CMakeFiles/sbg_driver__rosidl_typesupport_fastrtps_cpp.dir/rosidl_typesupport_fastrtps_cpp/sbg_driver/msg/detail/dds_fastrtps/sbg_gps_vel__type_support.cpp.o[0m
[ 32%] [32mBuilding CXX object CMakeFiles/sbg_driver__rosidl_typesupport_fastrtps_cpp.dir/rosidl_typesupport_fastrtps_cpp/sbg_driver/msg/detail/dds_fastrtps/sbg_status__type_support.cpp.o[0m
[ 32%] [32mBuilding CXX object CMakeFiles/sbg_driver__rosidl_typesupport_fastrtps_cpp.dir/rosidl_typesupport_fastrtps_cpp/sbg_driver/msg/detail/dds_fastrtps/sbg_event__type_support.cpp.o[0m
[ 33%] [32mBuilding CXX object CMakeFiles/sbg_driver__rosidl_typesupport_fastrtps_cpp.dir/rosidl_typesupport_fastrtps_cpp/sbg_driver/msg/detail/dds_fastrtps/sbg_imu_status__type_support.cpp.o[0m
[ 33%] [32mBuilding CXX object CMakeFiles/sbg_driver__rosidl_typesupport_fastrtps_cpp.dir/rosidl_typesupport_fastrtps_cpp/sbg_driver/msg/detail/dds_fastrtps/sbg_imu_data__type_support.cpp.o[0m
[ 33%] [32mBuilding CXX object CMakeFiles/sbg_driver__rosidl_typesupport_fastrtps_cpp.dir/rosidl_typesupport_fastrtps_cpp/sbg_driver/msg/detail/dds_fastrtps/sbg_imu_short__type_support.cpp.o[0m
[ 34%] [32mBuilding CXX object CMakeFiles/sbg_driver__rosidl_typesupport_fastrtps_cpp.dir/rosidl_typesupport_fastrtps_cpp/sbg_driver/msg/detail/dds_fastrtps/sbg_ship_motion__type_support.cpp.o[0m
[ 34%] [32mBuilding CXX object CMakeFiles/sbg_driver__rosidl_typesupport_fastrtps_cpp.dir/rosidl_typesupport_fastrtps_cpp/sbg_driver/msg/detail/dds_fastrtps/sbg_utc_time__type_support.cpp.o[0m
[ 34%] [32mBuilding CXX object CMakeFiles/sbg_driver__rosidl_typesupport_fastrtps_cpp.dir/rosidl_typesupport_fastrtps_cpp/sbg_driver/msg/detail/dds_fastrtps/sbg_gps_hdt__type_support.cpp.o[0m
[ 34%] [32mBuilding CXX object CMakeFiles/sbg_driver__rosidl_typesupport_fastrtps_cpp.dir/rosidl_typesupport_fastrtps_cpp/sbg_driver/msg/detail/dds_fastrtps/sbg_mag_calib__type_support.cpp.o[0m
[ 35%] [32mBuilding CXX object CMakeFiles/sbg_driver__rosidl_typesupport_fastrtps_cpp.dir/rosidl_typesupport_fastrtps_cpp/sbg_driver/msg/detail/dds_fastrtps/sbg_status_aiding__type_support.cpp.o[0m
[ 35%] [32mBuilding CXX object CMakeFiles/sbg_driver__rosidl_typesupport_fastrtps_cpp.dir/rosidl_typesupport_fastrtps_cpp/sbg_driver/msg/detail/dds_fastrtps/sbg_ekf_status__type_support.cpp.o[0m
[ 35%] [32mBuilding CXX object CMakeFiles/sbg_driver__rosidl_typesupport_fastrtps_cpp.dir/rosidl_typesupport_fastrtps_cpp/sbg_driver/msg/detail/dds_fastrtps/sbg_ekf_vel_body__type_support.cpp.o[0m
[ 36%] [32mBuilding CXX object CMakeFiles/sbg_driver__rosidl_typesupport_fastrtps_cpp.dir/rosidl_typesupport_fastrtps_cpp/sbg_driver/msg/detail/dds_fastrtps/sbg_ekf_rot_accel__type_support.cpp.o[0m
[ 36%] [32m[1mLinking CXX shared library libsbg_driver__rosidl_typesupport_fastrtps_cpp.so[0m
[ 36%] Built target sbg_driver__rosidl_typesupport_fastrtps_cpp
[ 36%] [34m[1mGenerating C++ introspection for ROS interfaces[0m
