[0.081s] Invoking command in '/workspaces/mavlab/build/sbg_driver': CMAKE_PREFIX_PATH=${CMAKE_PREFIX_PATH}:/opt/ros/humble /usr/bin/cmake /workspaces/mavlab/ros2_ws/src/sbg_ros2_driver -DCMAKE_INSTALL_PREFIX=/workspaces/mavlab/install/sbg_driver
[0.564s] -- The C compiler identification is GNU 11.4.0
[0.970s] -- The CXX compiler identification is GNU 11.4.0
[1.009s] -- Detecting C compiler ABI info
[1.837s] -- Detecting C compiler ABI info - done
[1.927s] -- Check for working C compiler: /usr/bin/cc - skipped
[1.940s] -- Detecting C compile features
[1.943s] -- Detecting C compile features - done
[1.988s] -- Detecting CXX compiler ABI info
[3.033s] -- Detecting CXX compiler ABI info - done
[3.080s] -- Check for working CXX compiler: /usr/bin/c++ - skipped
[3.081s] -- Detecting CXX compile features
[3.083s] -- Detecting CXX compile features - done
[3.105s] -- Found ament_cmake: 1.3.10 (/opt/ros/humble/share/ament_cmake/cmake)
[4.998s] -- Found Python3: /usr/bin/python3 (found version "3.10.12") found components: Interpreter 
[6.712s] -- Found rclcpp: 16.0.10 (/opt/ros/humble/share/rclcpp/cmake)
[7.480s] -- Found rosidl_generator_c: 3.1.5 (/opt/ros/humble/share/rosidl_generator_c/cmake)
[7.603s] -- Found rosidl_adapter: 3.1.5 (/opt/ros/humble/share/rosidl_adapter/cmake)
[7.763s] -- Found rosidl_generator_cpp: 3.1.5 (/opt/ros/humble/share/rosidl_generator_cpp/cmake)
[8.027s] -- Using all available rosidl_typesupport_c: rosidl_typesupport_fastrtps_c;rosidl_typesupport_introspection_c
[8.434s] -- Using all available rosidl_typesupport_cpp: rosidl_typesupport_fastrtps_cpp;rosidl_typesupport_introspection_cpp
[9.580s] -- Found rmw_implementation_cmake: 6.1.2 (/opt/ros/humble/share/rmw_implementation_cmake/cmake)
[9.643s] -- Found rmw_fastrtps_cpp: 6.2.7 (/opt/ros/humble/share/rmw_fastrtps_cpp/cmake)
[11.175s] -- Found OpenSSL: /usr/lib/aarch64-linux-gnu/libcrypto.so (found version "3.0.2")  
[11.516s] -- Found FastRTPS: /opt/ros/humble/include  
[12.111s] -- Using RMW implementation 'rmw_fastrtps_cpp' as default
[12.333s] -- Looking for pthread.h
[13.395s] -- Looking for pthread.h - found
[13.396s] -- Performing Test CMAKE_HAVE_LIBC_PTHREAD
[14.730s] -- Performing Test CMAKE_HAVE_LIBC_PTHREAD - Success
[14.746s] -- Found Threads: TRUE  
[15.874s] -- Found sensor_msgs: 4.2.4 (/opt/ros/humble/share/sensor_msgs/cmake)
[16.657s] -- Found std_srvs: 4.2.4 (/opt/ros/humble/share/std_srvs/cmake)
[16.969s] -- Found rosidl_default_generators: 1.2.0 (/opt/ros/humble/share/rosidl_default_generators/cmake)
[17.184s] -- Found nav_msgs: 4.2.4 (/opt/ros/humble/share/nav_msgs/cmake)
[17.579s] -- Found rtcm_msgs: 1.1.6 (/opt/ros/humble/share/rtcm_msgs/cmake)
[17.944s] -- Found tf2_ros: 0.25.7 (/opt/ros/humble/share/tf2_ros/cmake)
[21.648s] -- Found tf2_geometry_msgs: 0.25.7 (/opt/ros/humble/share/tf2_geometry_msgs/cmake)
[22.269s] -- Found eigen3_cmake_module: 0.1.1 (/opt/ros/humble/share/eigen3_cmake_module/cmake)
[22.290s] -- Found Eigen3: TRUE (found version "3.4.0") 
[22.293s] -- Ensuring Eigen3 include directory is part of orocos-kdl CMake target
[22.423s] -- Found nmea_msgs: 2.0.0 (/opt/ros/humble/share/nmea_msgs/cmake)
[34.390s] -- Found ament_cmake_ros: 0.10.0 (/opt/ros/humble/share/ament_cmake_ros/cmake)
[39.539s] -- Using all available rosidl_typesupport_c: rosidl_typesupport_fastrtps_c;rosidl_typesupport_introspection_c
[40.907s] -- Using all available rosidl_typesupport_cpp: rosidl_typesupport_fastrtps_cpp;rosidl_typesupport_introspection_cpp
[41.151s] -- Found PythonInterp: /usr/bin/python3 (found suitable version "3.10.12", minimum required is "3.6") 
[41.167s] -- Found python_cmake_module: 0.10.0 (/opt/ros/humble/share/python_cmake_module/cmake)
[41.468s] -- Found PythonLibs: /usr/lib/aarch64-linux-gnu/libpython3.10.so (found suitable version "3.10.12", minimum required is "3.5") 
[41.470s] -- Using PYTHON_EXECUTABLE: /usr/bin/python3
[41.472s] -- Using PYTHON_INCLUDE_DIRS: /usr/include/python3.10
[41.474s] -- Using PYTHON_LIBRARIES: /usr/lib/aarch64-linux-gnu/libpython3.10.so
[41.771s] -- Found PythonExtra: .so  
[42.338s] [0mdeprecated definitions, macros and enum values enabled[0m
[42.582s] -- Configuring done
[43.527s] -- Generating done
[43.544s] -- Build files have been written to: /workspaces/mavlab/build/sbg_driver
[43.619s] Invoked command in '/workspaces/mavlab/build/sbg_driver' returned '0': CMAKE_PREFIX_PATH=${CMAKE_PREFIX_PATH}:/opt/ros/humble /usr/bin/cmake /workspaces/mavlab/ros2_ws/src/sbg_ros2_driver -DCMAKE_INSTALL_PREFIX=/workspaces/mavlab/install/sbg_driver
[43.621s] Invoking command in '/workspaces/mavlab/build/sbg_driver': CMAKE_PREFIX_PATH=${CMAKE_PREFIX_PATH}:/opt/ros/humble /usr/bin/cmake --build /workspaces/mavlab/build/sbg_driver -- -j4 -l4
[44.046s] [  1%] [34m[1mGenerating C++ code for ROS interfaces[0m
[81.817s] [  1%] Built target sbg_driver__cpp
[82.023s] [  1%] [32mBuilding C object external/sbgECom/CMakeFiles/sbgECom.dir/common/crc/sbgCrc.c.o[0m
[82.570s] [  1%] [32mBuilding C object external/sbgECom/CMakeFiles/sbgECom.dir/common/debug/sbgDebug.c.o[0m
[83.050s] [  1%] [32mBuilding C object external/sbgECom/CMakeFiles/sbgECom.dir/common/interfaces/sbgInterface.c.o[0m
[83.507s] [  2%] [32mBuilding C object external/sbgECom/CMakeFiles/sbgECom.dir/common/interfaces/sbgInterfaceFile.c.o[0m
[84.050s] [  2%] [32mBuilding C object external/sbgECom/CMakeFiles/sbgECom.dir/common/interfaces/sbgInterfaceSerialUnix.c.o[0m
[84.624s] [  2%] [32mBuilding C object external/sbgECom/CMakeFiles/sbgECom.dir/common/interfaces/sbgInterfaceUdp.c.o[0m
[85.114s] [  3%] [32mBuilding C object external/sbgECom/CMakeFiles/sbgECom.dir/common/network/sbgNetwork.c.o[0m
[85.580s] [  3%] [32mBuilding C object external/sbgECom/CMakeFiles/sbgECom.dir/common/platform/sbgPlatform.c.o[0m
[85.904s] [  3%] [32mBuilding C object external/sbgECom/CMakeFiles/sbgECom.dir/common/splitBuffer/sbgSplitBuffer.c.o[0m
[86.256s] [  3%] [32mBuilding C object external/sbgECom/CMakeFiles/sbgECom.dir/common/streamBuffer/sbgStreamBuffer.c.o[0m
[86.719s] [  4%] [32mBuilding C object external/sbgECom/CMakeFiles/sbgECom.dir/common/string/sbgString.c.o[0m
[87.700s] [  4%] [32mBuilding C object external/sbgECom/CMakeFiles/sbgECom.dir/common/swap/sbgSwap.c.o[0m
[87.959s] [  4%] [32mBuilding C object external/sbgECom/CMakeFiles/sbgECom.dir/common/version/sbgVersion.c.o[0m
[88.543s] [  5%] [32mBuilding C object external/sbgECom/CMakeFiles/sbgECom.dir/src/commands/sbgEComCmdAdvanced.c.o[0m
[89.267s] [  5%] [32mBuilding C object external/sbgECom/CMakeFiles/sbgECom.dir/src/commands/sbgEComCmdAirData.c.o[0m
[89.919s] [  5%] [32mBuilding C object external/sbgECom/CMakeFiles/sbgECom.dir/src/commands/sbgEComCmdApi.c.o[0m
[90.531s] [  6%] [32mBuilding C object external/sbgECom/CMakeFiles/sbgECom.dir/src/commands/sbgEComCmdCommon.c.o[0m
[91.144s] [  6%] [32mBuilding C object external/sbgECom/CMakeFiles/sbgECom.dir/src/commands/sbgEComCmdDvl.c.o[0m
[91.726s] [  6%] [32mBuilding C object external/sbgECom/CMakeFiles/sbgECom.dir/src/commands/sbgEComCmdEthernet.c.o[0m
[92.332s] [  6%] [32mBuilding C object external/sbgECom/CMakeFiles/sbgECom.dir/src/commands/sbgEComCmdEvent.c.o[0m
[92.815s] [  7%] [32mBuilding C object external/sbgECom/CMakeFiles/sbgECom.dir/src/commands/sbgEComCmdFeatures.c.o[0m
[93.296s] [  7%] [32mBuilding C object external/sbgECom/CMakeFiles/sbgECom.dir/src/commands/sbgEComCmdGnss.c.o[0m
[94.002s] [  7%] [32mBuilding C object external/sbgECom/CMakeFiles/sbgECom.dir/src/commands/sbgEComCmdInfo.c.o[0m
[94.440s] [  8%] [32mBuilding C object external/sbgECom/CMakeFiles/sbgECom.dir/src/commands/sbgEComCmdInterface.c.o[0m
[94.872s] [  8%] [32mBuilding C object external/sbgECom/CMakeFiles/sbgECom.dir/src/commands/sbgEComCmdLicense.c.o[0m
[95.116s] [  8%] [32mBuilding C object external/sbgECom/CMakeFiles/sbgECom.dir/src/commands/sbgEComCmdMag.c.o[0m
[95.462s] [  9%] [32mBuilding C object external/sbgECom/CMakeFiles/sbgECom.dir/src/commands/sbgEComCmdOdo.c.o[0m
[95.848s] [  9%] [32mBuilding C object external/sbgECom/CMakeFiles/sbgECom.dir/src/commands/sbgEComCmdOutput.c.o[0m
[96.643s] [  9%] [32mBuilding C object external/sbgECom/CMakeFiles/sbgECom.dir/src/commands/sbgEComCmdSensor.c.o[0m
[97.519s] [  9%] [32mBuilding C object external/sbgECom/CMakeFiles/sbgECom.dir/src/commands/sbgEComCmdSettings.c.o[0m
[97.812s] [ 10%] [32mBuilding C object external/sbgECom/CMakeFiles/sbgECom.dir/src/defs/sbgEComDefsGnss.c.o[0m
[98.031s] [ 10%] [32mBuilding C object external/sbgECom/CMakeFiles/sbgECom.dir/src/logs/sbgEComLog.c.o[0m
[98.316s] [ 10%] [32mBuilding C object external/sbgECom/CMakeFiles/sbgECom.dir/src/logs/sbgEComLogAirData.c.o[0m
[98.613s] [ 11%] [32mBuilding C object external/sbgECom/CMakeFiles/sbgECom.dir/src/logs/sbgEComLogDepth.c.o[0m
[98.907s] [ 11%] [32mBuilding C object external/sbgECom/CMakeFiles/sbgECom.dir/src/logs/sbgEComLogDiag.c.o[0m
[99.206s] [ 11%] [32mBuilding C object external/sbgECom/CMakeFiles/sbgECom.dir/src/logs/sbgEComLogDvl.c.o[0m
[99.496s] [ 11%] [32mBuilding C object external/sbgECom/CMakeFiles/sbgECom.dir/src/logs/sbgEComLogEkf.c.o[0m
[99.853s] [ 12%] [32mBuilding C object external/sbgECom/CMakeFiles/sbgECom.dir/src/logs/sbgEComLogEkfRotAccel.c.o[0m
[100.134s] [ 12%] [32mBuilding C object external/sbgECom/CMakeFiles/sbgECom.dir/src/logs/sbgEComLogEvent.c.o[0m
[100.421s] [ 12%] [32mBuilding C object external/sbgECom/CMakeFiles/sbgECom.dir/src/logs/sbgEComLogGnssHdt.c.o[0m
[100.767s] [ 13%] [32mBuilding C object external/sbgECom/CMakeFiles/sbgECom.dir/src/logs/sbgEComLogGnssPos.c.o[0m
[102.133s] [ 13%] [32mBuilding C object external/sbgECom/CMakeFiles/sbgECom.dir/src/logs/sbgEComLogGnssVel.c.o[0m
[102.447s] [ 13%] [32mBuilding C object external/sbgECom/CMakeFiles/sbgECom.dir/src/logs/sbgEComLogImu.c.o[0m
[102.818s] [ 14%] [32mBuilding C object external/sbgECom/CMakeFiles/sbgECom.dir/src/logs/sbgEComLogMag.c.o[0m
[103.136s] [ 14%] [32mBuilding C object external/sbgECom/CMakeFiles/sbgECom.dir/src/logs/sbgEComLogOdometer.c.o[0m
[103.450s] [ 14%] [32mBuilding C object external/sbgECom/CMakeFiles/sbgECom.dir/src/logs/sbgEComLogRawData.c.o[0m
[103.708s] [ 14%] [32mBuilding C object external/sbgECom/CMakeFiles/sbgECom.dir/src/logs/sbgEComLogSat.c.o[0m
[104.104s] [ 15%] [32mBuilding C object external/sbgECom/CMakeFiles/sbgECom.dir/src/logs/sbgEComLogShipMotion.c.o[0m
[104.387s] [ 15%] [32mBuilding C object external/sbgECom/CMakeFiles/sbgECom.dir/src/logs/sbgEComLogStatus.c.o[0m
[104.672s] [ 15%] [32mBuilding C object external/sbgECom/CMakeFiles/sbgECom.dir/src/logs/sbgEComLogUsbl.c.o[0m
[104.966s] [ 16%] [32mBuilding C object external/sbgECom/CMakeFiles/sbgECom.dir/src/logs/sbgEComLogUtc.c.o[0m
[105.317s] [ 16%] [32mBuilding C object external/sbgECom/CMakeFiles/sbgECom.dir/src/protocol/sbgEComProtocol.c.o[0m
[105.824s] [ 16%] [32mBuilding C object external/sbgECom/CMakeFiles/sbgECom.dir/src/sbgECom.c.o[0m
[106.120s] [ 17%] [32mBuilding C object external/sbgECom/CMakeFiles/sbgECom.dir/src/sbgEComGetVersion.c.o[0m
[106.803s] [ 17%] [32mBuilding C object external/sbgECom/CMakeFiles/sbgECom.dir/src/transfer/sbgEComTransfer.c.o[0m
[108.234s] [ 17%] [32m[1mLinking C static library libsbgECom.a[0m
[109.475s] [ 17%] Built target sbgECom
[109.517s] [ 17%] [34m[1mGenerating C++ type support dispatch for ROS interfaces[0m
[134.606s] [ 17%] [32mBuilding CXX object CMakeFiles/sbg_driver__rosidl_typesupport_cpp.dir/rosidl_typesupport_cpp/sbg_driver/msg/sbg_gps_vel_status__type_support.cpp.o[0m
[135.892s] [ 18%] [32mBuilding CXX object CMakeFiles/sbg_driver__rosidl_typesupport_cpp.dir/rosidl_typesupport_cpp/sbg_driver/msg/sbg_gps_pos_status__type_support.cpp.o[0m
[137.171s] [ 18%] [32mBuilding CXX object CMakeFiles/sbg_driver__rosidl_typesupport_cpp.dir/rosidl_typesupport_cpp/sbg_driver/msg/sbg_mag_status__type_support.cpp.o[0m
[138.428s] [ 18%] [32mBuilding CXX object CMakeFiles/sbg_driver__rosidl_typesupport_cpp.dir/rosidl_typesupport_cpp/sbg_driver/msg/sbg_ship_motion_status__type_support.cpp.o[0m
[139.658s] [ 19%] [32mBuilding CXX object CMakeFiles/sbg_driver__rosidl_typesupport_cpp.dir/rosidl_typesupport_cpp/sbg_driver/msg/sbg_utc_time_status__type_support.cpp.o[0m
[140.897s] [ 19%] [32mBuilding CXX object CMakeFiles/sbg_driver__rosidl_typesupport_cpp.dir/rosidl_typesupport_cpp/sbg_driver/msg/sbg_air_data__type_support.cpp.o[0m
[142.149s] [ 19%] [32mBuilding CXX object CMakeFiles/sbg_driver__rosidl_typesupport_cpp.dir/rosidl_typesupport_cpp/sbg_driver/msg/sbg_air_data_status__type_support.cpp.o[0m
[143.427s] [ 20%] [32mBuilding CXX object CMakeFiles/sbg_driver__rosidl_typesupport_cpp.dir/rosidl_typesupport_cpp/sbg_driver/msg/sbg_ekf_euler__type_support.cpp.o[0m
[144.691s] [ 20%] [32mBuilding CXX object CMakeFiles/sbg_driver__rosidl_typesupport_cpp.dir/rosidl_typesupport_cpp/sbg_driver/msg/sbg_gps_pos__type_support.cpp.o[0m
[145.953s] [ 20%] [32mBuilding CXX object CMakeFiles/sbg_driver__rosidl_typesupport_cpp.dir/rosidl_typesupport_cpp/sbg_driver/msg/sbg_mag__type_support.cpp.o[0m
[147.188s] [ 20%] [32mBuilding CXX object CMakeFiles/sbg_driver__rosidl_typesupport_cpp.dir/rosidl_typesupport_cpp/sbg_driver/msg/sbg_status_com__type_support.cpp.o[0m
[148.426s] [ 21%] [32mBuilding CXX object CMakeFiles/sbg_driver__rosidl_typesupport_cpp.dir/rosidl_typesupport_cpp/sbg_driver/msg/sbg_ekf_nav__type_support.cpp.o[0m
[149.665s] [ 21%] [32mBuilding CXX object CMakeFiles/sbg_driver__rosidl_typesupport_cpp.dir/rosidl_typesupport_cpp/sbg_driver/msg/sbg_gps_raw__type_support.cpp.o[0m
[150.897s] [ 21%] [32mBuilding CXX object CMakeFiles/sbg_driver__rosidl_typesupport_cpp.dir/rosidl_typesupport_cpp/sbg_driver/msg/sbg_odo_vel__type_support.cpp.o[0m
[152.159s] [ 22%] [32mBuilding CXX object CMakeFiles/sbg_driver__rosidl_typesupport_cpp.dir/rosidl_typesupport_cpp/sbg_driver/msg/sbg_status_general__type_support.cpp.o[0m
[153.398s] [ 22%] [32mBuilding CXX object CMakeFiles/sbg_driver__rosidl_typesupport_cpp.dir/rosidl_typesupport_cpp/sbg_driver/msg/sbg_ekf_quat__type_support.cpp.o[0m
[154.662s] [ 22%] [32mBuilding CXX object CMakeFiles/sbg_driver__rosidl_typesupport_cpp.dir/rosidl_typesupport_cpp/sbg_driver/msg/sbg_gps_vel__type_support.cpp.o[0m
[155.913s] [ 22%] [32mBuilding CXX object CMakeFiles/sbg_driver__rosidl_typesupport_cpp.dir/rosidl_typesupport_cpp/sbg_driver/msg/sbg_status__type_support.cpp.o[0m
[157.202s] [ 23%] [32mBuilding CXX object CMakeFiles/sbg_driver__rosidl_typesupport_cpp.dir/rosidl_typesupport_cpp/sbg_driver/msg/sbg_event__type_support.cpp.o[0m
[158.491s] [ 23%] [32mBuilding CXX object CMakeFiles/sbg_driver__rosidl_typesupport_cpp.dir/rosidl_typesupport_cpp/sbg_driver/msg/sbg_imu_status__type_support.cpp.o[0m
[159.789s] [ 23%] [32mBuilding CXX object CMakeFiles/sbg_driver__rosidl_typesupport_cpp.dir/rosidl_typesupport_cpp/sbg_driver/msg/sbg_imu_data__type_support.cpp.o[0m
[160.998s] [ 24%] [32mBuilding CXX object CMakeFiles/sbg_driver__rosidl_typesupport_cpp.dir/rosidl_typesupport_cpp/sbg_driver/msg/sbg_imu_short__type_support.cpp.o[0m
[162.258s] [ 24%] [32mBuilding CXX object CMakeFiles/sbg_driver__rosidl_typesupport_cpp.dir/rosidl_typesupport_cpp/sbg_driver/msg/sbg_ship_motion__type_support.cpp.o[0m
[163.501s] [ 24%] [32mBuilding CXX object CMakeFiles/sbg_driver__rosidl_typesupport_cpp.dir/rosidl_typesupport_cpp/sbg_driver/msg/sbg_utc_time__type_support.cpp.o[0m
[164.727s] [ 25%] [32mBuilding CXX object CMakeFiles/sbg_driver__rosidl_typesupport_cpp.dir/rosidl_typesupport_cpp/sbg_driver/msg/sbg_gps_hdt__type_support.cpp.o[0m
[165.939s] [ 25%] [32mBuilding CXX object CMakeFiles/sbg_driver__rosidl_typesupport_cpp.dir/rosidl_typesupport_cpp/sbg_driver/msg/sbg_mag_calib__type_support.cpp.o[0m
[167.144s] [ 25%] [32mBuilding CXX object CMakeFiles/sbg_driver__rosidl_typesupport_cpp.dir/rosidl_typesupport_cpp/sbg_driver/msg/sbg_status_aiding__type_support.cpp.o[0m
[168.386s] [ 25%] [32mBuilding CXX object CMakeFiles/sbg_driver__rosidl_typesupport_cpp.dir/rosidl_typesupport_cpp/sbg_driver/msg/sbg_ekf_status__type_support.cpp.o[0m
[169.583s] [ 26%] [32mBuilding CXX object CMakeFiles/sbg_driver__rosidl_typesupport_cpp.dir/rosidl_typesupport_cpp/sbg_driver/msg/sbg_ekf_vel_body__type_support.cpp.o[0m
[170.792s] [ 26%] [32mBuilding CXX object CMakeFiles/sbg_driver__rosidl_typesupport_cpp.dir/rosidl_typesupport_cpp/sbg_driver/msg/sbg_ekf_rot_accel__type_support.cpp.o[0m
[171.667s] [ 27%] [34m[1mGenerating C++ type support for eProsima Fast-RTPS[0m
[172.185s] [ 27%] [32m[1mLinking CXX shared library libsbg_driver__rosidl_typesupport_cpp.so[0m
[172.486s] [ 27%] Built target sbg_driver__rosidl_typesupport_cpp
[208.181s] [ 27%] [32mBuilding CXX object CMakeFiles/sbg_driver__rosidl_typesupport_fastrtps_cpp.dir/rosidl_typesupport_fastrtps_cpp/sbg_driver/msg/detail/dds_fastrtps/sbg_gps_vel_status__type_support.cpp.o[0m
[210.276s] [ 27%] [32mBuilding CXX object CMakeFiles/sbg_driver__rosidl_typesupport_fastrtps_cpp.dir/rosidl_typesupport_fastrtps_cpp/sbg_driver/msg/detail/dds_fastrtps/sbg_gps_pos_status__type_support.cpp.o[0m
[212.439s] [ 28%] [32mBuilding CXX object CMakeFiles/sbg_driver__rosidl_typesupport_fastrtps_cpp.dir/rosidl_typesupport_fastrtps_cpp/sbg_driver/msg/detail/dds_fastrtps/sbg_mag_status__type_support.cpp.o[0m
[214.484s] [ 28%] [32mBuilding CXX object CMakeFiles/sbg_driver__rosidl_typesupport_fastrtps_cpp.dir/rosidl_typesupport_fastrtps_cpp/sbg_driver/msg/detail/dds_fastrtps/sbg_ship_motion_status__type_support.cpp.o[0m
[216.382s] [ 28%] [32mBuilding CXX object CMakeFiles/sbg_driver__rosidl_typesupport_fastrtps_cpp.dir/rosidl_typesupport_fastrtps_cpp/sbg_driver/msg/detail/dds_fastrtps/sbg_utc_time_status__type_support.cpp.o[0m
[218.268s] [ 28%] [32mBuilding CXX object CMakeFiles/sbg_driver__rosidl_typesupport_fastrtps_cpp.dir/rosidl_typesupport_fastrtps_cpp/sbg_driver/msg/detail/dds_fastrtps/sbg_air_data__type_support.cpp.o[0m
[220.098s] [ 29%] [32mBuilding CXX object CMakeFiles/sbg_driver__rosidl_typesupport_fastrtps_cpp.dir/rosidl_typesupport_fastrtps_cpp/sbg_driver/msg/detail/dds_fastrtps/sbg_air_data_status__type_support.cpp.o[0m
[222.005s] [ 29%] [32mBuilding CXX object CMakeFiles/sbg_driver__rosidl_typesupport_fastrtps_cpp.dir/rosidl_typesupport_fastrtps_cpp/sbg_driver/msg/detail/dds_fastrtps/sbg_ekf_euler__type_support.cpp.o[0m
[224.124s] [ 29%] [32mBuilding CXX object CMakeFiles/sbg_driver__rosidl_typesupport_fastrtps_cpp.dir/rosidl_typesupport_fastrtps_cpp/sbg_driver/msg/detail/dds_fastrtps/sbg_gps_pos__type_support.cpp.o[0m
[226.850s] [ 30%] [32mBuilding CXX object CMakeFiles/sbg_driver__rosidl_typesupport_fastrtps_cpp.dir/rosidl_typesupport_fastrtps_cpp/sbg_driver/msg/detail/dds_fastrtps/sbg_mag__type_support.cpp.o[0m
[229.627s] [ 30%] [32mBuilding CXX object CMakeFiles/sbg_driver__rosidl_typesupport_fastrtps_cpp.dir/rosidl_typesupport_fastrtps_cpp/sbg_driver/msg/detail/dds_fastrtps/sbg_status_com__type_support.cpp.o[0m
[232.998s] [ 30%] [32mBuilding CXX object CMakeFiles/sbg_driver__rosidl_typesupport_fastrtps_cpp.dir/rosidl_typesupport_fastrtps_cpp/sbg_driver/msg/detail/dds_fastrtps/sbg_ekf_nav__type_support.cpp.o[0m
[237.007s] [ 31%] [32mBuilding CXX object CMakeFiles/sbg_driver__rosidl_typesupport_fastrtps_cpp.dir/rosidl_typesupport_fastrtps_cpp/sbg_driver/msg/detail/dds_fastrtps/sbg_gps_raw__type_support.cpp.o[0m
[240.618s] [ 31%] [32mBuilding CXX object CMakeFiles/sbg_driver__rosidl_typesupport_fastrtps_cpp.dir/rosidl_typesupport_fastrtps_cpp/sbg_driver/msg/detail/dds_fastrtps/sbg_odo_vel__type_support.cpp.o[0m
[243.732s] [ 31%] [32mBuilding CXX object CMakeFiles/sbg_driver__rosidl_typesupport_fastrtps_cpp.dir/rosidl_typesupport_fastrtps_cpp/sbg_driver/msg/detail/dds_fastrtps/sbg_status_general__type_support.cpp.o[0m
[246.809s] [ 31%] [32mBuilding CXX object CMakeFiles/sbg_driver__rosidl_typesupport_fastrtps_cpp.dir/rosidl_typesupport_fastrtps_cpp/sbg_driver/msg/detail/dds_fastrtps/sbg_ekf_quat__type_support.cpp.o[0m
[248.763s] [ 32%] [32mBuilding CXX object CMakeFiles/sbg_driver__rosidl_typesupport_fastrtps_cpp.dir/rosidl_typesupport_fastrtps_cpp/sbg_driver/msg/detail/dds_fastrtps/sbg_gps_vel__type_support.cpp.o[0m
[250.561s] [ 32%] [32mBuilding CXX object CMakeFiles/sbg_driver__rosidl_typesupport_fastrtps_cpp.dir/rosidl_typesupport_fastrtps_cpp/sbg_driver/msg/detail/dds_fastrtps/sbg_status__type_support.cpp.o[0m
[252.321s] [ 32%] [32mBuilding CXX object CMakeFiles/sbg_driver__rosidl_typesupport_fastrtps_cpp.dir/rosidl_typesupport_fastrtps_cpp/sbg_driver/msg/detail/dds_fastrtps/sbg_event__type_support.cpp.o[0m
[254.185s] [ 33%] [32mBuilding CXX object CMakeFiles/sbg_driver__rosidl_typesupport_fastrtps_cpp.dir/rosidl_typesupport_fastrtps_cpp/sbg_driver/msg/detail/dds_fastrtps/sbg_imu_status__type_support.cpp.o[0m
[256.048s] [ 33%] [32mBuilding CXX object CMakeFiles/sbg_driver__rosidl_typesupport_fastrtps_cpp.dir/rosidl_typesupport_fastrtps_cpp/sbg_driver/msg/detail/dds_fastrtps/sbg_imu_data__type_support.cpp.o[0m
[258.227s] [ 33%] [32mBuilding CXX object CMakeFiles/sbg_driver__rosidl_typesupport_fastrtps_cpp.dir/rosidl_typesupport_fastrtps_cpp/sbg_driver/msg/detail/dds_fastrtps/sbg_imu_short__type_support.cpp.o[0m
[260.277s] [ 34%] [32mBuilding CXX object CMakeFiles/sbg_driver__rosidl_typesupport_fastrtps_cpp.dir/rosidl_typesupport_fastrtps_cpp/sbg_driver/msg/detail/dds_fastrtps/sbg_ship_motion__type_support.cpp.o[0m
[262.025s] [ 34%] [32mBuilding CXX object CMakeFiles/sbg_driver__rosidl_typesupport_fastrtps_cpp.dir/rosidl_typesupport_fastrtps_cpp/sbg_driver/msg/detail/dds_fastrtps/sbg_utc_time__type_support.cpp.o[0m
[263.817s] [ 34%] [32mBuilding CXX object CMakeFiles/sbg_driver__rosidl_typesupport_fastrtps_cpp.dir/rosidl_typesupport_fastrtps_cpp/sbg_driver/msg/detail/dds_fastrtps/sbg_gps_hdt__type_support.cpp.o[0m
[265.579s] [ 34%] [32mBuilding CXX object CMakeFiles/sbg_driver__rosidl_typesupport_fastrtps_cpp.dir/rosidl_typesupport_fastrtps_cpp/sbg_driver/msg/detail/dds_fastrtps/sbg_mag_calib__type_support.cpp.o[0m
[267.406s] [ 35%] [32mBuilding CXX object CMakeFiles/sbg_driver__rosidl_typesupport_fastrtps_cpp.dir/rosidl_typesupport_fastrtps_cpp/sbg_driver/msg/detail/dds_fastrtps/sbg_status_aiding__type_support.cpp.o[0m
[269.300s] [ 35%] [32mBuilding CXX object CMakeFiles/sbg_driver__rosidl_typesupport_fastrtps_cpp.dir/rosidl_typesupport_fastrtps_cpp/sbg_driver/msg/detail/dds_fastrtps/sbg_ekf_status__type_support.cpp.o[0m
[271.287s] [ 35%] [32mBuilding CXX object CMakeFiles/sbg_driver__rosidl_typesupport_fastrtps_cpp.dir/rosidl_typesupport_fastrtps_cpp/sbg_driver/msg/detail/dds_fastrtps/sbg_ekf_vel_body__type_support.cpp.o[0m
[273.192s] [ 36%] [32mBuilding CXX object CMakeFiles/sbg_driver__rosidl_typesupport_fastrtps_cpp.dir/rosidl_typesupport_fastrtps_cpp/sbg_driver/msg/detail/dds_fastrtps/sbg_ekf_rot_accel__type_support.cpp.o[0m
[275.090s] [ 36%] [32m[1mLinking CXX shared library libsbg_driver__rosidl_typesupport_fastrtps_cpp.so[0m
[275.435s] [ 36%] Built target sbg_driver__rosidl_typesupport_fastrtps_cpp
[275.479s] [ 36%] [34m[1mGenerating C++ introspection for ROS interfaces[0m
