[0.088s] Invoking command in '/workspaces/mavlab/ros2_ws/build/micro_ros_msgs': CMAKE_PREFIX_PATH=${CMAKE_PREFIX_PATH}:/opt/ros/humble /usr/bin/cmake /workspaces/mavlab/ros2_ws/src/uros/micro_ros_msgs -DCMAKE_INSTALL_PREFIX=/workspaces/mavlab/ros2_ws/install/micro_ros_msgs
[0.144s] -- Found ament_cmake: 1.3.10 (/opt/ros/humble/share/ament_cmake/cmake)
[0.802s] -- Found rosidl_default_generators: 1.2.0 (/opt/ros/humble/share/rosidl_default_generators/cmake)
[0.814s] -- Using all available rosidl_typesupport_c: rosidl_typesupport_fastrtps_c;rosidl_typesupport_introspection_c
[0.838s] -- Found rosidl_adapter: 3.1.5 (/opt/ros/humble/share/rosidl_adapter/cmake)
[1.022s] -- Using all available rosidl_typesupport_cpp: rosidl_typesupport_fastrtps_cpp;rosidl_typesupport_introspection_cpp
[1.151s] -- Found ament_lint_auto: 0.12.11 (/opt/ros/humble/share/ament_lint_auto/cmake)
[2.250s] -- Found ament_cmake_ros: 0.10.0 (/opt/ros/humble/share/ament_cmake_ros/cmake)
[2.906s] -- Using all available rosidl_typesupport_c: rosidl_typesupport_fastrtps_c;rosidl_typesupport_introspection_c
[3.721s] -- Using all available rosidl_typesupport_cpp: rosidl_typesupport_fastrtps_cpp;rosidl_typesupport_introspection_cpp
[3.787s] -- Found python_cmake_module: 0.10.0 (/opt/ros/humble/share/python_cmake_module/cmake)
[3.853s] -- Using PYTHON_EXECUTABLE: /usr/bin/python3
[3.854s] -- Using PYTHON_INCLUDE_DIRS: /usr/include/python3.10
[3.855s] -- Using PYTHON_LIBRARIES: /usr/lib/aarch64-linux-gnu/libpython3.10.so
[3.911s] -- Added test 'copyright' to check source files copyright and LICENSE
[3.954s] -- Added test 'lint_cmake' to check CMake code style
[3.977s] -- Added test 'xmllint' to check XML markup files
[3.995s] -- Configuring done
[4.117s] -- Generating done
[4.129s] -- Build files have been written to: /workspaces/mavlab/ros2_ws/build/micro_ros_msgs
[4.146s] Invoked command in '/workspaces/mavlab/ros2_ws/build/micro_ros_msgs' returned '0': CMAKE_PREFIX_PATH=${CMAKE_PREFIX_PATH}:/opt/ros/humble /usr/bin/cmake /workspaces/mavlab/ros2_ws/src/uros/micro_ros_msgs -DCMAKE_INSTALL_PREFIX=/workspaces/mavlab/ros2_ws/install/micro_ros_msgs
[4.151s] Invoking command in '/workspaces/mavlab/ros2_ws/build/micro_ros_msgs': CMAKE_PREFIX_PATH=${CMAKE_PREFIX_PATH}:/opt/ros/humble /usr/bin/cmake --build /workspaces/mavlab/ros2_ws/build/micro_ros_msgs -- -j4 -l4
[4.271s] [35m[1mConsolidate compiler generated dependencies of target micro_ros_msgs__rosidl_generator_c[0m
[4.309s] [  2%] Built target micro_ros_msgs__cpp
[4.315s] [ 12%] Built target micro_ros_msgs__rosidl_generator_c
[4.346s] [ 12%] Built target ament_cmake_python_copy_micro_ros_msgs
[4.348s] [35m[1mConsolidate compiler generated dependencies of target micro_ros_msgs__rosidl_typesupport_cpp[0m
[4.362s] [35m[1mConsolidate compiler generated dependencies of target micro_ros_msgs__rosidl_typesupport_introspection_cpp[0m
[4.363s] [35m[1mConsolidate compiler generated dependencies of target micro_ros_msgs__rosidl_typesupport_fastrtps_cpp[0m
[4.381s] [35m[1mConsolidate compiler generated dependencies of target micro_ros_msgs__rosidl_typesupport_fastrtps_c[0m
[4.413s] [ 23%] Built target micro_ros_msgs__rosidl_typesupport_introspection_cpp
[4.426s] [ 34%] Built target micro_ros_msgs__rosidl_typesupport_fastrtps_cpp
[4.442s] [ 44%] Built target micro_ros_msgs__rosidl_typesupport_fastrtps_c
[4.449s] [ 55%] Built target micro_ros_msgs__rosidl_typesupport_cpp
[4.461s] [35m[1mConsolidate compiler generated dependencies of target micro_ros_msgs__rosidl_typesupport_c[0m
[4.482s] [35m[1mConsolidate compiler generated dependencies of target micro_ros_msgs__rosidl_typesupport_introspection_c[0m
[4.504s] [ 65%] Built target micro_ros_msgs__rosidl_typesupport_c
[4.559s] [ 76%] Built target micro_ros_msgs__rosidl_typesupport_introspection_c
[4.618s] [ 76%] Built target micro_ros_msgs
[4.679s] [ 78%] Built target micro_ros_msgs__py
[4.711s] [35m[1mConsolidate compiler generated dependencies of target micro_ros_msgs__rosidl_generator_py[0m
[4.762s] [ 87%] Built target micro_ros_msgs__rosidl_generator_py
[4.795s] [35m[1mConsolidate compiler generated dependencies of target micro_ros_msgs__rosidl_typesupport_fastrtps_c__pyext[0m
[4.796s] [35m[1mConsolidate compiler generated dependencies of target micro_ros_msgs__rosidl_typesupport_introspection_c__pyext[0m
[4.818s] [35m[1mConsolidate compiler generated dependencies of target micro_ros_msgs__rosidl_typesupport_c__pyext[0m
[4.880s] [ 91%] Built target micro_ros_msgs__rosidl_typesupport_introspection_c__pyext
[4.886s] [ 95%] Built target micro_ros_msgs__rosidl_typesupport_fastrtps_c__pyext
[4.894s] [100%] Built target micro_ros_msgs__rosidl_typesupport_c__pyext
[5.501s] running egg_info
[5.504s] writing micro_ros_msgs.egg-info/PKG-INFO
[5.504s] writing dependency_links to micro_ros_msgs.egg-info/dependency_links.txt
[5.506s] writing top-level names to micro_ros_msgs.egg-info/top_level.txt
[5.514s] reading manifest file 'micro_ros_msgs.egg-info/SOURCES.txt'
[5.516s] writing manifest file 'micro_ros_msgs.egg-info/SOURCES.txt'
[5.627s] [100%] Built target ament_cmake_python_build_micro_ros_msgs_egg
[5.661s] Invoked command in '/workspaces/mavlab/ros2_ws/build/micro_ros_msgs' returned '0': CMAKE_PREFIX_PATH=${CMAKE_PREFIX_PATH}:/opt/ros/humble /usr/bin/cmake --build /workspaces/mavlab/ros2_ws/build/micro_ros_msgs -- -j4 -l4
[5.976s] Invoking command in '/workspaces/mavlab/ros2_ws/build/micro_ros_msgs': CMAKE_PREFIX_PATH=${CMAKE_PREFIX_PATH}:/opt/ros/humble /usr/bin/cmake --install /workspaces/mavlab/ros2_ws/build/micro_ros_msgs
[6.000s] -- Install configuration: ""
[6.001s] -- Up-to-date: /workspaces/mavlab/ros2_ws/install/micro_ros_msgs/share/ament_index/resource_index/rosidl_interfaces/micro_ros_msgs
[6.002s] -- Up-to-date: /workspaces/mavlab/ros2_ws/install/micro_ros_msgs/include/micro_ros_msgs/micro_ros_msgs
[6.002s] -- Up-to-date: /workspaces/mavlab/ros2_ws/install/micro_ros_msgs/include/micro_ros_msgs/micro_ros_msgs/msg
[6.003s] -- Up-to-date: /workspaces/mavlab/ros2_ws/install/micro_ros_msgs/include/micro_ros_msgs/micro_ros_msgs/msg/entity.h
[6.003s] -- Up-to-date: /workspaces/mavlab/ros2_ws/install/micro_ros_msgs/include/micro_ros_msgs/micro_ros_msgs/msg/node.h
[6.004s] -- Up-to-date: /workspaces/mavlab/ros2_ws/install/micro_ros_msgs/include/micro_ros_msgs/micro_ros_msgs/msg/graph.h
[6.004s] -- Up-to-date: /workspaces/mavlab/ros2_ws/install/micro_ros_msgs/include/micro_ros_msgs/micro_ros_msgs/msg/detail
[6.004s] -- Up-to-date: /workspaces/mavlab/ros2_ws/install/micro_ros_msgs/include/micro_ros_msgs/micro_ros_msgs/msg/detail/graph__type_support.h
[6.005s] -- Up-to-date: /workspaces/mavlab/ros2_ws/install/micro_ros_msgs/include/micro_ros_msgs/micro_ros_msgs/msg/detail/node__type_support.h
[6.005s] -- Up-to-date: /workspaces/mavlab/ros2_ws/install/micro_ros_msgs/include/micro_ros_msgs/micro_ros_msgs/msg/detail/entity__struct.h
[6.005s] -- Up-to-date: /workspaces/mavlab/ros2_ws/install/micro_ros_msgs/include/micro_ros_msgs/micro_ros_msgs/msg/detail/node__functions.h
[6.006s] -- Up-to-date: /workspaces/mavlab/ros2_ws/install/micro_ros_msgs/include/micro_ros_msgs/micro_ros_msgs/msg/detail/entity__functions.h
[6.006s] -- Up-to-date: /workspaces/mavlab/ros2_ws/install/micro_ros_msgs/include/micro_ros_msgs/micro_ros_msgs/msg/detail/node__struct.h
[6.007s] -- Up-to-date: /workspaces/mavlab/ros2_ws/install/micro_ros_msgs/include/micro_ros_msgs/micro_ros_msgs/msg/detail/graph__functions.c
[6.007s] -- Up-to-date: /workspaces/mavlab/ros2_ws/install/micro_ros_msgs/include/micro_ros_msgs/micro_ros_msgs/msg/detail/node__functions.c
[6.007s] -- Up-to-date: /workspaces/mavlab/ros2_ws/install/micro_ros_msgs/include/micro_ros_msgs/micro_ros_msgs/msg/detail/graph__struct.h
[6.008s] -- Up-to-date: /workspaces/mavlab/ros2_ws/install/micro_ros_msgs/include/micro_ros_msgs/micro_ros_msgs/msg/detail/entity__type_support.h
[6.008s] -- Up-to-date: /workspaces/mavlab/ros2_ws/install/micro_ros_msgs/include/micro_ros_msgs/micro_ros_msgs/msg/detail/graph__functions.h
[6.009s] -- Up-to-date: /workspaces/mavlab/ros2_ws/install/micro_ros_msgs/include/micro_ros_msgs/micro_ros_msgs/msg/detail/entity__functions.c
[6.009s] -- Up-to-date: /workspaces/mavlab/ros2_ws/install/micro_ros_msgs/include/micro_ros_msgs/micro_ros_msgs/msg/rosidl_generator_c__visibility_control.h
[6.009s] -- Up-to-date: /workspaces/mavlab/ros2_ws/install/micro_ros_msgs/share/micro_ros_msgs/environment/library_path.sh
[6.010s] -- Installing: /workspaces/mavlab/ros2_ws/install/micro_ros_msgs/share/micro_ros_msgs/environment/library_path.dsv
[6.010s] -- Up-to-date: /workspaces/mavlab/ros2_ws/install/micro_ros_msgs/lib/libmicro_ros_msgs__rosidl_generator_c.so
[6.011s] -- Up-to-date: /workspaces/mavlab/ros2_ws/install/micro_ros_msgs/include/micro_ros_msgs/micro_ros_msgs
[6.011s] -- Up-to-date: /workspaces/mavlab/ros2_ws/install/micro_ros_msgs/include/micro_ros_msgs/micro_ros_msgs/msg
[6.011s] -- Up-to-date: /workspaces/mavlab/ros2_ws/install/micro_ros_msgs/include/micro_ros_msgs/micro_ros_msgs/msg/rosidl_typesupport_fastrtps_c__visibility_control.h
[6.012s] -- Up-to-date: /workspaces/mavlab/ros2_ws/install/micro_ros_msgs/include/micro_ros_msgs/micro_ros_msgs/msg/detail
[6.012s] -- Up-to-date: /workspaces/mavlab/ros2_ws/install/micro_ros_msgs/include/micro_ros_msgs/micro_ros_msgs/msg/detail/graph__rosidl_typesupport_fastrtps_c.h
[6.012s] -- Up-to-date: /workspaces/mavlab/ros2_ws/install/micro_ros_msgs/include/micro_ros_msgs/micro_ros_msgs/msg/detail/node__rosidl_typesupport_fastrtps_c.h
[6.013s] -- Up-to-date: /workspaces/mavlab/ros2_ws/install/micro_ros_msgs/include/micro_ros_msgs/micro_ros_msgs/msg/detail/entity__rosidl_typesupport_fastrtps_c.h
[6.013s] -- Up-to-date: /workspaces/mavlab/ros2_ws/install/micro_ros_msgs/lib/libmicro_ros_msgs__rosidl_typesupport_fastrtps_c.so
[6.014s] -- Up-to-date: /workspaces/mavlab/ros2_ws/install/micro_ros_msgs/include/micro_ros_msgs/micro_ros_msgs
[6.014s] -- Up-to-date: /workspaces/mavlab/ros2_ws/install/micro_ros_msgs/include/micro_ros_msgs/micro_ros_msgs/msg
[6.015s] -- Up-to-date: /workspaces/mavlab/ros2_ws/install/micro_ros_msgs/include/micro_ros_msgs/micro_ros_msgs/msg/detail
[6.015s] -- Up-to-date: /workspaces/mavlab/ros2_ws/install/micro_ros_msgs/include/micro_ros_msgs/micro_ros_msgs/msg/detail/node__rosidl_typesupport_introspection_c.h
[6.016s] -- Up-to-date: /workspaces/mavlab/ros2_ws/install/micro_ros_msgs/include/micro_ros_msgs/micro_ros_msgs/msg/detail/node__type_support.c
[6.016s] -- Up-to-date: /workspaces/mavlab/ros2_ws/install/micro_ros_msgs/include/micro_ros_msgs/micro_ros_msgs/msg/detail/graph__type_support.c
[6.016s] -- Up-to-date: /workspaces/mavlab/ros2_ws/install/micro_ros_msgs/include/micro_ros_msgs/micro_ros_msgs/msg/detail/entity__type_support.c
[6.017s] -- Up-to-date: /workspaces/mavlab/ros2_ws/install/micro_ros_msgs/include/micro_ros_msgs/micro_ros_msgs/msg/detail/graph__rosidl_typesupport_introspection_c.h
[6.017s] -- Up-to-date: /workspaces/mavlab/ros2_ws/install/micro_ros_msgs/include/micro_ros_msgs/micro_ros_msgs/msg/detail/entity__rosidl_typesupport_introspection_c.h
[6.017s] -- Up-to-date: /workspaces/mavlab/ros2_ws/install/micro_ros_msgs/include/micro_ros_msgs/micro_ros_msgs/msg/rosidl_typesupport_introspection_c__visibility_control.h
[6.018s] -- Up-to-date: /workspaces/mavlab/ros2_ws/install/micro_ros_msgs/lib/libmicro_ros_msgs__rosidl_typesupport_introspection_c.so
[6.018s] -- Up-to-date: /workspaces/mavlab/ros2_ws/install/micro_ros_msgs/lib/libmicro_ros_msgs__rosidl_typesupport_c.so
[6.019s] -- Up-to-date: /workspaces/mavlab/ros2_ws/install/micro_ros_msgs/include/micro_ros_msgs/micro_ros_msgs
[6.019s] -- Up-to-date: /workspaces/mavlab/ros2_ws/install/micro_ros_msgs/include/micro_ros_msgs/micro_ros_msgs/msg
[6.019s] -- Up-to-date: /workspaces/mavlab/ros2_ws/install/micro_ros_msgs/include/micro_ros_msgs/micro_ros_msgs/msg/entity.hpp
[6.020s] -- Up-to-date: /workspaces/mavlab/ros2_ws/install/micro_ros_msgs/include/micro_ros_msgs/micro_ros_msgs/msg/node.hpp
[6.020s] -- Up-to-date: /workspaces/mavlab/ros2_ws/install/micro_ros_msgs/include/micro_ros_msgs/micro_ros_msgs/msg/graph.hpp
[6.020s] -- Up-to-date: /workspaces/mavlab/ros2_ws/install/micro_ros_msgs/include/micro_ros_msgs/micro_ros_msgs/msg/detail
[6.021s] -- Up-to-date: /workspaces/mavlab/ros2_ws/install/micro_ros_msgs/include/micro_ros_msgs/micro_ros_msgs/msg/detail/entity__traits.hpp
[6.021s] -- Up-to-date: /workspaces/mavlab/ros2_ws/install/micro_ros_msgs/include/micro_ros_msgs/micro_ros_msgs/msg/detail/entity__struct.hpp
[6.021s] -- Up-to-date: /workspaces/mavlab/ros2_ws/install/micro_ros_msgs/include/micro_ros_msgs/micro_ros_msgs/msg/detail/node__struct.hpp
[6.022s] -- Up-to-date: /workspaces/mavlab/ros2_ws/install/micro_ros_msgs/include/micro_ros_msgs/micro_ros_msgs/msg/detail/graph__struct.hpp
[6.022s] -- Up-to-date: /workspaces/mavlab/ros2_ws/install/micro_ros_msgs/include/micro_ros_msgs/micro_ros_msgs/msg/detail/node__builder.hpp
[6.023s] -- Up-to-date: /workspaces/mavlab/ros2_ws/install/micro_ros_msgs/include/micro_ros_msgs/micro_ros_msgs/msg/detail/node__traits.hpp
[6.023s] -- Up-to-date: /workspaces/mavlab/ros2_ws/install/micro_ros_msgs/include/micro_ros_msgs/micro_ros_msgs/msg/detail/graph__builder.hpp
[6.023s] -- Up-to-date: /workspaces/mavlab/ros2_ws/install/micro_ros_msgs/include/micro_ros_msgs/micro_ros_msgs/msg/detail/graph__traits.hpp
[6.024s] -- Up-to-date: /workspaces/mavlab/ros2_ws/install/micro_ros_msgs/include/micro_ros_msgs/micro_ros_msgs/msg/detail/entity__builder.hpp
[6.024s] -- Up-to-date: /workspaces/mavlab/ros2_ws/install/micro_ros_msgs/include/micro_ros_msgs/micro_ros_msgs
[6.025s] -- Up-to-date: /workspaces/mavlab/ros2_ws/install/micro_ros_msgs/include/micro_ros_msgs/micro_ros_msgs/msg
[6.025s] -- Up-to-date: /workspaces/mavlab/ros2_ws/install/micro_ros_msgs/include/micro_ros_msgs/micro_ros_msgs/msg/rosidl_typesupport_fastrtps_cpp__visibility_control.h
[6.025s] -- Up-to-date: /workspaces/mavlab/ros2_ws/install/micro_ros_msgs/include/micro_ros_msgs/micro_ros_msgs/msg/detail
[6.026s] -- Up-to-date: /workspaces/mavlab/ros2_ws/install/micro_ros_msgs/include/micro_ros_msgs/micro_ros_msgs/msg/detail/node__rosidl_typesupport_fastrtps_cpp.hpp
[6.026s] -- Up-to-date: /workspaces/mavlab/ros2_ws/install/micro_ros_msgs/include/micro_ros_msgs/micro_ros_msgs/msg/detail/graph__rosidl_typesupport_fastrtps_cpp.hpp
[6.027s] -- Up-to-date: /workspaces/mavlab/ros2_ws/install/micro_ros_msgs/include/micro_ros_msgs/micro_ros_msgs/msg/detail/entity__rosidl_typesupport_fastrtps_cpp.hpp
[6.027s] -- Up-to-date: /workspaces/mavlab/ros2_ws/install/micro_ros_msgs/include/micro_ros_msgs/micro_ros_msgs/msg/detail/dds_fastrtps
[6.028s] -- Up-to-date: /workspaces/mavlab/ros2_ws/install/micro_ros_msgs/lib/libmicro_ros_msgs__rosidl_typesupport_fastrtps_cpp.so
[6.028s] -- Up-to-date: /workspaces/mavlab/ros2_ws/install/micro_ros_msgs/include/micro_ros_msgs/micro_ros_msgs
[6.028s] -- Up-to-date: /workspaces/mavlab/ros2_ws/install/micro_ros_msgs/include/micro_ros_msgs/micro_ros_msgs/msg
[6.029s] -- Up-to-date: /workspaces/mavlab/ros2_ws/install/micro_ros_msgs/include/micro_ros_msgs/micro_ros_msgs/msg/detail
[6.029s] -- Up-to-date: /workspaces/mavlab/ros2_ws/install/micro_ros_msgs/include/micro_ros_msgs/micro_ros_msgs/msg/detail/node__type_support.cpp
[6.030s] -- Up-to-date: /workspaces/mavlab/ros2_ws/install/micro_ros_msgs/include/micro_ros_msgs/micro_ros_msgs/msg/detail/node__rosidl_typesupport_introspection_cpp.hpp
[6.030s] -- Up-to-date: /workspaces/mavlab/ros2_ws/install/micro_ros_msgs/include/micro_ros_msgs/micro_ros_msgs/msg/detail/graph__type_support.cpp
[6.030s] -- Up-to-date: /workspaces/mavlab/ros2_ws/install/micro_ros_msgs/include/micro_ros_msgs/micro_ros_msgs/msg/detail/graph__rosidl_typesupport_introspection_cpp.hpp
[6.031s] -- Up-to-date: /workspaces/mavlab/ros2_ws/install/micro_ros_msgs/include/micro_ros_msgs/micro_ros_msgs/msg/detail/entity__type_support.cpp
[6.031s] -- Up-to-date: /workspaces/mavlab/ros2_ws/install/micro_ros_msgs/include/micro_ros_msgs/micro_ros_msgs/msg/detail/entity__rosidl_typesupport_introspection_cpp.hpp
[6.032s] -- Up-to-date: /workspaces/mavlab/ros2_ws/install/micro_ros_msgs/lib/libmicro_ros_msgs__rosidl_typesupport_introspection_cpp.so
[6.032s] -- Up-to-date: /workspaces/mavlab/ros2_ws/install/micro_ros_msgs/lib/libmicro_ros_msgs__rosidl_typesupport_cpp.so
[6.032s] -- Up-to-date: /workspaces/mavlab/ros2_ws/install/micro_ros_msgs/share/micro_ros_msgs/environment/pythonpath.sh
[6.033s] -- Installing: /workspaces/mavlab/ros2_ws/install/micro_ros_msgs/share/micro_ros_msgs/environment/pythonpath.dsv
[6.033s] -- Up-to-date: /workspaces/mavlab/ros2_ws/install/micro_ros_msgs/local/lib/python3.10/dist-packages/micro_ros_msgs-3.0.1-py3.10.egg-info
[6.033s] -- Installing: /workspaces/mavlab/ros2_ws/install/micro_ros_msgs/local/lib/python3.10/dist-packages/micro_ros_msgs-3.0.1-py3.10.egg-info/SOURCES.txt
[6.034s] -- Installing: /workspaces/mavlab/ros2_ws/install/micro_ros_msgs/local/lib/python3.10/dist-packages/micro_ros_msgs-3.0.1-py3.10.egg-info/dependency_links.txt
[6.034s] -- Installing: /workspaces/mavlab/ros2_ws/install/micro_ros_msgs/local/lib/python3.10/dist-packages/micro_ros_msgs-3.0.1-py3.10.egg-info/top_level.txt
[6.035s] -- Installing: /workspaces/mavlab/ros2_ws/install/micro_ros_msgs/local/lib/python3.10/dist-packages/micro_ros_msgs-3.0.1-py3.10.egg-info/PKG-INFO
[6.035s] -- Up-to-date: /workspaces/mavlab/ros2_ws/install/micro_ros_msgs/local/lib/python3.10/dist-packages/micro_ros_msgs
[6.035s] -- Up-to-date: /workspaces/mavlab/ros2_ws/install/micro_ros_msgs/local/lib/python3.10/dist-packages/micro_ros_msgs/micro_ros_msgs_s__rosidl_typesupport_c.cpython-310-aarch64-linux-gnu.so
[6.036s] -- Up-to-date: /workspaces/mavlab/ros2_ws/install/micro_ros_msgs/local/lib/python3.10/dist-packages/micro_ros_msgs/_micro_ros_msgs_s.ep.rosidl_typesupport_introspection_c.c
[6.036s] -- Installing: /workspaces/mavlab/ros2_ws/install/micro_ros_msgs/local/lib/python3.10/dist-packages/micro_ros_msgs/__init__.py
[6.036s] -- Up-to-date: /workspaces/mavlab/ros2_ws/install/micro_ros_msgs/local/lib/python3.10/dist-packages/micro_ros_msgs/_micro_ros_msgs_s.ep.rosidl_typesupport_fastrtps_c.c
[6.037s] -- Up-to-date: /workspaces/mavlab/ros2_ws/install/micro_ros_msgs/local/lib/python3.10/dist-packages/micro_ros_msgs/libmicro_ros_msgs__rosidl_generator_py.so
[6.037s] -- Up-to-date: /workspaces/mavlab/ros2_ws/install/micro_ros_msgs/local/lib/python3.10/dist-packages/micro_ros_msgs/_micro_ros_msgs_s.ep.rosidl_typesupport_c.c
[6.037s] -- Up-to-date: /workspaces/mavlab/ros2_ws/install/micro_ros_msgs/local/lib/python3.10/dist-packages/micro_ros_msgs/msg
[6.038s] -- Up-to-date: /workspaces/mavlab/ros2_ws/install/micro_ros_msgs/local/lib/python3.10/dist-packages/micro_ros_msgs/msg/_graph_s.c
[6.038s] -- Up-to-date: /workspaces/mavlab/ros2_ws/install/micro_ros_msgs/local/lib/python3.10/dist-packages/micro_ros_msgs/msg/__init__.py
[6.039s] -- Up-to-date: /workspaces/mavlab/ros2_ws/install/micro_ros_msgs/local/lib/python3.10/dist-packages/micro_ros_msgs/msg/_node.py
[6.039s] -- Up-to-date: /workspaces/mavlab/ros2_ws/install/micro_ros_msgs/local/lib/python3.10/dist-packages/micro_ros_msgs/msg/_graph.py
[6.039s] -- Up-to-date: /workspaces/mavlab/ros2_ws/install/micro_ros_msgs/local/lib/python3.10/dist-packages/micro_ros_msgs/msg/_entity_s.c
[6.040s] -- Up-to-date: /workspaces/mavlab/ros2_ws/install/micro_ros_msgs/local/lib/python3.10/dist-packages/micro_ros_msgs/msg/_entity.py
[6.040s] -- Up-to-date: /workspaces/mavlab/ros2_ws/install/micro_ros_msgs/local/lib/python3.10/dist-packages/micro_ros_msgs/msg/_node_s.c
[6.040s] -- Up-to-date: /workspaces/mavlab/ros2_ws/install/micro_ros_msgs/local/lib/python3.10/dist-packages/micro_ros_msgs/micro_ros_msgs_s__rosidl_typesupport_fastrtps_c.cpython-310-aarch64-linux-gnu.so
[6.041s] -- Up-to-date: /workspaces/mavlab/ros2_ws/install/micro_ros_msgs/local/lib/python3.10/dist-packages/micro_ros_msgs/micro_ros_msgs_s__rosidl_typesupport_introspection_c.cpython-310-aarch64-linux-gnu.so
[6.157s] Listing '/workspaces/mavlab/ros2_ws/install/micro_ros_msgs/local/lib/python3.10/dist-packages/micro_ros_msgs'...
[6.158s] Compiling '/workspaces/mavlab/ros2_ws/install/micro_ros_msgs/local/lib/python3.10/dist-packages/micro_ros_msgs/__init__.py'...
[6.159s] Listing '/workspaces/mavlab/ros2_ws/install/micro_ros_msgs/local/lib/python3.10/dist-packages/micro_ros_msgs/msg'...
[6.179s] -- Up-to-date: /workspaces/mavlab/ros2_ws/install/micro_ros_msgs/local/lib/python3.10/dist-packages/micro_ros_msgs/micro_ros_msgs_s__rosidl_typesupport_fastrtps_c.cpython-310-aarch64-linux-gnu.so
[6.180s] -- Up-to-date: /workspaces/mavlab/ros2_ws/install/micro_ros_msgs/local/lib/python3.10/dist-packages/micro_ros_msgs/micro_ros_msgs_s__rosidl_typesupport_introspection_c.cpython-310-aarch64-linux-gnu.so
[6.181s] -- Up-to-date: /workspaces/mavlab/ros2_ws/install/micro_ros_msgs/local/lib/python3.10/dist-packages/micro_ros_msgs/micro_ros_msgs_s__rosidl_typesupport_c.cpython-310-aarch64-linux-gnu.so
[6.183s] -- Up-to-date: /workspaces/mavlab/ros2_ws/install/micro_ros_msgs/lib/libmicro_ros_msgs__rosidl_generator_py.so
[6.183s] -- Up-to-date: /workspaces/mavlab/ros2_ws/install/micro_ros_msgs/share/micro_ros_msgs/msg/Graph.idl
[6.184s] -- Up-to-date: /workspaces/mavlab/ros2_ws/install/micro_ros_msgs/share/micro_ros_msgs/msg/Node.idl
[6.184s] -- Up-to-date: /workspaces/mavlab/ros2_ws/install/micro_ros_msgs/share/micro_ros_msgs/msg/Entity.idl
[6.185s] -- Up-to-date: /workspaces/mavlab/ros2_ws/install/micro_ros_msgs/share/micro_ros_msgs/msg/Graph.msg
[6.185s] -- Up-to-date: /workspaces/mavlab/ros2_ws/install/micro_ros_msgs/share/micro_ros_msgs/msg/Node.msg
[6.185s] -- Up-to-date: /workspaces/mavlab/ros2_ws/install/micro_ros_msgs/share/micro_ros_msgs/msg/Entity.msg
[6.186s] -- Up-to-date: /workspaces/mavlab/ros2_ws/install/micro_ros_msgs/share/ament_index/resource_index/package_run_dependencies/micro_ros_msgs
[6.186s] -- Up-to-date: /workspaces/mavlab/ros2_ws/install/micro_ros_msgs/share/ament_index/resource_index/parent_prefix_path/micro_ros_msgs
[6.187s] -- Up-to-date: /workspaces/mavlab/ros2_ws/install/micro_ros_msgs/share/micro_ros_msgs/environment/ament_prefix_path.sh
[6.187s] -- Installing: /workspaces/mavlab/ros2_ws/install/micro_ros_msgs/share/micro_ros_msgs/environment/ament_prefix_path.dsv
[6.188s] -- Up-to-date: /workspaces/mavlab/ros2_ws/install/micro_ros_msgs/share/micro_ros_msgs/environment/path.sh
[6.188s] -- Installing: /workspaces/mavlab/ros2_ws/install/micro_ros_msgs/share/micro_ros_msgs/environment/path.dsv
[6.188s] -- Up-to-date: /workspaces/mavlab/ros2_ws/install/micro_ros_msgs/share/micro_ros_msgs/local_setup.bash
[6.189s] -- Up-to-date: /workspaces/mavlab/ros2_ws/install/micro_ros_msgs/share/micro_ros_msgs/local_setup.sh
[6.189s] -- Up-to-date: /workspaces/mavlab/ros2_ws/install/micro_ros_msgs/share/micro_ros_msgs/local_setup.zsh
[6.189s] -- Installing: /workspaces/mavlab/ros2_ws/install/micro_ros_msgs/share/micro_ros_msgs/local_setup.dsv
[6.190s] -- Installing: /workspaces/mavlab/ros2_ws/install/micro_ros_msgs/share/micro_ros_msgs/package.dsv
[6.190s] -- Up-to-date: /workspaces/mavlab/ros2_ws/install/micro_ros_msgs/share/ament_index/resource_index/packages/micro_ros_msgs
[6.191s] -- Up-to-date: /workspaces/mavlab/ros2_ws/install/micro_ros_msgs/share/micro_ros_msgs/cmake/export_micro_ros_msgs__rosidl_generator_cExport.cmake
[6.191s] -- Up-to-date: /workspaces/mavlab/ros2_ws/install/micro_ros_msgs/share/micro_ros_msgs/cmake/export_micro_ros_msgs__rosidl_generator_cExport-noconfig.cmake
[6.191s] -- Up-to-date: /workspaces/mavlab/ros2_ws/install/micro_ros_msgs/share/micro_ros_msgs/cmake/export_micro_ros_msgs__rosidl_typesupport_fastrtps_cExport.cmake
[6.192s] -- Up-to-date: /workspaces/mavlab/ros2_ws/install/micro_ros_msgs/share/micro_ros_msgs/cmake/export_micro_ros_msgs__rosidl_typesupport_fastrtps_cExport-noconfig.cmake
[6.192s] -- Up-to-date: /workspaces/mavlab/ros2_ws/install/micro_ros_msgs/share/micro_ros_msgs/cmake/micro_ros_msgs__rosidl_typesupport_introspection_cExport.cmake
[6.193s] -- Up-to-date: /workspaces/mavlab/ros2_ws/install/micro_ros_msgs/share/micro_ros_msgs/cmake/micro_ros_msgs__rosidl_typesupport_introspection_cExport-noconfig.cmake
[6.193s] -- Up-to-date: /workspaces/mavlab/ros2_ws/install/micro_ros_msgs/share/micro_ros_msgs/cmake/micro_ros_msgs__rosidl_typesupport_cExport.cmake
[6.193s] -- Up-to-date: /workspaces/mavlab/ros2_ws/install/micro_ros_msgs/share/micro_ros_msgs/cmake/micro_ros_msgs__rosidl_typesupport_cExport-noconfig.cmake
[6.194s] -- Up-to-date: /workspaces/mavlab/ros2_ws/install/micro_ros_msgs/share/micro_ros_msgs/cmake/export_micro_ros_msgs__rosidl_generator_cppExport.cmake
[6.194s] -- Up-to-date: /workspaces/mavlab/ros2_ws/install/micro_ros_msgs/share/micro_ros_msgs/cmake/export_micro_ros_msgs__rosidl_typesupport_fastrtps_cppExport.cmake
[6.194s] -- Up-to-date: /workspaces/mavlab/ros2_ws/install/micro_ros_msgs/share/micro_ros_msgs/cmake/export_micro_ros_msgs__rosidl_typesupport_fastrtps_cppExport-noconfig.cmake
[6.195s] -- Up-to-date: /workspaces/mavlab/ros2_ws/install/micro_ros_msgs/share/micro_ros_msgs/cmake/micro_ros_msgs__rosidl_typesupport_introspection_cppExport.cmake
[6.195s] -- Up-to-date: /workspaces/mavlab/ros2_ws/install/micro_ros_msgs/share/micro_ros_msgs/cmake/micro_ros_msgs__rosidl_typesupport_introspection_cppExport-noconfig.cmake
[6.196s] -- Up-to-date: /workspaces/mavlab/ros2_ws/install/micro_ros_msgs/share/micro_ros_msgs/cmake/micro_ros_msgs__rosidl_typesupport_cppExport.cmake
[6.196s] -- Up-to-date: /workspaces/mavlab/ros2_ws/install/micro_ros_msgs/share/micro_ros_msgs/cmake/micro_ros_msgs__rosidl_typesupport_cppExport-noconfig.cmake
[6.197s] -- Up-to-date: /workspaces/mavlab/ros2_ws/install/micro_ros_msgs/share/micro_ros_msgs/cmake/export_micro_ros_msgs__rosidl_generator_pyExport.cmake
[6.197s] -- Up-to-date: /workspaces/mavlab/ros2_ws/install/micro_ros_msgs/share/micro_ros_msgs/cmake/export_micro_ros_msgs__rosidl_generator_pyExport-noconfig.cmake
[6.197s] -- Up-to-date: /workspaces/mavlab/ros2_ws/install/micro_ros_msgs/share/micro_ros_msgs/cmake/rosidl_cmake-extras.cmake
[6.198s] -- Up-to-date: /workspaces/mavlab/ros2_ws/install/micro_ros_msgs/share/micro_ros_msgs/cmake/ament_cmake_export_include_directories-extras.cmake
[6.198s] -- Up-to-date: /workspaces/mavlab/ros2_ws/install/micro_ros_msgs/share/micro_ros_msgs/cmake/ament_cmake_export_libraries-extras.cmake
[6.198s] -- Up-to-date: /workspaces/mavlab/ros2_ws/install/micro_ros_msgs/share/micro_ros_msgs/cmake/ament_cmake_export_targets-extras.cmake
[6.199s] -- Up-to-date: /workspaces/mavlab/ros2_ws/install/micro_ros_msgs/share/micro_ros_msgs/cmake/rosidl_cmake_export_typesupport_targets-extras.cmake
[6.199s] -- Up-to-date: /workspaces/mavlab/ros2_ws/install/micro_ros_msgs/share/micro_ros_msgs/cmake/ament_cmake_export_dependencies-extras.cmake
[6.200s] -- Up-to-date: /workspaces/mavlab/ros2_ws/install/micro_ros_msgs/share/micro_ros_msgs/cmake/rosidl_cmake_export_typesupport_libraries-extras.cmake
[6.200s] -- Up-to-date: /workspaces/mavlab/ros2_ws/install/micro_ros_msgs/share/micro_ros_msgs/cmake/micro_ros_msgsConfig.cmake
[6.200s] -- Up-to-date: /workspaces/mavlab/ros2_ws/install/micro_ros_msgs/share/micro_ros_msgs/cmake/micro_ros_msgsConfig-version.cmake
[6.201s] -- Up-to-date: /workspaces/mavlab/ros2_ws/install/micro_ros_msgs/share/micro_ros_msgs/package.xml
[6.206s] Invoked command in '/workspaces/mavlab/ros2_ws/build/micro_ros_msgs' returned '0': CMAKE_PREFIX_PATH=${CMAKE_PREFIX_PATH}:/opt/ros/humble /usr/bin/cmake --install /workspaces/mavlab/ros2_ws/build/micro_ros_msgs
