[0.081s] Invoking command in '/workspaces/mavlab/ros2_ws/build/kf': CMAKE_PREFIX_PATH=${CMAKE_PREFIX_PATH}:/opt/ros/humble /usr/bin/cmake --build /workspaces/mavlab/ros2_ws/build/kf -- -j4 -l4
[0.224s] Invoked command in '/workspaces/mavlab/ros2_ws/build/kf' returned '0': CMAKE_PREFIX_PATH=${CMAKE_PREFIX_PATH}:/opt/ros/humble /usr/bin/cmake --build /workspaces/mavlab/ros2_ws/build/kf -- -j4 -l4
[0.364s] Invoking command in '/workspaces/mavlab/ros2_ws/build/kf': CMAKE_PREFIX_PATH=${CMAKE_PREFIX_PATH}:/opt/ros/humble /usr/bin/cmake --install /workspaces/mavlab/ros2_ws/build/kf
[0.396s] -- Install configuration: ""
[0.397s] -- Up-to-date: /workspaces/mavlab/ros2_ws/install/kf/share/kf/launch
[0.399s] -- Up-to-date: /workspaces/mavlab/ros2_ws/install/kf/share/kf/launch/kf_launch.py
[0.400s] -- Up-to-date: /workspaces/mavlab/ros2_ws/install/kf/share/kf/launch/kf_alone.py
[0.400s] -- Up-to-date: /workspaces/mavlab/ros2_ws/install/kf/lib/kf/kf_uwb.py
[0.401s] -- Up-to-date: /workspaces/mavlab/ros2_ws/install/kf/share/ament_index/resource_index/package_run_dependencies/kf
[0.401s] -- Up-to-date: /workspaces/mavlab/ros2_ws/install/kf/share/ament_index/resource_index/parent_prefix_path/kf
[0.402s] -- Up-to-date: /workspaces/mavlab/ros2_ws/install/kf/share/kf/environment/ament_prefix_path.sh
[0.402s] -- Up-to-date: /workspaces/mavlab/ros2_ws/install/kf/share/kf/environment/ament_prefix_path.dsv
[0.402s] -- Up-to-date: /workspaces/mavlab/ros2_ws/install/kf/share/kf/environment/path.sh
[0.403s] -- Up-to-date: /workspaces/mavlab/ros2_ws/install/kf/share/kf/environment/path.dsv
[0.403s] -- Up-to-date: /workspaces/mavlab/ros2_ws/install/kf/share/kf/local_setup.bash
[0.404s] -- Up-to-date: /workspaces/mavlab/ros2_ws/install/kf/share/kf/local_setup.sh
[0.404s] -- Up-to-date: /workspaces/mavlab/ros2_ws/install/kf/share/kf/local_setup.zsh
[0.415s] -- Up-to-date: /workspaces/mavlab/ros2_ws/install/kf/share/kf/local_setup.dsv
[0.415s] -- Installing: /workspaces/mavlab/ros2_ws/install/kf/share/kf/package.dsv
[0.416s] -- Up-to-date: /workspaces/mavlab/ros2_ws/install/kf/share/ament_index/resource_index/packages/kf
[0.416s] -- Up-to-date: /workspaces/mavlab/ros2_ws/install/kf/share/kf/cmake/kfConfig.cmake
[0.417s] -- Up-to-date: /workspaces/mavlab/ros2_ws/install/kf/share/kf/cmake/kfConfig-version.cmake
[0.417s] -- Up-to-date: /workspaces/mavlab/ros2_ws/install/kf/share/kf/package.xml
[0.418s] Invoked command in '/workspaces/mavlab/ros2_ws/build/kf' returned '0': CMAKE_PREFIX_PATH=${CMAKE_PREFIX_PATH}:/opt/ros/humble /usr/bin/cmake --install /workspaces/mavlab/ros2_ws/build/kf
