[0.062s] Invoking command in '/workspaces/mavlab/ros2_ws/build/hastar': CMAKE_PREFIX_PATH=/opt/ros/humble /usr/bin/cmake /workspaces/mavlab/ros2_ws/src/hastar -DCMAKE_INSTALL_PREFIX=/workspaces/mavlab/ros2_ws/install/hastar
[1.012s] -- The C compiler identification is GNU 11.4.0
[1.563s] -- The CXX compiler identification is GNU 11.4.0
[1.595s] -- Detecting C compiler ABI info
[1.877s] -- Detecting C compiler ABI info - done
[1.915s] -- Check for working C compiler: /usr/bin/cc - skipped
[1.916s] -- Detecting C compile features
[1.917s] -- Detecting C compile features - done
[1.929s] -- Detecting CXX compiler ABI info
[2.286s] -- Detecting CXX compiler ABI info - done
[2.320s] -- Check for working CXX compiler: /usr/bin/c++ - skipped
[2.321s] -- Detecting CXX compile features
[2.323s] -- Detecting CXX compile features - done
[2.340s] -- Found ament_cmake: 1.3.10 (/opt/ros/humble/share/ament_cmake/cmake)
[2.994s] -- Found Python3: /usr/bin/python3 (found version "3.10.12") found components: Interpreter 
[3.599s] -- Found rclcpp: 16.0.10 (/opt/ros/humble/share/rclcpp/cmake)
[3.877s] -- Found rosidl_generator_c: 3.1.5 (/opt/ros/humble/share/rosidl_generator_c/cmake)
[3.909s] -- Found rosidl_adapter: 3.1.5 (/opt/ros/humble/share/rosidl_adapter/cmake)
[3.950s] -- Found rosidl_generator_cpp: 3.1.5 (/opt/ros/humble/share/rosidl_generator_cpp/cmake)
[4.019s] -- Using all available rosidl_typesupport_c: rosidl_typesupport_fastrtps_c;rosidl_typesupport_introspection_c
[4.146s] -- Using all available rosidl_typesupport_cpp: rosidl_typesupport_fastrtps_cpp;rosidl_typesupport_introspection_cpp
[4.492s] -- Found rmw_implementation_cmake: 6.1.2 (/opt/ros/humble/share/rmw_implementation_cmake/cmake)
[4.519s] -- Found rmw_fastrtps_cpp: 6.2.7 (/opt/ros/humble/share/rmw_fastrtps_cpp/cmake)
[5.011s] -- Found OpenSSL: /usr/lib/aarch64-linux-gnu/libcrypto.so (found version "3.0.2")  
[5.131s] -- Found FastRTPS: /opt/ros/humble/include  
[5.345s] -- Using RMW implementation 'rmw_fastrtps_cpp' as default
[5.423s] -- Looking for pthread.h
[5.726s] -- Looking for pthread.h - found
[5.727s] -- Performing Test CMAKE_HAVE_LIBC_PTHREAD
[6.025s] -- Performing Test CMAKE_HAVE_LIBC_PTHREAD - Success
[6.030s] -- Found Threads: TRUE  
[6.334s] -- Found rclpy: 3.3.14 (/opt/ros/humble/share/rclpy/cmake)
[6.660s] -- Configuring done
[6.687s] -- Generating done
[6.694s] -- Build files have been written to: /workspaces/mavlab/ros2_ws/build/hastar
[6.737s] Invoked command in '/workspaces/mavlab/ros2_ws/build/hastar' returned '0': CMAKE_PREFIX_PATH=/opt/ros/humble /usr/bin/cmake /workspaces/mavlab/ros2_ws/src/hastar -DCMAKE_INSTALL_PREFIX=/workspaces/mavlab/ros2_ws/install/hastar
[6.746s] Invoking command in '/workspaces/mavlab/ros2_ws/build/hastar': CMAKE_PREFIX_PATH=/opt/ros/humble /usr/bin/cmake --build /workspaces/mavlab/ros2_ws/build/hastar -- -j4 -l4
[6.888s] Invoked command in '/workspaces/mavlab/ros2_ws/build/hastar' returned '0': CMAKE_PREFIX_PATH=/opt/ros/humble /usr/bin/cmake --build /workspaces/mavlab/ros2_ws/build/hastar -- -j4 -l4
[6.996s] Invoking command in '/workspaces/mavlab/ros2_ws/build/hastar': CMAKE_PREFIX_PATH=/opt/ros/humble /usr/bin/cmake --install /workspaces/mavlab/ros2_ws/build/hastar
[7.021s] -- Install configuration: ""
[7.023s] -- Installing: /workspaces/mavlab/ros2_ws/install/hastar/share/hastar/launch
[7.024s] -- Installing: /workspaces/mavlab/ros2_ws/install/hastar/share/hastar/launch/hastar_launch.py
[7.026s] -- Installing: /workspaces/mavlab/ros2_ws/install/hastar/lib/hastar/wp_tracking.py
[7.028s] -- Installing: /workspaces/mavlab/ros2_ws/install/hastar/lib/hastar/temp_path.py
[7.029s] -- Installing: /workspaces/mavlab/ros2_ws/install/hastar/share/ament_index/resource_index/package_run_dependencies/hastar
[7.030s] -- Installing: /workspaces/mavlab/ros2_ws/install/hastar/share/ament_index/resource_index/parent_prefix_path/hastar
[7.031s] -- Installing: /workspaces/mavlab/ros2_ws/install/hastar/share/hastar/environment/ament_prefix_path.sh
[7.031s] -- Installing: /workspaces/mavlab/ros2_ws/install/hastar/share/hastar/environment/ament_prefix_path.dsv
[7.032s] -- Installing: /workspaces/mavlab/ros2_ws/install/hastar/share/hastar/environment/path.sh
[7.032s] -- Installing: /workspaces/mavlab/ros2_ws/install/hastar/share/hastar/environment/path.dsv
[7.034s] -- Installing: /workspaces/mavlab/ros2_ws/install/hastar/share/hastar/local_setup.bash
[7.043s] -- Installing: /workspaces/mavlab/ros2_ws/install/hastar/share/hastar/local_setup.sh
[7.044s] -- Installing: /workspaces/mavlab/ros2_ws/install/hastar/share/hastar/local_setup.zsh
[7.045s] -- Installing: /workspaces/mavlab/ros2_ws/install/hastar/share/hastar/local_setup.dsv
[7.046s] -- Installing: /workspaces/mavlab/ros2_ws/install/hastar/share/hastar/package.dsv
[7.047s] -- Installing: /workspaces/mavlab/ros2_ws/install/hastar/share/ament_index/resource_index/packages/hastar
[7.050s] -- Installing: /workspaces/mavlab/ros2_ws/install/hastar/share/hastar/cmake/hastarConfig.cmake
[7.051s] -- Installing: /workspaces/mavlab/ros2_ws/install/hastar/share/hastar/cmake/hastarConfig-version.cmake
[7.051s] -- Installing: /workspaces/mavlab/ros2_ws/install/hastar/share/hastar/package.xml
[7.126s] Invoked command in '/workspaces/mavlab/ros2_ws/build/hastar' returned '0': CMAKE_PREFIX_PATH=/opt/ros/humble /usr/bin/cmake --install /workspaces/mavlab/ros2_ws/build/hastar
