[0.058s] Invoking command in '/workspaces/mavlab/ros2_ws/build/kf': CMAKE_PREFIX_PATH=${CMAKE_PREFIX_PATH}:/opt/ros/humble /usr/bin/cmake --build /workspaces/mavlab/ros2_ws/build/kf -- -j4 -l4
[0.182s] Invoked command in '/workspaces/mavlab/ros2_ws/build/kf' returned '0': CMAKE_PREFIX_PATH=${CMAKE_PREFIX_PATH}:/opt/ros/humble /usr/bin/cmake --build /workspaces/mavlab/ros2_ws/build/kf -- -j4 -l4
[0.272s] Invoking command in '/workspaces/mavlab/ros2_ws/build/kf': CMAKE_PREFIX_PATH=${CMAKE_PREFIX_PATH}:/opt/ros/humble /usr/bin/cmake --install /workspaces/mavlab/ros2_ws/build/kf
[0.294s] -- Install configuration: ""
[0.295s] -- Up-to-date: /workspaces/mavlab/ros2_ws/install/kf/share/kf/launch
[0.297s] -- Installing: /workspaces/mavlab/ros2_ws/install/kf/share/kf/launch/kf_launch.py
[0.300s] -- Up-to-date: /workspaces/mavlab/ros2_ws/install/kf/lib/kf/kf.py
[0.306s] -- Up-to-date: /workspaces/mavlab/ros2_ws/install/kf/share/ament_index/resource_index/package_run_dependencies/kf
[0.307s] -- Up-to-date: /workspaces/mavlab/ros2_ws/install/kf/share/ament_index/resource_index/parent_prefix_path/kf
[0.308s] -- Up-to-date: /workspaces/mavlab/ros2_ws/install/kf/share/kf/environment/ament_prefix_path.sh
[0.309s] -- Up-to-date: /workspaces/mavlab/ros2_ws/install/kf/share/kf/environment/ament_prefix_path.dsv
[0.310s] -- Up-to-date: /workspaces/mavlab/ros2_ws/install/kf/share/kf/environment/path.sh
[0.310s] -- Up-to-date: /workspaces/mavlab/ros2_ws/install/kf/share/kf/environment/path.dsv
[0.311s] -- Up-to-date: /workspaces/mavlab/ros2_ws/install/kf/share/kf/local_setup.bash
[0.311s] -- Up-to-date: /workspaces/mavlab/ros2_ws/install/kf/share/kf/local_setup.sh
[0.312s] -- Up-to-date: /workspaces/mavlab/ros2_ws/install/kf/share/kf/local_setup.zsh
[0.312s] -- Up-to-date: /workspaces/mavlab/ros2_ws/install/kf/share/kf/local_setup.dsv
[0.313s] -- Up-to-date: /workspaces/mavlab/ros2_ws/install/kf/share/kf/package.dsv
[0.314s] -- Up-to-date: /workspaces/mavlab/ros2_ws/install/kf/share/ament_index/resource_index/packages/kf
[0.314s] -- Up-to-date: /workspaces/mavlab/ros2_ws/install/kf/share/kf/cmake/kfConfig.cmake
[0.315s] -- Up-to-date: /workspaces/mavlab/ros2_ws/install/kf/share/kf/cmake/kfConfig-version.cmake
[0.315s] -- Up-to-date: /workspaces/mavlab/ros2_ws/install/kf/share/kf/package.xml
[0.325s] Invoked command in '/workspaces/mavlab/ros2_ws/build/kf' returned '0': CMAKE_PREFIX_PATH=${CMAKE_PREFIX_PATH}:/opt/ros/humble /usr/bin/cmake --install /workspaces/mavlab/ros2_ws/build/kf
