[0.039s] Invoking command in '/workspaces/mavlab/build/hastar': CMAKE_PREFIX_PATH=${CMAKE_PREFIX_PATH}:/opt/ros/humble /usr/bin/cmake /workspaces/mavlab/ros2_ws/src/hastar -DCMAKE_INSTALL_PREFIX=/workspaces/mavlab/install/hastar
[0.237s] -- The C compiler identification is GNU 11.4.0
[0.435s] -- The CXX compiler identification is GNU 11.4.0
[0.458s] -- Detecting C compiler ABI info
[0.688s] -- Detecting C compiler ABI info - done
[0.722s] -- Check for working C compiler: /usr/bin/cc - skipped
[0.722s] -- Detecting C compile features
[0.724s] -- Detecting C compile features - done
[0.736s] -- Detecting CXX compiler ABI info
[1.002s] -- Detecting CXX compiler ABI info - done
[1.036s] -- Check for working CXX compiler: /usr/bin/c++ - skipped
[1.037s] -- Detecting CXX compile features
[1.039s] -- Detecting CXX compile features - done
[1.057s] -- Found ament_cmake: 1.3.10 (/opt/ros/humble/share/ament_cmake/cmake)
[1.598s] -- Found Python3: /usr/bin/python3 (found version "3.10.12") found components: Interpreter 
[2.053s] -- Found rclcpp: 16.0.10 (/opt/ros/humble/share/rclcpp/cmake)
[2.286s] -- Found rosidl_generator_c: 3.1.5 (/opt/ros/humble/share/rosidl_generator_c/cmake)
[2.320s] -- Found rosidl_adapter: 3.1.5 (/opt/ros/humble/share/rosidl_adapter/cmake)
[2.368s] -- Found rosidl_generator_cpp: 3.1.5 (/opt/ros/humble/share/rosidl_generator_cpp/cmake)
[2.434s] -- Using all available rosidl_typesupport_c: rosidl_typesupport_fastrtps_c;rosidl_typesupport_introspection_c
[2.523s] -- Using all available rosidl_typesupport_cpp: rosidl_typesupport_fastrtps_cpp;rosidl_typesupport_introspection_cpp
[2.772s] -- Found rmw_implementation_cmake: 6.1.2 (/opt/ros/humble/share/rmw_implementation_cmake/cmake)
[2.790s] -- Found rmw_fastrtps_cpp: 6.2.7 (/opt/ros/humble/share/rmw_fastrtps_cpp/cmake)
[3.124s] -- Found OpenSSL: /usr/lib/aarch64-linux-gnu/libcrypto.so (found version "3.0.2")  
[3.224s] -- Found FastRTPS: /opt/ros/humble/include  
[3.383s] -- Using RMW implementation 'rmw_fastrtps_cpp' as default
[3.439s] -- Looking for pthread.h
[3.688s] -- Looking for pthread.h - found
[3.689s] -- Performing Test CMAKE_HAVE_LIBC_PTHREAD
[3.934s] -- Performing Test CMAKE_HAVE_LIBC_PTHREAD - Success
[3.938s] -- Found Threads: TRUE  
[4.197s] -- Found rclpy: 3.3.14 (/opt/ros/humble/share/rclpy/cmake)
[4.474s] -- Configuring done
[4.496s] -- Generating done
[4.502s] -- Build files have been written to: /workspaces/mavlab/build/hastar
[4.528s] Invoked command in '/workspaces/mavlab/build/hastar' returned '0': CMAKE_PREFIX_PATH=${CMAKE_PREFIX_PATH}:/opt/ros/humble /usr/bin/cmake /workspaces/mavlab/ros2_ws/src/hastar -DCMAKE_INSTALL_PREFIX=/workspaces/mavlab/install/hastar
[4.533s] Invoking command in '/workspaces/mavlab/build/hastar': CMAKE_PREFIX_PATH=${CMAKE_PREFIX_PATH}:/opt/ros/humble /usr/bin/cmake --build /workspaces/mavlab/build/hastar -- -j4 -l4
[4.661s] Invoked command in '/workspaces/mavlab/build/hastar' returned '0': CMAKE_PREFIX_PATH=${CMAKE_PREFIX_PATH}:/opt/ros/humble /usr/bin/cmake --build /workspaces/mavlab/build/hastar -- -j4 -l4
[4.759s] Invoking command in '/workspaces/mavlab/build/hastar': CMAKE_PREFIX_PATH=${CMAKE_PREFIX_PATH}:/opt/ros/humble /usr/bin/cmake --install /workspaces/mavlab/build/hastar
[4.781s] -- Install configuration: ""
[4.782s] -- Installing: /workspaces/mavlab/install/hastar/share/hastar/launch
[4.782s] -- Installing: /workspaces/mavlab/install/hastar/share/hastar/launch/hastar_launch.py
[4.783s] -- Installing: /workspaces/mavlab/install/hastar/lib/hastar/wp_tracking.py
[4.783s] -- Installing: /workspaces/mavlab/install/hastar/lib/hastar/temp_path.py
[4.784s] -- Installing: /workspaces/mavlab/install/hastar/share/ament_index/resource_index/package_run_dependencies/hastar
[4.785s] -- Installing: /workspaces/mavlab/install/hastar/share/ament_index/resource_index/parent_prefix_path/hastar
[4.785s] -- Installing: /workspaces/mavlab/install/hastar/share/hastar/environment/ament_prefix_path.sh
[4.786s] -- Installing: /workspaces/mavlab/install/hastar/share/hastar/environment/ament_prefix_path.dsv
[4.786s] -- Installing: /workspaces/mavlab/install/hastar/share/hastar/environment/path.sh
[4.787s] -- Installing: /workspaces/mavlab/install/hastar/share/hastar/environment/path.dsv
[4.787s] -- Installing: /workspaces/mavlab/install/hastar/share/hastar/local_setup.bash
[4.788s] -- Installing: /workspaces/mavlab/install/hastar/share/hastar/local_setup.sh
[4.788s] -- Installing: /workspaces/mavlab/install/hastar/share/hastar/local_setup.zsh
[4.789s] -- Installing: /workspaces/mavlab/install/hastar/share/hastar/local_setup.dsv
[4.789s] -- Installing: /workspaces/mavlab/install/hastar/share/hastar/package.dsv
[4.790s] -- Installing: /workspaces/mavlab/install/hastar/share/ament_index/resource_index/packages/hastar
[4.790s] -- Installing: /workspaces/mavlab/install/hastar/share/hastar/cmake/hastarConfig.cmake
[4.791s] -- Installing: /workspaces/mavlab/install/hastar/share/hastar/cmake/hastarConfig-version.cmake
[4.791s] -- Installing: /workspaces/mavlab/install/hastar/share/hastar/package.xml
[4.797s] Invoked command in '/workspaces/mavlab/build/hastar' returned '0': CMAKE_PREFIX_PATH=${CMAKE_PREFIX_PATH}:/opt/ros/humble /usr/bin/cmake --install /workspaces/mavlab/build/hastar
