[0.126s] Invoking command in '/workspaces/mavlab/ros2_ws/build/kf': CMAKE_PREFIX_PATH=${CMAKE_PREFIX_PATH}:/opt/ros/humble /usr/bin/cmake --build /workspaces/mavlab/ros2_ws/build/kf -- -j4 -l4
[0.539s] Invoked command in '/workspaces/mavlab/ros2_ws/build/kf' returned '0': CMAKE_PREFIX_PATH=${CMAKE_PREFIX_PATH}:/opt/ros/humble /usr/bin/cmake --build /workspaces/mavlab/ros2_ws/build/kf -- -j4 -l4
[0.644s] Invoking command in '/workspaces/mavlab/ros2_ws/build/kf': CMAKE_PREFIX_PATH=${CMAKE_PREFIX_PATH}:/opt/ros/humble /usr/bin/cmake --install /workspaces/mavlab/ros2_ws/build/kf
[0.669s] -- Install configuration: ""
[0.670s] -- Up-to-date: /workspaces/mavlab/ros2_ws/install/kf/share/kf/launch
[0.670s] -- Up-to-date: /workspaces/mavlab/ros2_ws/install/kf/share/kf/launch/kf_launch.py
[0.671s] -- Up-to-date: /workspaces/mavlab/ros2_ws/install/kf/share/kf/launch/kf_alone.py
[0.671s] -- Up-to-date: /workspaces/mavlab/ros2_ws/install/kf/lib/kf/kf_uwb.py
[0.672s] -- Up-to-date: /workspaces/mavlab/ros2_ws/install/kf/share/ament_index/resource_index/package_run_dependencies/kf
[0.672s] -- Up-to-date: /workspaces/mavlab/ros2_ws/install/kf/share/ament_index/resource_index/parent_prefix_path/kf
[0.673s] -- Up-to-date: /workspaces/mavlab/ros2_ws/install/kf/share/kf/environment/ament_prefix_path.sh
[0.674s] -- Up-to-date: /workspaces/mavlab/ros2_ws/install/kf/share/kf/environment/ament_prefix_path.dsv
[0.674s] -- Up-to-date: /workspaces/mavlab/ros2_ws/install/kf/share/kf/environment/path.sh
[0.675s] -- Up-to-date: /workspaces/mavlab/ros2_ws/install/kf/share/kf/environment/path.dsv
[0.675s] -- Up-to-date: /workspaces/mavlab/ros2_ws/install/kf/share/kf/local_setup.bash
[0.676s] -- Up-to-date: /workspaces/mavlab/ros2_ws/install/kf/share/kf/local_setup.sh
[0.676s] -- Up-to-date: /workspaces/mavlab/ros2_ws/install/kf/share/kf/local_setup.zsh
[0.676s] -- Up-to-date: /workspaces/mavlab/ros2_ws/install/kf/share/kf/local_setup.dsv
[0.677s] -- Installing: /workspaces/mavlab/ros2_ws/install/kf/share/kf/package.dsv
[0.706s] -- Up-to-date: /workspaces/mavlab/ros2_ws/install/kf/share/ament_index/resource_index/packages/kf
[0.709s] -- Up-to-date: /workspaces/mavlab/ros2_ws/install/kf/share/kf/cmake/kfConfig.cmake
[0.710s] -- Up-to-date: /workspaces/mavlab/ros2_ws/install/kf/share/kf/cmake/kfConfig-version.cmake
[0.711s] -- Up-to-date: /workspaces/mavlab/ros2_ws/install/kf/share/kf/package.xml
[0.711s] Invoked command in '/workspaces/mavlab/ros2_ws/build/kf' returned '0': CMAKE_PREFIX_PATH=${CMAKE_PREFIX_PATH}:/opt/ros/humble /usr/bin/cmake --install /workspaces/mavlab/ros2_ws/build/kf
