[0.079s] Invoking command in '/workspaces/mavlab/ros2_ws/build/custom_interfaces': CMAKE_PREFIX_PATH=${CMAKE_PREFIX_PATH}:/opt/ros/humble /usr/bin/cmake --build /workspaces/mavlab/ros2_ws/build/custom_interfaces -- -j4 -l4
[0.290s] [ 12%] Built target custom_interfaces__rosidl_generator_c
[0.307s] [ 12%] Built target custom_interfaces__cpp
[0.356s] [ 12%] Built target ament_cmake_python_copy_custom_interfaces
[0.414s] [ 22%] Built target custom_interfaces__rosidl_typesupport_introspection_c
[0.427s] [ 32%] Built target custom_interfaces__rosidl_typesupport_fastrtps_c
[0.429s] [ 41%] Built target custom_interfaces__rosidl_typesupport_c
[0.530s] [ 51%] Built target custom_interfaces__rosidl_typesupport_fastrtps_cpp
[0.742s] [ 61%] Built target custom_interfaces__rosidl_typesupport_introspection_cpp
[0.745s] [ 70%] Built target custom_interfaces__rosidl_typesupport_cpp
[0.802s] [ 70%] Built target custom_interfaces
[0.928s] [ 74%] Built target custom_interfaces__py
[1.027s] [ 80%] Built target custom_interfaces__rosidl_generator_py
[1.128s] [ 87%] Built target custom_interfaces__rosidl_typesupport_fastrtps_c__pyext
[1.181s] [ 93%] Built target custom_interfaces__rosidl_typesupport_c__pyext
[1.195s] [100%] Built target custom_interfaces__rosidl_typesupport_introspection_c__pyext
[1.748s] running egg_info
[1.750s] writing custom_interfaces.egg-info/PKG-INFO
[1.751s] writing dependency_links to custom_interfaces.egg-info/dependency_links.txt
[1.752s] writing top-level names to custom_interfaces.egg-info/top_level.txt
[1.761s] reading manifest file 'custom_interfaces.egg-info/SOURCES.txt'
[1.764s] writing manifest file 'custom_interfaces.egg-info/SOURCES.txt'
[1.882s] [100%] Built target ament_cmake_python_build_custom_interfaces_egg
[1.914s] Invoked command in '/workspaces/mavlab/ros2_ws/build/custom_interfaces' returned '0': CMAKE_PREFIX_PATH=${CMAKE_PREFIX_PATH}:/opt/ros/humble /usr/bin/cmake --build /workspaces/mavlab/ros2_ws/build/custom_interfaces -- -j4 -l4
[2.079s] Invoking command in '/workspaces/mavlab/ros2_ws/build/custom_interfaces': CMAKE_PREFIX_PATH=${CMAKE_PREFIX_PATH}:/opt/ros/humble /usr/bin/cmake --install /workspaces/mavlab/ros2_ws/build/custom_interfaces
[2.116s] -- Install configuration: ""
[2.117s] -- Up-to-date: /workspaces/mavlab/ros2_ws/install/custom_interfaces/share/ament_index/resource_index/rosidl_interfaces/custom_interfaces
[2.118s] -- Up-to-date: /workspaces/mavlab/ros2_ws/install/custom_interfaces/include/custom_interfaces/custom_interfaces
[2.118s] -- Up-to-date: /workspaces/mavlab/ros2_ws/install/custom_interfaces/include/custom_interfaces/custom_interfaces/msg
[2.118s] -- Up-to-date: /workspaces/mavlab/ros2_ws/install/custom_interfaces/include/custom_interfaces/custom_interfaces/msg/detail
[2.119s] -- Up-to-date: /workspaces/mavlab/ros2_ws/install/custom_interfaces/include/custom_interfaces/custom_interfaces/msg/detail/estimated_state__struct.h
[2.119s] -- Up-to-date: /workspaces/mavlab/ros2_ws/install/custom_interfaces/include/custom_interfaces/custom_interfaces/msg/detail/estimated_state__functions.c
[2.120s] -- Up-to-date: /workspaces/mavlab/ros2_ws/install/custom_interfaces/include/custom_interfaces/custom_interfaces/msg/detail/estimated_state__type_support.h
[2.121s] -- Up-to-date: /workspaces/mavlab/ros2_ws/install/custom_interfaces/include/custom_interfaces/custom_interfaces/msg/detail/estimated_state__functions.h
[2.122s] -- Up-to-date: /workspaces/mavlab/ros2_ws/install/custom_interfaces/include/custom_interfaces/custom_interfaces/msg/estimated_state.h
[2.123s] -- Up-to-date: /workspaces/mavlab/ros2_ws/install/custom_interfaces/include/custom_interfaces/custom_interfaces/msg/rosidl_generator_c__visibility_control.h
[2.123s] -- Up-to-date: /workspaces/mavlab/ros2_ws/install/custom_interfaces/share/custom_interfaces/environment/library_path.sh
[2.124s] -- Up-to-date: /workspaces/mavlab/ros2_ws/install/custom_interfaces/share/custom_interfaces/environment/library_path.dsv
[2.125s] -- Up-to-date: /workspaces/mavlab/ros2_ws/install/custom_interfaces/lib/libcustom_interfaces__rosidl_generator_c.so
[2.126s] -- Up-to-date: /workspaces/mavlab/ros2_ws/install/custom_interfaces/include/custom_interfaces/custom_interfaces
[2.128s] -- Up-to-date: /workspaces/mavlab/ros2_ws/install/custom_interfaces/include/custom_interfaces/custom_interfaces/msg
[2.129s] -- Up-to-date: /workspaces/mavlab/ros2_ws/install/custom_interfaces/include/custom_interfaces/custom_interfaces/msg/rosidl_typesupport_fastrtps_c__visibility_control.h
[2.129s] -- Up-to-date: /workspaces/mavlab/ros2_ws/install/custom_interfaces/include/custom_interfaces/custom_interfaces/msg/detail
[2.130s] -- Up-to-date: /workspaces/mavlab/ros2_ws/install/custom_interfaces/include/custom_interfaces/custom_interfaces/msg/detail/estimated_state__rosidl_typesupport_fastrtps_c.h
[2.131s] -- Up-to-date: /workspaces/mavlab/ros2_ws/install/custom_interfaces/lib/libcustom_interfaces__rosidl_typesupport_fastrtps_c.so
[2.131s] -- Up-to-date: /workspaces/mavlab/ros2_ws/install/custom_interfaces/include/custom_interfaces/custom_interfaces
[2.132s] -- Up-to-date: /workspaces/mavlab/ros2_ws/install/custom_interfaces/include/custom_interfaces/custom_interfaces/msg
[2.133s] -- Up-to-date: /workspaces/mavlab/ros2_ws/install/custom_interfaces/include/custom_interfaces/custom_interfaces/msg/detail
[2.138s] -- Up-to-date: /workspaces/mavlab/ros2_ws/install/custom_interfaces/include/custom_interfaces/custom_interfaces/msg/detail/estimated_state__rosidl_typesupport_introspection_c.h
[2.139s] -- Up-to-date: /workspaces/mavlab/ros2_ws/install/custom_interfaces/include/custom_interfaces/custom_interfaces/msg/detail/estimated_state__type_support.c
[2.139s] -- Up-to-date: /workspaces/mavlab/ros2_ws/install/custom_interfaces/include/custom_interfaces/custom_interfaces/msg/rosidl_typesupport_introspection_c__visibility_control.h
[2.140s] -- Up-to-date: /workspaces/mavlab/ros2_ws/install/custom_interfaces/lib/libcustom_interfaces__rosidl_typesupport_introspection_c.so
[2.140s] -- Up-to-date: /workspaces/mavlab/ros2_ws/install/custom_interfaces/lib/libcustom_interfaces__rosidl_typesupport_c.so
[2.140s] -- Up-to-date: /workspaces/mavlab/ros2_ws/install/custom_interfaces/include/custom_interfaces/custom_interfaces
[2.141s] -- Up-to-date: /workspaces/mavlab/ros2_ws/install/custom_interfaces/include/custom_interfaces/custom_interfaces/msg
[2.141s] -- Up-to-date: /workspaces/mavlab/ros2_ws/install/custom_interfaces/include/custom_interfaces/custom_interfaces/msg/estimated_state.hpp
[2.142s] -- Up-to-date: /workspaces/mavlab/ros2_ws/install/custom_interfaces/include/custom_interfaces/custom_interfaces/msg/detail
[2.142s] -- Up-to-date: /workspaces/mavlab/ros2_ws/install/custom_interfaces/include/custom_interfaces/custom_interfaces/msg/detail/estimated_state__traits.hpp
[2.142s] -- Up-to-date: /workspaces/mavlab/ros2_ws/install/custom_interfaces/include/custom_interfaces/custom_interfaces/msg/detail/estimated_state__builder.hpp
[2.143s] -- Up-to-date: /workspaces/mavlab/ros2_ws/install/custom_interfaces/include/custom_interfaces/custom_interfaces/msg/detail/estimated_state__struct.hpp
[2.143s] -- Up-to-date: /workspaces/mavlab/ros2_ws/install/custom_interfaces/include/custom_interfaces/custom_interfaces
[2.143s] -- Up-to-date: /workspaces/mavlab/ros2_ws/install/custom_interfaces/include/custom_interfaces/custom_interfaces/msg
[2.144s] -- Up-to-date: /workspaces/mavlab/ros2_ws/install/custom_interfaces/include/custom_interfaces/custom_interfaces/msg/rosidl_typesupport_fastrtps_cpp__visibility_control.h
[2.144s] -- Up-to-date: /workspaces/mavlab/ros2_ws/install/custom_interfaces/include/custom_interfaces/custom_interfaces/msg/detail
[2.144s] -- Up-to-date: /workspaces/mavlab/ros2_ws/install/custom_interfaces/include/custom_interfaces/custom_interfaces/msg/detail/estimated_state__rosidl_typesupport_fastrtps_cpp.hpp
[2.145s] -- Up-to-date: /workspaces/mavlab/ros2_ws/install/custom_interfaces/include/custom_interfaces/custom_interfaces/msg/detail/dds_fastrtps
[2.145s] -- Up-to-date: /workspaces/mavlab/ros2_ws/install/custom_interfaces/lib/libcustom_interfaces__rosidl_typesupport_fastrtps_cpp.so
[2.146s] -- Up-to-date: /workspaces/mavlab/ros2_ws/install/custom_interfaces/include/custom_interfaces/custom_interfaces
[2.146s] -- Up-to-date: /workspaces/mavlab/ros2_ws/install/custom_interfaces/include/custom_interfaces/custom_interfaces/msg
[2.146s] -- Up-to-date: /workspaces/mavlab/ros2_ws/install/custom_interfaces/include/custom_interfaces/custom_interfaces/msg/detail
[2.147s] -- Up-to-date: /workspaces/mavlab/ros2_ws/install/custom_interfaces/include/custom_interfaces/custom_interfaces/msg/detail/estimated_state__rosidl_typesupport_introspection_cpp.hpp
[2.147s] -- Up-to-date: /workspaces/mavlab/ros2_ws/install/custom_interfaces/include/custom_interfaces/custom_interfaces/msg/detail/estimated_state__type_support.cpp
[2.148s] -- Up-to-date: /workspaces/mavlab/ros2_ws/install/custom_interfaces/lib/libcustom_interfaces__rosidl_typesupport_introspection_cpp.so
[2.148s] -- Up-to-date: /workspaces/mavlab/ros2_ws/install/custom_interfaces/lib/libcustom_interfaces__rosidl_typesupport_cpp.so
[2.149s] -- Up-to-date: /workspaces/mavlab/ros2_ws/install/custom_interfaces/share/custom_interfaces/environment/pythonpath.sh
[2.149s] -- Up-to-date: /workspaces/mavlab/ros2_ws/install/custom_interfaces/share/custom_interfaces/environment/pythonpath.dsv
[2.149s] -- Up-to-date: /workspaces/mavlab/ros2_ws/install/custom_interfaces/local/lib/python3.10/dist-packages/custom_interfaces-0.0.1-py3.10.egg-info
[2.150s] -- Installing: /workspaces/mavlab/ros2_ws/install/custom_interfaces/local/lib/python3.10/dist-packages/custom_interfaces-0.0.1-py3.10.egg-info/SOURCES.txt
[2.150s] -- Installing: /workspaces/mavlab/ros2_ws/install/custom_interfaces/local/lib/python3.10/dist-packages/custom_interfaces-0.0.1-py3.10.egg-info/dependency_links.txt
[2.150s] -- Installing: /workspaces/mavlab/ros2_ws/install/custom_interfaces/local/lib/python3.10/dist-packages/custom_interfaces-0.0.1-py3.10.egg-info/top_level.txt
[2.151s] -- Installing: /workspaces/mavlab/ros2_ws/install/custom_interfaces/local/lib/python3.10/dist-packages/custom_interfaces-0.0.1-py3.10.egg-info/PKG-INFO
[2.151s] -- Up-to-date: /workspaces/mavlab/ros2_ws/install/custom_interfaces/local/lib/python3.10/dist-packages/custom_interfaces
[2.151s] -- Up-to-date: /workspaces/mavlab/ros2_ws/install/custom_interfaces/local/lib/python3.10/dist-packages/custom_interfaces/__init__.py
[2.152s] -- Up-to-date: /workspaces/mavlab/ros2_ws/install/custom_interfaces/local/lib/python3.10/dist-packages/custom_interfaces/_custom_interfaces_s.ep.rosidl_typesupport_fastrtps_c.c
[2.152s] -- Up-to-date: /workspaces/mavlab/ros2_ws/install/custom_interfaces/local/lib/python3.10/dist-packages/custom_interfaces/custom_interfaces_s__rosidl_typesupport_c.cpython-310-aarch64-linux-gnu.so
[2.153s] -- Up-to-date: /workspaces/mavlab/ros2_ws/install/custom_interfaces/local/lib/python3.10/dist-packages/custom_interfaces/custom_interfaces_s__rosidl_typesupport_fastrtps_c.cpython-310-aarch64-linux-gnu.so
[2.153s] -- Up-to-date: /workspaces/mavlab/ros2_ws/install/custom_interfaces/local/lib/python3.10/dist-packages/custom_interfaces/libcustom_interfaces__rosidl_generator_py.so
[2.153s] -- Up-to-date: /workspaces/mavlab/ros2_ws/install/custom_interfaces/local/lib/python3.10/dist-packages/custom_interfaces/_custom_interfaces_s.ep.rosidl_typesupport_c.c
[2.154s] -- Up-to-date: /workspaces/mavlab/ros2_ws/install/custom_interfaces/local/lib/python3.10/dist-packages/custom_interfaces/msg
[2.154s] -- Up-to-date: /workspaces/mavlab/ros2_ws/install/custom_interfaces/local/lib/python3.10/dist-packages/custom_interfaces/msg/__init__.py
[2.154s] -- Up-to-date: /workspaces/mavlab/ros2_ws/install/custom_interfaces/local/lib/python3.10/dist-packages/custom_interfaces/msg/_estimated_state.py
[2.155s] -- Up-to-date: /workspaces/mavlab/ros2_ws/install/custom_interfaces/local/lib/python3.10/dist-packages/custom_interfaces/msg/_estimated_state_s.c
[2.155s] -- Up-to-date: /workspaces/mavlab/ros2_ws/install/custom_interfaces/local/lib/python3.10/dist-packages/custom_interfaces/custom_interfaces_s__rosidl_typesupport_introspection_c.cpython-310-aarch64-linux-gnu.so
[2.156s] -- Up-to-date: /workspaces/mavlab/ros2_ws/install/custom_interfaces/local/lib/python3.10/dist-packages/custom_interfaces/_custom_interfaces_s.ep.rosidl_typesupport_introspection_c.c
[2.294s] Listing '/workspaces/mavlab/ros2_ws/install/custom_interfaces/local/lib/python3.10/dist-packages/custom_interfaces'...
[2.294s] Listing '/workspaces/mavlab/ros2_ws/install/custom_interfaces/local/lib/python3.10/dist-packages/custom_interfaces/msg'...
[2.320s] -- Up-to-date: /workspaces/mavlab/ros2_ws/install/custom_interfaces/local/lib/python3.10/dist-packages/custom_interfaces/custom_interfaces_s__rosidl_typesupport_fastrtps_c.cpython-310-aarch64-linux-gnu.so
[2.322s] -- Up-to-date: /workspaces/mavlab/ros2_ws/install/custom_interfaces/local/lib/python3.10/dist-packages/custom_interfaces/custom_interfaces_s__rosidl_typesupport_introspection_c.cpython-310-aarch64-linux-gnu.so
[2.324s] -- Up-to-date: /workspaces/mavlab/ros2_ws/install/custom_interfaces/local/lib/python3.10/dist-packages/custom_interfaces/custom_interfaces_s__rosidl_typesupport_c.cpython-310-aarch64-linux-gnu.so
[2.325s] -- Up-to-date: /workspaces/mavlab/ros2_ws/install/custom_interfaces/lib/libcustom_interfaces__rosidl_generator_py.so
[2.325s] -- Up-to-date: /workspaces/mavlab/ros2_ws/install/custom_interfaces/share/custom_interfaces/msg/EstimatedState.idl
[2.326s] -- Up-to-date: /workspaces/mavlab/ros2_ws/install/custom_interfaces/share/custom_interfaces/msg/EstimatedState.msg
[2.326s] -- Up-to-date: /workspaces/mavlab/ros2_ws/install/custom_interfaces/share/ament_index/resource_index/package_run_dependencies/custom_interfaces
[2.327s] -- Up-to-date: /workspaces/mavlab/ros2_ws/install/custom_interfaces/share/ament_index/resource_index/parent_prefix_path/custom_interfaces
[2.327s] -- Up-to-date: /workspaces/mavlab/ros2_ws/install/custom_interfaces/share/custom_interfaces/environment/ament_prefix_path.sh
[2.328s] -- Up-to-date: /workspaces/mavlab/ros2_ws/install/custom_interfaces/share/custom_interfaces/environment/ament_prefix_path.dsv
[2.328s] -- Up-to-date: /workspaces/mavlab/ros2_ws/install/custom_interfaces/share/custom_interfaces/environment/path.sh
[2.329s] -- Up-to-date: /workspaces/mavlab/ros2_ws/install/custom_interfaces/share/custom_interfaces/environment/path.dsv
[2.329s] -- Up-to-date: /workspaces/mavlab/ros2_ws/install/custom_interfaces/share/custom_interfaces/local_setup.bash
[2.330s] -- Up-to-date: /workspaces/mavlab/ros2_ws/install/custom_interfaces/share/custom_interfaces/local_setup.sh
[2.330s] -- Up-to-date: /workspaces/mavlab/ros2_ws/install/custom_interfaces/share/custom_interfaces/local_setup.zsh
[2.331s] -- Up-to-date: /workspaces/mavlab/ros2_ws/install/custom_interfaces/share/custom_interfaces/local_setup.dsv
[2.331s] -- Installing: /workspaces/mavlab/ros2_ws/install/custom_interfaces/share/custom_interfaces/package.dsv
[2.332s] -- Up-to-date: /workspaces/mavlab/ros2_ws/install/custom_interfaces/share/ament_index/resource_index/packages/custom_interfaces
[2.333s] -- Up-to-date: /workspaces/mavlab/ros2_ws/install/custom_interfaces/share/custom_interfaces/cmake/export_custom_interfaces__rosidl_generator_cExport.cmake
[2.334s] -- Up-to-date: /workspaces/mavlab/ros2_ws/install/custom_interfaces/share/custom_interfaces/cmake/export_custom_interfaces__rosidl_generator_cExport-noconfig.cmake
[2.335s] -- Up-to-date: /workspaces/mavlab/ros2_ws/install/custom_interfaces/share/custom_interfaces/cmake/export_custom_interfaces__rosidl_typesupport_fastrtps_cExport.cmake
[2.335s] -- Up-to-date: /workspaces/mavlab/ros2_ws/install/custom_interfaces/share/custom_interfaces/cmake/export_custom_interfaces__rosidl_typesupport_fastrtps_cExport-noconfig.cmake
[2.337s] -- Up-to-date: /workspaces/mavlab/ros2_ws/install/custom_interfaces/share/custom_interfaces/cmake/custom_interfaces__rosidl_typesupport_introspection_cExport.cmake
[2.337s] -- Up-to-date: /workspaces/mavlab/ros2_ws/install/custom_interfaces/share/custom_interfaces/cmake/custom_interfaces__rosidl_typesupport_introspection_cExport-noconfig.cmake
[2.339s] -- Up-to-date: /workspaces/mavlab/ros2_ws/install/custom_interfaces/share/custom_interfaces/cmake/custom_interfaces__rosidl_typesupport_cExport.cmake
[2.339s] -- Up-to-date: /workspaces/mavlab/ros2_ws/install/custom_interfaces/share/custom_interfaces/cmake/custom_interfaces__rosidl_typesupport_cExport-noconfig.cmake
[2.340s] -- Up-to-date: /workspaces/mavlab/ros2_ws/install/custom_interfaces/share/custom_interfaces/cmake/export_custom_interfaces__rosidl_generator_cppExport.cmake
[2.342s] -- Up-to-date: /workspaces/mavlab/ros2_ws/install/custom_interfaces/share/custom_interfaces/cmake/export_custom_interfaces__rosidl_typesupport_fastrtps_cppExport.cmake
[2.342s] -- Up-to-date: /workspaces/mavlab/ros2_ws/install/custom_interfaces/share/custom_interfaces/cmake/export_custom_interfaces__rosidl_typesupport_fastrtps_cppExport-noconfig.cmake
[2.344s] -- Up-to-date: /workspaces/mavlab/ros2_ws/install/custom_interfaces/share/custom_interfaces/cmake/custom_interfaces__rosidl_typesupport_introspection_cppExport.cmake
[2.344s] -- Up-to-date: /workspaces/mavlab/ros2_ws/install/custom_interfaces/share/custom_interfaces/cmake/custom_interfaces__rosidl_typesupport_introspection_cppExport-noconfig.cmake
[2.345s] -- Up-to-date: /workspaces/mavlab/ros2_ws/install/custom_interfaces/share/custom_interfaces/cmake/custom_interfaces__rosidl_typesupport_cppExport.cmake
[2.346s] -- Up-to-date: /workspaces/mavlab/ros2_ws/install/custom_interfaces/share/custom_interfaces/cmake/custom_interfaces__rosidl_typesupport_cppExport-noconfig.cmake
[2.347s] -- Up-to-date: /workspaces/mavlab/ros2_ws/install/custom_interfaces/share/custom_interfaces/cmake/export_custom_interfaces__rosidl_generator_pyExport.cmake
[2.348s] -- Up-to-date: /workspaces/mavlab/ros2_ws/install/custom_interfaces/share/custom_interfaces/cmake/export_custom_interfaces__rosidl_generator_pyExport-noconfig.cmake
[2.348s] -- Up-to-date: /workspaces/mavlab/ros2_ws/install/custom_interfaces/share/custom_interfaces/cmake/rosidl_cmake-extras.cmake
[2.349s] -- Up-to-date: /workspaces/mavlab/ros2_ws/install/custom_interfaces/share/custom_interfaces/cmake/ament_cmake_export_include_directories-extras.cmake
[2.349s] -- Up-to-date: /workspaces/mavlab/ros2_ws/install/custom_interfaces/share/custom_interfaces/cmake/ament_cmake_export_libraries-extras.cmake
[2.350s] -- Up-to-date: /workspaces/mavlab/ros2_ws/install/custom_interfaces/share/custom_interfaces/cmake/ament_cmake_export_targets-extras.cmake
[2.350s] -- Up-to-date: /workspaces/mavlab/ros2_ws/install/custom_interfaces/share/custom_interfaces/cmake/rosidl_cmake_export_typesupport_targets-extras.cmake
[2.351s] -- Up-to-date: /workspaces/mavlab/ros2_ws/install/custom_interfaces/share/custom_interfaces/cmake/ament_cmake_export_dependencies-extras.cmake
[2.351s] -- Up-to-date: /workspaces/mavlab/ros2_ws/install/custom_interfaces/share/custom_interfaces/cmake/rosidl_cmake_export_typesupport_libraries-extras.cmake
[2.352s] -- Up-to-date: /workspaces/mavlab/ros2_ws/install/custom_interfaces/share/custom_interfaces/cmake/custom_interfacesConfig.cmake
[2.352s] -- Up-to-date: /workspaces/mavlab/ros2_ws/install/custom_interfaces/share/custom_interfaces/cmake/custom_interfacesConfig-version.cmake
[2.352s] -- Up-to-date: /workspaces/mavlab/ros2_ws/install/custom_interfaces/share/custom_interfaces/package.xml
[2.360s] Invoked command in '/workspaces/mavlab/ros2_ws/build/custom_interfaces' returned '0': CMAKE_PREFIX_PATH=${CMAKE_PREFIX_PATH}:/opt/ros/humble /usr/bin/cmake --install /workspaces/mavlab/ros2_ws/build/custom_interfaces
