[0.086s] Invoking command in '/workspaces/mavlab/ros2_ws/build/custom_interfaces': CMAKE_PREFIX_PATH=${CMAKE_PREFIX_PATH}:/opt/ros/humble /usr/bin/cmake --build /workspaces/mavlab/ros2_ws/build/custom_interfaces -- -j4 -l4
[0.362s] [  3%] Built target custom_interfaces__cpp
[0.391s] [ 12%] Built target custom_interfaces__rosidl_generator_c
[0.467s] [ 12%] Built target ament_cmake_python_copy_custom_interfaces
[0.531s] [ 22%] Built target custom_interfaces__rosidl_typesupport_introspection_cpp
[0.651s] [ 32%] Built target custom_interfaces__rosidl_typesupport_fastrtps_cpp
[0.655s] [ 41%] Built target custom_interfaces__rosidl_typesupport_cpp
[0.798s] [ 51%] Built target custom_interfaces__rosidl_typesupport_fastrtps_c
[0.799s] [ 61%] Built target custom_interfaces__rosidl_typesupport_introspection_c
[0.799s] [ 70%] Built target custom_interfaces__rosidl_typesupport_c
[0.875s] [ 70%] Built target custom_interfaces
[0.981s] [ 74%] Built target custom_interfaces__py
[1.110s] [ 80%] Built target custom_interfaces__rosidl_generator_py
[1.252s] [ 87%] Built target custom_interfaces__rosidl_typesupport_c__pyext
[1.256s] [ 93%] Built target custom_interfaces__rosidl_typesupport_introspection_c__pyext
[1.296s] [100%] Built target custom_interfaces__rosidl_typesupport_fastrtps_c__pyext
[1.882s] running egg_info
[1.884s] writing custom_interfaces.egg-info/PKG-INFO
[1.886s] writing dependency_links to custom_interfaces.egg-info/dependency_links.txt
[1.887s] writing top-level names to custom_interfaces.egg-info/top_level.txt
[1.897s] reading manifest file 'custom_interfaces.egg-info/SOURCES.txt'
[1.901s] writing manifest file 'custom_interfaces.egg-info/SOURCES.txt'
[2.026s] [100%] Built target ament_cmake_python_build_custom_interfaces_egg
[2.061s] Invoked command in '/workspaces/mavlab/ros2_ws/build/custom_interfaces' returned '0': CMAKE_PREFIX_PATH=${CMAKE_PREFIX_PATH}:/opt/ros/humble /usr/bin/cmake --build /workspaces/mavlab/ros2_ws/build/custom_interfaces -- -j4 -l4
[2.247s] Invoking command in '/workspaces/mavlab/ros2_ws/build/custom_interfaces': CMAKE_PREFIX_PATH=${CMAKE_PREFIX_PATH}:/opt/ros/humble /usr/bin/cmake --install /workspaces/mavlab/ros2_ws/build/custom_interfaces
[2.272s] -- Install configuration: ""
[2.273s] -- Up-to-date: /workspaces/mavlab/ros2_ws/install/custom_interfaces/share/ament_index/resource_index/rosidl_interfaces/custom_interfaces
[2.274s] -- Up-to-date: /workspaces/mavlab/ros2_ws/install/custom_interfaces/include/custom_interfaces/custom_interfaces
[2.275s] -- Up-to-date: /workspaces/mavlab/ros2_ws/install/custom_interfaces/include/custom_interfaces/custom_interfaces/msg
[2.275s] -- Up-to-date: /workspaces/mavlab/ros2_ws/install/custom_interfaces/include/custom_interfaces/custom_interfaces/msg/detail
[2.277s] -- Up-to-date: /workspaces/mavlab/ros2_ws/install/custom_interfaces/include/custom_interfaces/custom_interfaces/msg/detail/estimated_state__struct.h
[2.277s] -- Up-to-date: /workspaces/mavlab/ros2_ws/install/custom_interfaces/include/custom_interfaces/custom_interfaces/msg/detail/estimated_state__functions.c
[2.278s] -- Up-to-date: /workspaces/mavlab/ros2_ws/install/custom_interfaces/include/custom_interfaces/custom_interfaces/msg/detail/estimated_state__type_support.h
[2.279s] -- Up-to-date: /workspaces/mavlab/ros2_ws/install/custom_interfaces/include/custom_interfaces/custom_interfaces/msg/detail/estimated_state__functions.h
[2.280s] -- Up-to-date: /workspaces/mavlab/ros2_ws/install/custom_interfaces/include/custom_interfaces/custom_interfaces/msg/estimated_state.h
[2.281s] -- Up-to-date: /workspaces/mavlab/ros2_ws/install/custom_interfaces/include/custom_interfaces/custom_interfaces/msg/rosidl_generator_c__visibility_control.h
[2.281s] -- Up-to-date: /workspaces/mavlab/ros2_ws/install/custom_interfaces/share/custom_interfaces/environment/library_path.sh
[2.281s] -- Up-to-date: /workspaces/mavlab/ros2_ws/install/custom_interfaces/share/custom_interfaces/environment/library_path.dsv
[2.282s] -- Up-to-date: /workspaces/mavlab/ros2_ws/install/custom_interfaces/lib/libcustom_interfaces__rosidl_generator_c.so
[2.282s] -- Up-to-date: /workspaces/mavlab/ros2_ws/install/custom_interfaces/include/custom_interfaces/custom_interfaces
[2.283s] -- Up-to-date: /workspaces/mavlab/ros2_ws/install/custom_interfaces/include/custom_interfaces/custom_interfaces/msg
[2.284s] -- Up-to-date: /workspaces/mavlab/ros2_ws/install/custom_interfaces/include/custom_interfaces/custom_interfaces/msg/rosidl_typesupport_fastrtps_c__visibility_control.h
[2.284s] -- Up-to-date: /workspaces/mavlab/ros2_ws/install/custom_interfaces/include/custom_interfaces/custom_interfaces/msg/detail
[2.285s] -- Up-to-date: /workspaces/mavlab/ros2_ws/install/custom_interfaces/include/custom_interfaces/custom_interfaces/msg/detail/estimated_state__rosidl_typesupport_fastrtps_c.h
[2.285s] -- Up-to-date: /workspaces/mavlab/ros2_ws/install/custom_interfaces/lib/libcustom_interfaces__rosidl_typesupport_fastrtps_c.so
[2.285s] -- Up-to-date: /workspaces/mavlab/ros2_ws/install/custom_interfaces/include/custom_interfaces/custom_interfaces
[2.286s] -- Up-to-date: /workspaces/mavlab/ros2_ws/install/custom_interfaces/include/custom_interfaces/custom_interfaces/msg
[2.286s] -- Up-to-date: /workspaces/mavlab/ros2_ws/install/custom_interfaces/include/custom_interfaces/custom_interfaces/msg/detail
[2.286s] -- Up-to-date: /workspaces/mavlab/ros2_ws/install/custom_interfaces/include/custom_interfaces/custom_interfaces/msg/detail/estimated_state__rosidl_typesupport_introspection_c.h
[2.287s] -- Up-to-date: /workspaces/mavlab/ros2_ws/install/custom_interfaces/include/custom_interfaces/custom_interfaces/msg/detail/estimated_state__type_support.c
[2.287s] -- Up-to-date: /workspaces/mavlab/ros2_ws/install/custom_interfaces/include/custom_interfaces/custom_interfaces/msg/rosidl_typesupport_introspection_c__visibility_control.h
[2.288s] -- Up-to-date: /workspaces/mavlab/ros2_ws/install/custom_interfaces/lib/libcustom_interfaces__rosidl_typesupport_introspection_c.so
[2.289s] -- Up-to-date: /workspaces/mavlab/ros2_ws/install/custom_interfaces/lib/libcustom_interfaces__rosidl_typesupport_c.so
[2.290s] -- Up-to-date: /workspaces/mavlab/ros2_ws/install/custom_interfaces/include/custom_interfaces/custom_interfaces
[2.291s] -- Up-to-date: /workspaces/mavlab/ros2_ws/install/custom_interfaces/include/custom_interfaces/custom_interfaces/msg
[2.291s] -- Up-to-date: /workspaces/mavlab/ros2_ws/install/custom_interfaces/include/custom_interfaces/custom_interfaces/msg/estimated_state.hpp
[2.292s] -- Up-to-date: /workspaces/mavlab/ros2_ws/install/custom_interfaces/include/custom_interfaces/custom_interfaces/msg/detail
[2.292s] -- Up-to-date: /workspaces/mavlab/ros2_ws/install/custom_interfaces/include/custom_interfaces/custom_interfaces/msg/detail/estimated_state__traits.hpp
[2.293s] -- Up-to-date: /workspaces/mavlab/ros2_ws/install/custom_interfaces/include/custom_interfaces/custom_interfaces/msg/detail/estimated_state__builder.hpp
[2.294s] -- Up-to-date: /workspaces/mavlab/ros2_ws/install/custom_interfaces/include/custom_interfaces/custom_interfaces/msg/detail/estimated_state__struct.hpp
[2.294s] -- Up-to-date: /workspaces/mavlab/ros2_ws/install/custom_interfaces/include/custom_interfaces/custom_interfaces
[2.295s] -- Up-to-date: /workspaces/mavlab/ros2_ws/install/custom_interfaces/include/custom_interfaces/custom_interfaces/msg
[2.295s] -- Up-to-date: /workspaces/mavlab/ros2_ws/install/custom_interfaces/include/custom_interfaces/custom_interfaces/msg/rosidl_typesupport_fastrtps_cpp__visibility_control.h
[2.296s] -- Up-to-date: /workspaces/mavlab/ros2_ws/install/custom_interfaces/include/custom_interfaces/custom_interfaces/msg/detail
[2.296s] -- Up-to-date: /workspaces/mavlab/ros2_ws/install/custom_interfaces/include/custom_interfaces/custom_interfaces/msg/detail/estimated_state__rosidl_typesupport_fastrtps_cpp.hpp
[2.297s] -- Up-to-date: /workspaces/mavlab/ros2_ws/install/custom_interfaces/include/custom_interfaces/custom_interfaces/msg/detail/dds_fastrtps
[2.297s] -- Up-to-date: /workspaces/mavlab/ros2_ws/install/custom_interfaces/lib/libcustom_interfaces__rosidl_typesupport_fastrtps_cpp.so
[2.298s] -- Up-to-date: /workspaces/mavlab/ros2_ws/install/custom_interfaces/include/custom_interfaces/custom_interfaces
[2.298s] -- Up-to-date: /workspaces/mavlab/ros2_ws/install/custom_interfaces/include/custom_interfaces/custom_interfaces/msg
[2.299s] -- Up-to-date: /workspaces/mavlab/ros2_ws/install/custom_interfaces/include/custom_interfaces/custom_interfaces/msg/detail
[2.299s] -- Up-to-date: /workspaces/mavlab/ros2_ws/install/custom_interfaces/include/custom_interfaces/custom_interfaces/msg/detail/estimated_state__rosidl_typesupport_introspection_cpp.hpp
[2.300s] -- Up-to-date: /workspaces/mavlab/ros2_ws/install/custom_interfaces/include/custom_interfaces/custom_interfaces/msg/detail/estimated_state__type_support.cpp
[2.300s] -- Up-to-date: /workspaces/mavlab/ros2_ws/install/custom_interfaces/lib/libcustom_interfaces__rosidl_typesupport_introspection_cpp.so
[2.301s] -- Up-to-date: /workspaces/mavlab/ros2_ws/install/custom_interfaces/lib/libcustom_interfaces__rosidl_typesupport_cpp.so
[2.301s] -- Up-to-date: /workspaces/mavlab/ros2_ws/install/custom_interfaces/share/custom_interfaces/environment/pythonpath.sh
[2.302s] -- Up-to-date: /workspaces/mavlab/ros2_ws/install/custom_interfaces/share/custom_interfaces/environment/pythonpath.dsv
[2.302s] -- Up-to-date: /workspaces/mavlab/ros2_ws/install/custom_interfaces/local/lib/python3.10/dist-packages/custom_interfaces-0.0.1-py3.10.egg-info
[2.303s] -- Installing: /workspaces/mavlab/ros2_ws/install/custom_interfaces/local/lib/python3.10/dist-packages/custom_interfaces-0.0.1-py3.10.egg-info/SOURCES.txt
[2.304s] -- Installing: /workspaces/mavlab/ros2_ws/install/custom_interfaces/local/lib/python3.10/dist-packages/custom_interfaces-0.0.1-py3.10.egg-info/dependency_links.txt
[2.304s] -- Installing: /workspaces/mavlab/ros2_ws/install/custom_interfaces/local/lib/python3.10/dist-packages/custom_interfaces-0.0.1-py3.10.egg-info/top_level.txt
[2.305s] -- Installing: /workspaces/mavlab/ros2_ws/install/custom_interfaces/local/lib/python3.10/dist-packages/custom_interfaces-0.0.1-py3.10.egg-info/PKG-INFO
[2.305s] -- Up-to-date: /workspaces/mavlab/ros2_ws/install/custom_interfaces/local/lib/python3.10/dist-packages/custom_interfaces
[2.305s] -- Up-to-date: /workspaces/mavlab/ros2_ws/install/custom_interfaces/local/lib/python3.10/dist-packages/custom_interfaces/__init__.py
[2.306s] -- Up-to-date: /workspaces/mavlab/ros2_ws/install/custom_interfaces/local/lib/python3.10/dist-packages/custom_interfaces/_custom_interfaces_s.ep.rosidl_typesupport_fastrtps_c.c
[2.306s] -- Up-to-date: /workspaces/mavlab/ros2_ws/install/custom_interfaces/local/lib/python3.10/dist-packages/custom_interfaces/custom_interfaces_s__rosidl_typesupport_c.cpython-310-aarch64-linux-gnu.so
[2.307s] -- Up-to-date: /workspaces/mavlab/ros2_ws/install/custom_interfaces/local/lib/python3.10/dist-packages/custom_interfaces/custom_interfaces_s__rosidl_typesupport_fastrtps_c.cpython-310-aarch64-linux-gnu.so
[2.307s] -- Up-to-date: /workspaces/mavlab/ros2_ws/install/custom_interfaces/local/lib/python3.10/dist-packages/custom_interfaces/libcustom_interfaces__rosidl_generator_py.so
[2.307s] -- Up-to-date: /workspaces/mavlab/ros2_ws/install/custom_interfaces/local/lib/python3.10/dist-packages/custom_interfaces/_custom_interfaces_s.ep.rosidl_typesupport_c.c
[2.308s] -- Up-to-date: /workspaces/mavlab/ros2_ws/install/custom_interfaces/local/lib/python3.10/dist-packages/custom_interfaces/msg
[2.308s] -- Up-to-date: /workspaces/mavlab/ros2_ws/install/custom_interfaces/local/lib/python3.10/dist-packages/custom_interfaces/msg/__init__.py
[2.309s] -- Up-to-date: /workspaces/mavlab/ros2_ws/install/custom_interfaces/local/lib/python3.10/dist-packages/custom_interfaces/msg/_estimated_state.py
[2.309s] -- Up-to-date: /workspaces/mavlab/ros2_ws/install/custom_interfaces/local/lib/python3.10/dist-packages/custom_interfaces/msg/_estimated_state_s.c
[2.310s] -- Up-to-date: /workspaces/mavlab/ros2_ws/install/custom_interfaces/local/lib/python3.10/dist-packages/custom_interfaces/custom_interfaces_s__rosidl_typesupport_introspection_c.cpython-310-aarch64-linux-gnu.so
[2.310s] -- Up-to-date: /workspaces/mavlab/ros2_ws/install/custom_interfaces/local/lib/python3.10/dist-packages/custom_interfaces/_custom_interfaces_s.ep.rosidl_typesupport_introspection_c.c
[2.449s] Listing '/workspaces/mavlab/ros2_ws/install/custom_interfaces/local/lib/python3.10/dist-packages/custom_interfaces'...
[2.450s] Listing '/workspaces/mavlab/ros2_ws/install/custom_interfaces/local/lib/python3.10/dist-packages/custom_interfaces/msg'...
[2.474s] -- Up-to-date: /workspaces/mavlab/ros2_ws/install/custom_interfaces/local/lib/python3.10/dist-packages/custom_interfaces/custom_interfaces_s__rosidl_typesupport_fastrtps_c.cpython-310-aarch64-linux-gnu.so
[2.475s] -- Up-to-date: /workspaces/mavlab/ros2_ws/install/custom_interfaces/local/lib/python3.10/dist-packages/custom_interfaces/custom_interfaces_s__rosidl_typesupport_introspection_c.cpython-310-aarch64-linux-gnu.so
[2.477s] -- Up-to-date: /workspaces/mavlab/ros2_ws/install/custom_interfaces/local/lib/python3.10/dist-packages/custom_interfaces/custom_interfaces_s__rosidl_typesupport_c.cpython-310-aarch64-linux-gnu.so
[2.480s] -- Up-to-date: /workspaces/mavlab/ros2_ws/install/custom_interfaces/lib/libcustom_interfaces__rosidl_generator_py.so
[2.481s] -- Up-to-date: /workspaces/mavlab/ros2_ws/install/custom_interfaces/share/custom_interfaces/msg/EstimatedState.idl
[2.481s] -- Up-to-date: /workspaces/mavlab/ros2_ws/install/custom_interfaces/share/custom_interfaces/msg/EstimatedState.msg
[2.482s] -- Up-to-date: /workspaces/mavlab/ros2_ws/install/custom_interfaces/share/ament_index/resource_index/package_run_dependencies/custom_interfaces
[2.482s] -- Up-to-date: /workspaces/mavlab/ros2_ws/install/custom_interfaces/share/ament_index/resource_index/parent_prefix_path/custom_interfaces
[2.483s] -- Up-to-date: /workspaces/mavlab/ros2_ws/install/custom_interfaces/share/custom_interfaces/environment/ament_prefix_path.sh
[2.483s] -- Up-to-date: /workspaces/mavlab/ros2_ws/install/custom_interfaces/share/custom_interfaces/environment/ament_prefix_path.dsv
[2.484s] -- Up-to-date: /workspaces/mavlab/ros2_ws/install/custom_interfaces/share/custom_interfaces/environment/path.sh
[2.484s] -- Up-to-date: /workspaces/mavlab/ros2_ws/install/custom_interfaces/share/custom_interfaces/environment/path.dsv
[2.485s] -- Up-to-date: /workspaces/mavlab/ros2_ws/install/custom_interfaces/share/custom_interfaces/local_setup.bash
[2.485s] -- Up-to-date: /workspaces/mavlab/ros2_ws/install/custom_interfaces/share/custom_interfaces/local_setup.sh
[2.486s] -- Up-to-date: /workspaces/mavlab/ros2_ws/install/custom_interfaces/share/custom_interfaces/local_setup.zsh
[2.486s] -- Up-to-date: /workspaces/mavlab/ros2_ws/install/custom_interfaces/share/custom_interfaces/local_setup.dsv
[2.487s] -- Installing: /workspaces/mavlab/ros2_ws/install/custom_interfaces/share/custom_interfaces/package.dsv
[2.487s] -- Up-to-date: /workspaces/mavlab/ros2_ws/install/custom_interfaces/share/ament_index/resource_index/packages/custom_interfaces
[2.489s] -- Up-to-date: /workspaces/mavlab/ros2_ws/install/custom_interfaces/share/custom_interfaces/cmake/export_custom_interfaces__rosidl_generator_cExport.cmake
[2.490s] -- Up-to-date: /workspaces/mavlab/ros2_ws/install/custom_interfaces/share/custom_interfaces/cmake/export_custom_interfaces__rosidl_generator_cExport-noconfig.cmake
[2.491s] -- Up-to-date: /workspaces/mavlab/ros2_ws/install/custom_interfaces/share/custom_interfaces/cmake/export_custom_interfaces__rosidl_typesupport_fastrtps_cExport.cmake
[2.492s] -- Up-to-date: /workspaces/mavlab/ros2_ws/install/custom_interfaces/share/custom_interfaces/cmake/export_custom_interfaces__rosidl_typesupport_fastrtps_cExport-noconfig.cmake
[2.493s] -- Up-to-date: /workspaces/mavlab/ros2_ws/install/custom_interfaces/share/custom_interfaces/cmake/custom_interfaces__rosidl_typesupport_introspection_cExport.cmake
[2.493s] -- Up-to-date: /workspaces/mavlab/ros2_ws/install/custom_interfaces/share/custom_interfaces/cmake/custom_interfaces__rosidl_typesupport_introspection_cExport-noconfig.cmake
[2.495s] -- Up-to-date: /workspaces/mavlab/ros2_ws/install/custom_interfaces/share/custom_interfaces/cmake/custom_interfaces__rosidl_typesupport_cExport.cmake
[2.495s] -- Up-to-date: /workspaces/mavlab/ros2_ws/install/custom_interfaces/share/custom_interfaces/cmake/custom_interfaces__rosidl_typesupport_cExport-noconfig.cmake
[2.496s] -- Up-to-date: /workspaces/mavlab/ros2_ws/install/custom_interfaces/share/custom_interfaces/cmake/export_custom_interfaces__rosidl_generator_cppExport.cmake
[2.498s] -- Up-to-date: /workspaces/mavlab/ros2_ws/install/custom_interfaces/share/custom_interfaces/cmake/export_custom_interfaces__rosidl_typesupport_fastrtps_cppExport.cmake
[2.498s] -- Up-to-date: /workspaces/mavlab/ros2_ws/install/custom_interfaces/share/custom_interfaces/cmake/export_custom_interfaces__rosidl_typesupport_fastrtps_cppExport-noconfig.cmake
[2.499s] -- Up-to-date: /workspaces/mavlab/ros2_ws/install/custom_interfaces/share/custom_interfaces/cmake/custom_interfaces__rosidl_typesupport_introspection_cppExport.cmake
[2.500s] -- Up-to-date: /workspaces/mavlab/ros2_ws/install/custom_interfaces/share/custom_interfaces/cmake/custom_interfaces__rosidl_typesupport_introspection_cppExport-noconfig.cmake
[2.501s] -- Up-to-date: /workspaces/mavlab/ros2_ws/install/custom_interfaces/share/custom_interfaces/cmake/custom_interfaces__rosidl_typesupport_cppExport.cmake
[2.502s] -- Up-to-date: /workspaces/mavlab/ros2_ws/install/custom_interfaces/share/custom_interfaces/cmake/custom_interfaces__rosidl_typesupport_cppExport-noconfig.cmake
[2.503s] -- Up-to-date: /workspaces/mavlab/ros2_ws/install/custom_interfaces/share/custom_interfaces/cmake/export_custom_interfaces__rosidl_generator_pyExport.cmake
[2.503s] -- Up-to-date: /workspaces/mavlab/ros2_ws/install/custom_interfaces/share/custom_interfaces/cmake/export_custom_interfaces__rosidl_generator_pyExport-noconfig.cmake
[2.504s] -- Up-to-date: /workspaces/mavlab/ros2_ws/install/custom_interfaces/share/custom_interfaces/cmake/rosidl_cmake-extras.cmake
[2.504s] -- Up-to-date: /workspaces/mavlab/ros2_ws/install/custom_interfaces/share/custom_interfaces/cmake/ament_cmake_export_include_directories-extras.cmake
[2.505s] -- Up-to-date: /workspaces/mavlab/ros2_ws/install/custom_interfaces/share/custom_interfaces/cmake/ament_cmake_export_libraries-extras.cmake
[2.505s] -- Up-to-date: /workspaces/mavlab/ros2_ws/install/custom_interfaces/share/custom_interfaces/cmake/ament_cmake_export_targets-extras.cmake
[2.506s] -- Up-to-date: /workspaces/mavlab/ros2_ws/install/custom_interfaces/share/custom_interfaces/cmake/rosidl_cmake_export_typesupport_targets-extras.cmake
[2.506s] -- Up-to-date: /workspaces/mavlab/ros2_ws/install/custom_interfaces/share/custom_interfaces/cmake/ament_cmake_export_dependencies-extras.cmake
[2.507s] -- Up-to-date: /workspaces/mavlab/ros2_ws/install/custom_interfaces/share/custom_interfaces/cmake/rosidl_cmake_export_typesupport_libraries-extras.cmake
[2.507s] -- Up-to-date: /workspaces/mavlab/ros2_ws/install/custom_interfaces/share/custom_interfaces/cmake/custom_interfacesConfig.cmake
[2.508s] -- Up-to-date: /workspaces/mavlab/ros2_ws/install/custom_interfaces/share/custom_interfaces/cmake/custom_interfacesConfig-version.cmake
[2.508s] -- Up-to-date: /workspaces/mavlab/ros2_ws/install/custom_interfaces/share/custom_interfaces/package.xml
[2.515s] Invoked command in '/workspaces/mavlab/ros2_ws/build/custom_interfaces' returned '0': CMAKE_PREFIX_PATH=${CMAKE_PREFIX_PATH}:/opt/ros/humble /usr/bin/cmake --install /workspaces/mavlab/ros2_ws/build/custom_interfaces
