[0.054s] Invoking command in '/workspaces/mavlab/ros2_ws/build/uwb': CMAKE_PREFIX_PATH=/opt/ros/humble /usr/bin/cmake /workspaces/mavlab/ros2_ws/src/uwb -DCMAKE_INSTALL_PREFIX=/workspaces/mavlab/ros2_ws/install/uwb
[1.127s] -- The C compiler identification is GNU 11.4.0
[1.625s] -- The CXX compiler identification is GNU 11.4.0
[1.659s] -- Detecting C compiler ABI info
[1.880s] -- Detecting C compiler ABI info - done
[1.911s] -- Check for working C compiler: /usr/bin/cc - skipped
[1.915s] -- Detecting C compile features
[1.917s] -- Detecting C compile features - done
[1.931s] -- Detecting CXX compiler ABI info
[2.198s] -- Detecting CXX compiler ABI info - done
[2.230s] -- Check for working CXX compiler: /usr/bin/c++ - skipped
[2.231s] -- Detecting CXX compile features
[2.233s] -- Detecting CXX compile features - done
[2.260s] -- Found ament_cmake: 1.3.10 (/opt/ros/humble/share/ament_cmake/cmake)
[2.788s] -- Found Python3: /usr/bin/python3 (found version "3.10.12") found components: Interpreter 
[3.229s] -- Found rclcpp: 16.0.10 (/opt/ros/humble/share/rclcpp/cmake)
[3.470s] -- Found rosidl_generator_c: 3.1.5 (/opt/ros/humble/share/rosidl_generator_c/cmake)
[3.500s] -- Found rosidl_adapter: 3.1.5 (/opt/ros/humble/share/rosidl_adapter/cmake)
[3.550s] -- Found rosidl_generator_cpp: 3.1.5 (/opt/ros/humble/share/rosidl_generator_cpp/cmake)
[3.621s] -- Using all available rosidl_typesupport_c: rosidl_typesupport_fastrtps_c;rosidl_typesupport_introspection_c
[3.714s] -- Using all available rosidl_typesupport_cpp: rosidl_typesupport_fastrtps_cpp;rosidl_typesupport_introspection_cpp
[3.967s] -- Found rmw_implementation_cmake: 6.1.2 (/opt/ros/humble/share/rmw_implementation_cmake/cmake)
[3.983s] -- Found rmw_fastrtps_cpp: 6.2.7 (/opt/ros/humble/share/rmw_fastrtps_cpp/cmake)
[4.363s] -- Found OpenSSL: /usr/lib/aarch64-linux-gnu/libcrypto.so (found version "3.0.2")  
[4.455s] -- Found FastRTPS: /opt/ros/humble/include  
[4.601s] -- Using RMW implementation 'rmw_fastrtps_cpp' as default
[4.652s] -- Looking for pthread.h
[4.908s] -- Looking for pthread.h - found
[4.909s] -- Performing Test CMAKE_HAVE_LIBC_PTHREAD
[5.148s] -- Performing Test CMAKE_HAVE_LIBC_PTHREAD - Success
[5.152s] -- Found Threads: TRUE  
[5.444s] -- Found rclpy: 3.3.14 (/opt/ros/humble/share/rclpy/cmake)
[5.718s] -- Configuring done
[5.740s] -- Generating done
[5.746s] -- Build files have been written to: /workspaces/mavlab/ros2_ws/build/uwb
[5.772s] Invoked command in '/workspaces/mavlab/ros2_ws/build/uwb' returned '0': CMAKE_PREFIX_PATH=/opt/ros/humble /usr/bin/cmake /workspaces/mavlab/ros2_ws/src/uwb -DCMAKE_INSTALL_PREFIX=/workspaces/mavlab/ros2_ws/install/uwb
[5.778s] Invoking command in '/workspaces/mavlab/ros2_ws/build/uwb': CMAKE_PREFIX_PATH=/opt/ros/humble /usr/bin/cmake --build /workspaces/mavlab/ros2_ws/build/uwb -- -j4 -l4
[5.892s] Invoked command in '/workspaces/mavlab/ros2_ws/build/uwb' returned '0': CMAKE_PREFIX_PATH=/opt/ros/humble /usr/bin/cmake --build /workspaces/mavlab/ros2_ws/build/uwb -- -j4 -l4
[5.975s] Invoking command in '/workspaces/mavlab/ros2_ws/build/uwb': CMAKE_PREFIX_PATH=/opt/ros/humble /usr/bin/cmake --install /workspaces/mavlab/ros2_ws/build/uwb
[5.997s] -- Install configuration: ""
[5.997s] [31mCMake Error at cmake_install.cmake:46 (file):
[5.998s]   file INSTALL cannot find "/workspaces/mavlab/ros2_ws/src/uwb/launch": No
[5.998s]   such file or directory.
[5.999s] 
[5.999s] [0m
[6.001s] Invoked command in '/workspaces/mavlab/ros2_ws/build/uwb' returned '1': CMAKE_PREFIX_PATH=/opt/ros/humble /usr/bin/cmake --install /workspaces/mavlab/ros2_ws/build/uwb
