[1.045s] DEBUG:colcon:Command line arguments: ['/usr/bin/colcon', 'build', '--packages-select', 'sbg_driver']
[1.045s] DEBUG:colcon:Parsed command line arguments: Namespace(log_base=None, log_level=None, verb_name='build', build_base='build', install_base='install', merge_install=False, symlink_install=False, test_result_base=None, continue_on_error=False, executor='parallel', parallel_workers=4, event_handlers=None, ignore_user_meta=False, metas=['./colcon.meta'], base_paths=['.'], packages_ignore=None, packages_ignore_regex=None, paths=None, packages_up_to=None, packages_up_to_regex=None, packages_above=None, packages_above_and_dependencies=None, packages_above_depth=None, packages_select_by_dep=None, packages_skip_by_dep=None, packages_skip_up_to=None, packages_select_build_failed=False, packages_skip_build_finished=False, packages_select_test_failures=False, packages_skip_test_passed=False, packages_select=['sbg_driver'], packages_skip=None, packages_select_regex=None, packages_skip_regex=None, packages_start=None, packages_end=None, cmake_args=None, cmake_target=None, cmake_target_skip_unavailable=False, cmake_clean_cache=False, cmake_clean_first=False, cmake_force_configure=False, ament_cmake_args=None, catkin_cmake_args=None, catkin_skip_building_tests=False, mixin_files=None, mixin=None, verb_parser=<colcon_mixin.mixin.mixin_argument.MixinArgumentDecorator object at 0x7f78b3c040>, verb_extension=<colcon_core.verb.build.BuildVerb object at 0x7f78c88760>, main=<bound method BuildVerb.main of <colcon_core.verb.build.BuildVerb object at 0x7f78c88760>>, mixin_verb=('build',))
[1.968s] Level 1:colcon.colcon_core.package_discovery:discover_packages(colcon_meta) check parameters
[1.969s] Level 1:colcon.colcon_core.package_discovery:discover_packages(recursive) check parameters
[1.969s] Level 1:colcon.colcon_core.package_discovery:discover_packages(ignore) check parameters
[1.969s] Level 1:colcon.colcon_core.package_discovery:discover_packages(path) check parameters
[1.969s] Level 1:colcon.colcon_core.package_discovery:discover_packages(colcon_meta) discover
[1.969s] Level 1:colcon.colcon_core.package_discovery:discover_packages(recursive) discover
[1.970s] INFO:colcon.colcon_core.package_discovery:Crawling recursively for packages in '/workspaces/mavlab/ros2_ws'
[1.970s] Level 1:colcon.colcon_core.package_identification:_identify(.) by extensions ['ignore', 'ignore_ament_install']
[1.971s] Level 1:colcon.colcon_core.package_identification:_identify(.) by extension 'ignore'
[1.971s] Level 1:colcon.colcon_core.package_identification:_identify(.) by extension 'ignore_ament_install'
[1.971s] Level 1:colcon.colcon_core.package_identification:_identify(.) by extensions ['colcon_pkg']
[1.971s] Level 1:colcon.colcon_core.package_identification:_identify(.) by extension 'colcon_pkg'
[1.971s] Level 1:colcon.colcon_core.package_identification:_identify(.) by extensions ['colcon_meta']
[1.972s] Level 1:colcon.colcon_core.package_identification:_identify(.) by extension 'colcon_meta'
[1.972s] Level 1:colcon.colcon_core.package_identification:_identify(.) by extensions ['ros']
[1.972s] Level 1:colcon.colcon_core.package_identification:_identify(.) by extension 'ros'
[2.047s] Level 1:colcon.colcon_core.package_identification:_identify(.) by extensions ['cmake', 'python']
[2.047s] Level 1:colcon.colcon_core.package_identification:_identify(.) by extension 'cmake'
[2.047s] Level 1:colcon.colcon_core.package_identification:_identify(.) by extension 'python'
[2.048s] Level 1:colcon.colcon_core.package_identification:_identify(.) by extensions ['python_setup_py']
[2.048s] Level 1:colcon.colcon_core.package_identification:_identify(.) by extension 'python_setup_py'
[2.048s] Level 1:colcon.colcon_core.package_identification:_identify(build) by extensions ['ignore', 'ignore_ament_install']
[2.049s] Level 1:colcon.colcon_core.package_identification:_identify(build) by extension 'ignore'
[2.049s] Level 1:colcon.colcon_core.package_identification:_identify(build) ignored
[2.050s] Level 1:colcon.colcon_core.package_identification:_identify(install) by extensions ['ignore', 'ignore_ament_install']
[2.050s] Level 1:colcon.colcon_core.package_identification:_identify(install) by extension 'ignore'
[2.050s] Level 1:colcon.colcon_core.package_identification:_identify(install) ignored
[2.051s] Level 1:colcon.colcon_core.package_identification:_identify(log) by extensions ['ignore', 'ignore_ament_install']
[2.051s] Level 1:colcon.colcon_core.package_identification:_identify(log) by extension 'ignore'
[2.051s] Level 1:colcon.colcon_core.package_identification:_identify(log) ignored
[2.052s] Level 1:colcon.colcon_core.package_identification:_identify(src) by extensions ['ignore', 'ignore_ament_install']
[2.052s] Level 1:colcon.colcon_core.package_identification:_identify(src) by extension 'ignore'
[2.052s] Level 1:colcon.colcon_core.package_identification:_identify(src) by extension 'ignore_ament_install'
[2.052s] Level 1:colcon.colcon_core.package_identification:_identify(src) by extensions ['colcon_pkg']
[2.052s] Level 1:colcon.colcon_core.package_identification:_identify(src) by extension 'colcon_pkg'
[2.053s] Level 1:colcon.colcon_core.package_identification:_identify(src) by extensions ['colcon_meta']
[2.053s] Level 1:colcon.colcon_core.package_identification:_identify(src) by extension 'colcon_meta'
[2.053s] Level 1:colcon.colcon_core.package_identification:_identify(src) by extensions ['ros']
[2.053s] Level 1:colcon.colcon_core.package_identification:_identify(src) by extension 'ros'
[2.054s] Level 1:colcon.colcon_core.package_identification:_identify(src) by extensions ['cmake', 'python']
[2.054s] Level 1:colcon.colcon_core.package_identification:_identify(src) by extension 'cmake'
[2.054s] Level 1:colcon.colcon_core.package_identification:_identify(src) by extension 'python'
[2.054s] Level 1:colcon.colcon_core.package_identification:_identify(src) by extensions ['python_setup_py']
[2.054s] Level 1:colcon.colcon_core.package_identification:_identify(src) by extension 'python_setup_py'
[2.057s] Level 1:colcon.colcon_core.package_identification:_identify(src/custom_interfaces) by extensions ['ignore', 'ignore_ament_install']
[2.057s] Level 1:colcon.colcon_core.package_identification:_identify(src/custom_interfaces) by extension 'ignore'
[2.057s] Level 1:colcon.colcon_core.package_identification:_identify(src/custom_interfaces) by extension 'ignore_ament_install'
[2.058s] Level 1:colcon.colcon_core.package_identification:_identify(src/custom_interfaces) by extensions ['colcon_pkg']
[2.058s] Level 1:colcon.colcon_core.package_identification:_identify(src/custom_interfaces) by extension 'colcon_pkg'
[2.058s] Level 1:colcon.colcon_core.package_identification:_identify(src/custom_interfaces) by extensions ['colcon_meta']
[2.058s] Level 1:colcon.colcon_core.package_identification:_identify(src/custom_interfaces) by extension 'colcon_meta'
[2.058s] Level 1:colcon.colcon_core.package_identification:_identify(src/custom_interfaces) by extensions ['ros']
[2.058s] Level 1:colcon.colcon_core.package_identification:_identify(src/custom_interfaces) by extension 'ros'
[2.073s] DEBUG:colcon.colcon_core.package_identification:Package 'src/custom_interfaces' with type 'ros.ament_cmake' and name 'custom_interfaces'
[2.073s] Level 1:colcon.colcon_core.package_identification:_identify(src/hastar) by extensions ['ignore', 'ignore_ament_install']
[2.074s] Level 1:colcon.colcon_core.package_identification:_identify(src/hastar) by extension 'ignore'
[2.074s] Level 1:colcon.colcon_core.package_identification:_identify(src/hastar) by extension 'ignore_ament_install'
[2.074s] Level 1:colcon.colcon_core.package_identification:_identify(src/hastar) by extensions ['colcon_pkg']
[2.074s] Level 1:colcon.colcon_core.package_identification:_identify(src/hastar) by extension 'colcon_pkg'
[2.075s] Level 1:colcon.colcon_core.package_identification:_identify(src/hastar) by extensions ['colcon_meta']
[2.075s] Level 1:colcon.colcon_core.package_identification:_identify(src/hastar) by extension 'colcon_meta'
[2.075s] Level 1:colcon.colcon_core.package_identification:_identify(src/hastar) by extensions ['ros']
[2.075s] Level 1:colcon.colcon_core.package_identification:_identify(src/hastar) by extension 'ros'
[2.079s] DEBUG:colcon.colcon_core.package_identification:Package 'src/hastar' with type 'ros.ament_cmake' and name 'hastar'
[2.080s] Level 1:colcon.colcon_core.package_identification:_identify(src/kf) by extensions ['ignore', 'ignore_ament_install']
[2.081s] Level 1:colcon.colcon_core.package_identification:_identify(src/kf) by extension 'ignore'
[2.081s] Level 1:colcon.colcon_core.package_identification:_identify(src/kf) by extension 'ignore_ament_install'
[2.081s] Level 1:colcon.colcon_core.package_identification:_identify(src/kf) by extensions ['colcon_pkg']
[2.081s] Level 1:colcon.colcon_core.package_identification:_identify(src/kf) by extension 'colcon_pkg'
[2.081s] Level 1:colcon.colcon_core.package_identification:_identify(src/kf) by extensions ['colcon_meta']
[2.082s] Level 1:colcon.colcon_core.package_identification:_identify(src/kf) by extension 'colcon_meta'
[2.082s] Level 1:colcon.colcon_core.package_identification:_identify(src/kf) by extensions ['ros']
[2.082s] Level 1:colcon.colcon_core.package_identification:_identify(src/kf) by extension 'ros'
[2.085s] DEBUG:colcon.colcon_core.package_identification:Package 'src/kf' with type 'ros.ament_cmake' and name 'kf'
[2.086s] Level 1:colcon.colcon_core.package_identification:_identify(src/sbg_ros2_driver) by extensions ['ignore', 'ignore_ament_install']
[2.086s] Level 1:colcon.colcon_core.package_identification:_identify(src/sbg_ros2_driver) by extension 'ignore'
[2.087s] Level 1:colcon.colcon_core.package_identification:_identify(src/sbg_ros2_driver) by extension 'ignore_ament_install'
[2.087s] Level 1:colcon.colcon_core.package_identification:_identify(src/sbg_ros2_driver) by extensions ['colcon_pkg']
[2.087s] Level 1:colcon.colcon_core.package_identification:_identify(src/sbg_ros2_driver) by extension 'colcon_pkg'
[2.087s] Level 1:colcon.colcon_core.package_identification:_identify(src/sbg_ros2_driver) by extensions ['colcon_meta']
[2.087s] Level 1:colcon.colcon_core.package_identification:_identify(src/sbg_ros2_driver) by extension 'colcon_meta'
[2.088s] Level 1:colcon.colcon_core.package_identification:_identify(src/sbg_ros2_driver) by extensions ['ros']
[2.088s] Level 1:colcon.colcon_core.package_identification:_identify(src/sbg_ros2_driver) by extension 'ros'
[2.094s] DEBUG:colcon.colcon_core.package_identification:Package 'src/sbg_ros2_driver' with type 'ros.ament_cmake' and name 'sbg_driver'
[2.096s] Level 1:colcon.colcon_core.package_identification:_identify(src/uwb) by extensions ['ignore', 'ignore_ament_install']
[2.096s] Level 1:colcon.colcon_core.package_identification:_identify(src/uwb) by extension 'ignore'
[2.096s] Level 1:colcon.colcon_core.package_identification:_identify(src/uwb) by extension 'ignore_ament_install'
[2.097s] Level 1:colcon.colcon_core.package_identification:_identify(src/uwb) by extensions ['colcon_pkg']
[2.097s] Level 1:colcon.colcon_core.package_identification:_identify(src/uwb) by extension 'colcon_pkg'
[2.097s] Level 1:colcon.colcon_core.package_identification:_identify(src/uwb) by extensions ['colcon_meta']
[2.097s] Level 1:colcon.colcon_core.package_identification:_identify(src/uwb) by extension 'colcon_meta'
[2.097s] Level 1:colcon.colcon_core.package_identification:_identify(src/uwb) by extensions ['ros']
[2.098s] Level 1:colcon.colcon_core.package_identification:_identify(src/uwb) by extension 'ros'
[2.101s] DEBUG:colcon.colcon_core.package_identification:Package 'src/uwb' with type 'ros.ament_cmake' and name 'uwb'
[2.101s] Level 1:colcon.colcon_core.package_discovery:discover_packages(recursive) using defaults
[2.101s] Level 1:colcon.colcon_core.package_discovery:discover_packages(ignore) discover
[2.102s] Level 1:colcon.colcon_core.package_discovery:discover_packages(ignore) using defaults
[2.102s] Level 1:colcon.colcon_core.package_discovery:discover_packages(path) discover
[2.102s] Level 1:colcon.colcon_core.package_discovery:discover_packages(path) using defaults
[2.223s] INFO:colcon.colcon_core.package_selection:Skipping not selected package 'custom_interfaces' in 'src/custom_interfaces'
[2.223s] INFO:colcon.colcon_core.package_selection:Skipping not selected package 'hastar' in 'src/hastar'
[2.223s] INFO:colcon.colcon_core.package_selection:Skipping not selected package 'kf' in 'src/kf'
[2.224s] INFO:colcon.colcon_core.package_selection:Skipping not selected package 'uwb' in 'src/uwb'
[2.226s] Level 5:colcon.colcon_core.verb:set package 'sbg_driver' build argument 'cmake_args' from command line to 'None'
[2.226s] Level 5:colcon.colcon_core.verb:set package 'sbg_driver' build argument 'cmake_target' from command line to 'None'
[2.226s] Level 5:colcon.colcon_core.verb:set package 'sbg_driver' build argument 'cmake_target_skip_unavailable' from command line to 'False'
[2.226s] Level 5:colcon.colcon_core.verb:set package 'sbg_driver' build argument 'cmake_clean_cache' from command line to 'False'
[2.226s] Level 5:colcon.colcon_core.verb:set package 'sbg_driver' build argument 'cmake_clean_first' from command line to 'False'
[2.226s] Level 5:colcon.colcon_core.verb:set package 'sbg_driver' build argument 'cmake_force_configure' from command line to 'False'
[2.226s] Level 5:colcon.colcon_core.verb:set package 'sbg_driver' build argument 'ament_cmake_args' from command line to 'None'
[2.227s] Level 5:colcon.colcon_core.verb:set package 'sbg_driver' build argument 'catkin_cmake_args' from command line to 'None'
[2.227s] Level 5:colcon.colcon_core.verb:set package 'sbg_driver' build argument 'catkin_skip_building_tests' from command line to 'False'
[2.227s] DEBUG:colcon.colcon_core.verb:Building package 'sbg_driver' with the following arguments: {'ament_cmake_args': None, 'build_base': '/workspaces/mavlab/ros2_ws/build/sbg_driver', 'catkin_cmake_args': None, 'catkin_skip_building_tests': False, 'cmake_args': None, 'cmake_clean_cache': False, 'cmake_clean_first': False, 'cmake_force_configure': False, 'cmake_target': None, 'cmake_target_skip_unavailable': False, 'install_base': '/workspaces/mavlab/ros2_ws/install/sbg_driver', 'merge_install': False, 'path': '/workspaces/mavlab/ros2_ws/src/sbg_ros2_driver', 'symlink_install': False, 'test_result_base': None}
[2.228s] INFO:colcon.colcon_core.executor:Executing jobs using 'parallel' executor
[2.232s] DEBUG:colcon.colcon_parallel_executor.executor.parallel:run_until_complete
[2.233s] INFO:colcon.colcon_ros.task.ament_cmake.build:Building ROS package in '/workspaces/mavlab/ros2_ws/src/sbg_ros2_driver' with build type 'ament_cmake'
[2.234s] INFO:colcon.colcon_cmake.task.cmake.build:Building CMake package in '/workspaces/mavlab/ros2_ws/src/sbg_ros2_driver'
[2.260s] INFO:colcon.colcon_core.plugin_system:Skipping extension 'colcon_core.shell.bat': Not used on non-Windows systems
[2.261s] INFO:colcon.colcon_core.shell:Skip shell extension 'powershell' for command environment: Not usable outside of PowerShell
[2.261s] DEBUG:colcon.colcon_core.shell:Skip shell extension 'dsv' for command environment
[2.320s] DEBUG:colcon.colcon_core.event_handler.log_command:Invoking command in '/workspaces/mavlab/ros2_ws/build/sbg_driver': CMAKE_PREFIX_PATH=${CMAKE_PREFIX_PATH}:/opt/ros/humble /usr/bin/cmake --build /workspaces/mavlab/ros2_ws/build/sbg_driver -- -j4 -l4
[4.217s] DEBUG:colcon.colcon_core.event_handler.log_command:Invoked command in '/workspaces/mavlab/ros2_ws/build/sbg_driver' returned '0': CMAKE_PREFIX_PATH=${CMAKE_PREFIX_PATH}:/opt/ros/humble /usr/bin/cmake --build /workspaces/mavlab/ros2_ws/build/sbg_driver -- -j4 -l4
[5.827s] DEBUG:colcon.colcon_core.event_handler.log_command:Invoking command in '/workspaces/mavlab/ros2_ws/build/sbg_driver': CMAKE_PREFIX_PATH=${CMAKE_PREFIX_PATH}:/opt/ros/humble /usr/bin/cmake --install /workspaces/mavlab/ros2_ws/build/sbg_driver
[6.174s] Level 1:colcon.colcon_core.environment:create_environment_scripts_only(sbg_driver)
[6.205s] Level 1:colcon.colcon_core.environment:checking '/workspaces/mavlab/ros2_ws/install/sbg_driver' for CMake module files
[6.214s] DEBUG:colcon.colcon_core.event_handler.log_command:Invoked command in '/workspaces/mavlab/ros2_ws/build/sbg_driver' returned '0': CMAKE_PREFIX_PATH=${CMAKE_PREFIX_PATH}:/opt/ros/humble /usr/bin/cmake --install /workspaces/mavlab/ros2_ws/build/sbg_driver
[6.215s] Level 1:colcon.colcon_core.environment:checking '/workspaces/mavlab/ros2_ws/install/sbg_driver' for CMake config files
[6.225s] Level 1:colcon.colcon_core.shell:create_environment_hook('sbg_driver', 'cmake_prefix_path')
[6.226s] INFO:colcon.colcon_core.shell:Creating environment hook '/workspaces/mavlab/ros2_ws/install/sbg_driver/share/sbg_driver/hook/cmake_prefix_path.ps1'
[6.228s] INFO:colcon.colcon_core.shell:Creating environment descriptor '/workspaces/mavlab/ros2_ws/install/sbg_driver/share/sbg_driver/hook/cmake_prefix_path.dsv'
[6.230s] INFO:colcon.colcon_core.shell:Creating environment hook '/workspaces/mavlab/ros2_ws/install/sbg_driver/share/sbg_driver/hook/cmake_prefix_path.sh'
[6.233s] Level 1:colcon.colcon_core.environment:checking '/workspaces/mavlab/ros2_ws/install/sbg_driver/lib'
[6.234s] Level 1:colcon.colcon_core.shell:create_environment_hook('sbg_driver', 'ld_library_path_lib')
[6.235s] INFO:colcon.colcon_core.shell:Creating environment hook '/workspaces/mavlab/ros2_ws/install/sbg_driver/share/sbg_driver/hook/ld_library_path_lib.ps1'
[6.236s] INFO:colcon.colcon_core.shell:Creating environment descriptor '/workspaces/mavlab/ros2_ws/install/sbg_driver/share/sbg_driver/hook/ld_library_path_lib.dsv'
[6.237s] INFO:colcon.colcon_core.shell:Creating environment hook '/workspaces/mavlab/ros2_ws/install/sbg_driver/share/sbg_driver/hook/ld_library_path_lib.sh'
[6.239s] Level 1:colcon.colcon_core.environment:checking '/workspaces/mavlab/ros2_ws/install/sbg_driver/bin'
[6.239s] Level 1:colcon.colcon_core.environment:checking '/workspaces/mavlab/ros2_ws/install/sbg_driver/lib/pkgconfig/sbg_driver.pc'
[6.246s] Level 1:colcon.colcon_core.environment:checking '/workspaces/mavlab/ros2_ws/install/sbg_driver/lib/python3.10/site-packages'
[6.247s] Level 1:colcon.colcon_core.environment:checking '/workspaces/mavlab/ros2_ws/install/sbg_driver/bin'
[6.249s] INFO:colcon.colcon_core.shell:Creating package script '/workspaces/mavlab/ros2_ws/install/sbg_driver/share/sbg_driver/package.ps1'
[6.252s] INFO:colcon.colcon_core.shell:Creating package descriptor '/workspaces/mavlab/ros2_ws/install/sbg_driver/share/sbg_driver/package.dsv'
[6.255s] INFO:colcon.colcon_core.shell:Creating package script '/workspaces/mavlab/ros2_ws/install/sbg_driver/share/sbg_driver/package.sh'
[6.258s] INFO:colcon.colcon_core.shell:Creating package script '/workspaces/mavlab/ros2_ws/install/sbg_driver/share/sbg_driver/package.bash'
[6.262s] INFO:colcon.colcon_core.shell:Creating package script '/workspaces/mavlab/ros2_ws/install/sbg_driver/share/sbg_driver/package.zsh'
[6.265s] Level 1:colcon.colcon_core.environment:create_file_with_runtime_dependencies(/workspaces/mavlab/ros2_ws/install/sbg_driver/share/colcon-core/packages/sbg_driver)
[8.037s] Level 1:colcon.colcon_core.environment:create_environment_scripts_only(sbg_driver)
[8.039s] Level 1:colcon.colcon_core.environment:checking '/workspaces/mavlab/ros2_ws/install/sbg_driver' for CMake module files
[8.043s] Level 1:colcon.colcon_core.environment:checking '/workspaces/mavlab/ros2_ws/install/sbg_driver' for CMake config files
[8.052s] Level 1:colcon.colcon_core.shell:create_environment_hook('sbg_driver', 'cmake_prefix_path')
[8.053s] INFO:colcon.colcon_core.shell:Creating environment hook '/workspaces/mavlab/ros2_ws/install/sbg_driver/share/sbg_driver/hook/cmake_prefix_path.ps1'
[8.055s] INFO:colcon.colcon_core.shell:Creating environment descriptor '/workspaces/mavlab/ros2_ws/install/sbg_driver/share/sbg_driver/hook/cmake_prefix_path.dsv'
[8.056s] INFO:colcon.colcon_core.shell:Creating environment hook '/workspaces/mavlab/ros2_ws/install/sbg_driver/share/sbg_driver/hook/cmake_prefix_path.sh'
[8.058s] Level 1:colcon.colcon_core.environment:checking '/workspaces/mavlab/ros2_ws/install/sbg_driver/lib'
[8.058s] Level 1:colcon.colcon_core.shell:create_environment_hook('sbg_driver', 'ld_library_path_lib')
[8.059s] INFO:colcon.colcon_core.shell:Creating environment hook '/workspaces/mavlab/ros2_ws/install/sbg_driver/share/sbg_driver/hook/ld_library_path_lib.ps1'
[8.060s] INFO:colcon.colcon_core.shell:Creating environment descriptor '/workspaces/mavlab/ros2_ws/install/sbg_driver/share/sbg_driver/hook/ld_library_path_lib.dsv'
[8.062s] INFO:colcon.colcon_core.shell:Creating environment hook '/workspaces/mavlab/ros2_ws/install/sbg_driver/share/sbg_driver/hook/ld_library_path_lib.sh'
[8.063s] Level 1:colcon.colcon_core.environment:checking '/workspaces/mavlab/ros2_ws/install/sbg_driver/bin'
[8.063s] Level 1:colcon.colcon_core.environment:checking '/workspaces/mavlab/ros2_ws/install/sbg_driver/lib/pkgconfig/sbg_driver.pc'
[8.064s] Level 1:colcon.colcon_core.environment:checking '/workspaces/mavlab/ros2_ws/install/sbg_driver/lib/python3.10/site-packages'
[8.065s] Level 1:colcon.colcon_core.environment:checking '/workspaces/mavlab/ros2_ws/install/sbg_driver/bin'
[8.067s] INFO:colcon.colcon_core.shell:Creating package script '/workspaces/mavlab/ros2_ws/install/sbg_driver/share/sbg_driver/package.ps1'
[8.069s] INFO:colcon.colcon_core.shell:Creating package descriptor '/workspaces/mavlab/ros2_ws/install/sbg_driver/share/sbg_driver/package.dsv'
[8.071s] INFO:colcon.colcon_core.shell:Creating package script '/workspaces/mavlab/ros2_ws/install/sbg_driver/share/sbg_driver/package.sh'
[8.073s] INFO:colcon.colcon_core.shell:Creating package script '/workspaces/mavlab/ros2_ws/install/sbg_driver/share/sbg_driver/package.bash'
[8.075s] INFO:colcon.colcon_core.shell:Creating package script '/workspaces/mavlab/ros2_ws/install/sbg_driver/share/sbg_driver/package.zsh'
[8.077s] Level 1:colcon.colcon_core.environment:create_file_with_runtime_dependencies(/workspaces/mavlab/ros2_ws/install/sbg_driver/share/colcon-core/packages/sbg_driver)
[8.078s] DEBUG:colcon.colcon_parallel_executor.executor.parallel:closing loop
[8.079s] DEBUG:colcon.colcon_parallel_executor.executor.parallel:loop closed
[8.079s] DEBUG:colcon.colcon_parallel_executor.executor.parallel:run_until_complete finished with '0'
[8.079s] DEBUG:colcon.colcon_core.event_reactor:joining thread
[8.099s] INFO:colcon.colcon_core.plugin_system:Skipping extension 'colcon_notification.desktop_notification.notify_send': Could not find 'notify-send'
[8.099s] INFO:colcon.colcon_core.plugin_system:Skipping extension 'colcon_notification.desktop_notification.terminal_notifier': Not used on non-Darwin systems
[8.099s] INFO:colcon.colcon_core.plugin_system:Skipping extension 'colcon_notification.desktop_notification.win32': Not used on non-Windows systems
[8.100s] INFO:colcon.colcon_notification.desktop_notification:Sending desktop notification using 'notify2'
[8.100s] DEBUG:colcon.colcon_notification.desktop_notification.notify2:Failed to initialize notify2: org.freedesktop.DBus.Error.NotSupported: Unable to autolaunch a dbus-daemon without a $DISPLAY for X11
[8.100s] DEBUG:colcon.colcon_core.event_reactor:joined thread
[8.101s] INFO:colcon.colcon_core.shell:Creating prefix script '/workspaces/mavlab/ros2_ws/install/local_setup.ps1'
[8.106s] INFO:colcon.colcon_core.shell:Creating prefix util module '/workspaces/mavlab/ros2_ws/install/_local_setup_util_ps1.py'
[8.112s] INFO:colcon.colcon_core.shell:Creating prefix chain script '/workspaces/mavlab/ros2_ws/install/setup.ps1'
[8.117s] INFO:colcon.colcon_core.shell:Creating prefix script '/workspaces/mavlab/ros2_ws/install/local_setup.sh'
[8.120s] INFO:colcon.colcon_core.shell:Creating prefix util module '/workspaces/mavlab/ros2_ws/install/_local_setup_util_sh.py'
[8.122s] INFO:colcon.colcon_core.shell:Creating prefix chain script '/workspaces/mavlab/ros2_ws/install/setup.sh'
[8.127s] INFO:colcon.colcon_core.shell:Creating prefix script '/workspaces/mavlab/ros2_ws/install/local_setup.bash'
[8.129s] INFO:colcon.colcon_core.shell:Creating prefix chain script '/workspaces/mavlab/ros2_ws/install/setup.bash'
[8.134s] INFO:colcon.colcon_core.shell:Creating prefix script '/workspaces/mavlab/ros2_ws/install/local_setup.zsh'
[8.136s] INFO:colcon.colcon_core.shell:Creating prefix chain script '/workspaces/mavlab/ros2_ws/install/setup.zsh'
