[0.060s] Invoking command in '/workspaces/mavlab/ros2_ws/build/kf': CMAKE_PREFIX_PATH=${CMAKE_PREFIX_PATH}:/opt/ros/humble /usr/bin/cmake --build /workspaces/mavlab/ros2_ws/build/kf -- -j4 -l4
[0.195s] Invoked command in '/workspaces/mavlab/ros2_ws/build/kf' returned '0': CMAKE_PREFIX_PATH=${CMAKE_PREFIX_PATH}:/opt/ros/humble /usr/bin/cmake --build /workspaces/mavlab/ros2_ws/build/kf -- -j4 -l4
[0.359s] Invoking command in '/workspaces/mavlab/ros2_ws/build/kf': CMAKE_PREFIX_PATH=${CMAKE_PREFIX_PATH}:/opt/ros/humble /usr/bin/cmake --install /workspaces/mavlab/ros2_ws/build/kf
[0.393s] -- Install configuration: ""
[0.395s] -- Up-to-date: /workspaces/mavlab/ros2_ws/install/kf/share/kf/launch
[0.396s] -- Up-to-date: /workspaces/mavlab/ros2_ws/install/kf/share/kf/launch/kf_launch.py
[0.397s] -- Up-to-date: /workspaces/mavlab/ros2_ws/install/kf/lib/kf/kf.py
[0.398s] -- Up-to-date: /workspaces/mavlab/ros2_ws/install/kf/share/ament_index/resource_index/package_run_dependencies/kf
[0.399s] -- Up-to-date: /workspaces/mavlab/ros2_ws/install/kf/share/ament_index/resource_index/parent_prefix_path/kf
[0.400s] -- Up-to-date: /workspaces/mavlab/ros2_ws/install/kf/share/kf/environment/ament_prefix_path.sh
[0.401s] -- Up-to-date: /workspaces/mavlab/ros2_ws/install/kf/share/kf/environment/ament_prefix_path.dsv
[0.402s] -- Up-to-date: /workspaces/mavlab/ros2_ws/install/kf/share/kf/environment/path.sh
[0.403s] -- Up-to-date: /workspaces/mavlab/ros2_ws/install/kf/share/kf/environment/path.dsv
[0.404s] -- Up-to-date: /workspaces/mavlab/ros2_ws/install/kf/share/kf/local_setup.bash
[0.406s] -- Up-to-date: /workspaces/mavlab/ros2_ws/install/kf/share/kf/local_setup.sh
[0.407s] -- Up-to-date: /workspaces/mavlab/ros2_ws/install/kf/share/kf/local_setup.zsh
[0.408s] -- Up-to-date: /workspaces/mavlab/ros2_ws/install/kf/share/kf/local_setup.dsv
[0.409s] -- Installing: /workspaces/mavlab/ros2_ws/install/kf/share/kf/package.dsv
[0.410s] -- Up-to-date: /workspaces/mavlab/ros2_ws/install/kf/share/ament_index/resource_index/packages/kf
[0.410s] -- Up-to-date: /workspaces/mavlab/ros2_ws/install/kf/share/kf/cmake/kfConfig.cmake
[0.412s] -- Up-to-date: /workspaces/mavlab/ros2_ws/install/kf/share/kf/cmake/kfConfig-version.cmake
[0.413s] -- Up-to-date: /workspaces/mavlab/ros2_ws/install/kf/share/kf/package.xml
[0.434s] Invoked command in '/workspaces/mavlab/ros2_ws/build/kf' returned '0': CMAKE_PREFIX_PATH=${CMAKE_PREFIX_PATH}:/opt/ros/humble /usr/bin/cmake --install /workspaces/mavlab/ros2_ws/build/kf
