[0.042s] Invoking command in '/workspaces/mavlab/ros2_ws/build/uwb': CMAKE_PREFIX_PATH=/opt/ros/humble /usr/bin/cmake --build /workspaces/mavlab/ros2_ws/build/uwb -- -j4 -l4
[0.163s] Invoked command in '/workspaces/mavlab/ros2_ws/build/uwb' returned '0': CMAKE_PREFIX_PATH=/opt/ros/humble /usr/bin/cmake --build /workspaces/mavlab/ros2_ws/build/uwb -- -j4 -l4
[0.246s] Invoking command in '/workspaces/mavlab/ros2_ws/build/uwb': CMAKE_PREFIX_PATH=/opt/ros/humble /usr/bin/cmake --install /workspaces/mavlab/ros2_ws/build/uwb
[0.265s] -- Install configuration: ""
[0.265s] -- Installing: /workspaces/mavlab/ros2_ws/install/uwb/share/uwb/launch
[0.266s] -- Installing: /workspaces/mavlab/ros2_ws/install/uwb/lib/uwb/uwb.py
[0.266s] -- Installing: /workspaces/mavlab/ros2_ws/install/uwb/share/ament_index/resource_index/package_run_dependencies/uwb
[0.267s] -- Installing: /workspaces/mavlab/ros2_ws/install/uwb/share/ament_index/resource_index/parent_prefix_path/uwb
[0.268s] -- Installing: /workspaces/mavlab/ros2_ws/install/uwb/share/uwb/environment/ament_prefix_path.sh
[0.268s] -- Installing: /workspaces/mavlab/ros2_ws/install/uwb/share/uwb/environment/ament_prefix_path.dsv
[0.269s] -- Installing: /workspaces/mavlab/ros2_ws/install/uwb/share/uwb/environment/path.sh
[0.269s] -- Installing: /workspaces/mavlab/ros2_ws/install/uwb/share/uwb/environment/path.dsv
[0.270s] -- Installing: /workspaces/mavlab/ros2_ws/install/uwb/share/uwb/local_setup.bash
[0.270s] -- Installing: /workspaces/mavlab/ros2_ws/install/uwb/share/uwb/local_setup.sh
[0.271s] -- Installing: /workspaces/mavlab/ros2_ws/install/uwb/share/uwb/local_setup.zsh
[0.271s] -- Installing: /workspaces/mavlab/ros2_ws/install/uwb/share/uwb/local_setup.dsv
[0.272s] -- Up-to-date: /workspaces/mavlab/ros2_ws/install/uwb/share/uwb/package.dsv
[0.272s] -- Installing: /workspaces/mavlab/ros2_ws/install/uwb/share/ament_index/resource_index/packages/uwb
[0.273s] -- Installing: /workspaces/mavlab/ros2_ws/install/uwb/share/uwb/cmake/uwbConfig.cmake
[0.273s] -- Installing: /workspaces/mavlab/ros2_ws/install/uwb/share/uwb/cmake/uwbConfig-version.cmake
[0.274s] -- Installing: /workspaces/mavlab/ros2_ws/install/uwb/share/uwb/package.xml
[0.279s] Invoked command in '/workspaces/mavlab/ros2_ws/build/uwb' returned '0': CMAKE_PREFIX_PATH=/opt/ros/humble /usr/bin/cmake --install /workspaces/mavlab/ros2_ws/build/uwb
