[0.076s] Invoking command in '/workspaces/mavlab/ros2_ws/build/custom_interfaces': CMAKE_PREFIX_PATH=${CMAKE_PREFIX_PATH}:/opt/ros/humble /usr/bin/cmake /workspaces/mavlab/ros2_ws/src/custom_interfaces -DCMAKE_INSTALL_PREFIX=/workspaces/mavlab/ros2_ws/install/custom_interfaces
[0.295s] -- The C compiler identification is GNU 11.4.0
[0.522s] -- The CXX compiler identification is GNU 11.4.0
[0.545s] -- Detecting C compiler ABI info
[0.776s] -- Detecting C compiler ABI info - done
[0.808s] -- Check for working C compiler: /usr/bin/cc - skipped
[0.809s] -- Detecting C compile features
[0.810s] -- Detecting C compile features - done
[0.821s] -- Detecting CXX compiler ABI info
[1.070s] -- Detecting CXX compiler ABI info - done
[1.102s] -- Check for working CXX compiler: /usr/bin/c++ - skipped
[1.104s] -- Detecting CXX compile features
[1.105s] -- Detecting CXX compile features - done
[1.119s] -- Found ament_cmake: 1.3.10 (/opt/ros/humble/share/ament_cmake/cmake)
[1.625s] -- Found Python3: /usr/bin/python3 (found version "3.10.12") found components: Interpreter 
[2.009s] -- Found rosidl_default_generators: 1.2.0 (/opt/ros/humble/share/rosidl_default_generators/cmake)
[2.026s] -- Using all available rosidl_typesupport_c: rosidl_typesupport_fastrtps_c;rosidl_typesupport_introspection_c
[2.060s] -- Found rosidl_adapter: 3.1.5 (/opt/ros/humble/share/rosidl_adapter/cmake)
[2.238s] -- Using all available rosidl_typesupport_cpp: rosidl_typesupport_fastrtps_cpp;rosidl_typesupport_introspection_cpp
[3.336s] -- Found ament_cmake_ros: 0.10.0 (/opt/ros/humble/share/ament_cmake_ros/cmake)
[3.984s] -- Using all available rosidl_typesupport_c: rosidl_typesupport_fastrtps_c;rosidl_typesupport_introspection_c
[4.793s] -- Using all available rosidl_typesupport_cpp: rosidl_typesupport_fastrtps_cpp;rosidl_typesupport_introspection_cpp
[4.863s] -- Found PythonInterp: /usr/bin/python3 (found suitable version "3.10.12", minimum required is "3.6") 
[4.874s] -- Found python_cmake_module: 0.10.0 (/opt/ros/humble/share/python_cmake_module/cmake)
[4.952s] -- Found PythonLibs: /usr/lib/aarch64-linux-gnu/libpython3.10.so (found suitable version "3.10.12", minimum required is "3.5") 
[4.953s] -- Using PYTHON_EXECUTABLE: /usr/bin/python3
[4.955s] -- Using PYTHON_INCLUDE_DIRS: /usr/include/python3.10
[4.956s] -- Using PYTHON_LIBRARIES: /usr/lib/aarch64-linux-gnu/libpython3.10.so
[5.013s] -- Found PythonExtra: .so  
[5.149s] -- Configuring done
[5.259s] -- Generating done
[5.270s] -- Build files have been written to: /workspaces/mavlab/ros2_ws/build/custom_interfaces
[5.288s] Invoked command in '/workspaces/mavlab/ros2_ws/build/custom_interfaces' returned '0': CMAKE_PREFIX_PATH=${CMAKE_PREFIX_PATH}:/opt/ros/humble /usr/bin/cmake /workspaces/mavlab/ros2_ws/src/custom_interfaces -DCMAKE_INSTALL_PREFIX=/workspaces/mavlab/ros2_ws/install/custom_interfaces
[5.294s] Invoking command in '/workspaces/mavlab/ros2_ws/build/custom_interfaces': CMAKE_PREFIX_PATH=${CMAKE_PREFIX_PATH}:/opt/ros/humble /usr/bin/cmake --build /workspaces/mavlab/ros2_ws/build/custom_interfaces -- -j4 -l4
[5.406s] [  3%] [34m[1mGenerating C code for ROS interfaces[0m
[5.434s] [  6%] [34m[1mGenerating C++ code for ROS interfaces[0m
[5.460s] [  6%] Built target ament_cmake_python_copy_custom_interfaces
[6.528s] running egg_info
[6.530s] creating custom_interfaces.egg-info
[6.533s] writing custom_interfaces.egg-info/PKG-INFO
[6.534s] writing dependency_links to custom_interfaces.egg-info/dependency_links.txt
[6.536s] writing top-level names to custom_interfaces.egg-info/top_level.txt
[6.537s] writing manifest file 'custom_interfaces.egg-info/SOURCES.txt'
[6.545s] reading manifest file 'custom_interfaces.egg-info/SOURCES.txt'
[6.547s] writing manifest file 'custom_interfaces.egg-info/SOURCES.txt'
[6.672s] [  6%] Built target ament_cmake_python_build_custom_interfaces_egg
[6.783s] [  6%] Built target custom_interfaces__cpp
[6.814s] [ 12%] [34m[1mGenerating C++ type support for eProsima Fast-RTPS[0m
[6.816s] [ 12%] [34m[1mGenerating C++ type support dispatch for ROS interfaces[0m
[6.817s] [ 16%] [32mBuilding C object CMakeFiles/custom_interfaces__rosidl_generator_c.dir/rosidl_generator_c/custom_interfaces/msg/detail/estimated_state__functions.c.o[0m
[6.819s] [ 19%] [34m[1mGenerating C++ introspection for ROS interfaces[0m
[7.081s] [ 22%] [32m[1mLinking C shared library libcustom_interfaces__rosidl_generator_c.so[0m
[7.211s] [ 22%] Built target custom_interfaces__rosidl_generator_c
[7.242s] [ 25%] [34m[1mGenerating C type support for eProsima Fast-RTPS[0m
[8.080s] [ 29%] [32mBuilding CXX object CMakeFiles/custom_interfaces__rosidl_typesupport_cpp.dir/rosidl_typesupport_cpp/custom_interfaces/msg/estimated_state__type_support.cpp.o[0m
[8.134s] [ 32%] [32mBuilding CXX object CMakeFiles/custom_interfaces__rosidl_typesupport_introspection_cpp.dir/rosidl_typesupport_introspection_cpp/custom_interfaces/msg/detail/estimated_state__type_support.cpp.o[0m
[8.196s] [ 35%] [32mBuilding CXX object CMakeFiles/custom_interfaces__rosidl_typesupport_fastrtps_cpp.dir/rosidl_typesupport_fastrtps_cpp/custom_interfaces/msg/detail/dds_fastrtps/estimated_state__type_support.cpp.o[0m
[8.631s] [ 38%] [32mBuilding CXX object CMakeFiles/custom_interfaces__rosidl_typesupport_fastrtps_c.dir/rosidl_typesupport_fastrtps_c/custom_interfaces/msg/detail/estimated_state__type_support_c.cpp.o[0m
[9.400s] [ 41%] [32m[1mLinking CXX shared library libcustom_interfaces__rosidl_typesupport_cpp.so[0m
[9.558s] [ 41%] Built target custom_interfaces__rosidl_typesupport_cpp
[9.595s] [ 45%] [34m[1mGenerating C introspection for ROS interfaces[0m
[9.968s] [ 48%] [32m[1mLinking CXX shared library libcustom_interfaces__rosidl_typesupport_introspection_cpp.so[0m
[10.106s] [ 48%] Built target custom_interfaces__rosidl_typesupport_introspection_cpp
[10.113s] [ 51%] [32m[1mLinking CXX shared library libcustom_interfaces__rosidl_typesupport_fastrtps_cpp.so[0m
[10.153s] [ 54%] [34m[1mGenerating C type support dispatch for ROS interfaces[0m
[10.236s] [ 58%] [32m[1mLinking CXX shared library libcustom_interfaces__rosidl_typesupport_fastrtps_c.so[0m
[10.417s] [ 58%] Built target custom_interfaces__rosidl_typesupport_fastrtps_cpp
[10.529s] [ 58%] Built target custom_interfaces__rosidl_typesupport_fastrtps_c
[10.986s] [ 61%] [32mBuilding C object CMakeFiles/custom_interfaces__rosidl_typesupport_introspection_c.dir/rosidl_typesupport_introspection_c/custom_interfaces/msg/detail/estimated_state__type_support.c.o[0m
[11.108s] [ 64%] [32m[1mLinking C shared library libcustom_interfaces__rosidl_typesupport_introspection_c.so[0m
[11.196s] [ 64%] Built target custom_interfaces__rosidl_typesupport_introspection_c
[11.376s] [ 67%] [32mBuilding CXX object CMakeFiles/custom_interfaces__rosidl_typesupport_c.dir/rosidl_typesupport_c/custom_interfaces/msg/estimated_state__type_support.cpp.o[0m
[11.480s] [ 70%] [32m[1mLinking CXX shared library libcustom_interfaces__rosidl_typesupport_c.so[0m
[11.598s] [ 70%] Built target custom_interfaces__rosidl_typesupport_c
[11.652s] [ 70%] Built target custom_interfaces
[11.709s] [ 74%] [34m[1mGenerating Python code for ROS interfaces[0m
[13.276s] [ 74%] Built target custom_interfaces__py
[13.332s] [ 77%] [32mBuilding C object CMakeFiles/custom_interfaces__rosidl_generator_py.dir/rosidl_generator_py/custom_interfaces/msg/_estimated_state_s.c.o[0m
[13.848s] [ 80%] [32m[1mLinking C shared library rosidl_generator_py/custom_interfaces/libcustom_interfaces__rosidl_generator_py.so[0m
[13.972s] [ 80%] Built target custom_interfaces__rosidl_generator_py
[14.032s] [ 90%] [32mBuilding C object CMakeFiles/custom_interfaces__rosidl_typesupport_introspection_c__pyext.dir/rosidl_generator_py/custom_interfaces/_custom_interfaces_s.ep.rosidl_typesupport_introspection_c.c.o[0m
[14.033s] [ 90%] [32mBuilding C object CMakeFiles/custom_interfaces__rosidl_typesupport_c__pyext.dir/rosidl_generator_py/custom_interfaces/_custom_interfaces_s.ep.rosidl_typesupport_c.c.o[0m
[14.033s] [ 90%] [32mBuilding C object CMakeFiles/custom_interfaces__rosidl_typesupport_fastrtps_c__pyext.dir/rosidl_generator_py/custom_interfaces/_custom_interfaces_s.ep.rosidl_typesupport_fastrtps_c.c.o[0m
[14.417s] [ 93%] [32m[1mLinking C shared library rosidl_generator_py/custom_interfaces/custom_interfaces_s__rosidl_typesupport_c.cpython-310-aarch64-linux-gnu.so[0m
[14.428s] [ 96%] [32m[1mLinking C shared library rosidl_generator_py/custom_interfaces/custom_interfaces_s__rosidl_typesupport_introspection_c.cpython-310-aarch64-linux-gnu.so[0m
[14.459s] [100%] [32m[1mLinking C shared library rosidl_generator_py/custom_interfaces/custom_interfaces_s__rosidl_typesupport_fastrtps_c.cpython-310-aarch64-linux-gnu.so[0m
[14.529s] [100%] Built target custom_interfaces__rosidl_typesupport_c__pyext
[14.553s] [100%] Built target custom_interfaces__rosidl_typesupport_introspection_c__pyext
[14.583s] [100%] Built target custom_interfaces__rosidl_typesupport_fastrtps_c__pyext
[14.616s] Invoked command in '/workspaces/mavlab/ros2_ws/build/custom_interfaces' returned '0': CMAKE_PREFIX_PATH=${CMAKE_PREFIX_PATH}:/opt/ros/humble /usr/bin/cmake --build /workspaces/mavlab/ros2_ws/build/custom_interfaces -- -j4 -l4
[14.778s] Invoking command in '/workspaces/mavlab/ros2_ws/build/custom_interfaces': CMAKE_PREFIX_PATH=${CMAKE_PREFIX_PATH}:/opt/ros/humble /usr/bin/cmake --install /workspaces/mavlab/ros2_ws/build/custom_interfaces
[14.801s] -- Install configuration: ""
[14.802s] -- Installing: /workspaces/mavlab/ros2_ws/install/custom_interfaces/share/ament_index/resource_index/rosidl_interfaces/custom_interfaces
[14.802s] -- Installing: /workspaces/mavlab/ros2_ws/install/custom_interfaces/include/custom_interfaces/custom_interfaces
[14.803s] -- Installing: /workspaces/mavlab/ros2_ws/install/custom_interfaces/include/custom_interfaces/custom_interfaces/msg
[14.803s] -- Installing: /workspaces/mavlab/ros2_ws/install/custom_interfaces/include/custom_interfaces/custom_interfaces/msg/detail
[14.804s] -- Installing: /workspaces/mavlab/ros2_ws/install/custom_interfaces/include/custom_interfaces/custom_interfaces/msg/detail/estimated_state__struct.h
[14.804s] -- Installing: /workspaces/mavlab/ros2_ws/install/custom_interfaces/include/custom_interfaces/custom_interfaces/msg/detail/estimated_state__functions.c
[14.805s] -- Installing: /workspaces/mavlab/ros2_ws/install/custom_interfaces/include/custom_interfaces/custom_interfaces/msg/detail/estimated_state__type_support.h
[14.805s] -- Installing: /workspaces/mavlab/ros2_ws/install/custom_interfaces/include/custom_interfaces/custom_interfaces/msg/detail/estimated_state__functions.h
[14.806s] -- Installing: /workspaces/mavlab/ros2_ws/install/custom_interfaces/include/custom_interfaces/custom_interfaces/msg/estimated_state.h
[14.806s] -- Installing: /workspaces/mavlab/ros2_ws/install/custom_interfaces/include/custom_interfaces/custom_interfaces/msg/rosidl_generator_c__visibility_control.h
[14.807s] -- Installing: /workspaces/mavlab/ros2_ws/install/custom_interfaces/share/custom_interfaces/environment/library_path.sh
[14.808s] -- Installing: /workspaces/mavlab/ros2_ws/install/custom_interfaces/share/custom_interfaces/environment/library_path.dsv
[14.809s] -- Installing: /workspaces/mavlab/ros2_ws/install/custom_interfaces/lib/libcustom_interfaces__rosidl_generator_c.so
[14.810s] -- Set runtime path of "/workspaces/mavlab/ros2_ws/install/custom_interfaces/lib/libcustom_interfaces__rosidl_generator_c.so" to ""
[14.810s] -- Up-to-date: /workspaces/mavlab/ros2_ws/install/custom_interfaces/include/custom_interfaces/custom_interfaces
[14.811s] -- Up-to-date: /workspaces/mavlab/ros2_ws/install/custom_interfaces/include/custom_interfaces/custom_interfaces/msg
[14.811s] -- Installing: /workspaces/mavlab/ros2_ws/install/custom_interfaces/include/custom_interfaces/custom_interfaces/msg/rosidl_typesupport_fastrtps_c__visibility_control.h
[14.811s] -- Up-to-date: /workspaces/mavlab/ros2_ws/install/custom_interfaces/include/custom_interfaces/custom_interfaces/msg/detail
[14.812s] -- Installing: /workspaces/mavlab/ros2_ws/install/custom_interfaces/include/custom_interfaces/custom_interfaces/msg/detail/estimated_state__rosidl_typesupport_fastrtps_c.h
[14.812s] -- Installing: /workspaces/mavlab/ros2_ws/install/custom_interfaces/lib/libcustom_interfaces__rosidl_typesupport_fastrtps_c.so
[14.813s] -- Set runtime path of "/workspaces/mavlab/ros2_ws/install/custom_interfaces/lib/libcustom_interfaces__rosidl_typesupport_fastrtps_c.so" to ""
[14.814s] -- Up-to-date: /workspaces/mavlab/ros2_ws/install/custom_interfaces/include/custom_interfaces/custom_interfaces
[14.814s] -- Up-to-date: /workspaces/mavlab/ros2_ws/install/custom_interfaces/include/custom_interfaces/custom_interfaces/msg
[14.815s] -- Up-to-date: /workspaces/mavlab/ros2_ws/install/custom_interfaces/include/custom_interfaces/custom_interfaces/msg/detail
[14.815s] -- Installing: /workspaces/mavlab/ros2_ws/install/custom_interfaces/include/custom_interfaces/custom_interfaces/msg/detail/estimated_state__rosidl_typesupport_introspection_c.h
[14.815s] -- Installing: /workspaces/mavlab/ros2_ws/install/custom_interfaces/include/custom_interfaces/custom_interfaces/msg/detail/estimated_state__type_support.c
[14.816s] -- Installing: /workspaces/mavlab/ros2_ws/install/custom_interfaces/include/custom_interfaces/custom_interfaces/msg/rosidl_typesupport_introspection_c__visibility_control.h
[14.816s] -- Installing: /workspaces/mavlab/ros2_ws/install/custom_interfaces/lib/libcustom_interfaces__rosidl_typesupport_introspection_c.so
[14.817s] -- Set runtime path of "/workspaces/mavlab/ros2_ws/install/custom_interfaces/lib/libcustom_interfaces__rosidl_typesupport_introspection_c.so" to ""
[14.818s] -- Installing: /workspaces/mavlab/ros2_ws/install/custom_interfaces/lib/libcustom_interfaces__rosidl_typesupport_c.so
[14.819s] -- Set runtime path of "/workspaces/mavlab/ros2_ws/install/custom_interfaces/lib/libcustom_interfaces__rosidl_typesupport_c.so" to ""
[14.819s] -- Up-to-date: /workspaces/mavlab/ros2_ws/install/custom_interfaces/include/custom_interfaces/custom_interfaces
[14.820s] -- Up-to-date: /workspaces/mavlab/ros2_ws/install/custom_interfaces/include/custom_interfaces/custom_interfaces/msg
[14.820s] -- Installing: /workspaces/mavlab/ros2_ws/install/custom_interfaces/include/custom_interfaces/custom_interfaces/msg/estimated_state.hpp
[14.821s] -- Up-to-date: /workspaces/mavlab/ros2_ws/install/custom_interfaces/include/custom_interfaces/custom_interfaces/msg/detail
[14.821s] -- Installing: /workspaces/mavlab/ros2_ws/install/custom_interfaces/include/custom_interfaces/custom_interfaces/msg/detail/estimated_state__traits.hpp
[14.821s] -- Installing: /workspaces/mavlab/ros2_ws/install/custom_interfaces/include/custom_interfaces/custom_interfaces/msg/detail/estimated_state__builder.hpp
[14.822s] -- Installing: /workspaces/mavlab/ros2_ws/install/custom_interfaces/include/custom_interfaces/custom_interfaces/msg/detail/estimated_state__struct.hpp
[14.822s] -- Up-to-date: /workspaces/mavlab/ros2_ws/install/custom_interfaces/include/custom_interfaces/custom_interfaces
[14.822s] -- Up-to-date: /workspaces/mavlab/ros2_ws/install/custom_interfaces/include/custom_interfaces/custom_interfaces/msg
[14.823s] -- Installing: /workspaces/mavlab/ros2_ws/install/custom_interfaces/include/custom_interfaces/custom_interfaces/msg/rosidl_typesupport_fastrtps_cpp__visibility_control.h
[14.823s] -- Up-to-date: /workspaces/mavlab/ros2_ws/install/custom_interfaces/include/custom_interfaces/custom_interfaces/msg/detail
[14.824s] -- Installing: /workspaces/mavlab/ros2_ws/install/custom_interfaces/include/custom_interfaces/custom_interfaces/msg/detail/estimated_state__rosidl_typesupport_fastrtps_cpp.hpp
[14.824s] -- Installing: /workspaces/mavlab/ros2_ws/install/custom_interfaces/include/custom_interfaces/custom_interfaces/msg/detail/dds_fastrtps
[14.824s] -- Installing: /workspaces/mavlab/ros2_ws/install/custom_interfaces/lib/libcustom_interfaces__rosidl_typesupport_fastrtps_cpp.so
[14.826s] -- Set runtime path of "/workspaces/mavlab/ros2_ws/install/custom_interfaces/lib/libcustom_interfaces__rosidl_typesupport_fastrtps_cpp.so" to ""
[14.826s] -- Up-to-date: /workspaces/mavlab/ros2_ws/install/custom_interfaces/include/custom_interfaces/custom_interfaces
[14.826s] -- Up-to-date: /workspaces/mavlab/ros2_ws/install/custom_interfaces/include/custom_interfaces/custom_interfaces/msg
[14.827s] -- Up-to-date: /workspaces/mavlab/ros2_ws/install/custom_interfaces/include/custom_interfaces/custom_interfaces/msg/detail
[14.827s] -- Installing: /workspaces/mavlab/ros2_ws/install/custom_interfaces/include/custom_interfaces/custom_interfaces/msg/detail/estimated_state__rosidl_typesupport_introspection_cpp.hpp
[14.828s] -- Installing: /workspaces/mavlab/ros2_ws/install/custom_interfaces/include/custom_interfaces/custom_interfaces/msg/detail/estimated_state__type_support.cpp
[14.828s] -- Installing: /workspaces/mavlab/ros2_ws/install/custom_interfaces/lib/libcustom_interfaces__rosidl_typesupport_introspection_cpp.so
[14.829s] -- Set runtime path of "/workspaces/mavlab/ros2_ws/install/custom_interfaces/lib/libcustom_interfaces__rosidl_typesupport_introspection_cpp.so" to ""
[14.830s] -- Installing: /workspaces/mavlab/ros2_ws/install/custom_interfaces/lib/libcustom_interfaces__rosidl_typesupport_cpp.so
[14.831s] -- Set runtime path of "/workspaces/mavlab/ros2_ws/install/custom_interfaces/lib/libcustom_interfaces__rosidl_typesupport_cpp.so" to ""
[14.831s] -- Installing: /workspaces/mavlab/ros2_ws/install/custom_interfaces/share/custom_interfaces/environment/pythonpath.sh
[14.832s] -- Installing: /workspaces/mavlab/ros2_ws/install/custom_interfaces/share/custom_interfaces/environment/pythonpath.dsv
[14.832s] -- Installing: /workspaces/mavlab/ros2_ws/install/custom_interfaces/local/lib/python3.10/dist-packages/custom_interfaces-0.0.1-py3.10.egg-info
[14.833s] -- Installing: /workspaces/mavlab/ros2_ws/install/custom_interfaces/local/lib/python3.10/dist-packages/custom_interfaces-0.0.1-py3.10.egg-info/SOURCES.txt
[14.833s] -- Installing: /workspaces/mavlab/ros2_ws/install/custom_interfaces/local/lib/python3.10/dist-packages/custom_interfaces-0.0.1-py3.10.egg-info/dependency_links.txt
[14.834s] -- Installing: /workspaces/mavlab/ros2_ws/install/custom_interfaces/local/lib/python3.10/dist-packages/custom_interfaces-0.0.1-py3.10.egg-info/top_level.txt
[14.834s] -- Installing: /workspaces/mavlab/ros2_ws/install/custom_interfaces/local/lib/python3.10/dist-packages/custom_interfaces-0.0.1-py3.10.egg-info/PKG-INFO
[14.835s] -- Installing: /workspaces/mavlab/ros2_ws/install/custom_interfaces/local/lib/python3.10/dist-packages/custom_interfaces
[14.835s] -- Installing: /workspaces/mavlab/ros2_ws/install/custom_interfaces/local/lib/python3.10/dist-packages/custom_interfaces/__init__.py
[14.836s] -- Installing: /workspaces/mavlab/ros2_ws/install/custom_interfaces/local/lib/python3.10/dist-packages/custom_interfaces/_custom_interfaces_s.ep.rosidl_typesupport_fastrtps_c.c
[14.837s] -- Installing: /workspaces/mavlab/ros2_ws/install/custom_interfaces/local/lib/python3.10/dist-packages/custom_interfaces/custom_interfaces_s__rosidl_typesupport_c.cpython-310-aarch64-linux-gnu.so
[14.837s] -- Installing: /workspaces/mavlab/ros2_ws/install/custom_interfaces/local/lib/python3.10/dist-packages/custom_interfaces/custom_interfaces_s__rosidl_typesupport_fastrtps_c.cpython-310-aarch64-linux-gnu.so
[14.838s] -- Installing: /workspaces/mavlab/ros2_ws/install/custom_interfaces/local/lib/python3.10/dist-packages/custom_interfaces/libcustom_interfaces__rosidl_generator_py.so
[14.838s] -- Installing: /workspaces/mavlab/ros2_ws/install/custom_interfaces/local/lib/python3.10/dist-packages/custom_interfaces/_custom_interfaces_s.ep.rosidl_typesupport_c.c
[14.839s] -- Installing: /workspaces/mavlab/ros2_ws/install/custom_interfaces/local/lib/python3.10/dist-packages/custom_interfaces/msg
[14.839s] -- Installing: /workspaces/mavlab/ros2_ws/install/custom_interfaces/local/lib/python3.10/dist-packages/custom_interfaces/msg/__init__.py
[14.840s] -- Installing: /workspaces/mavlab/ros2_ws/install/custom_interfaces/local/lib/python3.10/dist-packages/custom_interfaces/msg/_estimated_state.py
[14.840s] -- Installing: /workspaces/mavlab/ros2_ws/install/custom_interfaces/local/lib/python3.10/dist-packages/custom_interfaces/msg/_estimated_state_s.c
[14.841s] -- Installing: /workspaces/mavlab/ros2_ws/install/custom_interfaces/local/lib/python3.10/dist-packages/custom_interfaces/custom_interfaces_s__rosidl_typesupport_introspection_c.cpython-310-aarch64-linux-gnu.so
[14.842s] -- Installing: /workspaces/mavlab/ros2_ws/install/custom_interfaces/local/lib/python3.10/dist-packages/custom_interfaces/_custom_interfaces_s.ep.rosidl_typesupport_introspection_c.c
[14.976s] Listing '/workspaces/mavlab/ros2_ws/install/custom_interfaces/local/lib/python3.10/dist-packages/custom_interfaces'...
[14.977s] Compiling '/workspaces/mavlab/ros2_ws/install/custom_interfaces/local/lib/python3.10/dist-packages/custom_interfaces/__init__.py'...
[14.977s] Listing '/workspaces/mavlab/ros2_ws/install/custom_interfaces/local/lib/python3.10/dist-packages/custom_interfaces/msg'...
[14.978s] Compiling '/workspaces/mavlab/ros2_ws/install/custom_interfaces/local/lib/python3.10/dist-packages/custom_interfaces/msg/__init__.py'...
[14.978s] Compiling '/workspaces/mavlab/ros2_ws/install/custom_interfaces/local/lib/python3.10/dist-packages/custom_interfaces/msg/_estimated_state.py'...
[15.000s] -- Installing: /workspaces/mavlab/ros2_ws/install/custom_interfaces/local/lib/python3.10/dist-packages/custom_interfaces/custom_interfaces_s__rosidl_typesupport_fastrtps_c.cpython-310-aarch64-linux-gnu.so
[15.001s] -- Set runtime path of "/workspaces/mavlab/ros2_ws/install/custom_interfaces/local/lib/python3.10/dist-packages/custom_interfaces/custom_interfaces_s__rosidl_typesupport_fastrtps_c.cpython-310-aarch64-linux-gnu.so" to ""
[15.003s] -- Installing: /workspaces/mavlab/ros2_ws/install/custom_interfaces/local/lib/python3.10/dist-packages/custom_interfaces/custom_interfaces_s__rosidl_typesupport_introspection_c.cpython-310-aarch64-linux-gnu.so
[15.004s] -- Set runtime path of "/workspaces/mavlab/ros2_ws/install/custom_interfaces/local/lib/python3.10/dist-packages/custom_interfaces/custom_interfaces_s__rosidl_typesupport_introspection_c.cpython-310-aarch64-linux-gnu.so" to ""
[15.006s] -- Installing: /workspaces/mavlab/ros2_ws/install/custom_interfaces/local/lib/python3.10/dist-packages/custom_interfaces/custom_interfaces_s__rosidl_typesupport_c.cpython-310-aarch64-linux-gnu.so
[15.006s] -- Set runtime path of "/workspaces/mavlab/ros2_ws/install/custom_interfaces/local/lib/python3.10/dist-packages/custom_interfaces/custom_interfaces_s__rosidl_typesupport_c.cpython-310-aarch64-linux-gnu.so" to ""
[15.007s] -- Installing: /workspaces/mavlab/ros2_ws/install/custom_interfaces/lib/libcustom_interfaces__rosidl_generator_py.so
[15.007s] -- Set runtime path of "/workspaces/mavlab/ros2_ws/install/custom_interfaces/lib/libcustom_interfaces__rosidl_generator_py.so" to ""
[15.008s] -- Installing: /workspaces/mavlab/ros2_ws/install/custom_interfaces/share/custom_interfaces/msg/EstimatedState.idl
[15.008s] -- Installing: /workspaces/mavlab/ros2_ws/install/custom_interfaces/share/custom_interfaces/msg/EstimatedState.msg
[15.009s] -- Installing: /workspaces/mavlab/ros2_ws/install/custom_interfaces/share/ament_index/resource_index/package_run_dependencies/custom_interfaces
[15.009s] -- Installing: /workspaces/mavlab/ros2_ws/install/custom_interfaces/share/ament_index/resource_index/parent_prefix_path/custom_interfaces
[15.010s] -- Installing: /workspaces/mavlab/ros2_ws/install/custom_interfaces/share/custom_interfaces/environment/ament_prefix_path.sh
[15.011s] -- Installing: /workspaces/mavlab/ros2_ws/install/custom_interfaces/share/custom_interfaces/environment/ament_prefix_path.dsv
[15.011s] -- Installing: /workspaces/mavlab/ros2_ws/install/custom_interfaces/share/custom_interfaces/environment/path.sh
[15.012s] -- Installing: /workspaces/mavlab/ros2_ws/install/custom_interfaces/share/custom_interfaces/environment/path.dsv
[15.012s] -- Installing: /workspaces/mavlab/ros2_ws/install/custom_interfaces/share/custom_interfaces/local_setup.bash
[15.013s] -- Installing: /workspaces/mavlab/ros2_ws/install/custom_interfaces/share/custom_interfaces/local_setup.sh
[15.014s] -- Installing: /workspaces/mavlab/ros2_ws/install/custom_interfaces/share/custom_interfaces/local_setup.zsh
[15.014s] -- Installing: /workspaces/mavlab/ros2_ws/install/custom_interfaces/share/custom_interfaces/local_setup.dsv
[15.015s] -- Installing: /workspaces/mavlab/ros2_ws/install/custom_interfaces/share/custom_interfaces/package.dsv
[15.015s] -- Installing: /workspaces/mavlab/ros2_ws/install/custom_interfaces/share/ament_index/resource_index/packages/custom_interfaces
[15.016s] -- Installing: /workspaces/mavlab/ros2_ws/install/custom_interfaces/share/custom_interfaces/cmake/export_custom_interfaces__rosidl_generator_cExport.cmake
[15.017s] -- Installing: /workspaces/mavlab/ros2_ws/install/custom_interfaces/share/custom_interfaces/cmake/export_custom_interfaces__rosidl_generator_cExport-noconfig.cmake
[15.018s] -- Installing: /workspaces/mavlab/ros2_ws/install/custom_interfaces/share/custom_interfaces/cmake/export_custom_interfaces__rosidl_typesupport_fastrtps_cExport.cmake
[15.018s] -- Installing: /workspaces/mavlab/ros2_ws/install/custom_interfaces/share/custom_interfaces/cmake/export_custom_interfaces__rosidl_typesupport_fastrtps_cExport-noconfig.cmake
[15.019s] -- Installing: /workspaces/mavlab/ros2_ws/install/custom_interfaces/share/custom_interfaces/cmake/custom_interfaces__rosidl_typesupport_introspection_cExport.cmake
[15.020s] -- Installing: /workspaces/mavlab/ros2_ws/install/custom_interfaces/share/custom_interfaces/cmake/custom_interfaces__rosidl_typesupport_introspection_cExport-noconfig.cmake
[15.020s] -- Installing: /workspaces/mavlab/ros2_ws/install/custom_interfaces/share/custom_interfaces/cmake/custom_interfaces__rosidl_typesupport_cExport.cmake
[15.021s] -- Installing: /workspaces/mavlab/ros2_ws/install/custom_interfaces/share/custom_interfaces/cmake/custom_interfaces__rosidl_typesupport_cExport-noconfig.cmake
[15.022s] -- Installing: /workspaces/mavlab/ros2_ws/install/custom_interfaces/share/custom_interfaces/cmake/export_custom_interfaces__rosidl_generator_cppExport.cmake
[15.022s] -- Installing: /workspaces/mavlab/ros2_ws/install/custom_interfaces/share/custom_interfaces/cmake/export_custom_interfaces__rosidl_typesupport_fastrtps_cppExport.cmake
[15.023s] -- Installing: /workspaces/mavlab/ros2_ws/install/custom_interfaces/share/custom_interfaces/cmake/export_custom_interfaces__rosidl_typesupport_fastrtps_cppExport-noconfig.cmake
[15.024s] -- Installing: /workspaces/mavlab/ros2_ws/install/custom_interfaces/share/custom_interfaces/cmake/custom_interfaces__rosidl_typesupport_introspection_cppExport.cmake
[15.025s] -- Installing: /workspaces/mavlab/ros2_ws/install/custom_interfaces/share/custom_interfaces/cmake/custom_interfaces__rosidl_typesupport_introspection_cppExport-noconfig.cmake
[15.025s] -- Installing: /workspaces/mavlab/ros2_ws/install/custom_interfaces/share/custom_interfaces/cmake/custom_interfaces__rosidl_typesupport_cppExport.cmake
[15.026s] -- Installing: /workspaces/mavlab/ros2_ws/install/custom_interfaces/share/custom_interfaces/cmake/custom_interfaces__rosidl_typesupport_cppExport-noconfig.cmake
[15.027s] -- Installing: /workspaces/mavlab/ros2_ws/install/custom_interfaces/share/custom_interfaces/cmake/export_custom_interfaces__rosidl_generator_pyExport.cmake
[15.027s] -- Installing: /workspaces/mavlab/ros2_ws/install/custom_interfaces/share/custom_interfaces/cmake/export_custom_interfaces__rosidl_generator_pyExport-noconfig.cmake
[15.028s] -- Installing: /workspaces/mavlab/ros2_ws/install/custom_interfaces/share/custom_interfaces/cmake/rosidl_cmake-extras.cmake
[15.029s] -- Installing: /workspaces/mavlab/ros2_ws/install/custom_interfaces/share/custom_interfaces/cmake/ament_cmake_export_include_directories-extras.cmake
[15.029s] -- Installing: /workspaces/mavlab/ros2_ws/install/custom_interfaces/share/custom_interfaces/cmake/ament_cmake_export_libraries-extras.cmake
[15.030s] -- Installing: /workspaces/mavlab/ros2_ws/install/custom_interfaces/share/custom_interfaces/cmake/ament_cmake_export_targets-extras.cmake
[15.031s] -- Installing: /workspaces/mavlab/ros2_ws/install/custom_interfaces/share/custom_interfaces/cmake/rosidl_cmake_export_typesupport_targets-extras.cmake
[15.031s] -- Installing: /workspaces/mavlab/ros2_ws/install/custom_interfaces/share/custom_interfaces/cmake/ament_cmake_export_dependencies-extras.cmake
[15.032s] -- Installing: /workspaces/mavlab/ros2_ws/install/custom_interfaces/share/custom_interfaces/cmake/rosidl_cmake_export_typesupport_libraries-extras.cmake
[15.032s] -- Installing: /workspaces/mavlab/ros2_ws/install/custom_interfaces/share/custom_interfaces/cmake/custom_interfacesConfig.cmake
[15.033s] -- Installing: /workspaces/mavlab/ros2_ws/install/custom_interfaces/share/custom_interfaces/cmake/custom_interfacesConfig-version.cmake
[15.033s] -- Installing: /workspaces/mavlab/ros2_ws/install/custom_interfaces/share/custom_interfaces/package.xml
[15.040s] Invoked command in '/workspaces/mavlab/ros2_ws/build/custom_interfaces' returned '0': CMAKE_PREFIX_PATH=${CMAKE_PREFIX_PATH}:/opt/ros/humble /usr/bin/cmake --install /workspaces/mavlab/ros2_ws/build/custom_interfaces
