[0.045s] Invoking command in '/workspaces/mavlab/build/hastar': CMAKE_PREFIX_PATH=${CMAKE_PREFIX_PATH}:/opt/ros/humble /usr/bin/cmake --build /workspaces/mavlab/build/hastar -- -j4 -l4
[0.177s] Invoked command in '/workspaces/mavlab/build/hastar' returned '0': CMAKE_PREFIX_PATH=${CMAKE_PREFIX_PATH}:/opt/ros/humble /usr/bin/cmake --build /workspaces/mavlab/build/hastar -- -j4 -l4
[0.270s] Invoking command in '/workspaces/mavlab/build/hastar': CMAKE_PREFIX_PATH=${CMAKE_PREFIX_PATH}:/opt/ros/humble /usr/bin/cmake --install /workspaces/mavlab/build/hastar
[0.293s] -- Install configuration: ""
[0.294s] -- Up-to-date: /workspaces/mavlab/install/hastar/share/hastar/launch
[0.294s] -- Up-to-date: /workspaces/mavlab/install/hastar/share/hastar/launch/hastar_launch.py
[0.296s] -- Up-to-date: /workspaces/mavlab/install/hastar/lib/hastar/wp_tracking.py
[0.296s] -- Up-to-date: /workspaces/mavlab/install/hastar/lib/hastar/temp_path.py
[0.297s] -- Up-to-date: /workspaces/mavlab/install/hastar/share/ament_index/resource_index/package_run_dependencies/hastar
[0.297s] -- Up-to-date: /workspaces/mavlab/install/hastar/share/ament_index/resource_index/parent_prefix_path/hastar
[0.298s] -- Up-to-date: /workspaces/mavlab/install/hastar/share/hastar/environment/ament_prefix_path.sh
[0.298s] -- Up-to-date: /workspaces/mavlab/install/hastar/share/hastar/environment/ament_prefix_path.dsv
[0.298s] -- Up-to-date: /workspaces/mavlab/install/hastar/share/hastar/environment/path.sh
[0.299s] -- Up-to-date: /workspaces/mavlab/install/hastar/share/hastar/environment/path.dsv
[0.299s] -- Up-to-date: /workspaces/mavlab/install/hastar/share/hastar/local_setup.bash
[0.300s] -- Up-to-date: /workspaces/mavlab/install/hastar/share/hastar/local_setup.sh
[0.300s] -- Up-to-date: /workspaces/mavlab/install/hastar/share/hastar/local_setup.zsh
[0.301s] -- Up-to-date: /workspaces/mavlab/install/hastar/share/hastar/local_setup.dsv
[0.303s] -- Up-to-date: /workspaces/mavlab/install/hastar/share/hastar/package.dsv
[0.304s] -- Up-to-date: /workspaces/mavlab/install/hastar/share/ament_index/resource_index/packages/hastar
[0.304s] -- Up-to-date: /workspaces/mavlab/install/hastar/share/hastar/cmake/hastarConfig.cmake
[0.305s] -- Up-to-date: /workspaces/mavlab/install/hastar/share/hastar/cmake/hastarConfig-version.cmake
[0.305s] -- Up-to-date: /workspaces/mavlab/install/hastar/share/hastar/package.xml
[0.306s] Invoked command in '/workspaces/mavlab/build/hastar' returned '0': CMAKE_PREFIX_PATH=${CMAKE_PREFIX_PATH}:/opt/ros/humble /usr/bin/cmake --install /workspaces/mavlab/build/hastar
