[0.073s] Invoking command in '/workspaces/mavlab/build/custom_interfaces': CMAKE_PREFIX_PATH=${CMAKE_PREFIX_PATH}:/opt/ros/humble /usr/bin/cmake /workspaces/mavlab/ros2_ws/src/custom_interfaces -DCMAKE_INSTALL_PREFIX=/workspaces/mavlab/install/custom_interfaces
[1.249s] -- The C compiler identification is GNU 11.4.0
[1.758s] -- The CXX compiler identification is GNU 11.4.0
[1.792s] -- Detecting C compiler ABI info
[2.088s] -- Detecting C compiler ABI info - done
[2.151s] -- Check for working C compiler: /usr/bin/cc - skipped
[2.152s] -- Detecting C compile features
[2.152s] -- Detecting C compile features - done
[2.171s] -- Detecting CXX compiler ABI info
[2.547s] -- Detecting CXX compiler ABI info - done
[2.604s] -- Check for working CXX compiler: /usr/bin/c++ - skipped
[2.605s] -- Detecting CXX compile features
[2.607s] -- Detecting CXX compile features - done
[2.636s] -- Found ament_cmake: 1.3.10 (/opt/ros/humble/share/ament_cmake/cmake)
[3.359s] -- Found Python3: /usr/bin/python3 (found version "3.10.12") found components: Interpreter 
[4.079s] -- Found std_msgs: 4.2.4 (/opt/ros/humble/share/std_msgs/cmake)
[4.488s] -- Found rosidl_generator_c: 3.1.5 (/opt/ros/humble/share/rosidl_generator_c/cmake)
[4.524s] -- Found rosidl_adapter: 3.1.5 (/opt/ros/humble/share/rosidl_adapter/cmake)
[4.599s] -- Found rosidl_generator_cpp: 3.1.5 (/opt/ros/humble/share/rosidl_generator_cpp/cmake)
[4.776s] -- Using all available rosidl_typesupport_c: rosidl_typesupport_fastrtps_c;rosidl_typesupport_introspection_c
[4.899s] -- Using all available rosidl_typesupport_cpp: rosidl_typesupport_fastrtps_cpp;rosidl_typesupport_introspection_cpp
[5.176s] -- Found rosidl_default_generators: 1.2.0 (/opt/ros/humble/share/rosidl_default_generators/cmake)
[6.801s] -- Found ament_cmake_ros: 0.10.0 (/opt/ros/humble/share/ament_cmake_ros/cmake)
[10.450s] -- Using all available rosidl_typesupport_c: rosidl_typesupport_fastrtps_c;rosidl_typesupport_introspection_c
[11.396s] -- Using all available rosidl_typesupport_cpp: rosidl_typesupport_fastrtps_cpp;rosidl_typesupport_introspection_cpp
[11.643s] -- Found PythonInterp: /usr/bin/python3 (found suitable version "3.10.12", minimum required is "3.6") 
[11.671s] -- Found python_cmake_module: 0.10.0 (/opt/ros/humble/share/python_cmake_module/cmake)
[11.800s] -- Found PythonLibs: /usr/lib/aarch64-linux-gnu/libpython3.10.so (found suitable version "3.10.12", minimum required is "3.5") 
[11.801s] -- Using PYTHON_EXECUTABLE: /usr/bin/python3
[11.802s] -- Using PYTHON_INCLUDE_DIRS: /usr/include/python3.10
[11.803s] -- Using PYTHON_LIBRARIES: /usr/lib/aarch64-linux-gnu/libpython3.10.so
[12.046s] -- Found PythonExtra: .so  
[12.732s] -- Found ament_lint_auto: 0.12.11 (/opt/ros/humble/share/ament_lint_auto/cmake)
[12.804s] -- Configuring done
[13.225s] -- Generating done
[13.258s] -- Build files have been written to: /workspaces/mavlab/build/custom_interfaces
[13.335s] Invoked command in '/workspaces/mavlab/build/custom_interfaces' returned '0': CMAKE_PREFIX_PATH=${CMAKE_PREFIX_PATH}:/opt/ros/humble /usr/bin/cmake /workspaces/mavlab/ros2_ws/src/custom_interfaces -DCMAKE_INSTALL_PREFIX=/workspaces/mavlab/install/custom_interfaces
[13.336s] Invoking command in '/workspaces/mavlab/build/custom_interfaces': CMAKE_PREFIX_PATH=${CMAKE_PREFIX_PATH}:/opt/ros/humble /usr/bin/cmake --build /workspaces/mavlab/build/custom_interfaces -- -j4 -l4
[14.028s] [  2%] [34m[1mGenerating C code for ROS interfaces[0m
[14.222s] [  5%] [34m[1mGenerating C++ code for ROS interfaces[0m
[14.298s] [  5%] Built target ament_cmake_python_copy_custom_interfaces
[18.587s] running egg_info
[18.589s] creating custom_interfaces.egg-info
[18.596s] writing custom_interfaces.egg-info/PKG-INFO
[18.599s] writing dependency_links to custom_interfaces.egg-info/dependency_links.txt
[18.603s] writing top-level names to custom_interfaces.egg-info/top_level.txt
[18.612s] writing manifest file 'custom_interfaces.egg-info/SOURCES.txt'
[18.634s] reading manifest file 'custom_interfaces.egg-info/SOURCES.txt'
[18.649s] writing manifest file 'custom_interfaces.egg-info/SOURCES.txt'
[19.199s] [  5%] Built target ament_cmake_python_build_custom_interfaces_egg
[19.523s] [  5%] Built target custom_interfaces__cpp
[19.694s] [  7%] [34m[1mGenerating C++ introspection for ROS interfaces[0m
[19.733s] [ 10%] [34m[1mGenerating C++ type support dispatch for ROS interfaces[0m
[19.759s] [ 12%] [34m[1mGenerating C++ type support for eProsima Fast-RTPS[0m
[21.199s] [ 15%] [32mBuilding C object CMakeFiles/custom_interfaces__rosidl_generator_c.dir/rosidl_generator_c/custom_interfaces/msg/detail/estimated_state__functions.c.o[0m
[21.902s] [ 17%] [32mBuilding C object CMakeFiles/custom_interfaces__rosidl_generator_c.dir/rosidl_generator_c/custom_interfaces/msg/detail/actuator__functions.c.o[0m
[22.683s] [ 20%] [32m[1mLinking C shared library libcustom_interfaces__rosidl_generator_c.so[0m
[23.219s] [ 20%] Built target custom_interfaces__rosidl_generator_c
[23.384s] [ 23%] [34m[1mGenerating C type support for eProsima Fast-RTPS[0m
[25.308s] [ 25%] [32mBuilding CXX object CMakeFiles/custom_interfaces__rosidl_typesupport_cpp.dir/rosidl_typesupport_cpp/custom_interfaces/msg/estimated_state__type_support.cpp.o[0m
[25.999s] [ 28%] [32mBuilding CXX object CMakeFiles/custom_interfaces__rosidl_typesupport_introspection_cpp.dir/rosidl_typesupport_introspection_cpp/custom_interfaces/msg/detail/estimated_state__type_support.cpp.o[0m
[26.340s] [ 30%] [32mBuilding CXX object CMakeFiles/custom_interfaces__rosidl_typesupport_fastrtps_cpp.dir/rosidl_typesupport_fastrtps_cpp/custom_interfaces/msg/detail/dds_fastrtps/estimated_state__type_support.cpp.o[0m
[29.553s] [ 33%] [32mBuilding CXX object CMakeFiles/custom_interfaces__rosidl_typesupport_cpp.dir/rosidl_typesupport_cpp/custom_interfaces/msg/actuator__type_support.cpp.o[0m
[30.067s] [ 35%] [32mBuilding CXX object CMakeFiles/custom_interfaces__rosidl_typesupport_fastrtps_c.dir/rosidl_typesupport_fastrtps_c/custom_interfaces/msg/detail/estimated_state__type_support_c.cpp.o[0m
[33.688s] [ 38%] [32mBuilding CXX object CMakeFiles/custom_interfaces__rosidl_typesupport_introspection_cpp.dir/rosidl_typesupport_introspection_cpp/custom_interfaces/msg/detail/actuator__type_support.cpp.o[0m
[34.795s] [ 41%] [32m[1mLinking CXX shared library libcustom_interfaces__rosidl_typesupport_cpp.so[0m
[35.410s] [ 41%] Built target custom_interfaces__rosidl_typesupport_cpp
[35.641s] [ 43%] [32mBuilding CXX object CMakeFiles/custom_interfaces__rosidl_typesupport_fastrtps_cpp.dir/rosidl_typesupport_fastrtps_cpp/custom_interfaces/msg/detail/dds_fastrtps/actuator__type_support.cpp.o[0m
[38.884s] [ 46%] [32mBuilding CXX object CMakeFiles/custom_interfaces__rosidl_typesupport_fastrtps_c.dir/rosidl_typesupport_fastrtps_c/custom_interfaces/msg/detail/actuator__type_support_c.cpp.o[0m
[42.376s] [ 48%] [32m[1mLinking CXX shared library libcustom_interfaces__rosidl_typesupport_introspection_cpp.so[0m
[43.448s] [ 48%] Built target custom_interfaces__rosidl_typesupport_introspection_cpp
[44.119s] [ 51%] [32m[1mLinking CXX shared library libcustom_interfaces__rosidl_typesupport_fastrtps_cpp.so[0m
[44.760s] [ 51%] Built target custom_interfaces__rosidl_typesupport_fastrtps_cpp
[44.965s] [ 53%] [32m[1mLinking CXX shared library libcustom_interfaces__rosidl_typesupport_fastrtps_c.so[0m
[45.878s] [ 53%] Built target custom_interfaces__rosidl_typesupport_fastrtps_c
[46.051s] [ 56%] [34m[1mGenerating C type support dispatch for ROS interfaces[0m
[50.219s] [ 58%] [32mBuilding CXX object CMakeFiles/custom_interfaces__rosidl_typesupport_c.dir/rosidl_typesupport_c/custom_interfaces/msg/estimated_state__type_support.cpp.o[0m
[50.517s] [ 61%] [32mBuilding CXX object CMakeFiles/custom_interfaces__rosidl_typesupport_c.dir/rosidl_typesupport_c/custom_interfaces/msg/actuator__type_support.cpp.o[0m
[50.914s] [ 64%] [32m[1mLinking CXX shared library libcustom_interfaces__rosidl_typesupport_c.so[0m
[51.292s] [ 64%] Built target custom_interfaces__rosidl_typesupport_c
[51.426s] [ 66%] [34m[1mGenerating C introspection for ROS interfaces[0m
[54.029s] [ 69%] [32mBuilding C object CMakeFiles/custom_interfaces__rosidl_typesupport_introspection_c.dir/rosidl_typesupport_introspection_c/custom_interfaces/msg/detail/estimated_state__type_support.c.o[0m
[54.289s] [ 71%] [32mBuilding C object CMakeFiles/custom_interfaces__rosidl_typesupport_introspection_c.dir/rosidl_typesupport_introspection_c/custom_interfaces/msg/detail/actuator__type_support.c.o[0m
[54.629s] [ 74%] [32m[1mLinking C shared library libcustom_interfaces__rosidl_typesupport_introspection_c.so[0m
[54.954s] [ 74%] Built target custom_interfaces__rosidl_typesupport_introspection_c
[55.191s] [ 74%] Built target custom_interfaces
[55.442s] [ 76%] [34m[1mGenerating Python code for ROS interfaces[0m
[59.414s] [ 76%] Built target custom_interfaces__py
[59.681s] [ 79%] [32mBuilding C object CMakeFiles/custom_interfaces__rosidl_generator_py.dir/rosidl_generator_py/custom_interfaces/msg/_estimated_state_s.c.o[0m
[60.910s] [ 82%] [32mBuilding C object CMakeFiles/custom_interfaces__rosidl_generator_py.dir/rosidl_generator_py/custom_interfaces/msg/_actuator_s.c.o[0m
[61.961s] [ 84%] [32m[1mLinking C shared library rosidl_generator_py/custom_interfaces/libcustom_interfaces__rosidl_generator_py.so[0m
[62.287s] [ 84%] Built target custom_interfaces__rosidl_generator_py
[62.496s] [ 87%] [32mBuilding C object CMakeFiles/custom_interfaces__rosidl_typesupport_fastrtps_c__pyext.dir/rosidl_generator_py/custom_interfaces/_custom_interfaces_s.ep.rosidl_typesupport_fastrtps_c.c.o[0m
[63.171s] [ 89%] [32m[1mLinking C shared library rosidl_generator_py/custom_interfaces/custom_interfaces_s__rosidl_typesupport_fastrtps_c.cpython-310-aarch64-linux-gnu.so[0m
[63.412s] [ 89%] Built target custom_interfaces__rosidl_typesupport_fastrtps_c__pyext
[63.549s] [ 92%] [32mBuilding C object CMakeFiles/custom_interfaces__rosidl_typesupport_c__pyext.dir/rosidl_generator_py/custom_interfaces/_custom_interfaces_s.ep.rosidl_typesupport_c.c.o[0m
[64.291s] [ 94%] [32m[1mLinking C shared library rosidl_generator_py/custom_interfaces/custom_interfaces_s__rosidl_typesupport_c.cpython-310-aarch64-linux-gnu.so[0m
[64.649s] [ 94%] Built target custom_interfaces__rosidl_typesupport_c__pyext
[64.803s] [ 97%] [32mBuilding C object CMakeFiles/custom_interfaces__rosidl_typesupport_introspection_c__pyext.dir/rosidl_generator_py/custom_interfaces/_custom_interfaces_s.ep.rosidl_typesupport_introspection_c.c.o[0m
[65.515s] [100%] [32m[1mLinking C shared library rosidl_generator_py/custom_interfaces/custom_interfaces_s__rosidl_typesupport_introspection_c.cpython-310-aarch64-linux-gnu.so[0m
[65.898s] [100%] Built target custom_interfaces__rosidl_typesupport_introspection_c__pyext
[65.975s] Invoked command in '/workspaces/mavlab/build/custom_interfaces' returned '0': CMAKE_PREFIX_PATH=${CMAKE_PREFIX_PATH}:/opt/ros/humble /usr/bin/cmake --build /workspaces/mavlab/build/custom_interfaces -- -j4 -l4
[67.159s] Invoking command in '/workspaces/mavlab/build/custom_interfaces': CMAKE_PREFIX_PATH=${CMAKE_PREFIX_PATH}:/opt/ros/humble /usr/bin/cmake --install /workspaces/mavlab/build/custom_interfaces
[67.198s] -- Install configuration: ""
[67.200s] -- Installing: /workspaces/mavlab/install/custom_interfaces/share/ament_index/resource_index/rosidl_interfaces/custom_interfaces
[67.203s] -- Installing: /workspaces/mavlab/install/custom_interfaces/include/custom_interfaces/custom_interfaces
[67.205s] -- Installing: /workspaces/mavlab/install/custom_interfaces/include/custom_interfaces/custom_interfaces/msg
[67.207s] -- Installing: /workspaces/mavlab/install/custom_interfaces/include/custom_interfaces/custom_interfaces/msg/actuator.h
[67.210s] -- Installing: /workspaces/mavlab/install/custom_interfaces/include/custom_interfaces/custom_interfaces/msg/detail
[67.212s] -- Installing: /workspaces/mavlab/install/custom_interfaces/include/custom_interfaces/custom_interfaces/msg/detail/actuator__functions.h
[67.214s] -- Installing: /workspaces/mavlab/install/custom_interfaces/include/custom_interfaces/custom_interfaces/msg/detail/estimated_state__struct.h
[67.218s] -- Installing: /workspaces/mavlab/install/custom_interfaces/include/custom_interfaces/custom_interfaces/msg/detail/actuator__struct.h
[67.218s] -- Installing: /workspaces/mavlab/install/custom_interfaces/include/custom_interfaces/custom_interfaces/msg/detail/estimated_state__functions.c
[67.219s] -- Installing: /workspaces/mavlab/install/custom_interfaces/include/custom_interfaces/custom_interfaces/msg/detail/estimated_state__type_support.h
[67.219s] -- Installing: /workspaces/mavlab/install/custom_interfaces/include/custom_interfaces/custom_interfaces/msg/detail/actuator__type_support.h
[67.219s] -- Installing: /workspaces/mavlab/install/custom_interfaces/include/custom_interfaces/custom_interfaces/msg/detail/actuator__functions.c
[67.220s] -- Installing: /workspaces/mavlab/install/custom_interfaces/include/custom_interfaces/custom_interfaces/msg/detail/estimated_state__functions.h
[67.220s] -- Installing: /workspaces/mavlab/install/custom_interfaces/include/custom_interfaces/custom_interfaces/msg/estimated_state.h
[67.221s] -- Installing: /workspaces/mavlab/install/custom_interfaces/include/custom_interfaces/custom_interfaces/msg/rosidl_generator_c__visibility_control.h
[67.221s] -- Installing: /workspaces/mavlab/install/custom_interfaces/share/custom_interfaces/environment/library_path.sh
[67.221s] -- Installing: /workspaces/mavlab/install/custom_interfaces/share/custom_interfaces/environment/library_path.dsv
[67.222s] -- Installing: /workspaces/mavlab/install/custom_interfaces/lib/libcustom_interfaces__rosidl_generator_c.so
[67.222s] -- Set runtime path of "/workspaces/mavlab/install/custom_interfaces/lib/libcustom_interfaces__rosidl_generator_c.so" to ""
[67.233s] -- Up-to-date: /workspaces/mavlab/install/custom_interfaces/include/custom_interfaces/custom_interfaces
[67.235s] -- Up-to-date: /workspaces/mavlab/install/custom_interfaces/include/custom_interfaces/custom_interfaces/msg
[67.247s] -- Installing: /workspaces/mavlab/install/custom_interfaces/include/custom_interfaces/custom_interfaces/msg/rosidl_typesupport_fastrtps_c__visibility_control.h
[67.256s] -- Up-to-date: /workspaces/mavlab/install/custom_interfaces/include/custom_interfaces/custom_interfaces/msg/detail
[67.259s] -- Installing: /workspaces/mavlab/install/custom_interfaces/include/custom_interfaces/custom_interfaces/msg/detail/estimated_state__rosidl_typesupport_fastrtps_c.h
[67.261s] -- Installing: /workspaces/mavlab/install/custom_interfaces/include/custom_interfaces/custom_interfaces/msg/detail/actuator__rosidl_typesupport_fastrtps_c.h
[67.265s] -- Installing: /workspaces/mavlab/install/custom_interfaces/lib/libcustom_interfaces__rosidl_typesupport_fastrtps_c.so
[67.272s] -- Set runtime path of "/workspaces/mavlab/install/custom_interfaces/lib/libcustom_interfaces__rosidl_typesupport_fastrtps_c.so" to ""
[67.274s] -- Up-to-date: /workspaces/mavlab/install/custom_interfaces/include/custom_interfaces/custom_interfaces
[67.274s] -- Up-to-date: /workspaces/mavlab/install/custom_interfaces/include/custom_interfaces/custom_interfaces/msg
[67.278s] -- Installing: /workspaces/mavlab/install/custom_interfaces/include/custom_interfaces/custom_interfaces/msg/estimated_state.hpp
[67.278s] -- Installing: /workspaces/mavlab/install/custom_interfaces/include/custom_interfaces/custom_interfaces/msg/actuator.hpp
[67.279s] -- Up-to-date: /workspaces/mavlab/install/custom_interfaces/include/custom_interfaces/custom_interfaces/msg/detail
[67.279s] -- Installing: /workspaces/mavlab/install/custom_interfaces/include/custom_interfaces/custom_interfaces/msg/detail/actuator__traits.hpp
[67.288s] -- Installing: /workspaces/mavlab/install/custom_interfaces/include/custom_interfaces/custom_interfaces/msg/detail/actuator__builder.hpp
[67.288s] -- Installing: /workspaces/mavlab/install/custom_interfaces/include/custom_interfaces/custom_interfaces/msg/detail/estimated_state__traits.hpp
[67.289s] -- Installing: /workspaces/mavlab/install/custom_interfaces/include/custom_interfaces/custom_interfaces/msg/detail/actuator__struct.hpp
[67.289s] -- Installing: /workspaces/mavlab/install/custom_interfaces/include/custom_interfaces/custom_interfaces/msg/detail/estimated_state__builder.hpp
[67.290s] -- Installing: /workspaces/mavlab/install/custom_interfaces/include/custom_interfaces/custom_interfaces/msg/detail/estimated_state__struct.hpp
[67.290s] -- Up-to-date: /workspaces/mavlab/install/custom_interfaces/include/custom_interfaces/custom_interfaces
[67.290s] -- Up-to-date: /workspaces/mavlab/install/custom_interfaces/include/custom_interfaces/custom_interfaces/msg
[67.291s] -- Installing: /workspaces/mavlab/install/custom_interfaces/include/custom_interfaces/custom_interfaces/msg/rosidl_typesupport_fastrtps_cpp__visibility_control.h
[67.291s] -- Up-to-date: /workspaces/mavlab/install/custom_interfaces/include/custom_interfaces/custom_interfaces/msg/detail
[67.292s] -- Installing: /workspaces/mavlab/install/custom_interfaces/include/custom_interfaces/custom_interfaces/msg/detail/actuator__rosidl_typesupport_fastrtps_cpp.hpp
[67.292s] -- Installing: /workspaces/mavlab/install/custom_interfaces/include/custom_interfaces/custom_interfaces/msg/detail/estimated_state__rosidl_typesupport_fastrtps_cpp.hpp
[67.292s] -- Installing: /workspaces/mavlab/install/custom_interfaces/include/custom_interfaces/custom_interfaces/msg/detail/dds_fastrtps
[67.293s] -- Installing: /workspaces/mavlab/install/custom_interfaces/lib/libcustom_interfaces__rosidl_typesupport_fastrtps_cpp.so
[67.293s] -- Set runtime path of "/workspaces/mavlab/install/custom_interfaces/lib/libcustom_interfaces__rosidl_typesupport_fastrtps_cpp.so" to ""
[67.294s] -- Up-to-date: /workspaces/mavlab/install/custom_interfaces/include/custom_interfaces/custom_interfaces
[67.294s] -- Up-to-date: /workspaces/mavlab/install/custom_interfaces/include/custom_interfaces/custom_interfaces/msg
[67.295s] -- Up-to-date: /workspaces/mavlab/install/custom_interfaces/include/custom_interfaces/custom_interfaces/msg/detail
[67.295s] -- Installing: /workspaces/mavlab/install/custom_interfaces/include/custom_interfaces/custom_interfaces/msg/detail/actuator__rosidl_typesupport_introspection_c.h
[67.295s] -- Installing: /workspaces/mavlab/install/custom_interfaces/include/custom_interfaces/custom_interfaces/msg/detail/actuator__type_support.c
[67.296s] -- Installing: /workspaces/mavlab/install/custom_interfaces/include/custom_interfaces/custom_interfaces/msg/detail/estimated_state__rosidl_typesupport_introspection_c.h
[67.296s] -- Installing: /workspaces/mavlab/install/custom_interfaces/include/custom_interfaces/custom_interfaces/msg/detail/estimated_state__type_support.c
[67.297s] -- Installing: /workspaces/mavlab/install/custom_interfaces/include/custom_interfaces/custom_interfaces/msg/rosidl_typesupport_introspection_c__visibility_control.h
[67.297s] -- Installing: /workspaces/mavlab/install/custom_interfaces/lib/libcustom_interfaces__rosidl_typesupport_introspection_c.so
[67.300s] -- Set runtime path of "/workspaces/mavlab/install/custom_interfaces/lib/libcustom_interfaces__rosidl_typesupport_introspection_c.so" to ""
[67.300s] -- Installing: /workspaces/mavlab/install/custom_interfaces/lib/libcustom_interfaces__rosidl_typesupport_c.so
[67.301s] -- Set runtime path of "/workspaces/mavlab/install/custom_interfaces/lib/libcustom_interfaces__rosidl_typesupport_c.so" to ""
[67.301s] -- Up-to-date: /workspaces/mavlab/install/custom_interfaces/include/custom_interfaces/custom_interfaces
[67.302s] -- Up-to-date: /workspaces/mavlab/install/custom_interfaces/include/custom_interfaces/custom_interfaces/msg
[67.302s] -- Up-to-date: /workspaces/mavlab/install/custom_interfaces/include/custom_interfaces/custom_interfaces/msg/detail
[67.303s] -- Installing: /workspaces/mavlab/install/custom_interfaces/include/custom_interfaces/custom_interfaces/msg/detail/actuator__type_support.cpp
[67.303s] -- Installing: /workspaces/mavlab/install/custom_interfaces/include/custom_interfaces/custom_interfaces/msg/detail/actuator__rosidl_typesupport_introspection_cpp.hpp
[67.303s] -- Installing: /workspaces/mavlab/install/custom_interfaces/include/custom_interfaces/custom_interfaces/msg/detail/estimated_state__rosidl_typesupport_introspection_cpp.hpp
[67.304s] -- Installing: /workspaces/mavlab/install/custom_interfaces/include/custom_interfaces/custom_interfaces/msg/detail/estimated_state__type_support.cpp
[67.304s] -- Installing: /workspaces/mavlab/install/custom_interfaces/lib/libcustom_interfaces__rosidl_typesupport_introspection_cpp.so
[67.305s] -- Set runtime path of "/workspaces/mavlab/install/custom_interfaces/lib/libcustom_interfaces__rosidl_typesupport_introspection_cpp.so" to ""
[67.305s] -- Installing: /workspaces/mavlab/install/custom_interfaces/lib/libcustom_interfaces__rosidl_typesupport_cpp.so
[67.318s] -- Set runtime path of "/workspaces/mavlab/install/custom_interfaces/lib/libcustom_interfaces__rosidl_typesupport_cpp.so" to ""
[67.318s] -- Installing: /workspaces/mavlab/install/custom_interfaces/share/custom_interfaces/environment/pythonpath.sh
[67.319s] -- Installing: /workspaces/mavlab/install/custom_interfaces/share/custom_interfaces/environment/pythonpath.dsv
[67.319s] -- Installing: /workspaces/mavlab/install/custom_interfaces/local/lib/python3.10/dist-packages/custom_interfaces-0.0.1-py3.10.egg-info
[67.319s] -- Installing: /workspaces/mavlab/install/custom_interfaces/local/lib/python3.10/dist-packages/custom_interfaces-0.0.1-py3.10.egg-info/SOURCES.txt
[67.320s] -- Installing: /workspaces/mavlab/install/custom_interfaces/local/lib/python3.10/dist-packages/custom_interfaces-0.0.1-py3.10.egg-info/dependency_links.txt
[67.320s] -- Installing: /workspaces/mavlab/install/custom_interfaces/local/lib/python3.10/dist-packages/custom_interfaces-0.0.1-py3.10.egg-info/top_level.txt
[67.321s] -- Installing: /workspaces/mavlab/install/custom_interfaces/local/lib/python3.10/dist-packages/custom_interfaces-0.0.1-py3.10.egg-info/PKG-INFO
[67.321s] -- Installing: /workspaces/mavlab/install/custom_interfaces/local/lib/python3.10/dist-packages/custom_interfaces
[67.322s] -- Installing: /workspaces/mavlab/install/custom_interfaces/local/lib/python3.10/dist-packages/custom_interfaces/__init__.py
[67.322s] -- Installing: /workspaces/mavlab/install/custom_interfaces/local/lib/python3.10/dist-packages/custom_interfaces/_custom_interfaces_s.ep.rosidl_typesupport_fastrtps_c.c
[67.322s] -- Installing: /workspaces/mavlab/install/custom_interfaces/local/lib/python3.10/dist-packages/custom_interfaces/custom_interfaces_s__rosidl_typesupport_c.cpython-310-aarch64-linux-gnu.so
[67.323s] -- Installing: /workspaces/mavlab/install/custom_interfaces/local/lib/python3.10/dist-packages/custom_interfaces/custom_interfaces_s__rosidl_typesupport_fastrtps_c.cpython-310-aarch64-linux-gnu.so
[67.323s] -- Installing: /workspaces/mavlab/install/custom_interfaces/local/lib/python3.10/dist-packages/custom_interfaces/libcustom_interfaces__rosidl_generator_py.so
[67.324s] -- Installing: /workspaces/mavlab/install/custom_interfaces/local/lib/python3.10/dist-packages/custom_interfaces/_custom_interfaces_s.ep.rosidl_typesupport_c.c
[67.324s] -- Installing: /workspaces/mavlab/install/custom_interfaces/local/lib/python3.10/dist-packages/custom_interfaces/msg
[67.324s] -- Installing: /workspaces/mavlab/install/custom_interfaces/local/lib/python3.10/dist-packages/custom_interfaces/msg/__init__.py
[67.325s] -- Installing: /workspaces/mavlab/install/custom_interfaces/local/lib/python3.10/dist-packages/custom_interfaces/msg/_actuator_s.c
[67.325s] -- Installing: /workspaces/mavlab/install/custom_interfaces/local/lib/python3.10/dist-packages/custom_interfaces/msg/_estimated_state.py
[67.326s] -- Installing: /workspaces/mavlab/install/custom_interfaces/local/lib/python3.10/dist-packages/custom_interfaces/msg/_actuator.py
[67.326s] -- Installing: /workspaces/mavlab/install/custom_interfaces/local/lib/python3.10/dist-packages/custom_interfaces/msg/_estimated_state_s.c
[67.327s] -- Installing: /workspaces/mavlab/install/custom_interfaces/local/lib/python3.10/dist-packages/custom_interfaces/custom_interfaces_s__rosidl_typesupport_introspection_c.cpython-310-aarch64-linux-gnu.so
[67.327s] -- Installing: /workspaces/mavlab/install/custom_interfaces/local/lib/python3.10/dist-packages/custom_interfaces/_custom_interfaces_s.ep.rosidl_typesupport_introspection_c.c
[67.603s] Listing '/workspaces/mavlab/install/custom_interfaces/local/lib/python3.10/dist-packages/custom_interfaces'...
[67.603s] Compiling '/workspaces/mavlab/install/custom_interfaces/local/lib/python3.10/dist-packages/custom_interfaces/__init__.py'...
[67.604s] Listing '/workspaces/mavlab/install/custom_interfaces/local/lib/python3.10/dist-packages/custom_interfaces/msg'...
[67.606s] Compiling '/workspaces/mavlab/install/custom_interfaces/local/lib/python3.10/dist-packages/custom_interfaces/msg/__init__.py'...
[67.606s] Compiling '/workspaces/mavlab/install/custom_interfaces/local/lib/python3.10/dist-packages/custom_interfaces/msg/_actuator.py'...
[67.606s] Compiling '/workspaces/mavlab/install/custom_interfaces/local/lib/python3.10/dist-packages/custom_interfaces/msg/_estimated_state.py'...
[67.657s] -- Installing: /workspaces/mavlab/install/custom_interfaces/local/lib/python3.10/dist-packages/custom_interfaces/custom_interfaces_s__rosidl_typesupport_fastrtps_c.cpython-310-aarch64-linux-gnu.so
[67.659s] -- Set runtime path of "/workspaces/mavlab/install/custom_interfaces/local/lib/python3.10/dist-packages/custom_interfaces/custom_interfaces_s__rosidl_typesupport_fastrtps_c.cpython-310-aarch64-linux-gnu.so" to ""
[67.665s] -- Installing: /workspaces/mavlab/install/custom_interfaces/local/lib/python3.10/dist-packages/custom_interfaces/custom_interfaces_s__rosidl_typesupport_introspection_c.cpython-310-aarch64-linux-gnu.so
[67.669s] -- Set runtime path of "/workspaces/mavlab/install/custom_interfaces/local/lib/python3.10/dist-packages/custom_interfaces/custom_interfaces_s__rosidl_typesupport_introspection_c.cpython-310-aarch64-linux-gnu.so" to ""
[67.674s] -- Installing: /workspaces/mavlab/install/custom_interfaces/local/lib/python3.10/dist-packages/custom_interfaces/custom_interfaces_s__rosidl_typesupport_c.cpython-310-aarch64-linux-gnu.so
[67.676s] -- Set runtime path of "/workspaces/mavlab/install/custom_interfaces/local/lib/python3.10/dist-packages/custom_interfaces/custom_interfaces_s__rosidl_typesupport_c.cpython-310-aarch64-linux-gnu.so" to ""
[67.678s] -- Installing: /workspaces/mavlab/install/custom_interfaces/lib/libcustom_interfaces__rosidl_generator_py.so
[67.679s] -- Set runtime path of "/workspaces/mavlab/install/custom_interfaces/lib/libcustom_interfaces__rosidl_generator_py.so" to ""
[67.680s] -- Installing: /workspaces/mavlab/install/custom_interfaces/share/custom_interfaces/msg/EstimatedState.idl
[67.680s] -- Installing: /workspaces/mavlab/install/custom_interfaces/share/custom_interfaces/msg/Actuator.idl
[67.683s] -- Installing: /workspaces/mavlab/install/custom_interfaces/share/custom_interfaces/msg/EstimatedState.msg
[67.688s] -- Installing: /workspaces/mavlab/install/custom_interfaces/share/custom_interfaces/msg/Actuator.msg
[67.688s] -- Installing: /workspaces/mavlab/install/custom_interfaces/share/ament_index/resource_index/package_run_dependencies/custom_interfaces
[67.696s] -- Installing: /workspaces/mavlab/install/custom_interfaces/share/ament_index/resource_index/parent_prefix_path/custom_interfaces
[67.697s] -- Installing: /workspaces/mavlab/install/custom_interfaces/share/custom_interfaces/environment/ament_prefix_path.sh
[67.697s] -- Installing: /workspaces/mavlab/install/custom_interfaces/share/custom_interfaces/environment/ament_prefix_path.dsv
[67.698s] -- Installing: /workspaces/mavlab/install/custom_interfaces/share/custom_interfaces/environment/path.sh
[67.698s] -- Installing: /workspaces/mavlab/install/custom_interfaces/share/custom_interfaces/environment/path.dsv
[67.699s] -- Installing: /workspaces/mavlab/install/custom_interfaces/share/custom_interfaces/local_setup.bash
[67.708s] -- Installing: /workspaces/mavlab/install/custom_interfaces/share/custom_interfaces/local_setup.sh
[67.709s] -- Installing: /workspaces/mavlab/install/custom_interfaces/share/custom_interfaces/local_setup.zsh
[67.710s] -- Installing: /workspaces/mavlab/install/custom_interfaces/share/custom_interfaces/local_setup.dsv
[67.710s] -- Installing: /workspaces/mavlab/install/custom_interfaces/share/custom_interfaces/package.dsv
[67.711s] -- Installing: /workspaces/mavlab/install/custom_interfaces/share/ament_index/resource_index/packages/custom_interfaces
[67.711s] -- Installing: /workspaces/mavlab/install/custom_interfaces/share/custom_interfaces/cmake/export_custom_interfaces__rosidl_generator_cExport.cmake
[67.712s] -- Installing: /workspaces/mavlab/install/custom_interfaces/share/custom_interfaces/cmake/export_custom_interfaces__rosidl_generator_cExport-noconfig.cmake
[67.716s] -- Installing: /workspaces/mavlab/install/custom_interfaces/share/custom_interfaces/cmake/export_custom_interfaces__rosidl_typesupport_fastrtps_cExport.cmake
[67.718s] -- Installing: /workspaces/mavlab/install/custom_interfaces/share/custom_interfaces/cmake/export_custom_interfaces__rosidl_typesupport_fastrtps_cExport-noconfig.cmake
[67.719s] -- Installing: /workspaces/mavlab/install/custom_interfaces/share/custom_interfaces/cmake/export_custom_interfaces__rosidl_generator_cppExport.cmake
[67.720s] -- Installing: /workspaces/mavlab/install/custom_interfaces/share/custom_interfaces/cmake/export_custom_interfaces__rosidl_typesupport_fastrtps_cppExport.cmake
[67.728s] -- Installing: /workspaces/mavlab/install/custom_interfaces/share/custom_interfaces/cmake/export_custom_interfaces__rosidl_typesupport_fastrtps_cppExport-noconfig.cmake
[67.729s] -- Installing: /workspaces/mavlab/install/custom_interfaces/share/custom_interfaces/cmake/custom_interfaces__rosidl_typesupport_introspection_cExport.cmake
[67.730s] -- Installing: /workspaces/mavlab/install/custom_interfaces/share/custom_interfaces/cmake/custom_interfaces__rosidl_typesupport_introspection_cExport-noconfig.cmake
[67.733s] -- Installing: /workspaces/mavlab/install/custom_interfaces/share/custom_interfaces/cmake/custom_interfaces__rosidl_typesupport_cExport.cmake
[67.733s] -- Installing: /workspaces/mavlab/install/custom_interfaces/share/custom_interfaces/cmake/custom_interfaces__rosidl_typesupport_cExport-noconfig.cmake
[67.737s] -- Installing: /workspaces/mavlab/install/custom_interfaces/share/custom_interfaces/cmake/custom_interfaces__rosidl_typesupport_introspection_cppExport.cmake
[67.738s] -- Installing: /workspaces/mavlab/install/custom_interfaces/share/custom_interfaces/cmake/custom_interfaces__rosidl_typesupport_introspection_cppExport-noconfig.cmake
[67.738s] -- Installing: /workspaces/mavlab/install/custom_interfaces/share/custom_interfaces/cmake/custom_interfaces__rosidl_typesupport_cppExport.cmake
[67.739s] -- Installing: /workspaces/mavlab/install/custom_interfaces/share/custom_interfaces/cmake/custom_interfaces__rosidl_typesupport_cppExport-noconfig.cmake
[67.740s] -- Installing: /workspaces/mavlab/install/custom_interfaces/share/custom_interfaces/cmake/export_custom_interfaces__rosidl_generator_pyExport.cmake
[67.749s] -- Installing: /workspaces/mavlab/install/custom_interfaces/share/custom_interfaces/cmake/export_custom_interfaces__rosidl_generator_pyExport-noconfig.cmake
[67.750s] -- Installing: /workspaces/mavlab/install/custom_interfaces/share/custom_interfaces/cmake/rosidl_cmake-extras.cmake
[67.752s] -- Installing: /workspaces/mavlab/install/custom_interfaces/share/custom_interfaces/cmake/ament_cmake_export_dependencies-extras.cmake
[67.753s] -- Installing: /workspaces/mavlab/install/custom_interfaces/share/custom_interfaces/cmake/ament_cmake_export_include_directories-extras.cmake
[67.754s] -- Installing: /workspaces/mavlab/install/custom_interfaces/share/custom_interfaces/cmake/ament_cmake_export_libraries-extras.cmake
[67.757s] -- Installing: /workspaces/mavlab/install/custom_interfaces/share/custom_interfaces/cmake/ament_cmake_export_targets-extras.cmake
[67.758s] -- Installing: /workspaces/mavlab/install/custom_interfaces/share/custom_interfaces/cmake/rosidl_cmake_export_typesupport_targets-extras.cmake
[67.759s] -- Installing: /workspaces/mavlab/install/custom_interfaces/share/custom_interfaces/cmake/rosidl_cmake_export_typesupport_libraries-extras.cmake
[67.763s] -- Installing: /workspaces/mavlab/install/custom_interfaces/share/custom_interfaces/cmake/custom_interfacesConfig.cmake
[67.767s] -- Installing: /workspaces/mavlab/install/custom_interfaces/share/custom_interfaces/cmake/custom_interfacesConfig-version.cmake
[67.768s] -- Installing: /workspaces/mavlab/install/custom_interfaces/share/custom_interfaces/package.xml
[67.792s] Invoked command in '/workspaces/mavlab/build/custom_interfaces' returned '0': CMAKE_PREFIX_PATH=${CMAKE_PREFIX_PATH}:/opt/ros/humble /usr/bin/cmake --install /workspaces/mavlab/build/custom_interfaces
