[0.046s] Invoking command in '/workspaces/mavlab/build/uwb': CMAKE_PREFIX_PATH=${CMAKE_PREFIX_PATH}:/opt/ros/humble /usr/bin/cmake --build /workspaces/mavlab/build/uwb -- -j4 -l4
[0.204s] Invoked command in '/workspaces/mavlab/build/uwb' returned '0': CMAKE_PREFIX_PATH=${CMAKE_PREFIX_PATH}:/opt/ros/humble /usr/bin/cmake --build /workspaces/mavlab/build/uwb -- -j4 -l4
[0.299s] Invoking command in '/workspaces/mavlab/build/uwb': CMAKE_PREFIX_PATH=${CMAKE_PREFIX_PATH}:/opt/ros/humble /usr/bin/cmake --install /workspaces/mavlab/build/uwb
[0.326s] -- Install configuration: ""
[0.326s] -- Up-to-date: /workspaces/mavlab/install/uwb/share/uwb/launch
[0.330s] -- Up-to-date: /workspaces/mavlab/install/uwb/share/uwb/launch/uwb_launch.py
[0.332s] -- Up-to-date: /workspaces/mavlab/install/uwb/lib/uwb/uwb.py
[0.336s] -- Up-to-date: /workspaces/mavlab/install/uwb/share/ament_index/resource_index/package_run_dependencies/uwb
[0.338s] -- Up-to-date: /workspaces/mavlab/install/uwb/share/ament_index/resource_index/parent_prefix_path/uwb
[0.339s] -- Up-to-date: /workspaces/mavlab/install/uwb/share/uwb/environment/ament_prefix_path.sh
[0.341s] -- Up-to-date: /workspaces/mavlab/install/uwb/share/uwb/environment/ament_prefix_path.dsv
[0.342s] -- Up-to-date: /workspaces/mavlab/install/uwb/share/uwb/environment/path.sh
[0.344s] -- Up-to-date: /workspaces/mavlab/install/uwb/share/uwb/environment/path.dsv
[0.345s] -- Up-to-date: /workspaces/mavlab/install/uwb/share/uwb/local_setup.bash
[0.353s] -- Up-to-date: /workspaces/mavlab/install/uwb/share/uwb/local_setup.sh
[0.356s] -- Up-to-date: /workspaces/mavlab/install/uwb/share/uwb/local_setup.zsh
[0.357s] -- Up-to-date: /workspaces/mavlab/install/uwb/share/uwb/local_setup.dsv
[0.360s] -- Installing: /workspaces/mavlab/install/uwb/share/uwb/package.dsv
[0.361s] -- Up-to-date: /workspaces/mavlab/install/uwb/share/ament_index/resource_index/packages/uwb
[0.361s] -- Up-to-date: /workspaces/mavlab/install/uwb/share/uwb/cmake/uwbConfig.cmake
[0.362s] -- Up-to-date: /workspaces/mavlab/install/uwb/share/uwb/cmake/uwbConfig-version.cmake
[0.362s] -- Up-to-date: /workspaces/mavlab/install/uwb/share/uwb/package.xml
[0.367s] Invoked command in '/workspaces/mavlab/build/uwb' returned '0': CMAKE_PREFIX_PATH=${CMAKE_PREFIX_PATH}:/opt/ros/humble /usr/bin/cmake --install /workspaces/mavlab/build/uwb
