[0.044s] Invoking command in '/workspaces/mavlab/build/uwb': CMAKE_PREFIX_PATH=${CMAKE_PREFIX_PATH}:/opt/ros/humble /usr/bin/cmake --build /workspaces/mavlab/build/uwb -- -j4 -l4
[0.173s] Invoked command in '/workspaces/mavlab/build/uwb' returned '0': CMAKE_PREFIX_PATH=${CMAKE_PREFIX_PATH}:/opt/ros/humble /usr/bin/cmake --build /workspaces/mavlab/build/uwb -- -j4 -l4
[0.266s] Invoking command in '/workspaces/mavlab/build/uwb': CMAKE_PREFIX_PATH=${CMAKE_PREFIX_PATH}:/opt/ros/humble /usr/bin/cmake --install /workspaces/mavlab/build/uwb
[0.290s] -- Install configuration: ""
[0.290s] -- Up-to-date: /workspaces/mavlab/install/uwb/share/uwb/launch
[0.291s] -- Installing: /workspaces/mavlab/install/uwb/share/uwb/launch/uwb_launch.py
[0.291s] -- Installing: /workspaces/mavlab/install/uwb/lib/uwb/uwb.py
[0.292s] -- Up-to-date: /workspaces/mavlab/install/uwb/share/ament_index/resource_index/package_run_dependencies/uwb
[0.292s] -- Up-to-date: /workspaces/mavlab/install/uwb/share/ament_index/resource_index/parent_prefix_path/uwb
[0.293s] -- Up-to-date: /workspaces/mavlab/install/uwb/share/uwb/environment/ament_prefix_path.sh
[0.293s] -- Up-to-date: /workspaces/mavlab/install/uwb/share/uwb/environment/ament_prefix_path.dsv
[0.294s] -- Up-to-date: /workspaces/mavlab/install/uwb/share/uwb/environment/path.sh
[0.294s] -- Up-to-date: /workspaces/mavlab/install/uwb/share/uwb/environment/path.dsv
[0.295s] -- Up-to-date: /workspaces/mavlab/install/uwb/share/uwb/local_setup.bash
[0.295s] -- Up-to-date: /workspaces/mavlab/install/uwb/share/uwb/local_setup.sh
[0.296s] -- Up-to-date: /workspaces/mavlab/install/uwb/share/uwb/local_setup.zsh
[0.296s] -- Up-to-date: /workspaces/mavlab/install/uwb/share/uwb/local_setup.dsv
[0.297s] -- Installing: /workspaces/mavlab/install/uwb/share/uwb/package.dsv
[0.298s] -- Up-to-date: /workspaces/mavlab/install/uwb/share/ament_index/resource_index/packages/uwb
[0.299s] -- Up-to-date: /workspaces/mavlab/install/uwb/share/uwb/cmake/uwbConfig.cmake
[0.301s] -- Up-to-date: /workspaces/mavlab/install/uwb/share/uwb/cmake/uwbConfig-version.cmake
[0.301s] -- Up-to-date: /workspaces/mavlab/install/uwb/share/uwb/package.xml
[0.302s] Invoked command in '/workspaces/mavlab/build/uwb' returned '0': CMAKE_PREFIX_PATH=${CMAKE_PREFIX_PATH}:/opt/ros/humble /usr/bin/cmake --install /workspaces/mavlab/build/uwb
